Called with the following command line:
./fit.py --sampfile observations.h5 --subset 1yr --selfile selected.h5 --nsel 65536 --chainfile population_1yr.h5 --tracefile traceplot_1yr.pdf
Fitting GMMs to likelihood samples.

Gradient evaluation took 0.23 seconds
1000 transitions using 10 leapfrog steps per transition would take 2300 seconds.
Adjust your expectations accordingly!



Gradient evaluation took 0.27 seconds
1000 transitions using 10 leapfrog steps per transition would take 2700 seconds.
Adjust your expectations accordingly!



Gradient evaluation took 0.24 seconds
1000 transitions using 10 leapfrog steps per transition would take 2400 seconds.
Adjust your expectations accordingly!



Gradient evaluation took 0.27 seconds
1000 transitions using 10 leapfrog steps per transition would take 2700 seconds.
Adjust your expectations accordingly!


Iteration:    1 / 2000 [  0%]  (Warmup)
Iteration:    1 / 2000 [  0%]  (Warmup)
Iteration:    1 / 2000 [  0%]  (Warmup)
Iteration:    1 / 2000 [  0%]  (Warmup)
Iteration:  200 / 2000 [ 10%]  (Warmup)
Iteration:  200 / 2000 [ 10%]  (Warmup)
Iteration:  200 / 2000 [ 10%]  (Warmup)
Iteration:  200 / 2000 [ 10%]  (Warmup)
