000 (198597.000.000) 08/05 04:53:01 Job submitted from host: <192.168.128.254:49111?addrs=192.168.128.254-49111>
...
001 (198597.000.000) 08/05 04:53:01 Job executing on host: <147.188.32.251:45214?addrs=147.188.32.251-45214>
...
006 (198597.000.000) 08/05 04:53:10 Image size of job updated: 4
	3  -  MemoryUsage of job (MB)
	3008  -  ResidentSetSize of job (KB)
...
006 (198597.000.000) 08/05 04:58:11 Image size of job updated: 1928304
	721  -  MemoryUsage of job (MB)
	737596  -  ResidentSetSize of job (KB)
...
006 (198597.000.000) 08/05 05:03:12 Image size of job updated: 12270496
	5154  -  MemoryUsage of job (MB)
	5276704  -  ResidentSetSize of job (KB)
...
006 (198597.000.000) 08/05 05:18:13 Image size of job updated: 12270496
	5154  -  MemoryUsage of job (MB)
	5276804  -  ResidentSetSize of job (KB)
...
006 (198597.000.000) 08/05 05:28:14 Image size of job updated: 12270496
	5154  -  MemoryUsage of job (MB)
	5276904  -  ResidentSetSize of job (KB)
...
006 (198597.000.000) 08/06 09:51:11 Image size of job updated: 12347928
	5265  -  MemoryUsage of job (MB)
	5391084  -  ResidentSetSize of job (KB)
...
006 (198597.000.000) 08/06 12:56:29 Image size of job updated: 12420728
	5324  -  MemoryUsage of job (MB)
	5451680  -  ResidentSetSize of job (KB)
...
006 (198597.000.000) 08/06 13:11:30 Image size of job updated: 12493528
	5383  -  MemoryUsage of job (MB)
	5512068  -  ResidentSetSize of job (KB)
...
005 (198597.000.000) 08/06 13:24:52 Job terminated.
	(1) Normal termination (return value 0)
		Usr 5 05:17:34, Sys 0 00:00:27  -  Run Remote Usage
		Usr 0 00:00:00, Sys 0 00:00:00  -  Run Local Usage
		Usr 5 05:17:34, Sys 0 00:00:27  -  Total Remote Usage
		Usr 0 00:00:00, Sys 0 00:00:00  -  Total Local Usage
	0  -  Run Bytes Sent By Job
	0  -  Run Bytes Received By Job
	0  -  Total Bytes Sent By Job
	0  -  Total Bytes Received By Job
	Partitionable Resources :    Usage  Request Allocated
	   Cpus                 :                 4         4
	   Disk (KB)            :        4        4   2679035
	   Memory (MB)          :     5383        1         1
...
