
Gradient evaluation took 1.646 seconds
1000 transitions using 10 leapfrog steps per transition would take 16460 seconds.
Adjust your expectations accordingly!



Gradient evaluation took 1.64928 seconds
1000 transitions using 10 leapfrog steps per transition would take 16492.8 seconds.
Adjust your expectations accordingly!



Gradient evaluation took 1.6485 seconds
1000 transitions using 10 leapfrog steps per transition would take 16485 seconds.
Adjust your expectations accordingly!



Gradient evaluation took 1.65846 seconds
1000 transitions using 10 leapfrog steps per transition would take 16584.5 seconds.
Adjust your expectations accordingly!


Iteration:    1 / 2000 [  0%]  (Warmup)
Iteration:    1 / 2000 [  0%]  (Warmup)
Iteration:    1 / 2000 [  0%]  (Warmup)
Iteration:    1 / 2000 [  0%]  (Warmup)
Iteration:  200 / 2000 [ 10%]  (Warmup)
Iteration:  200 / 2000 [ 10%]  (Warmup)
Iteration:  200 / 2000 [ 10%]  (Warmup)
Iteration:  200 / 2000 [ 10%]  (Warmup)
Iteration:  400 / 2000 [ 20%]  (Warmup)
Iteration:  400 / 2000 [ 20%]  (Warmup)
Iteration:  400 / 2000 [ 20%]  (Warmup)
Iteration:  400 / 2000 [ 20%]  (Warmup)
Iteration:  600 / 2000 [ 30%]  (Warmup)
Iteration:  600 / 2000 [ 30%]  (Warmup)
Iteration:  600 / 2000 [ 30%]  (Warmup)
Iteration:  600 / 2000 [ 30%]  (Warmup)
Iteration:  800 / 2000 [ 40%]  (Warmup)
Iteration:  800 / 2000 [ 40%]  (Warmup)
Iteration:  800 / 2000 [ 40%]  (Warmup)
Iteration:  800 / 2000 [ 40%]  (Warmup)
Iteration: 1000 / 2000 [ 50%]  (Warmup)
Iteration: 1001 / 2000 [ 50%]  (Sampling)
Iteration: 1000 / 2000 [ 50%]  (Warmup)
Iteration: 1001 / 2000 [ 50%]  (Sampling)
Iteration: 1000 / 2000 [ 50%]  (Warmup)
Iteration: 1001 / 2000 [ 50%]  (Sampling)
Iteration: 1000 / 2000 [ 50%]  (Warmup)
Iteration: 1001 / 2000 [ 50%]  (Sampling)
Iteration: 1200 / 2000 [ 60%]  (Sampling)
Iteration: 1200 / 2000 [ 60%]  (Sampling)
Iteration: 1200 / 2000 [ 60%]  (Sampling)
Iteration: 1200 / 2000 [ 60%]  (Sampling)
Iteration: 1400 / 2000 [ 70%]  (Sampling)
Iteration: 1400 / 2000 [ 70%]  (Sampling)
Iteration: 1400 / 2000 [ 70%]  (Sampling)
Iteration: 1400 / 2000 [ 70%]  (Sampling)
Iteration: 1600 / 2000 [ 80%]  (Sampling)
Iteration: 1600 / 2000 [ 80%]  (Sampling)
Iteration: 1600 / 2000 [ 80%]  (Sampling)
Iteration: 1800 / 2000 [ 90%]  (Sampling)
Iteration: 1600 / 2000 [ 80%]  (Sampling)
Iteration: 1800 / 2000 [ 90%]  (Sampling)
Iteration: 1800 / 2000 [ 90%]  (Sampling)
Iteration: 2000 / 2000 [100%]  (Sampling)

 Elapsed Time: 22411.1 seconds (Warm-up)
               20446.9 seconds (Sampling)
               42858 seconds (Total)

Iteration: 1800 / 2000 [ 90%]  (Sampling)
Iteration: 2000 / 2000 [100%]  (Sampling)

 Elapsed Time: 22945.8 seconds (Warm-up)
               21946.1 seconds (Sampling)
               44891.9 seconds (Total)

Iteration: 2000 / 2000 [100%]  (Sampling)

 Elapsed Time: 23375.3 seconds (Warm-up)
               22910.2 seconds (Sampling)
               46285.5 seconds (Total)

Iteration: 2000 / 2000 [100%]  (Sampling)

 Elapsed Time: 23851.7 seconds (Warm-up)
               26768.4 seconds (Sampling)
               50620.1 seconds (Total)

Inference for Stan model: anon_model_b1cd0136479701f07fe18a5cb7ad861b.
4 chains, each with iter=2000; warmup=1000; thin=1; 
post-warmup draws per chain=1000, total post-warmup draws=4000.

        mean se_mean     sd   2.5%    25%    50%    75%  97.5%  n_eff   Rhat
h       0.74  2.6e-3   0.11   0.53   0.66   0.73   0.82   0.97 1881.0    1.0
r100    1.36  4.5e-3    0.2    1.0   1.22   1.34   1.49    1.8 2090.0    1.0
MMin    6.07    0.02   0.75   4.36   5.66   6.17   6.59   7.26 2099.0    1.0
MMax   39.22    0.04   1.59  36.35  38.06  39.14  40.29  42.43 1819.0    1.0
alpha   1.02  4.3e-3   0.21    0.6   0.87   1.02   1.16   1.42 2407.0    1.0
gamma   2.29    0.01    0.5   1.37   1.95   2.29   2.62   3.32 2479.0    1.0
H0     73.86    0.26  11.45  53.21  65.77  73.29  81.53  97.48 1881.0    1.0
dH      4.16    0.02   0.66   3.08   3.68   4.09   4.56   5.63 1857.0    1.0
R0    135.75    0.45  20.43  99.97 121.82 134.19 148.55 180.21 2090.0    1.0
lp__  466.74    0.05   1.77 462.42 465.77 467.08 468.04 469.23 1451.0    1.0

Samples were drawn using NUTS at Mon Jun 18 03:13:11 2018.
For each parameter, n_eff is a crude measure of effective sample size,
and Rhat is the potential scale reduction factor on split chains (at 
convergence, Rhat=1).
