Rejecting initial value:
  Log probability evaluates to log(0), i.e. negative infinity.
  Stan can't start sampling from this initial value.
Rejecting initial value:
  Log probability evaluates to log(0), i.e. negative infinity.
  Stan can't start sampling from this initial value.
Rejecting initial value:
  Log probability evaluates to log(0), i.e. negative infinity.
  Stan can't start sampling from this initial value.

Gradient evaluation took 0.169307 seconds
1000 transitions using 10 leapfrog steps per transition would take 1693.07 seconds.
Adjust your expectations accordingly!



Gradient evaluation took 0.174454 seconds
1000 transitions using 10 leapfrog steps per transition would take 1744.54 seconds.
Adjust your expectations accordingly!



Gradient evaluation took 0.269127 seconds
1000 transitions using 10 leapfrog steps per transition would take 2691.27 seconds.
Adjust your expectations accordingly!



Gradient evaluation took 0.226597 seconds
1000 transitions using 10 leapfrog steps per transition would take 2265.97 seconds.
Adjust your expectations accordingly!


Iteration:    1 / 2000 [  0%]  (Warmup)
Iteration:    1 / 2000 [  0%]  (Warmup)
Iteration:    1 / 2000 [  0%]  (Warmup)
Iteration:    1 / 2000 [  0%]  (Warmup)
Iteration:  200 / 2000 [ 10%]  (Warmup)
Iteration:  200 / 2000 [ 10%]  (Warmup)
Iteration:  200 / 2000 [ 10%]  (Warmup)
Iteration:  400 / 2000 [ 20%]  (Warmup)
Iteration:  200 / 2000 [ 10%]  (Warmup)
Iteration:  400 / 2000 [ 20%]  (Warmup)
Iteration:  600 / 2000 [ 30%]  (Warmup)
Iteration:  400 / 2000 [ 20%]  (Warmup)
Iteration:  400 / 2000 [ 20%]  (Warmup)
Iteration:  600 / 2000 [ 30%]  (Warmup)
Iteration:  800 / 2000 [ 40%]  (Warmup)
Iteration:  600 / 2000 [ 30%]  (Warmup)
Iteration:  600 / 2000 [ 30%]  (Warmup)
Iteration: 1000 / 2000 [ 50%]  (Warmup)
Iteration: 1001 / 2000 [ 50%]  (Sampling)
Iteration:  800 / 2000 [ 40%]  (Warmup)
Iteration:  800 / 2000 [ 40%]  (Warmup)
Iteration:  800 / 2000 [ 40%]  (Warmup)
Iteration: 1200 / 2000 [ 60%]  (Sampling)
Iteration: 1000 / 2000 [ 50%]  (Warmup)
Iteration: 1001 / 2000 [ 50%]  (Sampling)
Iteration: 1000 / 2000 [ 50%]  (Warmup)
Iteration: 1001 / 2000 [ 50%]  (Sampling)
Iteration: 1000 / 2000 [ 50%]  (Warmup)
Iteration: 1001 / 2000 [ 50%]  (Sampling)
Iteration: 1200 / 2000 [ 60%]  (Sampling)
Iteration: 1400 / 2000 [ 70%]  (Sampling)
Iteration: 1200 / 2000 [ 60%]  (Sampling)
Iteration: 1400 / 2000 [ 70%]  (Sampling)
Iteration: 1600 / 2000 [ 80%]  (Sampling)
Iteration: 1200 / 2000 [ 60%]  (Sampling)
Iteration: 1600 / 2000 [ 80%]  (Sampling)
Iteration: 1400 / 2000 [ 70%]  (Sampling)
Iteration: 1800 / 2000 [ 90%]  (Sampling)
Iteration: 1400 / 2000 [ 70%]  (Sampling)
Iteration: 1800 / 2000 [ 90%]  (Sampling)
Iteration: 1600 / 2000 [ 80%]  (Sampling)
Iteration: 2000 / 2000 [100%]  (Sampling)

 Elapsed Time: 60496.6 seconds (Warm-up)
               94175 seconds (Sampling)
               154672 seconds (Total)

Iteration: 2000 / 2000 [100%]  (Sampling)

 Elapsed Time: 85366 seconds (Warm-up)
               73722.3 seconds (Sampling)
               159088 seconds (Total)

Iteration: 1600 / 2000 [ 80%]  (Sampling)
Iteration: 1800 / 2000 [ 90%]  (Sampling)
Iteration: 2000 / 2000 [100%]  (Sampling)

 Elapsed Time: 80506.7 seconds (Warm-up)
               105694 seconds (Sampling)
               186201 seconds (Total)

Iteration: 1800 / 2000 [ 90%]  (Sampling)
Iteration: 2000 / 2000 [100%]  (Sampling)

 Elapsed Time: 94624.2 seconds (Warm-up)
               114357 seconds (Sampling)
               208981 seconds (Total)

Inference for Stan model: anon_model_f1c3c14a4e65bb9ddddca513d40b55d4.
4 chains, each with iter=2000; warmup=1000; thin=1; 
post-warmup draws per chain=1000, total post-warmup draws=4000.

        mean se_mean     sd   2.5%    25%    50%    75%  97.5%  n_eff   Rhat
h       0.59    0.06   0.11   0.44   0.49    0.6   0.66   0.79      3   1.98
r100    1.34    0.05   0.14   1.06   1.26   1.34   1.42   1.61      8   1.31
MMin    6.85    0.21   0.51   5.86   6.51   6.79   7.25    7.8      6   1.34
MMax   43.83    0.99   1.71  40.94  42.62  43.57  45.75  46.45      3   2.17
alpha   1.44    0.02   0.14   1.16   1.36   1.45   1.53    1.7     32   1.16
gamma   2.29    0.21   0.48   1.46   1.89   2.22   2.71   3.09      5   1.53
H0      59.3    6.15  10.65  43.95  48.55  60.06  66.13  79.44      3   1.98
dH      5.22    0.55   0.95   3.77   4.53   4.99   6.17   6.82      3    2.3
R0    134.14    4.88  13.79 106.07 125.72 134.44 141.96 161.04      8   1.31
lp__  461.84    0.44   1.71  458.2  460.8 461.98  463.0 464.72     15   1.16

Samples were drawn using NUTS at Thu Aug  2 14:10:52 2018.
For each parameter, n_eff is a crude measure of effective sample size,
and Rhat is the potential scale reduction factor on split chains (at 
convergence, Rhat=1).
