000 (198052.000.000) 07/25 21:52:24 Job submitted from host: <192.168.128.254:49111?addrs=192.168.128.254-49111>
...
001 (198052.000.000) 07/25 21:52:35 Job executing on host: <147.188.32.251:45214?addrs=147.188.32.251-45214>
...
006 (198052.000.000) 07/25 21:52:44 Image size of job updated: 1214280
	451  -  MemoryUsage of job (MB)
	460932  -  ResidentSetSize of job (KB)
...
006 (198052.000.000) 07/25 21:57:45 Image size of job updated: 12264212
	6540  -  MemoryUsage of job (MB)
	6696524  -  ResidentSetSize of job (KB)
...
006 (198052.000.000) 07/26 10:39:06 Image size of job updated: 12264212
	6541  -  MemoryUsage of job (MB)
	6697612  -  ResidentSetSize of job (KB)
...
006 (198052.000.000) 07/26 10:44:07 Image size of job updated: 12264212
	6543  -  MemoryUsage of job (MB)
	6699892  -  ResidentSetSize of job (KB)
...
006 (198052.000.000) 07/26 11:04:09 Image size of job updated: 12264212
	6546  -  MemoryUsage of job (MB)
	6702320  -  ResidentSetSize of job (KB)
...
005 (198052.000.000) 07/26 11:12:51 Job terminated.
	(1) Normal termination (return value 0)
		Usr 2 03:56:40, Sys 0 00:00:17  -  Run Remote Usage
		Usr 0 00:00:00, Sys 0 00:00:00  -  Run Local Usage
		Usr 2 03:56:40, Sys 0 00:00:17  -  Total Remote Usage
		Usr 0 00:00:00, Sys 0 00:00:00  -  Total Local Usage
	0  -  Run Bytes Sent By Job
	0  -  Run Bytes Received By Job
	0  -  Total Bytes Sent By Job
	0  -  Total Bytes Received By Job
	Partitionable Resources :    Usage  Request Allocated
	   Cpus                 :                 4         4
	   Disk (KB)            :        5        5   2681024
	   Memory (MB)          :     6546        1         1
...
