
Gradient evaluation took 2.03643 seconds
1000 transitions using 10 leapfrog steps per transition would take 20364.3 seconds.
Adjust your expectations accordingly!



Gradient evaluation took 2.1421 seconds
1000 transitions using 10 leapfrog steps per transition would take 21421 seconds.
Adjust your expectations accordingly!



Gradient evaluation took 2.31759 seconds
1000 transitions using 10 leapfrog steps per transition would take 23175.9 seconds.
Adjust your expectations accordingly!



Gradient evaluation took 2.71154 seconds
1000 transitions using 10 leapfrog steps per transition would take 27115.4 seconds.
Adjust your expectations accordingly!


Iteration:    1 / 2000 [  0%]  (Warmup)
Iteration:    1 / 2000 [  0%]  (Warmup)
Iteration:    1 / 2000 [  0%]  (Warmup)
Iteration:    1 / 2000 [  0%]  (Warmup)
Iteration:  200 / 2000 [ 10%]  (Warmup)
Iteration:  200 / 2000 [ 10%]  (Warmup)
Iteration:  200 / 2000 [ 10%]  (Warmup)
Iteration:  200 / 2000 [ 10%]  (Warmup)
Iteration:  400 / 2000 [ 20%]  (Warmup)
Iteration:  400 / 2000 [ 20%]  (Warmup)
Iteration:  400 / 2000 [ 20%]  (Warmup)
Iteration:  400 / 2000 [ 20%]  (Warmup)
Iteration:  600 / 2000 [ 30%]  (Warmup)
Iteration:  600 / 2000 [ 30%]  (Warmup)
Iteration:  600 / 2000 [ 30%]  (Warmup)
Iteration:  600 / 2000 [ 30%]  (Warmup)
Iteration:  800 / 2000 [ 40%]  (Warmup)
Iteration:  800 / 2000 [ 40%]  (Warmup)
Iteration:  800 / 2000 [ 40%]  (Warmup)
Iteration:  800 / 2000 [ 40%]  (Warmup)
Iteration: 1000 / 2000 [ 50%]  (Warmup)
Iteration: 1001 / 2000 [ 50%]  (Sampling)
Iteration: 1000 / 2000 [ 50%]  (Warmup)
Iteration: 1001 / 2000 [ 50%]  (Sampling)
Iteration: 1000 / 2000 [ 50%]  (Warmup)
Iteration: 1001 / 2000 [ 50%]  (Sampling)
Iteration: 1000 / 2000 [ 50%]  (Warmup)
Iteration: 1001 / 2000 [ 50%]  (Sampling)
Iteration: 1200 / 2000 [ 60%]  (Sampling)
Iteration: 1200 / 2000 [ 60%]  (Sampling)
Iteration: 1200 / 2000 [ 60%]  (Sampling)
Iteration: 1200 / 2000 [ 60%]  (Sampling)
Iteration: 1400 / 2000 [ 70%]  (Sampling)
Iteration: 1400 / 2000 [ 70%]  (Sampling)
Iteration: 1400 / 2000 [ 70%]  (Sampling)
Iteration: 1400 / 2000 [ 70%]  (Sampling)
Iteration: 1600 / 2000 [ 80%]  (Sampling)
Iteration: 1600 / 2000 [ 80%]  (Sampling)
Iteration: 1600 / 2000 [ 80%]  (Sampling)
Iteration: 1600 / 2000 [ 80%]  (Sampling)
Iteration: 1800 / 2000 [ 90%]  (Sampling)
Iteration: 1800 / 2000 [ 90%]  (Sampling)
Iteration: 1800 / 2000 [ 90%]  (Sampling)
Iteration: 1800 / 2000 [ 90%]  (Sampling)
Iteration: 2000 / 2000 [100%]  (Sampling)

 Elapsed Time: 23354.8 seconds (Warm-up)
               22242.1 seconds (Sampling)
               45596.9 seconds (Total)

Iteration: 2000 / 2000 [100%]  (Sampling)

 Elapsed Time: 23867 seconds (Warm-up)
               22101 seconds (Sampling)
               45968 seconds (Total)

Iteration: 2000 / 2000 [100%]  (Sampling)

 Elapsed Time: 24408.5 seconds (Warm-up)
               22937.1 seconds (Sampling)
               47345.6 seconds (Total)

Iteration: 2000 / 2000 [100%]  (Sampling)

 Elapsed Time: 25058.4 seconds (Warm-up)
               22828.5 seconds (Sampling)
               47886.9 seconds (Total)

Inference for Stan model: anon_model_b1cd0136479701f07fe18a5cb7ad861b.
4 chains, each with iter=2000; warmup=1000; thin=1; 
post-warmup draws per chain=1000, total post-warmup draws=4000.

        mean se_mean     sd   2.5%    25%    50%    75%  97.5%  n_eff   Rhat
h       0.69  3.7e-3   0.13   0.48   0.61   0.69   0.77   0.96   1177    1.0
r100    1.33  4.6e-3    0.2   0.98   1.18   1.31   1.45   1.77   1993    1.0
MMin    6.09    0.02   0.78   4.31   5.64    6.2   6.63   7.42   2432    1.0
MMax   39.68    0.05   1.74   36.5  38.47  39.62   40.8  43.22   1322   1.01
alpha   1.03  4.5e-3   0.21   0.61    0.9   1.04   1.17   1.44   2193    1.0
gamma   2.37    0.01   0.54   1.35    2.0   2.34   2.73   3.49   1992    1.0
H0     69.44    0.37  12.54  47.57  60.72  68.52  77.16  96.46   1177    1.0
dH      4.46    0.02   0.83   3.11   3.89   4.38   4.94    6.3   1241    1.0
R0    132.67    0.46  20.37  97.99 117.85 130.96 145.09 176.76   1993    1.0
lp__   467.2    0.04   1.85 462.74 466.18 467.54 468.58 469.76   1701    1.0

Samples were drawn using NUTS at Thu Jul 26 11:12:49 2018.
For each parameter, n_eff is a crude measure of effective sample size,
and Rhat is the potential scale reduction factor on split chains (at 
convergence, Rhat=1).
