DIAGNOSTIC(S) FROM PARSER:
Warning: integer division implicitly rounds to integer. Found int division: (j - i) / 2
 Positive values rounded down, negative values rounded up or down in platform-dependent way.

/mnt/home/wfarr/anaconda3/lib/python3.6/site-packages/h5py/__init__.py:36: FutureWarning: Conversion of the second argument of issubdtype from `float` to `np.floating` is deprecated. In future, it will be treated as `np.float64 == np.dtype(float).type`.
  from ._conv import register_converters as _register_converters
INFO:pystan:COMPILING THE C++ CODE FOR MODEL anon_model_b30a33b4f37e69683e0575766d5a7485 NOW.
/mnt/home/wfarr/anaconda3/lib/python3.6/site-packages/pystan/misc.py:399: FutureWarning: Conversion of the second argument of issubdtype from `float` to `np.floating` is deprecated. In future, it will be treated as `np.float64 == np.dtype(float).type`.
  elif np.issubdtype(np.asarray(v).dtype, float):
Informational Message: The current Metropolis proposal is about to be rejected because of the following issue:
Exception: integrate_ode_rk45: parameter vector[1] is inf, but must be finite!  (in 'unknown file name' at line 172)

If this warning occurs sporadically, such as for highly constrained variable types like covariance matrices, then the sampler is fine,
but if this warning occurs often then your model may be either severely ill-conditioned or misspecified.

Informational Message: The current Metropolis proposal is about to be rejected because of the following issue:
Exception: integrate_ode_rk45: parameter vector[1] is inf, but must be finite!  (in 'unknown file name' at line 172)

If this warning occurs sporadically, such as for highly constrained variable types like covariance matrices, then the sampler is fine,
but if this warning occurs often then your model may be either severely ill-conditioned or misspecified.

Informational Message: The current Metropolis proposal is about to be rejected because of the following issue:
Exception: integrate_ode_rk45: parameter vector[1] is inf, but must be finite!  (in 'unknown file name' at line 172)

If this warning occurs sporadically, such as for highly constrained variable types like covariance matrices, then the sampler is fine,
but if this warning occurs often then your model may be either severely ill-conditioned or misspecified.

Informational Message: The current Metropolis proposal is about to be rejected because of the following issue:
Exception: integrate_ode_rk45: parameter vector[1] is inf, but must be finite!  (in 'unknown file name' at line 172)

If this warning occurs sporadically, such as for highly constrained variable types like covariance matrices, then the sampler is fine,
but if this warning occurs often then your model may be either severely ill-conditioned or misspecified.

Informational Message: The current Metropolis proposal is about to be rejected because of the following issue:
Exception: integrate_ode_rk45: parameter vector[1] is inf, but must be finite!  (in 'unknown file name' at line 172)

If this warning occurs sporadically, such as for highly constrained variable types like covariance matrices, then the sampler is fine,
but if this warning occurs often then your model may be either severely ill-conditioned or misspecified.

Informational Message: The current Metropolis proposal is about to be rejected because of the following issue:
Exception: integrate_ode_rk45: parameter vector[1] is inf, but must be finite!  (in 'unknown file name' at line 172)

If this warning occurs sporadically, such as for highly constrained variable types like covariance matrices, then the sampler is fine,
but if this warning occurs often then your model may be either severely ill-conditioned or misspecified.

Informational Message: The current Metropolis proposal is about to be rejected because of the following issue:
Exception: integrate_ode_rk45: parameter vector[1] is inf, but must be finite!  (in 'unknown file name' at line 172)

If this warning occurs sporadically, such as for highly constrained variable types like covariance matrices, then the sampler is fine,
but if this warning occurs often then your model may be either severely ill-conditioned or misspecified.

Informational Message: The current Metropolis proposal is about to be rejected because of the following issue:
Exception: integrate_ode_rk45: parameter vector[1] is inf, but must be finite!  (in 'unknown file name' at line 172)

If this warning occurs sporadically, such as for highly constrained variable types like covariance matrices, then the sampler is fine,
but if this warning occurs often then your model may be either severely ill-conditioned or misspecified.

Informational Message: The current Metropolis proposal is about to be rejected because of the following issue:
Exception: integrate_ode_rk45: parameter vector[1] is inf, but must be finite!  (in 'unknown file name' at line 172)

If this warning occurs sporadically, such as for highly constrained variable types like covariance matrices, then the sampler is fine,
but if this warning occurs often then your model may be either severely ill-conditioned or misspecified.

Informational Message: The current Metropolis proposal is about to be rejected because of the following issue:Informational Message: The current Metropolis proposal is about to be rejected because of the following issue:

Exception: integrate_ode_rk45: parameter vector[1] is inf, but must be finite!  (in 'unknown file name' at line 172)
Exception: integrate_ode_rk45: parameter vector[1] is inf, but must be finite!  (in 'unknown file name' at line 172)


If this warning occurs sporadically, such as for highly constrained variable types like covariance matrices, then the sampler is fine,If this warning occurs sporadically, such as for highly constrained variable types like covariance matrices, then the sampler is fine,

but if this warning occurs often then your model may be either severely ill-conditioned or misspecified.but if this warning occurs often then your model may be either severely ill-conditioned or misspecified.



Informational Message: The current Metropolis proposal is about to be rejected because of the following issue:
Exception: integrate_ode_rk45: parameter vector[1] is inf, but must be finite!  (in 'unknown file name' at line 172)

If this warning occurs sporadically, such as for highly constrained variable types like covariance matrices, then the sampler is fine,
but if this warning occurs often then your model may be either severely ill-conditioned or misspecified.

Informational Message: The current Metropolis proposal is about to be rejected because of the following issue:
Exception: integrate_ode_rk45: parameter vector[1] is inf, but must be finite!  (in 'unknown file name' at line 172)

If this warning occurs sporadically, such as for highly constrained variable types like covariance matrices, then the sampler is fine,
but if this warning occurs often then your model may be either severely ill-conditioned or misspecified.

Informational Message: The current Metropolis proposal is about to be rejected because of the following issue:
Exception: integrate_ode_rk45: parameter vector[1] is inf, but must be finite!  (in 'unknown file name' at line 172)

If this warning occurs sporadically, such as for highly constrained variable types like covariance matrices, then the sampler is fine,
but if this warning occurs often then your model may be either severely ill-conditioned or misspecified.

Informational Message: The current Metropolis proposal is about to be rejected because of the following issue:
Exception: integrate_ode_rk45: parameter vector[1] is inf, but must be finite!  (in 'unknown file name' at line 172)

If this warning occurs sporadically, such as for highly constrained variable types like covariance matrices, then the sampler is fine,
but if this warning occurs often then your model may be either severely ill-conditioned or misspecified.

Informational Message: The current Metropolis proposal is about to be rejected because of the following issue:
Exception: integrate_ode_rk45: parameter vector[1] is inf, but must be finite!  (in 'unknown file name' at line 172)

If this warning occurs sporadically, such as for highly constrained variable types like covariance matrices, then the sampler is fine,
but if this warning occurs often then your model may be either severely ill-conditioned or misspecified.

Informational Message: The current Metropolis proposal is about to be rejected because of the following issue:
Exception: integrate_ode_rk45: parameter vector[1] is inf, but must be finite!  (in 'unknown file name' at line 172)

If this warning occurs sporadically, such as for highly constrained variable types like covariance matrices, then the sampler is fine,
but if this warning occurs often then your model may be either severely ill-conditioned or misspecified.

Informational Message: The current Metropolis proposal is about to be rejected because of the following issue:
Exception: integrate_ode_rk45: parameter vector[1] is inf, but must be finite!  (in 'unknown file name' at line 172)

If this warning occurs sporadically, such as for highly constrained variable types like covariance matrices, then the sampler is fine,
but if this warning occurs often then your model may be either severely ill-conditioned or misspecified.

Informational Message: The current Metropolis proposal is about to be rejected because of the following issue:
Exception: integrate_ode_rk45: parameter vector[1] is inf, but must be finite!  (in 'unknown file name' at line 172)

If this warning occurs sporadically, such as for highly constrained variable types like covariance matrices, then the sampler is fine,
but if this warning occurs often then your model may be either severely ill-conditioned or misspecified.

Informational Message: The current Metropolis proposal is about to be rejected because of the following issue:
Exception: integrate_ode_rk45: parameter vector[1] is inf, but must be finite!  (in 'unknown file name' at line 172)

If this warning occurs sporadically, such as for highly constrained variable types like covariance matrices, then the sampler is fine,
but if this warning occurs often then your model may be either severely ill-conditioned or misspecified.

Informational Message: The current Metropolis proposal is about to be rejected because of the following issue:
Exception: integrate_ode_rk45: parameter vector[1] is inf, but must be finite!  (in 'unknown file name' at line 172)

If this warning occurs sporadically, such as for highly constrained variable types like covariance matrices, then the sampler is fine,
but if this warning occurs often then your model may be either severely ill-conditioned or misspecified.

Informational Message: The current Metropolis proposal is about to be rejected because of the following issue:
Exception: integrate_ode_rk45: parameter vector[1] is inf, but must be finite!  (in 'unknown file name' at line 172)

If this warning occurs sporadically, such as for highly constrained variable types like covariance matrices, then the sampler is fine,
but if this warning occurs often then your model may be either severely ill-conditioned or misspecified.

Informational Message: The current Metropolis proposal is about to be rejected because of the following issue:
Exception: integrate_ode_rk45: parameter vector[1] is inf, but must be finite!  (in 'unknown file name' at line 172)

If this warning occurs sporadically, such as for highly constrained variable types like covariance matrices, then the sampler is fine,
but if this warning occurs often then your model may be either severely ill-conditioned or misspecified.

Informational Message: The current Metropolis proposal is about to be rejected because of the following issue:
Exception: integrate_ode_rk45: parameter vector[1] is inf, but must be finite!  (in 'unknown file name' at line 172)

If this warning occurs sporadically, such as for highly constrained variable types like covariance matrices, then the sampler is fine,
but if this warning occurs often then your model may be either severely ill-conditioned or misspecified.

Informational Message: The current Metropolis proposal is about to be rejected because of the following issue:
Exception: integrate_ode_rk45: parameter vector[1] is inf, but must be finite!  (in 'unknown file name' at line 172)

If this warning occurs sporadically, such as for highly constrained variable types like covariance matrices, then the sampler is fine,
but if this warning occurs often then your model may be either severely ill-conditioned or misspecified.

Informational Message: The current Metropolis proposal is about to be rejected because of the following issue:
Exception: integrate_ode_rk45: parameter vector[1] is inf, but must be finite!  (in 'unknown file name' at line 172)

If this warning occurs sporadically, such as for highly constrained variable types like covariance matrices, then the sampler is fine,
but if this warning occurs often then your model may be either severely ill-conditioned or misspecified.

Informational Message: The current Metropolis proposal is about to be rejected because of the following issue:
Exception: integrate_ode_rk45: parameter vector[1] is inf, but must be finite!  (in 'unknown file name' at line 172)

If this warning occurs sporadically, such as for highly constrained variable types like covariance matrices, then the sampler is fine,
but if this warning occurs often then your model may be either severely ill-conditioned or misspecified.

Informational Message: The current Metropolis proposal is about to be rejected because of the following issue:
Exception: integrate_ode_rk45: parameter vector[1] is inf, but must be finite!  (in 'unknown file name' at line 172)

If this warning occurs sporadically, such as for highly constrained variable types like covariance matrices, then the sampler is fine,
but if this warning occurs often then your model may be either severely ill-conditioned or misspecified.

Informational Message: The current Metropolis proposal is about to be rejected because of the following issue:
Exception: integrate_ode_rk45: parameter vector[1] is inf, but must be finite!  (in 'unknown file name' at line 172)

If this warning occurs sporadically, such as for highly constrained variable types like covariance matrices, then the sampler is fine,
but if this warning occurs often then your model may be either severely ill-conditioned or misspecified.

Informational Message: The current Metropolis proposal is about to be rejected because of the following issue:
Exception: integrate_ode_rk45: parameter vector[1] is inf, but must be finite!  (in 'unknown file name' at line 172)

If this warning occurs sporadically, such as for highly constrained variable types like covariance matrices, then the sampler is fine,
but if this warning occurs often then your model may be either severely ill-conditioned or misspecified.

Informational Message: The current Metropolis proposal is about to be rejected because of the following issue:
Exception: integrate_ode_rk45: parameter vector[1] is inf, but must be finite!  (in 'unknown file name' at line 172)

If this warning occurs sporadically, such as for highly constrained variable types like covariance matrices, then the sampler is fine,
but if this warning occurs often then your model may be either severely ill-conditioned or misspecified.

Informational Message: The current Metropolis proposal is about to be rejected because of the following issue:
Exception: integrate_ode_rk45: parameter vector[1] is inf, but must be finite!  (in 'unknown file name' at line 172)

If this warning occurs sporadically, such as for highly constrained variable types like covariance matrices, then the sampler is fine,
but if this warning occurs often then your model may be either severely ill-conditioned or misspecified.

Informational Message: The current Metropolis proposal is about to be rejected because of the following issue:
Exception: integrate_ode_rk45: parameter vector[1] is inf, but must be finite!  (in 'unknown file name' at line 172)

If this warning occurs sporadically, such as for highly constrained variable types like covariance matrices, then the sampler is fine,
but if this warning occurs often then your model may be either severely ill-conditioned or misspecified.

Informational Message: The current Metropolis proposal is about to be rejected because of the following issue:
Exception: integrate_ode_rk45: parameter vector[1] is inf, but must be finite!  (in 'unknown file name' at line 172)

If this warning occurs sporadically, such as for highly constrained variable types like covariance matrices, then the sampler is fine,
but if this warning occurs often then your model may be either severely ill-conditioned or misspecified.

Informational Message: The current Metropolis proposal is about to be rejected because of the following issue:
Exception: integrate_ode_rk45: parameter vector[1] is inf, but must be finite!  (in 'unknown file name' at line 172)

If this warning occurs sporadically, such as for highly constrained variable types like covariance matrices, then the sampler is fine,
but if this warning occurs often then your model may be either severely ill-conditioned or misspecified.

Informational Message: The current Metropolis proposal is about to be rejected because of the following issue:
Exception: integrate_ode_rk45: parameter vector[1] is inf, but must be finite!  (in 'unknown file name' at line 172)

If this warning occurs sporadically, such as for highly constrained variable types like covariance matrices, then the sampler is fine,
but if this warning occurs often then your model may be either severely ill-conditioned or misspecified.

Informational Message: The current Metropolis proposal is about to be rejected because of the following issue:
Exception: integrate_ode_rk45: parameter vector[1] is inf, but must be finite!  (in 'unknown file name' at line 172)

If this warning occurs sporadically, such as for highly constrained variable types like covariance matrices, then the sampler is fine,
but if this warning occurs often then your model may be either severely ill-conditioned or misspecified.

Informational Message: The current Metropolis proposal is about to be rejected because of the following issue:
Exception: integrate_ode_rk45: parameter vector[1] is inf, but must be finite!  (in 'unknown file name' at line 172)

If this warning occurs sporadically, such as for highly constrained variable types like covariance matrices, then the sampler is fine,
but if this warning occurs often then your model may be either severely ill-conditioned or misspecified.

Informational Message: The current Metropolis proposal is about to be rejected because of the following issue:
Exception: integrate_ode_rk45: parameter vector[1] is inf, but must be finite!  (in 'unknown file name' at line 172)

If this warning occurs sporadically, such as for highly constrained variable types like covariance matrices, then the sampler is fine,
but if this warning occurs often then your model may be either severely ill-conditioned or misspecified.

Informational Message: The current Metropolis proposal is about to be rejected because of the following issue:
Exception: integrate_ode_rk45: parameter vector[1] is inf, but must be finite!  (in 'unknown file name' at line 172)

If this warning occurs sporadically, such as for highly constrained variable types like covariance matrices, then the sampler is fine,
but if this warning occurs often then your model may be either severely ill-conditioned or misspecified.

Informational Message: The current Metropolis proposal is about to be rejected because of the following issue:
Exception: integrate_ode_rk45: parameter vector[1] is inf, but must be finite!  (in 'unknown file name' at line 172)

If this warning occurs sporadically, such as for highly constrained variable types like covariance matrices, then the sampler is fine,
but if this warning occurs often then your model may be either severely ill-conditioned or misspecified.

Informational Message: The current Metropolis proposal is about to be rejected because of the following issue:
Exception: integrate_ode_rk45: parameter vector[1] is inf, but must be finite!  (in 'unknown file name' at line 172)

If this warning occurs sporadically, such as for highly constrained variable types like covariance matrices, then the sampler is fine,
but if this warning occurs often then your model may be either severely ill-conditioned or misspecified.

Informational Message: The current Metropolis proposal is about to be rejected because of the following issue:
Exception: integrate_ode_rk45: parameter vector[1] is inf, but must be finite!  (in 'unknown file name' at line 172)

If this warning occurs sporadically, such as for highly constrained variable types like covariance matrices, then the sampler is fine,
but if this warning occurs often then your model may be either severely ill-conditioned or misspecified.

Informational Message: The current Metropolis proposal is about to be rejected because of the following issue:
Exception: integrate_ode_rk45: parameter vector[1] is inf, but must be finite!  (in 'unknown file name' at line 172)

If this warning occurs sporadically, such as for highly constrained variable types like covariance matrices, then the sampler is fine,
but if this warning occurs often then your model may be either severely ill-conditioned or misspecified.

Informational Message: The current Metropolis proposal is about to be rejected because of the following issue:
Exception: Exception: cannot interpolate out of bounds  (in 'unknown file name' at line 32)
  (in 'unknown file name' at line 178)

If this warning occurs sporadically, such as for highly constrained variable types like covariance matrices, then the sampler is fine,
but if this warning occurs often then your model may be either severely ill-conditioned or misspecified.

Informational Message: The current Metropolis proposal is about to be rejected because of the following issue:
Exception: Exception: cannot interpolate out of bounds  (in 'unknown file name' at line 32)
  (in 'unknown file name' at line 178)

If this warning occurs sporadically, such as for highly constrained variable types like covariance matrices, then the sampler is fine,
but if this warning occurs often then your model may be either severely ill-conditioned or misspecified.

Informational Message: The current Metropolis proposal is about to be rejected because of the following issue:
Exception: Exception: cannot interpolate out of bounds  (in 'unknown file name' at line 32)
  (in 'unknown file name' at line 178)

If this warning occurs sporadically, such as for highly constrained variable types like covariance matrices, then the sampler is fine,
but if this warning occurs often then your model may be either severely ill-conditioned or misspecified.

