Rejecting initial value:
  Log probability evaluates to log(0), i.e. negative infinity.
  Stan can't start sampling from this initial value.
Rejecting initial value:
  Log probability evaluates to log(0), i.e. negative infinity.
  Stan can't start sampling from this initial value.

Gradient evaluation took 1.19309 seconds
1000 transitions using 10 leapfrog steps per transition would take 11930.9 seconds.
Adjust your expectations accordingly!



Gradient evaluation took 1.21189 seconds
1000 transitions using 10 leapfrog steps per transition would take 12118.9 seconds.
Adjust your expectations accordingly!



Gradient evaluation took 1.18176 seconds
1000 transitions using 10 leapfrog steps per transition would take 11817.6 seconds.
Adjust your expectations accordingly!



Gradient evaluation took 1.38616 seconds
1000 transitions using 10 leapfrog steps per transition would take 13861.6 seconds.
Adjust your expectations accordingly!


Iteration:    1 / 2000 [  0%]  (Warmup)
Iteration:    1 / 2000 [  0%]  (Warmup)
Iteration:    1 / 2000 [  0%]  (Warmup)
Iteration:    1 / 2000 [  0%]  (Warmup)
Iteration:  200 / 2000 [ 10%]  (Warmup)
Iteration:  200 / 2000 [ 10%]  (Warmup)
Iteration:  200 / 2000 [ 10%]  (Warmup)
Iteration:  200 / 2000 [ 10%]  (Warmup)
Iteration:  400 / 2000 [ 20%]  (Warmup)
Iteration:  400 / 2000 [ 20%]  (Warmup)
Iteration:  400 / 2000 [ 20%]  (Warmup)
Iteration:  400 / 2000 [ 20%]  (Warmup)
Iteration:  600 / 2000 [ 30%]  (Warmup)
Iteration:  600 / 2000 [ 30%]  (Warmup)
Iteration:  600 / 2000 [ 30%]  (Warmup)
Iteration:  600 / 2000 [ 30%]  (Warmup)
Iteration:  800 / 2000 [ 40%]  (Warmup)
Iteration:  800 / 2000 [ 40%]  (Warmup)
Iteration:  800 / 2000 [ 40%]  (Warmup)
Iteration:  800 / 2000 [ 40%]  (Warmup)
Iteration: 1000 / 2000 [ 50%]  (Warmup)
Iteration: 1001 / 2000 [ 50%]  (Sampling)
Iteration: 1000 / 2000 [ 50%]  (Warmup)
Iteration: 1001 / 2000 [ 50%]  (Sampling)
Iteration: 1000 / 2000 [ 50%]  (Warmup)
Iteration: 1001 / 2000 [ 50%]  (Sampling)
Iteration: 1000 / 2000 [ 50%]  (Warmup)
Iteration: 1001 / 2000 [ 50%]  (Sampling)
Iteration: 1200 / 2000 [ 60%]  (Sampling)
Iteration: 1200 / 2000 [ 60%]  (Sampling)
Iteration: 1200 / 2000 [ 60%]  (Sampling)
Iteration: 1200 / 2000 [ 60%]  (Sampling)
Iteration: 1400 / 2000 [ 70%]  (Sampling)
Iteration: 1400 / 2000 [ 70%]  (Sampling)
Iteration: 1400 / 2000 [ 70%]  (Sampling)
Iteration: 1400 / 2000 [ 70%]  (Sampling)
Iteration: 1600 / 2000 [ 80%]  (Sampling)
Iteration: 1600 / 2000 [ 80%]  (Sampling)
Iteration: 1800 / 2000 [ 90%]  (Sampling)
Iteration: 1600 / 2000 [ 80%]  (Sampling)
Iteration: 1600 / 2000 [ 80%]  (Sampling)
Iteration: 1800 / 2000 [ 90%]  (Sampling)
Iteration: 2000 / 2000 [100%]  (Sampling)

 Elapsed Time: 18766.9 seconds (Warm-up)
               17204.1 seconds (Sampling)
               35971.1 seconds (Total)

Iteration: 2000 / 2000 [100%]  (Sampling)

 Elapsed Time: 19460.4 seconds (Warm-up)
               17418.7 seconds (Sampling)
               36879.2 seconds (Total)

Iteration: 1800 / 2000 [ 90%]  (Sampling)
Iteration: 1800 / 2000 [ 90%]  (Sampling)
Iteration: 2000 / 2000 [100%]  (Sampling)

 Elapsed Time: 19292.3 seconds (Warm-up)
               22106.9 seconds (Sampling)
               41399.2 seconds (Total)

Iteration: 2000 / 2000 [100%]  (Sampling)

 Elapsed Time: 19253.1 seconds (Warm-up)
               22473.2 seconds (Sampling)
               41726.3 seconds (Total)

Inference for Stan model: anon_model_b1cd0136479701f07fe18a5cb7ad861b.
4 chains, each with iter=2000; warmup=1000; thin=1; 
post-warmup draws per chain=1000, total post-warmup draws=4000.

        mean se_mean     sd   2.5%    25%    50%    75%  97.5%  n_eff   Rhat
h       0.73  2.9e-3   0.12    0.5   0.64   0.72   0.81   0.98   1794    1.0
r100    1.35  4.2e-3   0.21    1.0   1.21   1.34   1.48   1.81   2388    1.0
MMin     6.1    0.01   0.72   4.49    5.7   6.19    6.6   7.36   2469    1.0
MMax   39.47    0.04    1.7  36.32  38.26  39.42  40.57  42.99   1882    1.0
alpha   1.03  3.9e-3   0.21   0.62   0.89   1.04   1.17   1.44   2719    1.0
gamma   2.31    0.01   0.51    1.3   1.95    2.3   2.64   3.33   2251    1.0
H0     72.87    0.29   12.3  50.19  64.11  72.12  81.22  98.34   1794    1.0
dH      4.24    0.02   0.75   3.05   3.69   4.16   4.68   5.97   1829    1.0
R0    135.49    0.42  20.52 100.19 120.86 134.04 147.86  181.4   2388    1.0
lp__  468.64    0.05    1.8 464.28 467.64 468.97  470.0 471.18   1549    1.0

Samples were drawn using NUTS at Sun Jul 29 17:10:37 2018.
For each parameter, n_eff is a crude measure of effective sample size,
and Rhat is the potential scale reduction factor on split chains (at 
convergence, Rhat=1).
