
Gradient evaluation took 0.72085 seconds
1000 transitions using 10 leapfrog steps per transition would take 7208.5 seconds.
Adjust your expectations accordingly!




Gradient evaluation took 0.740785 seconds
Gradient evaluation took 0.741801 seconds
1000 transitions using 10 leapfrog steps per transition would take 7407.85 seconds.
Adjust your expectations accordingly!
1000 transitions using 10 leapfrog steps per transition would take 7418.01 seconds.

Adjust your expectations accordingly!




Gradient evaluation took 0.735389 seconds
1000 transitions using 10 leapfrog steps per transition would take 7353.89 seconds.
Adjust your expectations accordingly!


Iteration:    1 / 2000 [  0%]  (Warmup)
Iteration:    1 / 2000 [  0%]  (Warmup)
Iteration:    1 / 2000 [  0%]  (Warmup)
Iteration:    1 / 2000 [  0%]  (Warmup)
Iteration:  200 / 2000 [ 10%]  (Warmup)
Iteration:  200 / 2000 [ 10%]  (Warmup)
Iteration:  200 / 2000 [ 10%]  (Warmup)
Iteration:  200 / 2000 [ 10%]  (Warmup)
Iteration:  400 / 2000 [ 20%]  (Warmup)
Iteration:  400 / 2000 [ 20%]  (Warmup)
Iteration:  400 / 2000 [ 20%]  (Warmup)
Iteration:  400 / 2000 [ 20%]  (Warmup)
Iteration:  600 / 2000 [ 30%]  (Warmup)
Iteration:  600 / 2000 [ 30%]  (Warmup)
Iteration:  600 / 2000 [ 30%]  (Warmup)
Iteration:  600 / 2000 [ 30%]  (Warmup)
Iteration:  800 / 2000 [ 40%]  (Warmup)
Iteration:  800 / 2000 [ 40%]  (Warmup)
Iteration:  800 / 2000 [ 40%]  (Warmup)
Iteration:  800 / 2000 [ 40%]  (Warmup)
Iteration: 1000 / 2000 [ 50%]  (Warmup)
Iteration: 1001 / 2000 [ 50%]  (Sampling)
Iteration: 1000 / 2000 [ 50%]  (Warmup)
Iteration: 1000 / 2000 [ 50%]  (Warmup)
Iteration: 1001 / 2000 [ 50%]  (Sampling)
Iteration: 1001 / 2000 [ 50%]  (Sampling)
Iteration: 1000 / 2000 [ 50%]  (Warmup)
Iteration: 1001 / 2000 [ 50%]  (Sampling)
Iteration: 1200 / 2000 [ 60%]  (Sampling)
Iteration: 1200 / 2000 [ 60%]  (Sampling)
Iteration: 1200 / 2000 [ 60%]  (Sampling)
Iteration: 1200 / 2000 [ 60%]  (Sampling)
Iteration: 1400 / 2000 [ 70%]  (Sampling)
Iteration: 1400 / 2000 [ 70%]  (Sampling)
Iteration: 1400 / 2000 [ 70%]  (Sampling)
Iteration: 1600 / 2000 [ 80%]  (Sampling)
Iteration: 1400 / 2000 [ 70%]  (Sampling)
Iteration: 1600 / 2000 [ 80%]  (Sampling)
Iteration: 1800 / 2000 [ 90%]  (Sampling)
Iteration: 1600 / 2000 [ 80%]  (Sampling)
Iteration: 1800 / 2000 [ 90%]  (Sampling)
Iteration: 2000 / 2000 [100%]  (Sampling)

 Elapsed Time: 11790.4 seconds (Warm-up)
               10058.6 seconds (Sampling)
               21849 seconds (Total)

Iteration: 1600 / 2000 [ 80%]  (Sampling)
Iteration: 1800 / 2000 [ 90%]  (Sampling)
Iteration: 2000 / 2000 [100%]  (Sampling)

 Elapsed Time: 11265.6 seconds (Warm-up)
               11791.1 seconds (Sampling)
               23056.6 seconds (Total)

Iteration: 1800 / 2000 [ 90%]  (Sampling)
Iteration: 2000 / 2000 [100%]  (Sampling)

 Elapsed Time: 11949.9 seconds (Warm-up)
               12487.3 seconds (Sampling)
               24437.3 seconds (Total)

Iteration: 2000 / 2000 [100%]  (Sampling)

 Elapsed Time: 11786.8 seconds (Warm-up)
               14476.9 seconds (Sampling)
               26263.7 seconds (Total)

Inference for Stan model: anon_model_b1cd0136479701f07fe18a5cb7ad861b.
4 chains, each with iter=2000; warmup=1000; thin=1; 
post-warmup draws per chain=1000, total post-warmup draws=4000.

        mean se_mean     sd   2.5%    25%    50%    75%  97.5%  n_eff   Rhat
h       0.68  3.2e-3   0.12   0.48    0.6   0.67   0.76   0.93   1333    1.0
r100    1.32  4.9e-3   0.19   0.98   1.18    1.3   1.43   1.74   1582    1.0
MMin    6.12    0.02   0.75    4.4   5.72   6.22   6.62   7.39   2280    1.0
MMax   39.91    0.05   1.68  36.63  38.76  39.88  41.01  43.38   1366    1.0
alpha   1.05  4.4e-3    0.2   0.65   0.92   1.05   1.19   1.47   2158    1.0
gamma   2.39    0.01   0.52   1.41   2.04   2.38   2.74   3.48   2156    1.0
H0      68.4    0.32  11.64  47.73  60.23  67.36  75.67  93.46   1333    1.0
dH      4.51    0.02   0.77   3.21   3.96   4.45   4.98   6.28   1263    1.0
R0    131.55    0.49   19.3  98.08 117.82 130.05 143.24 174.31   1582    1.0
lp__  467.81    0.04   1.74 463.62 466.84 468.14 469.09 470.21   1593    1.0

Samples were drawn using NUTS at Wed Jul 25 10:07:40 2018.
For each parameter, n_eff is a crude measure of effective sample size,
and Rhat is the potential scale reduction factor on split chains (at 
convergence, Rhat=1).
