DIAGNOSTIC(S) FROM PARSER:
Warning: integer division implicitly rounds to integer. Found int division: (h - l) / 2
 Positive values rounded down, negative values rounded up or down in platform-dependent way.
Warning: left-hand side variable (name=istart) occurs on right-hand side of assignment, causing inefficient deep copy to avoid aliasing.
Warning: left-hand side variable (name=r) occurs on right-hand side of assignment, causing inefficient deep copy to avoid aliasing.
Warning: left-hand side variable (name=istart) occurs on right-hand side of assignment, causing inefficient deep copy to avoid aliasing.

INFO:pystan:COMPILING THE C++ CODE FOR MODEL anon_model_657eb8b19ef7b131fff6223e6e9091e2 NOW.
/mnt/home/wfarr/anaconda3/lib/python3.6/site-packages/Cython/Compiler/Main.py:367: FutureWarning: Cython directive 'language_level' not set, using 2 for now (Py2). This will change in a later release! File: /tmp/tmp8_jn61nk/stanfit4anon_model_657eb8b19ef7b131fff6223e6e9091e2_7804972065229326086.pyx
  tree = Parsing.p_module(s, pxd, full_module_name)
WARNING:pystan:n_eff / iter for parameter dl_source[16] is 0.0005007511266900306!
WARNING:pystan:n_eff / iter for parameter dl_source[62] is 0.0005007511266900306!
WARNING:pystan:n_eff / iter for parameter dl_source[74] is 0.0005007511266900308!
WARNING:pystan:n_eff / iter for parameter dl_source[90] is 0.0005007511266900306!
WARNING:pystan:n_eff / iter for parameter dl_source[102] is 0.0005007511266900306!
WARNING:pystan:n_eff / iter for parameter dl_source[127] is 0.0005007511266900306!
WARNING:pystan:n_eff / iter for parameter dl_source[178] is 0.0005007511266900306!
WARNING:pystan:n_eff / iter for parameter dl_source[180] is 0.0005007511266900306!
WARNING:pystan:n_eff / iter for parameter dl_source[231] is 0.0005007511266900306!
WARNING:pystan:n_eff / iter for parameter dl_source[260] is 0.0005007511266900306!
WARNING:pystan:n_eff / iter for parameter dl_source[271] is 0.0005007511266900306!
WARNING:pystan:n_eff / iter for parameter dl_source[319] is 0.0005007511266900306!
WARNING:pystan:n_eff / iter for parameter dl_source[334] is 0.0005007511266900306!
WARNING:pystan:n_eff / iter for parameter dl_source[474] is 0.0005007511266900306!
WARNING:pystan:n_eff / iter for parameter dl_source[609] is 0.0005007511266900306!
WARNING:pystan:n_eff / iter for parameter dl_source[693] is 0.0005007511266900306!
WARNING:pystan:n_eff / iter for parameter dl_source[699] is 0.0005007511266900306!
WARNING:pystan:n_eff / iter for parameter dl_source[829] is 0.0005007511266900306!
WARNING:pystan:n_eff / iter for parameter dl_source[844] is 0.0005007511266900306!
WARNING:pystan:n_eff / iter for parameter dl_source[867] is 0.0005007511266900306!
WARNING:pystan:n_eff / iter below 0.001 indicates that the effective sample size has likely been overestimated
WARNING:pystan:108 of 4000 iterations ended with a divergence (2.7%).
WARNING:pystan:Try running with adapt_delta larger than 0.8 to remove the divergences.
/mnt/home/wfarr/anaconda3/lib/python3.6/site-packages/matplotlib/tight_layout.py:231: UserWarning: tight_layout : falling back to Agg renderer
  warnings.warn("tight_layout : falling back to Agg renderer")
