
Gradient evaluation took 0.87203 seconds
1000 transitions using 10 leapfrog steps per transition would take 8720.3 seconds.
Adjust your expectations accordingly!



Gradient evaluation took 1.03564 seconds
1000 transitions using 10 leapfrog steps per transition would take 10356.4 seconds.
Adjust your expectations accordingly!



Gradient evaluation took 1.06581 seconds
1000 transitions using 10 leapfrog steps per transition would take 10658.1 seconds.
Adjust your expectations accordingly!



Gradient evaluation took 1.04636 seconds
1000 transitions using 10 leapfrog steps per transition would take 10463.6 seconds.
Adjust your expectations accordingly!


Iteration:    1 / 2000 [  0%]  (Warmup)
Iteration:    1 / 2000 [  0%]  (Warmup)
Iteration:    1 / 2000 [  0%]  (Warmup)
Iteration:    1 / 2000 [  0%]  (Warmup)
Iteration:  200 / 2000 [ 10%]  (Warmup)
Iteration:  200 / 2000 [ 10%]  (Warmup)
Iteration:  200 / 2000 [ 10%]  (Warmup)
Iteration:  200 / 2000 [ 10%]  (Warmup)
Iteration:  400 / 2000 [ 20%]  (Warmup)
Iteration:  400 / 2000 [ 20%]  (Warmup)
Iteration:  400 / 2000 [ 20%]  (Warmup)
Iteration:  400 / 2000 [ 20%]  (Warmup)
Iteration:  600 / 2000 [ 30%]  (Warmup)
Iteration:  600 / 2000 [ 30%]  (Warmup)
Iteration:  600 / 2000 [ 30%]  (Warmup)
Iteration:  600 / 2000 [ 30%]  (Warmup)
Iteration:  800 / 2000 [ 40%]  (Warmup)
Iteration:  800 / 2000 [ 40%]  (Warmup)
Iteration:  800 / 2000 [ 40%]  (Warmup)
Iteration:  800 / 2000 [ 40%]  (Warmup)
Iteration: 1000 / 2000 [ 50%]  (Warmup)
Iteration: 1001 / 2000 [ 50%]  (Sampling)
Iteration: 1000 / 2000 [ 50%]  (Warmup)
Iteration: 1001 / 2000 [ 50%]  (Sampling)
Iteration: 1000 / 2000 [ 50%]  (Warmup)
Iteration: 1001 / 2000 [ 50%]  (Sampling)
Iteration: 1000 / 2000 [ 50%]  (Warmup)
Iteration: 1001 / 2000 [ 50%]  (Sampling)
Iteration: 1200 / 2000 [ 60%]  (Sampling)
Iteration: 1200 / 2000 [ 60%]  (Sampling)
Iteration: 1200 / 2000 [ 60%]  (Sampling)
Iteration: 1200 / 2000 [ 60%]  (Sampling)
Iteration: 1400 / 2000 [ 70%]  (Sampling)
Iteration: 1400 / 2000 [ 70%]  (Sampling)
Iteration: 1400 / 2000 [ 70%]  (Sampling)
Iteration: 1600 / 2000 [ 80%]  (Sampling)
Iteration: 1400 / 2000 [ 70%]  (Sampling)
Iteration: 1600 / 2000 [ 80%]  (Sampling)
Iteration: 1600 / 2000 [ 80%]  (Sampling)
Iteration: 1800 / 2000 [ 90%]  (Sampling)
Iteration: 1600 / 2000 [ 80%]  (Sampling)
Iteration: 1800 / 2000 [ 90%]  (Sampling)
