000 (195879.000.000) 06/18 06:50:01 Job submitted from host: <192.168.128.254:50455?addrs=192.168.128.254-50455>
...
001 (195879.000.000) 06/19 15:40:02 Job executing on host: <147.188.32.253:49121?addrs=147.188.32.253-49121>
...
006 (195879.000.000) 06/19 15:40:10 Image size of job updated: 4
	3  -  MemoryUsage of job (MB)
	2800  -  ResidentSetSize of job (KB)
...
006 (195879.000.000) 06/19 15:45:10 Image size of job updated: 44404096
	27182  -  MemoryUsage of job (MB)
	27833996  -  ResidentSetSize of job (KB)
...
006 (195879.000.000) 06/20 01:46:15 Image size of job updated: 44404096
	27185  -  MemoryUsage of job (MB)
	27836424  -  ResidentSetSize of job (KB)
...
006 (195879.000.000) 06/20 02:16:18 Image size of job updated: 44404096
	27186  -  MemoryUsage of job (MB)
	27838420  -  ResidentSetSize of job (KB)
...
006 (195879.000.000) 06/20 02:31:20 Image size of job updated: 44404096
	27188  -  MemoryUsage of job (MB)
	27840384  -  ResidentSetSize of job (KB)
...
005 (195879.000.000) 06/20 02:56:04 Job terminated.
	(1) Normal termination (return value 0)
		Usr 1 18:32:20, Sys 0 00:00:35  -  Run Remote Usage
		Usr 0 00:00:00, Sys 0 00:00:00  -  Run Local Usage
		Usr 1 18:32:20, Sys 0 00:00:35  -  Total Remote Usage
		Usr 0 00:00:00, Sys 0 00:00:00  -  Total Local Usage
	0  -  Run Bytes Sent By Job
	0  -  Run Bytes Received By Job
	0  -  Total Bytes Sent By Job
	0  -  Total Bytes Received By Job
	Partitionable Resources :    Usage  Request Allocated
	   Cpus                 :                 4         4
	   Disk (KB)            :        4        4   2770751
	   Memory (MB)          :    27188        1         1
...
