Rejecting initial value:
  Error evaluating the log probability at the initial value.
Exception: cannot estimate selection integral reliably  (in 'unknown file name' at line 187)

Rejecting initial value:
  Error evaluating the log probability at the initial value.
Exception: cannot estimate selection integral reliably  (in 'unknown file name' at line 187)


Gradient evaluation took 2.48009 seconds
1000 transitions using 10 leapfrog steps per transition would take 24800.9 seconds.
Adjust your expectations accordingly!



Gradient evaluation took 3.46851 seconds
1000 transitions using 10 leapfrog steps per transition would take 34685.1 seconds.
Adjust your expectations accordingly!



Gradient evaluation took 3.77939 seconds
1000 transitions using 10 leapfrog steps per transition would take 37793.9 seconds.
Adjust your expectations accordingly!



Gradient evaluation took 3.32504 seconds
1000 transitions using 10 leapfrog steps per transition would take 33250.4 seconds.
Adjust your expectations accordingly!


Iteration:    1 / 2000 [  0%]  (Warmup)
Iteration:    1 / 2000 [  0%]  (Warmup)
Iteration:    1 / 2000 [  0%]  (Warmup)
Iteration:    1 / 2000 [  0%]  (Warmup)
Iteration:  200 / 2000 [ 10%]  (Warmup)
Iteration:  200 / 2000 [ 10%]  (Warmup)
Iteration:  200 / 2000 [ 10%]  (Warmup)
Iteration:  200 / 2000 [ 10%]  (Warmup)
Iteration:  400 / 2000 [ 20%]  (Warmup)
Iteration:  400 / 2000 [ 20%]  (Warmup)
Iteration:  400 / 2000 [ 20%]  (Warmup)
Iteration:  400 / 2000 [ 20%]  (Warmup)
Iteration:  600 / 2000 [ 30%]  (Warmup)
Iteration:  600 / 2000 [ 30%]  (Warmup)
Iteration:  600 / 2000 [ 30%]  (Warmup)
Iteration:  600 / 2000 [ 30%]  (Warmup)
Iteration:  800 / 2000 [ 40%]  (Warmup)
Iteration:  800 / 2000 [ 40%]  (Warmup)
Iteration:  800 / 2000 [ 40%]  (Warmup)
Iteration:  800 / 2000 [ 40%]  (Warmup)
Iteration: 1000 / 2000 [ 50%]  (Warmup)
Iteration: 1001 / 2000 [ 50%]  (Sampling)
Iteration: 1000 / 2000 [ 50%]  (Warmup)
Iteration: 1001 / 2000 [ 50%]  (Sampling)
Iteration: 1000 / 2000 [ 50%]  (Warmup)
Iteration: 1001 / 2000 [ 50%]  (Sampling)
Iteration: 1000 / 2000 [ 50%]  (Warmup)
Iteration: 1001 / 2000 [ 50%]  (Sampling)
Iteration: 1200 / 2000 [ 60%]  (Sampling)
Iteration: 1200 / 2000 [ 60%]  (Sampling)
Iteration: 1200 / 2000 [ 60%]  (Sampling)
Iteration: 1200 / 2000 [ 60%]  (Sampling)
Iteration: 1400 / 2000 [ 70%]  (Sampling)
Iteration: 1400 / 2000 [ 70%]  (Sampling)
Iteration: 1400 / 2000 [ 70%]  (Sampling)
Iteration: 1400 / 2000 [ 70%]  (Sampling)
Iteration: 1600 / 2000 [ 80%]  (Sampling)
Iteration: 1600 / 2000 [ 80%]  (Sampling)
Iteration: 1600 / 2000 [ 80%]  (Sampling)
Iteration: 1800 / 2000 [ 90%]  (Sampling)
Iteration: 1600 / 2000 [ 80%]  (Sampling)
Iteration: 1800 / 2000 [ 90%]  (Sampling)
Iteration: 2000 / 2000 [100%]  (Sampling)

 Elapsed Time: 42714.4 seconds (Warm-up)
               35432.8 seconds (Sampling)
               78147.1 seconds (Total)

Iteration: 1800 / 2000 [ 90%]  (Sampling)
Iteration: 1800 / 2000 [ 90%]  (Sampling)
Iteration: 2000 / 2000 [100%]  (Sampling)

 Elapsed Time: 43899.6 seconds (Warm-up)
               39493.1 seconds (Sampling)
               83392.7 seconds (Total)

Iteration: 2000 / 2000 [100%]  (Sampling)

 Elapsed Time: 44757 seconds (Warm-up)
               41525.9 seconds (Sampling)
               86283 seconds (Total)

Iteration: 2000 / 2000 [100%]  (Sampling)

 Elapsed Time: 45592.2 seconds (Warm-up)
               41911.4 seconds (Sampling)
               87503.6 seconds (Total)

Inference for Stan model: anon_model_b1cd0136479701f07fe18a5cb7ad861b.
4 chains, each with iter=2000; warmup=1000; thin=1; 
post-warmup draws per chain=1000, total post-warmup draws=4000.

        mean se_mean     sd   2.5%    25%    50%    75%  97.5%  n_eff   Rhat
h       0.64  1.2e-3   0.05   0.55    0.6   0.63   0.67   0.74   1857    1.0
r100    6.66  9.7e-3   0.45   5.84   6.35   6.64   6.96    7.6   2186    1.0
MMin    5.86  5.7e-3   0.22   5.26   5.77   5.89   5.99   6.19   1492    1.0
MMax   40.55    0.02   0.79  39.01  40.03  40.53  41.07   42.1   1796    1.0
alpha    1.2  2.0e-3   0.09   1.03   1.14    1.2   1.26   1.37   2071    1.0
gamma   2.81  6.4e-3   0.29   2.25   2.62   2.81   3.01    3.4   2031    1.0
H0      63.7    0.12   4.98  54.54   60.3  63.46  66.98  73.87   1857    1.0
dH      4.74  8.6e-3   0.37   4.06   4.48   4.72   4.97    5.5   1854    1.0
R0    666.37    0.97  45.47 584.07 634.63 664.04 695.83 759.61   2186    1.0
lp__  4916.9    0.05   1.86 4912.5 4915.8 4917.2 4918.2 4919.5   1236    1.0

Samples were drawn using NUTS at Fri Jul 27 15:07:29 2018.
For each parameter, n_eff is a crude measure of effective sample size,
and Rhat is the potential scale reduction factor on split chains (at 
convergence, Rhat=1).
