
Gradient evaluation took 5.02084 seconds
1000 transitions using 10 leapfrog steps per transition would take 50208.4 seconds.
Adjust your expectations accordingly!



Gradient evaluation took 4.84765 seconds
1000 transitions using 10 leapfrog steps per transition would take 48476.5 seconds.
Adjust your expectations accordingly!



Gradient evaluation took 5.81674 seconds
1000 transitions using 10 leapfrog steps per transition would take 58167.4 seconds.
Adjust your expectations accordingly!



Gradient evaluation took 5.85149 seconds
1000 transitions using 10 leapfrog steps per transition would take 58514.9 seconds.
Adjust your expectations accordingly!


Iteration:    1 / 2000 [  0%]  (Warmup)
Iteration:    1 / 2000 [  0%]  (Warmup)
Iteration:    1 / 2000 [  0%]  (Warmup)
Iteration:    1 / 2000 [  0%]  (Warmup)
Iteration:  200 / 2000 [ 10%]  (Warmup)
Iteration:  200 / 2000 [ 10%]  (Warmup)
Iteration:  200 / 2000 [ 10%]  (Warmup)
Iteration:  200 / 2000 [ 10%]  (Warmup)
Iteration:  400 / 2000 [ 20%]  (Warmup)
Iteration:  400 / 2000 [ 20%]  (Warmup)
Iteration:  400 / 2000 [ 20%]  (Warmup)
Iteration:  400 / 2000 [ 20%]  (Warmup)
Iteration:  600 / 2000 [ 30%]  (Warmup)
Iteration:  600 / 2000 [ 30%]  (Warmup)
Iteration:  600 / 2000 [ 30%]  (Warmup)
Iteration:  600 / 2000 [ 30%]  (Warmup)
Iteration:  800 / 2000 [ 40%]  (Warmup)
Iteration:  800 / 2000 [ 40%]  (Warmup)
Iteration:  800 / 2000 [ 40%]  (Warmup)
Iteration:  800 / 2000 [ 40%]  (Warmup)
Iteration: 1000 / 2000 [ 50%]  (Warmup)
Iteration: 1001 / 2000 [ 50%]  (Sampling)
Iteration: 1000 / 2000 [ 50%]  (Warmup)
Iteration: 1001 / 2000 [ 50%]  (Sampling)
Iteration: 1000 / 2000 [ 50%]  (Warmup)
Iteration: 1000 / 2000 [ 50%]  (Warmup)
Iteration: 1001 / 2000 [ 50%]  (Sampling)
Iteration: 1001 / 2000 [ 50%]  (Sampling)
Iteration: 1200 / 2000 [ 60%]  (Sampling)
Iteration: 1200 / 2000 [ 60%]  (Sampling)
Iteration: 1200 / 2000 [ 60%]  (Sampling)
Iteration: 1200 / 2000 [ 60%]  (Sampling)
Iteration: 1400 / 2000 [ 70%]  (Sampling)
Iteration: 1400 / 2000 [ 70%]  (Sampling)
Iteration: 1400 / 2000 [ 70%]  (Sampling)
Iteration: 1400 / 2000 [ 70%]  (Sampling)
Iteration: 1600 / 2000 [ 80%]  (Sampling)
Iteration: 1600 / 2000 [ 80%]  (Sampling)
Iteration: 1600 / 2000 [ 80%]  (Sampling)
Iteration: 1600 / 2000 [ 80%]  (Sampling)
Iteration: 1800 / 2000 [ 90%]  (Sampling)
Iteration: 1800 / 2000 [ 90%]  (Sampling)
Iteration: 1800 / 2000 [ 90%]  (Sampling)
Iteration: 1800 / 2000 [ 90%]  (Sampling)
Iteration: 2000 / 2000 [100%]  (Sampling)

 Elapsed Time: 65302.2 seconds (Warm-up)
               60194.3 seconds (Sampling)
               125497 seconds (Total)

Iteration: 2000 / 2000 [100%]  (Sampling)

 Elapsed Time: 69575.2 seconds (Warm-up)
               56107.7 seconds (Sampling)
               125683 seconds (Total)

Iteration: 2000 / 2000 [100%]  (Sampling)

 Elapsed Time: 69639.9 seconds (Warm-up)
               59519.2 seconds (Sampling)
               129159 seconds (Total)

Iteration: 2000 / 2000 [100%]  (Sampling)

 Elapsed Time: 65825.3 seconds (Warm-up)
               65665.4 seconds (Sampling)
               131491 seconds (Total)

Inference for Stan model: anon_model_b1cd0136479701f07fe18a5cb7ad861b.
4 chains, each with iter=2000; warmup=1000; thin=1; 
post-warmup draws per chain=1000, total post-warmup draws=4000.

        mean se_mean     sd   2.5%    25%    50%    75%  97.5%  n_eff   Rhat
h       0.63  1.2e-3   0.05   0.54    0.6   0.63   0.66   0.73   1584    1.0
r100    6.61    0.01   0.46   5.74   6.29    6.6    6.9   7.52   1687    1.0
MMin    5.85  6.1e-3   0.24   5.23   5.74   5.89    6.0   6.23   1585    1.0
MMax   40.47    0.02   0.75  39.02  39.96  40.47  40.96   42.0   1671    1.0
alpha   1.19  1.9e-3   0.09   1.01   1.13   1.19   1.25   1.36   2067    1.0
gamma   2.84  7.2e-3   0.28   2.31   2.65   2.84   3.03   3.39   1532    1.0
H0     63.34    0.12   4.82  54.37  60.09  63.19  66.44  73.18   1584    1.0
dH      4.76  9.0e-3   0.36    4.1   4.51   4.74   4.99   5.51   1625    1.0
R0    661.06    1.11   45.7 574.17 629.43  659.8  690.5 752.45   1687    1.0
lp__  4922.4    0.06   1.89 4917.9 4921.3 4922.7 4923.8 4925.1   1181    1.0

Samples were drawn using NUTS at Sat Jul 28 03:21:28 2018.
For each parameter, n_eff is a crude measure of effective sample size,
and Rhat is the potential scale reduction factor on split chains (at 
convergence, Rhat=1).
