000 (198135.000.000) 07/29 05:35:16 Job submitted from host: <192.168.128.254:49111?addrs=192.168.128.254-49111>
...
001 (198135.000.000) 07/29 05:35:16 Job executing on host: <147.188.32.251:45214?addrs=147.188.32.251-45214>
...
006 (198135.000.000) 07/29 05:35:25 Image size of job updated: 5
	4  -  MemoryUsage of job (MB)
	3104  -  ResidentSetSize of job (KB)
...
006 (198135.000.000) 07/29 05:40:26 Image size of job updated: 29444764
	18688  -  MemoryUsage of job (MB)
	19136316  -  ResidentSetSize of job (KB)
...
006 (198135.000.000) 07/30 19:49:27 Image size of job updated: 29444764
	18692  -  MemoryUsage of job (MB)
	19139760  -  ResidentSetSize of job (KB)
...
006 (198135.000.000) 07/30 20:24:31 Image size of job updated: 29444764
	18695  -  MemoryUsage of job (MB)
	19143048  -  ResidentSetSize of job (KB)
...
006 (198135.000.000) 07/30 21:44:39 Image size of job updated: 29444764
	18698  -  MemoryUsage of job (MB)
	19146608  -  ResidentSetSize of job (KB)
...
005 (198135.000.000) 07/30 22:45:41 Job terminated.
	(1) Normal termination (return value 0)
		Usr 6 14:04:23, Sys 0 00:00:46  -  Run Remote Usage
		Usr 0 00:00:00, Sys 0 00:00:00  -  Run Local Usage
		Usr 6 14:04:23, Sys 0 00:00:46  -  Total Remote Usage
		Usr 0 00:00:00, Sys 0 00:00:00  -  Total Local Usage
	0  -  Run Bytes Sent By Job
	0  -  Run Bytes Received By Job
	0  -  Total Bytes Sent By Job
	0  -  Total Bytes Received By Job
	Partitionable Resources :    Usage  Request Allocated
	   Cpus                 :                 4         4
	   Disk (KB)            :        5        5   2680873
	   Memory (MB)          :    18698        1         1
...
