000 (198097.001.000) 07/26 14:46:41 Job submitted from host: <192.168.128.254:49111?addrs=192.168.128.254-49111>
...
001 (198097.001.000) 07/26 14:46:41 Job executing on host: <147.188.32.220:57140?addrs=147.188.32.220-57140>
...
006 (198097.001.000) 07/26 14:46:50 Image size of job updated: 5
	3  -  MemoryUsage of job (MB)
	3032  -  ResidentSetSize of job (KB)
...
006 (198097.001.000) 07/26 14:51:51 Image size of job updated: 29446116
	18686  -  MemoryUsage of job (MB)
	19134372  -  ResidentSetSize of job (KB)
...
006 (198097.001.000) 07/28 01:45:30 Image size of job updated: 29446116
	18694  -  MemoryUsage of job (MB)
	19141792  -  ResidentSetSize of job (KB)
...
006 (198097.001.000) 07/28 02:45:37 Image size of job updated: 29446116
	18697  -  MemoryUsage of job (MB)
	19145592  -  ResidentSetSize of job (KB)
...
005 (198097.001.000) 07/28 03:21:30 Job terminated.
	(1) Normal termination (return value 0)
		Usr 5 22:15:04, Sys 0 00:01:21  -  Run Remote Usage
		Usr 0 00:00:00, Sys 0 00:00:00  -  Run Local Usage
		Usr 5 22:15:04, Sys 0 00:01:21  -  Total Remote Usage
		Usr 0 00:00:00, Sys 0 00:00:00  -  Total Local Usage
	0  -  Run Bytes Sent By Job
	0  -  Run Bytes Received By Job
	0  -  Total Bytes Sent By Job
	0  -  Total Bytes Received By Job
	Partitionable Resources :    Usage  Request Allocated
	   Cpus                 :                 4         4
	   Disk (KB)            :        5        5   2680853
	   Memory (MB)          :    18697        1         1
...
