Re-trying (1 times) sampling due to ValueError.  Analysis on event 535.  Starting point was  {'mcdet': 79.77099984041222, 'eta': 0.21908773661196645, 'dl': 1.3769726423096642, 'theta': 0.6455727856248527, 'mcdet_interval__': 0.6462388300499025, 'eta_interval__': 1.9583192948177202, 'dl_interval__': -2.3582288455452205, 'theta_interval__': 0.5996349566699126}
Re-trying (1 times) sampling due to ValueError.  Analysis on event 494.  Starting point was  {'mcdet': 40.35421231397051, 'eta': 0.2314309125132354, 'dl': 1.3769726423096642, 'theta': 0.7178204412726228, 'mcdet_interval__': -0.7571434649495647, 'eta_interval__': 2.5227831598686246, 'dl_interval__': -2.3582288455452205, 'theta_interval__': 0.9336758545941304}
Re-trying (1 times) sampling due to ValueError.  Analysis on event 563.  Starting point was  {'mcdet': 72.09893192898802, 'eta': 0.20273714871590146, 'dl': 1.3769726423096642, 'theta': 0.6826244559611281, 'mcdet_interval__': 0.36640147166370607, 'eta_interval__': 1.4561857043009767, 'dl_interval__': -2.3582288455452205, 'theta_interval__': 0.7658591092849085}
Re-trying (2 times) sampling due to ValueError.  Analysis on event 494.  Starting point was  {'mcdet': 40.34741297181727, 'eta': 0.24, 'dl': 1.1016883474020427, 'theta': 0.6867871917929249, 'mcdet_interval__': -0.7574108710768486, 'eta_interval__': 3.1780538303479453, 'dl_interval__': -2.6000057111414208, 'theta_interval__': 0.7851416218027701}
Re-trying (1 times) sampling due to ValueError.  Analysis on event 490.  Starting point was  {'mcdet': 37.92110565245509, 'eta': 0.24, 'dl': 1.6805162504863622, 'theta': 0.8765892459744442, 'mcdet_interval__': -0.8545895179954877, 'eta_interval__': 3.1780538303479453, 'dl_interval__': -2.137943554548796, 'theta_interval__': 1.9605202646581465}
            mean        sd  mc_error    ...      hpd_97.5        n_eff      Rhat
mcdet  28.612050  0.405624  0.005983    ...     29.418831  4381.742997  1.000547
eta     0.233036  0.013804  0.000240    ...      0.250000  3467.289918  1.000857
m1det  42.456344  5.676037  0.114808    ...     52.385627  2611.546101  1.001465
m2det  26.229425  3.183563  0.069921    ...     32.204522  2191.017676  1.001427
dl      2.164082  0.506887  0.008828    ...      3.182835  3275.324063  1.000197
theta   0.518275  0.104153  0.001767    ...      0.728241  3293.148776  1.000137

[6 rows x 7 columns]
Re-trying (1 times) sampling due to ValueError.  Analysis on event 577.  Starting point was  {'mcdet': 56.290896079918646, 'eta': 0.24, 'dl': 0.7675283737471363, 'theta': 0.99, 'mcdet_interval__': -0.17856195972070132, 'eta_interval__': 3.1780538303479453, 'dl_interval__': -2.9837076477475786, 'theta_interval__': 4.59511985013459}
Re-trying (1 times) sampling due to ValueError.  Analysis on event 538.  Starting point was  {'mcdet': 38.361430550110434, 'eta': 0.21237364957204116, 'dl': 1.3769726423096642, 'theta': 0.510336390796731, 'mcdet_interval__': -0.836680121441324, 'eta_interval__': 1.7306426070784322, 'dl_interval__': -2.3582288455452205, 'theta_interval__': 0.04135145456468248}
Re-trying (1 times) sampling due to ValueError.  Analysis on event 552.  Starting point was  {'mcdet': 35.60891403689914, 'eta': 0.24, 'dl': 1.3126046860872682, 'theta': 0.7318627740357536, 'mcdet_interval__': -0.9508760917627983, 'eta_interval__': 3.1780538303479453, 'dl_interval__': -2.4105145695124057, 'theta_interval__': 1.0040941425782999}
Re-trying (1 times) sampling due to ValueError.  Analysis on event 563.  Starting point was  {'mcdet': 72.09074374688666, 'eta': 0.23772548934651572, 'dl': 0.8772770737325892, 'theta': 0.5879750919456478, 'mcdet_interval__': 0.3661120404014353, 'eta_interval__': 2.963591794290309, 'dl_interval__': -2.8427979358718316, 'theta_interval__': 0.3556007824000246}
Re-trying (1 times) sampling due to ValueError.  Analysis on event 532.  Starting point was  {'mcdet': 11.46790879669875, 'eta': 0.22804847503662942, 'dl': 1.5521636221514434, 'theta': 0.36062918462348353, 'mcdet_interval__': -2.550762317840476, 'eta_interval__': 2.3407216046447727, 'dl_interval__': -2.2263590612139827, 'theta_interval__': -0.5726343508151497}
Re-trying (1 times) sampling due to ValueError.  Analysis on event 311.  Starting point was  {'mcdet': 56.60452354999661, 'eta': 0.24, 'dl': 1.3529372062243543, 'theta': 0.9677068297598025, 'mcdet_interval__': -0.16775905042343942, 'eta_interval__': 3.1780538303479453, 'dl_interval__': -2.377487951301692, 'theta_interval__': 3.4000734193877924}
Re-trying (2 times) sampling due to ValueError.  Analysis on event 490.  Starting point was  {'mcdet': 37.93716012119115, 'eta': 0.24, 'dl': 1.5204877174250264, 'theta': 0.5749811515815583, 'mcdet_interval__': -0.8539342710880602, 'eta_interval__': 3.1780538303479453, 'dl_interval__': -2.249177731577746, 'theta_interval__': 0.3022037432410375}
Re-trying (1 times) sampling due to ValueError.  Analysis on event 544.  Starting point was  {'mcdet': 39.862507678994334, 'eta': 0.22774447956645155, 'dl': 0.8267747366398845, 'theta': 0.6609425557777587, 'mcdet_interval__': -0.7765488310347353, 'eta_interval__': 2.325634209629424, 'dl_interval__': -2.9054369294395097, 'theta_interval__': 0.6674973860410449}
Re-trying (2 times) sampling due to ValueError.  Analysis on event 311.  Starting point was  {'mcdet': 56.60993816294029, 'eta': 0.238574520506128, 'dl': 0.9015338775907937, 'theta': 0.8299389250228746, 'mcdet_interval__': -0.16757263141991663, 'eta_interval__': 3.038835811748172, 'dl_interval__': -2.813910929678391, 'theta_interval__': 1.5851944766718715}
             mean         sd    ...           n_eff      Rhat
mcdet   79.792587   1.208297    ...     2399.562843  1.000108
eta      0.243841   0.007144    ...     3494.605800  0.999927
m1det  105.367461  10.198508    ...     2602.251863  1.000099
m2det   80.791440   6.991388    ...     2184.741094  0.999947
dl       6.122390   1.374017    ...     1619.356292  1.000243
theta    0.601170   0.110593    ...     1522.848964  1.000021

[6 rows x 7 columns]
            mean        sd  mc_error    ...      hpd_97.5        n_eff      Rhat
mcdet  24.208186  0.363353  0.005449    ...     24.916218  4268.274637  1.000081
eta     0.236541  0.012345  0.000200    ...      0.250000  3614.204287  1.000203
m1det  34.690883  4.487116  0.082050    ...     42.752993  2718.858750  1.000332
m2det  22.881639  2.663803  0.055530    ...     27.789613  2111.141575  1.000665
dl      2.048051  0.478900  0.008040    ...      3.038694  3033.603086  1.000399
theta   0.524888  0.104723  0.001728    ...      0.725388  3088.990084  1.000282

[6 rows x 7 columns]
            mean        sd  mc_error    ...      hpd_97.5        n_eff      Rhat
mcdet  24.109959  0.353275  0.006818    ...     24.824575  2395.892828  1.000939
eta     0.237995  0.011168  0.000236    ...      0.250000  2100.772978  1.000779
m1det  34.079892  4.152616  0.103196    ...     41.861618  1571.498416  1.000621
m2det  23.033785  2.517827  0.070368    ...     27.547997  1275.783964  1.001160
dl      1.876271  0.442912  0.010870    ...      2.730740  1460.058396  1.000151
theta   0.491363  0.101449  0.002523    ...      0.689910  1457.956148  1.000070

[6 rows x 7 columns]
Re-trying (1 times) sampling due to ValueError.  Analysis on event 590.  Starting point was  {'mcdet': 49.28559199636157, 'eta': 0.20135796827277733, 'dl': 1.4215302677078459, 'theta': 0.7368603694966535, 'mcdet_interval__': -0.42381861817665456, 'eta_interval__': 1.4205962532589624, 'dl_interval__': -2.323316787270451, 'theta_interval__': 1.0297136105438494}
Re-trying (1 times) sampling due to ValueError.  Analysis on event 572.  Starting point was  {'mcdet': 43.93829800811556, 'eta': 0.22171897648117236, 'dl': 0.9573048375759197, 'theta': 0.6096563906677441, 'mcdet_interval__': -0.6194788726802951, 'eta_interval__': 2.059219675579377, 'dl_interval__': -2.750169894920985, 'theta_interval__': 0.44586810367316404}
Re-trying (3 times) sampling due to ValueError.  Analysis on event 311.  Starting point was  {'mcdet': 56.59386989407838, 'eta': 0.24, 'dl': 1.7128275750009436, 'theta': 0.7714030648838066, 'mcdet_interval__': -0.1681258522484268, 'eta_interval__': 3.1780538303479453, 'dl_interval__': -2.1166296529344346, 'theta_interval__': 1.216250674830837}
Re-trying (2 times) sampling due to ValueError.  Analysis on event 544.  Starting point was  {'mcdet': 39.81755600408204, 'eta': 0.2333136128244349, 'dl': 1.1960055164782948, 'theta': 0.5371155336097734, 'mcdet_interval__': -0.7783297913719975, 'eta_interval__': 2.6377902785084784, 'dl_interval__': -2.5114833707574182, 'theta_interval__': 0.1487357274418285}
             mean         sd    ...           n_eff      Rhat
mcdet   79.379638   1.362935    ...     4610.190975  0.999786
eta      0.230369   0.015722    ...     3181.742092  1.000193
m1det  120.491201  17.328316    ...     2554.953622  1.000157
m2det   71.494689   9.417501    ...     2043.951982  1.000198
dl       6.437469   1.652956    ...     2332.449675  1.001345
theta    0.588893   0.119437    ...     2456.815022  1.002314

[6 rows x 7 columns]
Re-trying (1 times) sampling due to ValueError.  Analysis on event 597.  Starting point was  {'mcdet': 32.36812957830005, 'eta': 0.23851679391977448, 'dl': 1.400857243143908, 'theta': 0.746902210775322, 'mcdet_interval__': -1.0932346909636896, 'eta_interval__': 3.0335540954250506, 'dl_interval__': -2.339389792921084, 'theta_interval__': 1.0821583345704306}
            mean        sd  mc_error    ...      hpd_97.5        n_eff      Rhat
mcdet  25.431904  0.418000  0.008671    ...     26.233006  2319.641501  1.000165
eta     0.241527  0.009774  0.000192    ...      0.250000  2785.733094  1.000326
m1det  34.452876  4.079208  0.094879    ...     42.374058  2036.050525  1.000192
m2det  25.245617  2.600907  0.066203    ...     29.606302  1727.369656  1.000336
dl      1.781570  0.558355  0.016421    ...      2.850925  1248.436636  1.000574
theta   0.393876  0.110300  0.003196    ...      0.598980  1249.638727  1.000214

[6 rows x 7 columns]
Re-trying (1 times) sampling due to ValueError.  Analysis on event 600.  Starting point was  {'mcdet': 38.44279306557002, 'eta': 0.21928362963889794, 'dl': 1.0235484614045083, 'theta': 0.23925983731066933, 'mcdet_interval__': -0.83338476585141, 'eta_interval__': 1.965570255397022, 'dl_interval__': -2.6788282758665583, 'theta_interval__': -1.1567417108508233}
            mean        sd  mc_error    ...      hpd_97.5        n_eff      Rhat
mcdet  31.097434  0.508836  0.007872    ...     32.102407  4340.932433  1.000032
eta     0.223392  0.016773  0.000317    ...      0.250000  2878.821605  1.000855
m1det  50.158217  6.876512  0.142203    ...     61.886361  2280.908753  1.001017
m2det  26.489172  3.408901  0.079836    ...     34.244042  1724.485206  1.001266
dl      1.778836  0.632296  0.011706    ...      3.002250  2438.759720  1.000208
theta   0.350541  0.113610  0.002201    ...      0.569452  2415.879045  1.000202

[6 rows x 7 columns]
            mean        sd  mc_error    ...      hpd_97.5        n_eff      Rhat
mcdet  18.709422  0.213809  0.003158    ...     19.117632  4480.602637  1.000364
eta     0.228496  0.012676  0.000216    ...      0.250000  2609.257975  0.999903
m1det  29.045171  3.261393  0.063359    ...     34.191368  2026.021294  0.999903
m2det  16.389624  1.755695  0.038763    ...     20.262167  1581.830849  1.000162
dl      1.501407  0.255512  0.004877    ...      2.011795  2978.874092  1.000803
theta   0.616164  0.089580  0.001700    ...      0.785265  2810.587650  1.000789

[6 rows x 7 columns]
Re-trying (1 times) sampling due to ValueError.  Analysis on event 593.  Starting point was  {'mcdet': 60.42483396310713, 'eta': 0.24, 'dl': 1.9214792942602616, 'theta': 0.99, 'mcdet_interval__': -0.03676195280238925, 'eta_interval__': 3.1780538303479453, 'dl_interval__': -1.9868998967336555, 'theta_interval__': 4.59511985013459}
            mean        sd  mc_error    ...      hpd_97.5        n_eff      Rhat
mcdet  23.683211  0.392315  0.008001    ...     24.492024  2386.058021  1.000410
eta     0.242122  0.009326  0.000176    ...      0.250000  2875.945955  1.000561
m1det  31.848238  3.701155  0.083847    ...     39.171886  2120.058027  1.000697
m2det  23.659496  2.379941  0.058957    ...     27.487269  1792.230017  1.000275
dl      2.944759  0.667064  0.017144    ...      4.308159  1667.011257  0.999614
theta   0.670238  0.118748  0.002746    ...      0.902595  1774.781365  0.999659

[6 rows x 7 columns]
Re-trying (1 times) sampling due to ValueError.  Analysis on event 595.  Starting point was  {'mcdet': 36.96511744299972, 'eta': 0.24, 'dl': 1.3454420461561356, 'theta': 0.5541269800242382, 'mcdet_interval__': -0.893926750875615, 'eta_interval__': 3.1780538303479453, 'dl_interval__': -2.3835571508092133, 'theta_interval__': 0.2173596633952093}
Re-trying (3 times) sampling due to ValueError.  Analysis on event 490.  Starting point was  {'mcdet': 37.93618484083344, 'eta': 0.21371512297370607, 'dl': 1.798780197763569, 'theta': 0.5852570169661517, 'mcdet_interval__': -0.8539740712352262, 'eta_interval__': 1.7732428835106517, 'dl_interval__': -2.0616043779765434, 'theta_interval__': 0.34439208560591295}
            mean        sd  mc_error    ...      hpd_97.5        n_eff      Rhat
mcdet  40.355579  0.330462  0.006681    ...     40.994309  2020.779734  1.001470
eta     0.245978  0.004562  0.000078    ...      0.250000  2977.896211  1.000582
m1det  51.799226  3.910430  0.077039    ...     59.258518  2189.575631  1.000461
m2det  41.836099  2.888595  0.059633    ...     46.611732  1876.754868  1.000077
dl      2.185425  0.258392  0.007051    ...      2.708950  1496.763902  1.001984
theta   0.701998  0.069616  0.001867    ...      0.839588  1571.284810  1.001231

[6 rows x 7 columns]
Re-trying (1 times) sampling due to ValueError.  Analysis on event 584.  Starting point was  {'mcdet': 29.069580289612983, 'eta': 0.23518876240838904, 'dl': 1.0800133247165487, 'theta': 0.4973524050601478, 'mcdet_interval__': -1.2493254670267433, 'eta_interval__': 2.7650022466265143, 'dl_interval__': -2.621336407550497, 'theta_interval__': -0.01059047874242014}
Re-trying (4 times) sampling due to ValueError.  Analysis on event 311.  Starting point was  {'mcdet': 56.60327832337905, 'eta': 0.24, 'dl': 1.232292178509054, 'theta': 0.7460775392533446, 'mcdet_interval__': -0.16780192257959747, 'eta_interval__': 3.1780538303479453, 'dl_interval__': -2.4791295943875924, 'theta_interval__': 1.077800587057867}
            mean        sd  mc_error    ...      hpd_97.5        n_eff      Rhat
mcdet  35.633034  0.284016  0.004893    ...     36.202846  3451.376483  1.000134
eta     0.238104  0.008166  0.000164    ...      0.250000  2563.001168  1.000321
m1det  50.693130  4.673902  0.106269    ...     58.427093  1957.926224  1.000607
m2det  33.648393  2.974441  0.074210    ...     40.064983  1685.896280  1.000925
dl      1.939903  0.222031  0.004186    ...      2.349881  2404.613616  1.000071
theta   0.704549  0.066645  0.001265    ...      0.827955  2465.482849  1.000023

[6 rows x 7 columns]
            mean        sd  mc_error    ...      hpd_97.5        n_eff      Rhat
mcdet  27.764140  0.416176  0.009001    ...     28.591859  2037.359426  1.000482
eta     0.231573  0.014413  0.000314    ...      0.250000  1880.108007  1.004095
m1det  41.771290  5.601514  0.134780    ...     51.690001  1442.882113  1.004593
m2det  25.141783  3.100279  0.086901    ...     31.831949  1098.370468  1.005772
dl      3.474959  0.674853  0.019474    ...      4.819305  1373.047363  1.001419
theta   0.776164  0.108944  0.003351    ...      0.994587  1091.098278  1.000750

[6 rows x 7 columns]
Re-trying (1 times) sampling due to ValueError.  Analysis on event 604.  Starting point was  {'mcdet': 62.90886159981781, 'eta': 0.24, 'dl': 1.7468467750385765, 'theta': 0.5777802815836632, 'mcdet_interval__': 0.04817552385070556, 'eta_interval__': 3.1780538303479453, 'dl_interval__': -2.0945679772202817, 'theta_interval__': 0.31366782243999203}
            mean        sd  mc_error    ...      hpd_97.5        n_eff      Rhat
mcdet  30.865275  0.404717  0.008289    ...     31.634048  2658.119083  1.000929
eta     0.240429  0.009484  0.000165    ...      0.250000  2482.295770  0.999917
m1det  42.511522  4.759793  0.097570    ...     51.304783  1885.133514  1.000061
m2det  30.135941  3.009855  0.066824    ...     35.541384  1500.003475  1.000205
dl      2.082894  0.495697  0.011551    ...      3.033203  1790.899989  1.002344
theta   0.479268  0.098896  0.002237    ...      0.671749  1722.220817  1.002272

[6 rows x 7 columns]
            mean        sd  mc_error    ...      hpd_97.5        n_eff      Rhat
mcdet  46.758845  0.615344  0.012131    ...     47.961218  2390.386871  0.999950
eta     0.242148  0.008221  0.000161    ...      0.250000  2290.095325  1.000182
m1det  63.124820  6.589896  0.148256    ...     75.518297  1630.541913  1.000249
m2det  46.439739  4.308792  0.115128    ...     54.011656  1300.023911  1.000853
dl      1.857391  0.586866  0.015249    ...      3.044602  1358.061049  1.001730
theta   0.327657  0.097243  0.002491    ...      0.519525  1380.307182  1.001783

[6 rows x 7 columns]
            mean        sd  mc_error    ...      hpd_97.5        n_eff      Rhat
mcdet  33.537648  0.514732  0.009704    ...     34.478121  2318.173097  1.000734
eta     0.243599  0.007574  0.000141    ...      0.250000  3260.078822  1.000253
m1det  44.382510  4.463101  0.096678    ...     53.424112  2319.860636  1.000928
m2det  33.912745  3.040104  0.071636    ...     38.863963  1813.789198  1.000442
dl      2.319814  0.655928  0.013891    ...      3.617769  1704.729780  1.000768
theta   0.441959  0.109387  0.002436    ...      0.660312  1585.927728  1.000861

[6 rows x 7 columns]
Re-trying (1 times) sampling due to ValueError.  Analysis on event 603.  Starting point was  {'mcdet': 86.34898574924173, 'eta': 0.2259900214967803, 'dl': 1.6922615808148092, 'theta': 0.8000440673958834, 'mcdet_interval__': 0.9069932437293575, 'eta_interval__': 2.24202133072178, 'dl_interval__': -2.130154408597729, 'theta_interval__': 1.3865698051048392}
            mean        sd  mc_error    ...      hpd_97.5        n_eff      Rhat
mcdet  40.295441  0.447200  0.009970    ...     41.166354  2180.699316  0.999837
eta     0.243961  0.006512  0.000128    ...      0.250000  2735.740751  1.000997
m1det  53.215271  4.835555  0.113699    ...     62.549756  1975.509335  1.001597
m2det  40.760488  3.360689  0.080636    ...     46.480645  1746.591836  1.001394
dl      3.617234  0.454453  0.010096    ...      4.533644  1659.162849  0.999952
theta   0.865571  0.079163  0.001838    ...      0.999983  1594.704990  1.000668

[6 rows x 7 columns]
Re-trying (1 times) sampling due to ValueError.  Analysis on event 580.  Starting point was  {'mcdet': 22.11706882843653, 'eta': 0.22474329285648223, 'dl': 1.127130382035073, 'theta': 0.20566689255532994, 'mcdet_interval__': -1.6331905927903407, 'eta_interval__': 2.1858670803267812, 'dl_interval__': -2.57545794476333, 'theta_interval__': -1.3512450704946313}
            mean        sd  mc_error    ...      hpd_97.5        n_eff      Rhat
mcdet  25.678646  0.256758  0.004882    ...     26.195236  2844.862700  1.000216
eta     0.245659  0.004960  0.000098    ...      0.250000  3021.679026  1.000145
m1det  33.127443  2.597128  0.063066    ...     38.134649  2037.641362  1.000279
m2det  26.502016  1.880830  0.047827    ...     29.633795  1766.502065  1.000332
dl      1.868603  0.269940  0.006234    ...      2.376338  1731.077722  1.004572
theta   0.675714  0.081381  0.001951    ...      0.834557  1681.725842  1.003415

[6 rows x 7 columns]
            mean        sd  mc_error    ...      hpd_97.5        n_eff      Rhat
mcdet  33.182714  0.456084  0.009504    ...     34.142017  2352.448785  1.001813
eta     0.240550  0.009658  0.000205    ...      0.250000  2249.716064  0.999963
m1det  45.610611  5.201927  0.123199    ...     55.323654  1794.432053  1.000030
m2det  32.470713  3.269773  0.084481    ...     37.941696  1523.067868  0.999967
dl      2.114493  0.519279  0.012307    ...      3.173294  1694.073480  1.001205
theta   0.459789  0.100978  0.002390    ...      0.661096  1734.167538  1.000688

[6 rows x 7 columns]
            mean        sd  mc_error    ...      hpd_97.5        n_eff      Rhat
mcdet  12.344621  0.129206  0.001847    ...     12.608685  4887.018447  0.999929
eta     0.233958  0.010856  0.000227    ...      0.250000  2331.921719  1.000353
m1det  18.258110  1.969446  0.047248    ...     21.502265  1765.464394  1.000378
m2det  11.284901  1.151108  0.030556    ...     13.692672  1442.665231  1.000244
dl      0.929803  0.154474  0.002229    ...      1.231484  3722.925183  1.000919
theta   0.568907  0.082113  0.001200    ...      0.719330  3748.323508  1.001675

[6 rows x 7 columns]
Re-trying (1 times) sampling due to ValueError.  Analysis on event 589.  Starting point was  {'mcdet': 51.766487918964444, 'eta': 0.24, 'dl': 0.831367649200079, 'theta': 0.7540888574612077, 'mcdet_interval__': -0.33589246966453956, 'eta_interval__': 3.1780538303479453, 'dl_interval__': -2.899593031625796, 'theta_interval__': 1.1205399476674947}
Re-trying (3 times) sampling due to ValueError.  Analysis on event 544.  Starting point was  {'mcdet': 39.82468102016092, 'eta': 0.24, 'dl': 1.8175650590299295, 'theta': 0.49049984971225635, 'mcdet_interval__': -0.7780474238509156, 'eta_interval__': 3.1780538303479453, 'dl_interval__': -2.0498856536128693, 'theta_interval__': -0.03800517502543366}
Re-trying (4 times) sampling due to ValueError.  Analysis on event 490.  Starting point was  {'mcdet': 37.92844242290303, 'eta': 0.2109438747657667, 'dl': 1.4805013256534918, 'theta': 0.6993292922239234, 'mcdet_interval__': -0.8542900536639215, 'eta_interval__': 1.686592381546581, 'dl_interval__': -2.2785983879094878, 'theta_interval__': 0.8441060499535249}
Re-trying (2 times) sampling due to ValueError.  Analysis on event 604.  Starting point was  {'mcdet': 62.91082046579484, 'eta': 0.24, 'dl': 1.6585132195405738, 'theta': 0.9645221334794423, 'mcdet_interval__': 0.04824253254652966, 'eta_interval__': 3.1780538303479453, 'dl_interval__': -2.1526654805948313, 'theta_interval__': 3.302723756477028}
            mean        sd  mc_error    ...      hpd_97.5        n_eff      Rhat
mcdet  33.308724  0.548718  0.009556    ...     34.396674  3659.294867  1.000072
eta     0.241847  0.009302  0.000146    ...      0.250000  4663.320205  0.999921
m1det  45.020578  5.109345  0.091322    ...     55.161906  3496.662471  0.999853
m2det  33.099470  3.285336  0.062958    ...     38.491087  3018.342379  0.999850
dl      1.296514  0.577859  0.010107    ...      2.389648  2802.747078  1.000387
theta   0.236413  0.100169  0.001802    ...      0.426954  2721.041956  1.000352

[6 rows x 7 columns]
Re-trying (1 times) sampling due to ValueError.  Analysis on event 606.  Starting point was  {'mcdet': 41.050270743912456, 'eta': 0.23439262450986056, 'dl': 1.711110859215084, 'theta': 0.1826018481179355, 'mcdet_interval__': -0.7299031116274795, 'eta_interval__': 2.709254001450202, 'dl_interval__': -2.117753128569312, 'theta_interval__': -1.4988182209188818}
Re-trying (1 times) sampling due to ValueError.  Analysis on event 538.  Starting point was  {'mcdet': 38.322612324282694, 'eta': 0.23933245098584094, 'dl': 1.2843676082869504, 'theta': 0.6230650093145855, 'mcdet_interval__': -0.8382538563054127, 'eta_interval__': 3.1106472628967197, 'dl_interval__': -2.4341908517693174, 'theta_interval__': 0.502578128084497}
Re-trying (2 times) sampling due to ValueError.  Analysis on event 584.  Starting point was  {'mcdet': 29.06159306008033, 'eta': 0.2372065625234249, 'dl': 1.0708395925138108, 'theta': 0.5003663017742598, 'mcdet_interval__': -1.2497197302390224, 'eta_interval__': 2.919998991056869, 'dl_interval__': -2.630484157326158, 'theta_interval__': 0.0014652073591686632}
            mean        sd  mc_error    ...      hpd_97.5        n_eff      Rhat
mcdet  21.379763  0.198840  0.003442    ...     21.770999  3170.212062  0.999947
eta     0.216195  0.009564  0.000191    ...      0.233614  2340.259441  1.000009
m1det  36.614167  2.443911  0.050740    ...     41.450744  2247.889244  0.999911
m2det  17.027933  1.008444  0.021579    ...     19.038239  1971.502791  1.000145
dl      0.871116  0.171652  0.004520    ...      1.196993  1266.922969  1.002087
theta   0.419279  0.076352  0.002022    ...      0.566122  1259.066989  1.002845

[6 rows x 7 columns]
            mean        sd  mc_error    ...      hpd_97.5        n_eff      Rhat
mcdet  45.180968  0.623263  0.011321    ...     46.331765  2277.365358  1.000091
eta     0.244135  0.006954  0.000118    ...      0.250000  2921.624819  0.999558
m1det  59.402679  5.718426  0.107648    ...     70.590109  2322.799077  0.999591
m2det  45.928356  3.908912  0.080125    ...     52.489803  1879.621736  0.999554
dl      2.406695  0.647962  0.015888    ...      3.711271  1539.528108  0.999799
theta   0.408938  0.100122  0.002501    ...      0.608433  1457.041323  1.000422

[6 rows x 7 columns]
Re-trying (1 times) sampling due to ValueError.  Analysis on event 596.  Starting point was  {'mcdet': 38.06482178234541, 'eta': 0.22404204210073914, 'dl': 1.1139900579852025, 'theta': 0.7689306577813396, 'mcdet_interval__': -0.848730025624139, 'eta_interval__': 2.1553554968084927, 'dl_interval__': -2.588071663101464, 'theta_interval__': 1.202282945263346}
Re-trying (1 times) sampling due to ValueError.  Analysis on event 532.  Starting point was  {'mcdet': 11.46559772775213, 'eta': 0.2202002259297898, 'dl': 1.3305411983670108, 'theta': 0.4137670114654979, 'mcdet_interval__': -2.5510565695994014, 'eta_interval__': 2.000036438362849, 'dl_interval__': -2.395714835289334, 'theta_interval__': -0.3484142607437921}
Re-trying (2 times) sampling due to ValueError.  Analysis on event 589.  Starting point was  {'mcdet': 51.78531752246792, 'eta': 0.20633493376723752, 'dl': 1.0849433399824173, 'theta': 0.6310250801587544, 'mcdet_interval__': -0.335230430125832, 'eta_interval__': 1.5529523578287219, 'dl_interval__': -2.6164500821246315, 'theta_interval__': 0.536616934616457}
             mean         sd    ...           n_eff      Rhat
mcdet   86.422578   1.389534    ...     2101.790258  1.001649
eta      0.239003   0.011109    ...     3086.654501  0.999583
m1det  120.751156  14.925109    ...     2558.308887  0.999514
m2det   83.455950   9.011375    ...     2056.945107  0.999584
dl       8.021943   1.764936    ...     1021.559646  1.002337
theta    0.703431   0.116881    ...     1165.332312  1.001215

[6 rows x 7 columns]
Re-trying (1 times) sampling due to ValueError.  Analysis on event 620.  Starting point was  {'mcdet': 40.95785518541734, 'eta': 0.22257583686297155, 'dl': 1.255998981654224, 'theta': 0.7511220341332453, 'mcdet_interval__': -0.7335047187028096, 'eta_interval__': 2.093843392273887, 'dl_interval__': -2.458460577844929, 'theta_interval__': 1.1046054546728454}
Re-trying (1 times) sampling due to ValueError.  Analysis on event 559.  Starting point was  {'mcdet': 32.26488117977712, 'eta': 0.2206247550235415, 'dl': 1.3769726423096642, 'theta': 0.31695817105712937, 'mcdet_interval__': -1.0979340592830744, 'eta_interval__': 2.0163110052583946, 'dl_interval__': -2.3582288455452205, 'theta_interval__': -0.7677862879876454}
            mean        sd  mc_error    ...      hpd_97.5        n_eff      Rhat
mcdet  38.480760  0.615171  0.012729    ...     39.779437  2232.911543  1.000304
eta     0.237631  0.011793  0.000260    ...      0.250000  2049.061232  0.999749
m1det  54.542371  6.925807  0.175591    ...     67.380526  1517.031403  1.000071
m2det  36.710624  4.143993  0.113156    ...     44.116814  1230.161998  1.000409
dl      2.468205  0.651256  0.018008    ...      3.819705  1368.472501  1.002496
theta   0.438993  0.102352  0.002642    ...      0.630652  1411.989490  1.002642

[6 rows x 7 columns]
            mean         sd    ...           n_eff      Rhat
mcdet  72.563698   0.919668    ...     1891.270382  1.001918
eta     0.241446   0.008854    ...     2097.600623  1.002853
m1det  98.746718  10.610651    ...     1495.636176  1.004062
m2det  71.593080   6.966656    ...     1283.175297  1.004791
dl      3.631334   0.856504    ...     1420.827873  1.001599
theta   0.464295   0.096945    ...     1402.762494  1.001258

[6 rows x 7 columns]
Re-trying (1 times) sampling due to ValueError.  Analysis on event 623.  Starting point was  {'mcdet': 47.25159570842149, 'eta': 0.2388237403944067, 'dl': 1.8014989154235106, 'theta': 0.2807709189354814, 'mcdet_interval__': -0.49711553966365374, 'eta_interval__': 3.0619339414322226, 'dl_interval__': -2.0599017495466865, 'theta_interval__': -0.9406408158915744}
Re-trying (1 times) sampling due to ValueError.  Analysis on event 542.  Starting point was  {'mcdet': 43.14550944816748, 'eta': 0.23864473016445356, 'dl': 1.848732188794834, 'theta': 0.5299481447541019, 'mcdet_interval__': -0.6494033112040238, 'eta_interval__': 3.0452940224859475, 'dl_interval__': -2.0306730729160423, 'theta_interval__': 0.11993614274432918}
Re-trying (2 times) sampling due to ValueError.  Analysis on event 580.  Starting point was  {'mcdet': 22.134592620961836, 'eta': 0.23330773280726486, 'dl': 1.319263174221145, 'theta': 0.24769871034767538, 'mcdet_interval__': -1.6320953116908834, 'eta_interval__': 2.637412753981396, 'dl_interval__': -2.404999185244703, 'theta_interval__': -1.1109237648714392}
             mean         sd    ...           n_eff      Rhat
mcdet   72.118366   1.208534    ...     4798.265294  0.999873
eta      0.238060   0.012011    ...     4651.647301  1.000225
m1det  101.666873  13.168322    ...     3800.575766  1.000358
m2det   69.176990   7.871979    ...     3122.753628  1.000382
dl       6.368646   1.529727    ...     2792.917974  0.999910
theta    0.614882   0.117581    ...     3087.231669  0.999964

[6 rows x 7 columns]
            mean        sd  mc_error    ...      hpd_97.5        n_eff      Rhat
mcdet  21.359326  0.293619  0.004160    ...     21.928909  4326.261522  0.999974
eta     0.225892  0.014516  0.000250    ...      0.250000  3179.778999  0.999812
m1det  33.838178  4.147402  0.080251    ...     40.798946  2588.298140  0.999864
m2det  18.417288  2.126238  0.047394    ...     23.078946  2025.272399  1.000048
dl      2.161969  0.396698  0.006116    ...      2.948011  3296.173030  1.000181
theta   0.679514  0.100601  0.001568    ...      0.882058  3408.171573  1.000121

[6 rows x 7 columns]
            mean        sd  mc_error    ...      hpd_97.5        n_eff      Rhat
mcdet  40.755350  0.457139  0.009644    ...     41.656165  2090.302560  0.999677
eta     0.243487  0.006875  0.000116    ...      0.250000  2960.821764  1.000251
m1det  54.181896  5.044704  0.100269    ...     63.868586  2174.449056  1.000336
m2det  40.981917  3.441845  0.071495    ...     47.112496  1894.521223  1.000486
dl      2.227051  0.412737  0.011121    ...      3.066005  1308.919959  1.000315
theta   0.511561  0.083396  0.002168    ...      0.684730  1330.198533  1.000286

[6 rows x 7 columns]
Re-trying (1 times) sampling due to ValueError.  Analysis on event 625.  Starting point was  {'mcdet': 43.79538306550054, 'eta': 0.2333893776535459, 'dl': 1.4100698277898938, 'theta': 0.6579353795511398, 'mcdet_interval__': -0.6248531357009917, 'eta_interval__': 2.642665816375733, 'dl_interval__': -2.3322008564136456, 'theta_interval__': 0.6541070512386401}
Re-trying (4 times) sampling due to ValueError.  Analysis on event 544.  Starting point was  {'mcdet': 39.843241652484664, 'eta': 0.21761505329346503, 'dl': 1.951131825058936, 'theta': 0.7089544447927035, 'mcdet_interval__': -0.7773119964879132, 'eta_interval__': 1.9050339843157669, 'dl_interval__': -1.9694673302824515, 'theta_interval__': 0.8903114696838019}
            mean        sd  mc_error    ...      hpd_97.5        n_eff      Rhat
mcdet  29.383341  0.198561  0.002676    ...     29.769305  5372.504847  1.000574
eta     0.231389  0.007604  0.000174    ...      0.246727  2371.592618  1.000151
m1det  44.798306  3.135149  0.084599    ...     51.012817  1736.722888  1.000263
m2det  25.950963  1.757027  0.054327    ...     29.629846  1325.384156  1.000236
dl      1.261740  0.136416  0.002357    ...      1.542718  3737.482477  1.000245
theta   0.628877  0.058874  0.000975    ...      0.738157  3839.295843  1.000282

[6 rows x 7 columns]
            mean        sd  mc_error    ...      hpd_97.5        n_eff      Rhat
mcdet  52.746556  0.728151  0.016041    ...     54.207518  2043.066343  1.000508
eta     0.241758  0.008863  0.000154    ...      0.250000  2819.359861  0.999919
m1det  71.447068  7.829818  0.162531    ...     86.389584  1987.210697  1.000246
m2det  52.279051  5.083189  0.114597    ...     60.907510  1712.687402  1.000166
dl      3.222859  0.765424  0.018209    ...      4.821840  1460.068330  1.000825
theta   0.477966  0.099775  0.002328    ...      0.668321  1500.626913  1.000188

[6 rows x 7 columns]
            mean        sd  mc_error    ...      hpd_97.5        n_eff      Rhat
mcdet  29.548767  0.496721  0.010339    ...     30.498785  2303.936704  0.999708
eta     0.233329  0.014404  0.000317    ...      0.250000  2098.211801  1.000514
m1det  43.687544  6.040579  0.149420    ...     54.555674  1651.663323  1.000656
m2det  27.204040  3.386894  0.090625    ...     33.725009  1356.971256  1.000645
dl      3.738746  0.792649  0.018945    ...      5.346835  1438.602565  1.001940
theta   0.731799  0.115280  0.002807    ...      0.960492  1467.202070  1.001098

[6 rows x 7 columns]
            mean        sd  mc_error    ...      hpd_97.5        n_eff      Rhat
mcdet  22.760382  0.173770  0.003086    ...     23.094638  3015.471989  0.999806
eta     0.222520  0.007490  0.000130    ...      0.237341  3018.918930  0.999745
m1det  37.285727  2.089040  0.036994    ...     41.495605  2830.518521  0.999717
m2det  18.818610  0.937883  0.017250    ...     20.751272  2689.837721  0.999700
dl      0.960324  0.125500  0.002767    ...      1.205439  1934.331113  1.001401
theta   0.537105  0.062460  0.001373    ...      0.662062  2130.802797  1.000429

[6 rows x 7 columns]
            mean         sd    ...           n_eff      Rhat
mcdet  64.837085   1.069766    ...     4563.801220  0.999994
eta     0.238038   0.011863    ...     4490.222559  1.000837
m1det  91.456206  11.641133    ...     3608.505221  1.001031
m2det  62.138831   7.059162    ...     2987.786051  1.001185
dl      4.004274   1.244225    ...     2632.028759  1.000210
theta   0.416782   0.114029    ...     2503.898307  1.000764

[6 rows x 7 columns]
            mean        sd  mc_error    ...      hpd_97.5        n_eff      Rhat
mcdet  40.754435  0.317897  0.006268    ...     41.378482  2396.071092  1.000741
eta     0.246980  0.003639  0.000062    ...      0.250000  3240.572836  1.000605
m1det  51.464840  3.415005  0.069490    ...     57.971143  2139.620088  0.999935
m2det  42.859526  2.615849  0.057558    ...     47.203027  1802.222637  1.000175
dl      1.006028  0.205056  0.005028    ...      1.396126  1583.237772  1.000988
theta   0.334167  0.064912  0.001596    ...      0.464074  1602.419260  1.000571

[6 rows x 7 columns]
Re-trying (1 times) sampling due to ValueError.  Analysis on event 616.  Starting point was  {'mcdet': 37.99271421236643, 'eta': 0.24, 'dl': 0.5616052513443608, 'theta': 0.3070756206750397, 'mcdet_interval__': -0.8516682199268941, 'eta_interval__': 3.1780538303479453, 'dl_interval__': -3.3095695225419295, 'theta_interval__': -0.8138268338204735}
Re-trying (2 times) sampling due to ValueError.  Analysis on event 538.  Starting point was  {'mcdet': 38.352985572479625, 'eta': 0.24, 'dl': 0.8788960222192146, 'theta': 0.6265347400148217, 'mcdet_interval__': -0.8370224069830958, 'eta_interval__': 3.1780538303479453, 'dl_interval__': -2.8408466875346035, 'theta_interval__': 0.517379235581128}
Re-trying (2 times) sampling due to ValueError.  Analysis on event 623.  Starting point was  {'mcdet': 47.2753003720739, 'eta': 0.24, 'dl': 1.2293204057126583, 'theta': 0.3924644775063106, 'mcdet_interval__': -0.4962541062452006, 'eta_interval__': 3.1780538303479453, 'dl_interval__': -2.4817461972826713, 'theta_interval__': -0.4369646167876824}
