Called with the following command line:
/cm/local/apps/slurm/var/spool/job112755/slurm_script --sampfile parameters_small.h5 --samp 64 --selfile selected.h5 --nsel 8192 --chainfile population_small_H0_Planck_Om.h5 --tracefile traceplot_small_H0_Planck_Om.pdf --prior H0-Planck-Om

Gradient evaluation took 0.05 seconds
1000 transitions using 10 leapfrog steps per transition would take 500 seconds.
Adjust your expectations accordingly!



Gradient evaluation took 0.05 seconds
1000 transitions using 10 leapfrog steps per transition would take 500 seconds.
Adjust your expectations accordingly!



Gradient evaluation took 0.06 seconds
1000 transitions using 10 leapfrog steps per transition would take 600 seconds.
Adjust your expectations accordingly!



Gradient evaluation took 0.05 seconds
1000 transitions using 10 leapfrog steps per transition would take 500 seconds.
Adjust your expectations accordingly!


Iteration:    1 / 2000 [  0%]  (Warmup)
Iteration:    1 / 2000 [  0%]  (Warmup)
Iteration:    1 / 2000 [  0%]  (Warmup)
Iteration:    1 / 2000 [  0%]  (Warmup)
Iteration:  200 / 2000 [ 10%]  (Warmup)
Iteration:  200 / 2000 [ 10%]  (Warmup)
Iteration:  200 / 2000 [ 10%]  (Warmup)
Iteration:  200 / 2000 [ 10%]  (Warmup)
Iteration:  400 / 2000 [ 20%]  (Warmup)
Iteration:  400 / 2000 [ 20%]  (Warmup)
Iteration:  400 / 2000 [ 20%]  (Warmup)
Iteration:  400 / 2000 [ 20%]  (Warmup)
Iteration:  600 / 2000 [ 30%]  (Warmup)
Iteration:  600 / 2000 [ 30%]  (Warmup)
Iteration:  600 / 2000 [ 30%]  (Warmup)
Iteration:  600 / 2000 [ 30%]  (Warmup)
Iteration:  800 / 2000 [ 40%]  (Warmup)
Iteration:  800 / 2000 [ 40%]  (Warmup)
Iteration:  800 / 2000 [ 40%]  (Warmup)
Iteration:  800 / 2000 [ 40%]  (Warmup)
Iteration: 1000 / 2000 [ 50%]  (Warmup)
Iteration: 1001 / 2000 [ 50%]  (Sampling)
Iteration: 1000 / 2000 [ 50%]  (Warmup)
Iteration: 1001 / 2000 [ 50%]  (Sampling)
Iteration: 1000 / 2000 [ 50%]  (Warmup)
Iteration: 1001 / 2000 [ 50%]  (Sampling)
Iteration: 1000 / 2000 [ 50%]  (Warmup)
Iteration: 1001 / 2000 [ 50%]  (Sampling)
Iteration: 1200 / 2000 [ 60%]  (Sampling)
Iteration: 1200 / 2000 [ 60%]  (Sampling)
Iteration: 1200 / 2000 [ 60%]  (Sampling)
Iteration: 1200 / 2000 [ 60%]  (Sampling)
Iteration: 1400 / 2000 [ 70%]  (Sampling)
Iteration: 1400 / 2000 [ 70%]  (Sampling)
Iteration: 1400 / 2000 [ 70%]  (Sampling)
Iteration: 1400 / 2000 [ 70%]  (Sampling)
Iteration: 1600 / 2000 [ 80%]  (Sampling)
Iteration: 1600 / 2000 [ 80%]  (Sampling)
Iteration: 1600 / 2000 [ 80%]  (Sampling)
Iteration: 1600 / 2000 [ 80%]  (Sampling)
Iteration: 1800 / 2000 [ 90%]  (Sampling)
Iteration: 1800 / 2000 [ 90%]  (Sampling)
Iteration: 1800 / 2000 [ 90%]  (Sampling)
Iteration: 1800 / 2000 [ 90%]  (Sampling)
Iteration: 2000 / 2000 [100%]  (Sampling)

 Elapsed Time: 9908.52 seconds (Warm-up)
               7458.65 seconds (Sampling)
               17367.2 seconds (Total)

Iteration: 2000 / 2000 [100%]  (Sampling)

 Elapsed Time: 9895.47 seconds (Warm-up)
               7609.73 seconds (Sampling)
               17505.2 seconds (Total)

Iteration: 2000 / 2000 [100%]  (Sampling)

 Elapsed Time: 10015.1 seconds (Warm-up)
               7590.52 seconds (Sampling)
               17605.7 seconds (Total)

Iteration: 2000 / 2000 [100%]  (Sampling)

 Elapsed Time: 10247.3 seconds (Warm-up)
               7419.22 seconds (Sampling)
               17666.6 seconds (Total)

Inference for Stan model: anon_model_10fe0ac975ece91a7792bdfdfa9853a1.
4 chains, each with iter=2000; warmup=1000; thin=1; 
post-warmup draws per chain=1000, total post-warmup draws=4000.

              mean se_mean     sd   2.5%    25%    50%    75%  97.5%  n_eff   Rhat
H0           67.73    0.01   0.67  66.42  67.27  67.73  68.19  69.05   4000    1.0
Om            0.31 10.0e-5 6.3e-3    0.3    0.3   0.31   0.31   0.32   4000    1.0
w_p          -1.06  7.2e-3   0.46   -2.0  -1.36  -1.04  -0.74  -0.22   4000    1.0
w_a          -0.01    0.01   0.65  -1.25  -0.47  -0.02   0.44   1.23   4000    1.0
R0          116.76    0.54  34.01  63.19  92.54 111.86  136.2 195.79   4000   1.02
alpha         1.06    0.18   0.43    0.2   0.77   1.08   1.36   1.88      6   1.21
beta          -0.1  7.4e-3   0.47  -0.98  -0.41  -0.11   0.21   0.84   4000   1.01
gamma         2.59    0.01   0.84   0.95   2.03   2.59   3.14   4.27   4000   1.01
MMin          5.24    0.37   0.65   4.19   4.44   5.49   5.74   6.12      3   2.09
MMax         40.26    0.08   1.75  36.74  39.15   40.2  41.37  43.91    536   1.02
m1_true[0]   19.35    0.04    2.6  15.14  17.23  19.22  21.24  24.82   3595    1.0
m1_true[1]   26.09    0.07    3.5  20.47  23.46  25.73  28.39  33.55   2874    1.0
m1_true[2]    11.8    0.03    1.5    9.6  10.61  11.57  12.81  15.19   3367    1.0
m1_true[3]   36.62    0.05    2.8  30.84   34.7  36.82  38.59  41.75   2800    1.0
m1_true[4]   23.51    0.05   2.89  18.25  21.42  23.38  25.38   29.6   3537    1.0
m1_true[5]   33.42    0.06   3.14  28.26  30.99  33.17  35.53  39.93   2779    1.0
m1_true[6]   15.82    0.03   1.99  12.21  14.37  15.77   17.2  19.74   4000    1.0
m1_true[7]   33.15    0.07   3.36  27.09  30.74  32.98  35.46   39.9   2616    1.0
m1_true[8]   17.52    0.03   1.61  14.38  16.45  17.55  18.57  20.68   4000    1.0
m1_true[9]   29.94    0.08   3.43  23.61  27.39  29.77  32.39   36.7   1718    1.0
m1_true[10]  37.13    0.06   2.48   32.2  35.42  37.14  38.89  41.81   1926    1.0
m1_true[11]  38.04    0.05   2.16  33.74  36.66  38.12  39.47   42.2   1912   1.01
m1_true[12]  28.07    0.06    3.5  22.54   25.5  27.55  30.17  36.36   3013    1.0
m1_true[13]  30.43    0.06   3.24  25.33  28.06  29.98  32.22  38.12   2601    1.0
m1_true[14]  35.45    0.07   3.41  28.74  32.99  35.65  38.14  41.33   2652    1.0
m1_true[15]  29.27    0.07   2.93  24.98  27.07  28.77  31.02  36.16   1935    1.0
m1_true[16]  32.58    0.06   3.08  27.38  30.26  32.26  34.87  38.79   2977    1.0
m1_true[17]  32.48    0.03   1.96   28.5  31.23  32.51  33.82   36.2   4000    1.0
m1_true[18]  36.27    0.06   2.84   30.2  34.47  36.45  38.29  41.33   2423    1.0
m1_true[19]   29.6    0.06   3.28  23.79  27.32  29.26  31.75  36.59   2640    1.0
m1_true[20]  38.36    0.05   2.11  33.83  37.06  38.47  39.79  42.24   1722   1.01
m1_true[21]  16.49    0.02   1.41  14.41   15.4  16.23  17.38  19.72   4000    1.0
m1_true[22]   31.5    0.04   2.71   27.5  29.38  31.03  33.29   37.6   4000    1.0
m1_true[23]   19.4    0.04   2.16  15.85  17.89  19.15  20.67  24.19   2949    1.0
m1_true[24]  24.33    0.03   1.68  21.47  23.05   24.2  25.39  27.88   4000    1.0
m1_true[25]  12.47    0.02   1.25  10.47  11.54  12.32  13.25  15.31   4000    1.0
m1_true[26]  15.91    0.03   2.03  12.68   14.3  15.67  17.38  20.09   3472    1.0
m1_true[27]    6.5    0.17    0.6   5.69   6.06   6.37   6.78   8.01     12   1.09
m1_true[28]   17.0    0.03   1.73  14.14  15.79   16.8  17.97  21.13   3043    1.0
m1_true[29]  26.88    0.09   4.37  19.21  23.76  26.78  29.71  36.11   2309    1.0
m1_true[30]  34.58    0.04   2.71  30.28  32.42  34.32  36.55  40.15   4000    1.0
m1_true[31]  30.25    0.06   4.04  23.68  27.01  29.91  33.18  38.66   4000    1.0
m1_true[32]  30.72    0.03   2.09  27.53  29.15  30.41  32.02  35.49   4000    1.0
m1_true[33]  28.38    0.06   4.04  21.88   25.2  27.88  31.22  36.76   4000    1.0
m1_true[34]  38.65    0.04   1.83  35.09  37.43  38.61  39.83  42.37   1738   1.01
m1_true[35]  24.09    0.02   1.52  21.85  22.87  23.85  25.15  27.38   4000    1.0
m1_true[36]   34.3    0.06   3.54  27.83   31.6  34.32  37.01  40.73   4000    1.0
m1_true[37]  36.83    0.06    2.8  31.03  34.94  37.01  38.82  41.95   2131    1.0
m1_true[38]  17.97    0.05   2.65  13.91  15.91  17.61  19.74   23.9   2987    1.0
m1_true[39]  24.22    0.05   2.86  18.14  22.49   24.3  26.11  29.84   4000    1.0
m1_true[40]  38.11    0.05   2.06  33.95  36.78  38.21  39.46  42.07   1874   1.01
m1_true[41]   16.6    0.03   2.05  13.48  15.03  16.33  17.84  21.37   4000    1.0
m1_true[42]  24.64    0.04   2.51  20.41  22.76  24.53  26.32  29.94   4000    1.0
m1_true[43]  21.51    0.02   1.43  18.98  20.52   21.4  22.38  24.79   4000    1.0
m1_true[44]  37.39    0.05   2.28  32.78  35.85  37.43  38.97  41.76   2508    1.0
m1_true[45]  35.46    0.04   2.67  30.64  33.51   35.4  37.36  40.57   4000    1.0
m1_true[46]  27.06    0.07   3.65  21.23  24.24  26.62  29.49  34.99   3106    1.0
m1_true[47]  11.81    0.03   2.01   8.88  10.19  11.48  13.18  16.19   4000   1.01
m1_true[48]  17.81    0.05   2.07  13.64   16.4   18.0   19.3  21.59   1935    1.0
m1_true[49]  36.73    0.05   2.47  32.15  34.87  36.84  38.56  41.33   2327    1.0
m1_true[50]  30.26    0.07   3.73   23.4  27.51  30.31  32.77  37.74   2699    1.0
m1_true[51]  29.78    0.09   3.97  22.04  27.18  29.73  32.34  37.78   2131    1.0
m1_true[52]  21.56    0.03   1.97  18.38  20.16  21.35  22.72  26.04   3262    1.0
m1_true[53]  35.36    0.05   2.88  29.65  33.35  35.44  37.55  40.54   4000    1.0
m1_true[54]  13.25    0.02   1.38  11.04  12.22  13.09  14.13   16.3   3302    1.0
m1_true[55]  34.34    0.05   3.28  27.65  32.08  34.36  36.71  40.48   4000    1.0
m1_true[56]  33.92    0.05   3.26  27.09  31.87  34.17   36.2  39.79   4000    1.0
m1_true[57]  30.57    0.08   3.19  25.11  28.12  30.38   32.8  36.99   1802    1.0
m1_true[58]  20.06    0.03   1.61   17.2  18.81  20.04  21.24   23.2   3393    1.0
m1_true[59]  33.13    0.06   3.58   27.1  30.37   32.7  35.88  40.16   3230    1.0
m1_true[60]  33.22    0.04   2.37  29.53  31.32  32.96  34.79  38.34   4000    1.0
m2_frac[0]    0.54  4.0e-3   0.21   0.22   0.37    0.5   0.69   0.95   2713    1.0
m2_frac[1]     0.6  2.8e-3   0.17   0.31   0.47   0.59   0.72   0.96   4000    1.0
m2_frac[2]    0.49  4.4e-3   0.25   0.08   0.29   0.46   0.69   0.96   3264    1.0
m2_frac[3]    0.67  2.7e-3   0.12   0.47   0.58   0.65   0.74   0.95   2042    1.0
m2_frac[4]    0.33  2.8e-3   0.11   0.17   0.26   0.32   0.39   0.59   1552   1.02
m2_frac[5]    0.73  2.2e-3   0.14   0.47   0.61   0.72   0.84   0.98   4000    1.0
m2_frac[6]    0.42  3.9e-3    0.2   0.13   0.28   0.39   0.54   0.89   2629   1.01
m2_frac[7]    0.73  2.1e-3   0.14    0.5   0.63   0.73   0.84   0.98   4000    1.0
m2_frac[8]    0.11    0.03   0.07 6.6e-3   0.05    0.1   0.15   0.25      5   1.22
m2_frac[9]    0.75  2.2e-3   0.14   0.47   0.64   0.76   0.86   0.98   4000    1.0
m2_frac[10]   0.85  1.5e-3    0.1   0.63   0.79   0.86   0.93   0.99   4000    1.0
m2_frac[11]   0.88  1.3e-3   0.08    0.7   0.82   0.89   0.94   0.99   4000    1.0
m2_frac[12]    0.7  2.8e-3   0.18   0.37   0.57   0.72   0.85   0.98   4000    1.0
m2_frac[13]   0.73  2.2e-3   0.14   0.46   0.63   0.74   0.84   0.97   4000    1.0
m2_frac[14]   0.71  2.6e-3   0.14   0.48    0.6   0.69   0.81   0.97   2761    1.0
m2_frac[15]   0.76  2.8e-3   0.14   0.46   0.65   0.77   0.87   0.98   2686    1.0
m2_frac[16]   0.74  2.2e-3   0.13   0.49   0.64   0.74   0.84   0.97   3517    1.0
m2_frac[17]   0.46  1.3e-3   0.07   0.34   0.41   0.45   0.49   0.63   3103   1.01
m2_frac[18]   0.42  1.8e-3   0.08    0.3   0.37   0.41   0.47    0.6   1831   1.01
m2_frac[19]   0.79  2.0e-3   0.13   0.51   0.71   0.81   0.89   0.98   4000    1.0
m2_frac[20]    0.9  9.8e-4   0.06   0.77   0.86   0.91   0.95   0.99   4000    1.0
m2_frac[21]   0.74  2.4e-3   0.15   0.44   0.63   0.75   0.86   0.98   4000    1.0
m2_frac[22]   0.76  2.2e-3   0.14   0.47   0.66   0.78   0.88   0.99   4000    1.0
m2_frac[23]   0.76  2.3e-3   0.15   0.47   0.65   0.77   0.89   0.99   4000    1.0
m2_frac[24]   0.81  1.7e-3   0.11   0.59   0.73   0.82    0.9   0.98   4000    1.0
m2_frac[25]   0.51  4.6e-3    0.2   0.16   0.36    0.5   0.65   0.92   1848   1.01
m2_frac[26]   0.52  3.9e-3    0.2    0.2   0.36   0.49   0.67   0.94   2727    1.0
m2_frac[27]   0.42  4.3e-3   0.27   0.02   0.18   0.39   0.63   0.95   4000   1.01
m2_frac[28]   0.69  2.5e-3   0.16   0.38   0.57   0.69   0.81   0.97   4000    1.0
m2_frac[29]   0.46  4.3e-3    0.2   0.19   0.31   0.41   0.56   0.94   2123    1.0
m2_frac[30]   0.75  2.2e-3   0.14   0.49   0.64   0.76   0.86   0.98   4000    1.0
m2_frac[31]    0.6  3.1e-3   0.19    0.3   0.44   0.57   0.75   0.97   4000    1.0
m2_frac[32]    0.8  1.8e-3   0.12   0.56   0.72   0.81   0.89   0.99   4000    1.0
m2_frac[33]   0.63  3.1e-3   0.19   0.31   0.47   0.61    0.8   0.98   4000    1.0
m2_frac[34]   0.92  9.3e-4   0.06   0.78   0.88   0.92   0.96    1.0   4000   1.01
m2_frac[35]    0.8  1.8e-3   0.11   0.58   0.72   0.81   0.89   0.99   4000    1.0
m2_frac[36]   0.69  2.2e-3   0.14   0.45   0.58   0.69    0.8   0.96   4000    1.0
m2_frac[37]   0.75  4.5e-3   0.13   0.48   0.66   0.75   0.85   0.98    838   1.01
m2_frac[38]   0.51  3.8e-3   0.19    0.2   0.36   0.49   0.64   0.93   2602   1.01
m2_frac[39]   0.42  4.1e-3   0.16   0.21   0.32   0.39   0.48   0.86   1420    1.0
m2_frac[40]   0.88  1.3e-3   0.08   0.67   0.83   0.89   0.94   0.99   4000    1.0
m2_frac[41]   0.59  3.2e-3    0.2   0.23   0.42   0.57   0.75   0.96   4000   1.01
m2_frac[42]   0.64  2.6e-3   0.16   0.37   0.52   0.62   0.76   0.97   4000    1.0
m2_frac[43]   0.18    0.02   0.05   0.09   0.14   0.18   0.21   0.29      6   1.19
m2_frac[44]   0.87  1.3e-3   0.08   0.68   0.81   0.88   0.93   0.99   4000    1.0
m2_frac[45]   0.77  1.9e-3   0.12   0.54   0.67   0.77   0.86   0.98   4000    1.0
m2_frac[46]   0.61  3.1e-3   0.17   0.31   0.48   0.59   0.73   0.95   2964    1.0
m2_frac[47]   0.39  4.2e-3   0.27   0.02   0.15   0.34   0.59   0.94   4000    1.0
m2_frac[48]   0.44  4.8e-3   0.18    0.2   0.31   0.39   0.51   0.89   1434    1.0
m2_frac[49]   0.75  2.4e-3   0.11   0.58   0.67   0.74   0.84   0.98   2110    1.0
m2_frac[50]   0.09    0.02   0.04   0.02   0.06   0.09   0.12   0.17      6   1.19
m2_frac[51]   0.19  9.8e-3   0.06   0.08   0.14   0.18   0.22   0.34     44   1.03
m2_frac[52]   0.73  2.7e-3   0.15   0.41   0.62   0.73   0.84   0.97   3153    1.0
m2_frac[53]   0.81  1.6e-3    0.1   0.61   0.74   0.81   0.89   0.98   4000    1.0
m2_frac[54]   0.66  2.8e-3   0.18   0.33   0.53   0.66    0.8   0.97   4000   1.01
m2_frac[55]   0.79  2.0e-3   0.12   0.54    0.7   0.81   0.89   0.99   4000    1.0
m2_frac[56]   0.14    0.01   0.04   0.07   0.11   0.14   0.16   0.22      8   1.14
m2_frac[57]   0.74  3.1e-3   0.15   0.47   0.62   0.73   0.86   0.99   2310    1.0
m2_frac[58]   0.68  2.7e-3   0.14   0.44   0.56   0.67   0.79   0.96   2782   1.01
m2_frac[59]   0.75  2.3e-3   0.15   0.47   0.63   0.76   0.88   0.99   4000    1.0
m2_frac[60]   0.79  1.9e-3   0.12   0.56    0.7   0.79   0.89   0.99   4000    1.0
dl_true[0]    1.22  4.2e-3   0.26   0.67   1.05   1.23   1.41    1.7   4000    1.0
dl_true[1]    1.74  5.9e-3   0.37   1.06   1.49   1.72   1.97   2.52   4000    1.0
dl_true[2]    1.33  4.0e-3   0.25   0.86   1.16   1.32    1.5   1.86   4000    1.0
dl_true[3]    2.82    0.01   0.48   1.86   2.44   2.86   3.21   3.63   2252    1.0
dl_true[4]    2.53  6.4e-3    0.4   1.76   2.24   2.52    2.8   3.33   4000    1.0
dl_true[5]    2.06  3.8e-3   0.24   1.64   1.89   2.05   2.22   2.55   4000    1.0
dl_true[6]    1.44  4.4e-3   0.28   0.88   1.24   1.44   1.63   1.99   4000    1.0
dl_true[7]    4.55    0.01   0.87    3.1    3.9   4.49    5.1   6.52   4000    1.0
dl_true[8]    1.14  3.0e-3   0.19    0.8   1.01   1.14   1.28   1.52   4000    1.0
dl_true[9]    5.68    0.03   1.02   3.96    5.0   5.61   6.27   7.77   1341    1.0
dl_true[10]   4.36    0.01   0.64   3.25    3.9   4.32    4.8   5.69   4000    1.0
dl_true[11]   8.79    0.02   0.98   6.93   8.05   8.82   9.51  10.61   4000    1.0
dl_true[12]   3.18  9.1e-3   0.58    2.1    2.8   3.15   3.53   4.44   4000    1.0
dl_true[13]   3.33  8.9e-3   0.56   2.35   2.95    3.3   3.64   4.63   4000    1.0
dl_true[14]   3.43  8.6e-3   0.55   2.33   3.05   3.47   3.83   4.42   4000    1.0
dl_true[15]   1.67  4.7e-3   0.29   1.13   1.46   1.65   1.86   2.29   4000    1.0
dl_true[16]   2.95  8.5e-3   0.54    1.9   2.57   2.96   3.34   3.95   4000    1.0
dl_true[17]   1.05  1.7e-3   0.11   0.87   0.97   1.04   1.11    1.3   4000    1.0
dl_true[18]   1.79  5.2e-3   0.33   1.21   1.55   1.76   2.02   2.45   4000    1.0
dl_true[19]   4.82    0.02    1.0    3.1   4.13   4.72   5.39   7.06   4000    1.0
dl_true[20]   4.44    0.01   0.65   3.32    4.0    4.4    4.8   5.88   2228    1.0
dl_true[21]   0.93  2.9e-3   0.18   0.58    0.8   0.92   1.05   1.31   4000    1.0
dl_true[22]   1.29  2.7e-3   0.17   0.96   1.17   1.29   1.42   1.61   4000    1.0
dl_true[23]   3.85    0.01   0.74   2.63   3.32   3.73   4.33   5.47   4000    1.0
dl_true[24]   3.33  6.1e-3   0.39   2.58   3.06   3.32   3.57   4.14   4000    1.0
dl_true[25]   1.15  3.5e-3   0.22   0.78    1.0   1.13   1.29   1.65   4000    1.0
dl_true[26]   1.34  3.2e-3    0.2   0.94    1.2   1.34   1.48   1.74   4000    1.0
dl_true[27]   1.14  4.0e-3   0.26   0.67   0.96   1.13    1.3   1.74   4000   1.01
dl_true[28]   2.04  5.8e-3   0.37   1.36   1.75   2.03   2.32   2.71   4000    1.0
dl_true[29]    2.0  8.1e-3   0.51   1.06   1.64   1.97   2.36   3.03   4000    1.0
dl_true[30]   1.06  2.6e-3   0.16   0.74   0.96   1.06   1.16   1.41   4000    1.0
dl_true[31]   2.34  9.4e-3   0.59   1.28   1.94   2.29    2.7   3.71   4000    1.0
dl_true[32]   1.57  2.5e-3   0.16   1.24   1.47   1.57   1.68    1.9   4000    1.0
dl_true[33]   3.14    0.01   0.67   1.96   2.63    3.1   3.59   4.52   4000    1.0
dl_true[34]    3.6  5.6e-3   0.35   2.85   3.38   3.64   3.86   4.21   4000    1.0
dl_true[35]   0.98  1.3e-3   0.08    0.8   0.93   0.99   1.04   1.14   4000    1.0
dl_true[36]   1.94  6.5e-3   0.41   1.11   1.66   1.95   2.23   2.71   4000    1.0
dl_true[37]   2.86    0.02   0.62   1.75   2.42   2.88   3.24   4.34    858   1.01
dl_true[38]   1.65  4.5e-3   0.29   1.11   1.45   1.63   1.85   2.22   4000    1.0
dl_true[39]   0.98  4.5e-3   0.17   0.67   0.87   0.98   1.08   1.46   1471    1.0
dl_true[40]   5.41    0.01   0.66   4.21   4.96   5.39    5.8   6.99   4000    1.0
dl_true[41]    2.9  7.5e-3   0.47   2.06   2.54   2.89   3.24   3.82   4000    1.0
dl_true[42]   1.91  2.8e-3   0.18   1.52   1.81   1.92   2.03   2.25   4000    1.0
dl_true[43]   0.85  2.1e-3   0.13   0.61   0.76   0.84   0.94   1.12   4000    1.0
dl_true[44]   5.99    0.01   0.73   4.62   5.47   5.96   6.53    7.4   4000    1.0
dl_true[45]   3.88  8.2e-3   0.52   2.95   3.51   3.85    4.2   4.95   4000    1.0
dl_true[46]   3.02  7.2e-3   0.46   2.17   2.73   2.97    3.3   4.01   4000    1.0
dl_true[47]   1.92  5.4e-3   0.34   1.27   1.69   1.92   2.16   2.59   4000    1.0
dl_true[48]    0.9  1.9e-3   0.12   0.68   0.81   0.89   0.97   1.15   4000    1.0
dl_true[49]   2.09  2.2e-3   0.14    1.8    2.0   2.09   2.19   2.36   4000    1.0
dl_true[50]   2.64  8.8e-3   0.56   1.67   2.22   2.61   3.01   3.85   4000    1.0
dl_true[51]   1.97  6.1e-3   0.39   1.25    1.7   1.96   2.24   2.71   4000    1.0
dl_true[52]   1.55  4.9e-3   0.31    1.0   1.33   1.54   1.76    2.2   4000    1.0
dl_true[53]   4.55    0.01   0.82   3.14   3.98   4.49    5.0   6.63   4000    1.0
dl_true[54]   1.06  5.3e-3   0.34   0.51   0.81    1.0   1.27   1.76   4000    1.0
dl_true[55]    6.8    0.02   1.36   4.41    5.8   6.67   7.71    9.6   4000    1.0
dl_true[56]   2.19  6.6e-3   0.42   1.35   1.91   2.18   2.47   3.02   4000    1.0
dl_true[57]   2.61    0.01   0.38   1.97   2.36   2.58   2.82   3.63   1378    1.0
dl_true[58]   0.94  2.4e-3   0.15   0.65   0.84   0.94   1.05   1.25   4000    1.0
dl_true[59]    3.1    0.01   0.69   1.84    2.6   3.05   3.57   4.54   4000    1.0
dl_true[60]   0.83  1.6e-3    0.1   0.65   0.76   0.83    0.9   1.05   4000    1.0
dH            4.43  7.0e-4   0.04   4.34    4.4   4.43   4.46   4.51   4000    1.0
w0           -1.06  8.1e-3   0.51   -2.1   -1.4  -1.06   -0.7  -0.09   4000    1.0
Nex          60.98    0.12   7.83  46.58  55.54  60.64  65.82  77.62   4000    1.0
sigma_Nex     2.88  8.7e-3   0.55   2.04    2.5   2.81   3.15   4.18   4000   1.03
neff_det    470.79    1.69 106.71 241.78  403.1 477.95 546.66 656.79   4000   1.05
m2_true[0]   12.32    0.03   1.62   9.47  11.06  12.26   13.6  15.34   3249    1.0
m2_true[1]   17.29    0.03   1.91  13.53  15.93  17.27   18.7  20.85   4000    1.0
m2_true[2]    8.13    0.02   0.99   6.25   7.36   8.15   8.94   9.76   4000    1.0
m2_true[3]   25.95    0.06   2.58  21.65  24.03  25.72  27.65  31.55   1855    1.0
m2_true[4]   11.08    0.02   1.07   9.18  10.37  11.02   11.7  13.59   4000    1.0
m2_true[5]   25.26    0.03   2.05  21.25  23.73  25.34   26.9  28.79   4000    1.0
m2_true[6]     9.4    0.02   1.19   7.22   8.53   9.35  10.25   11.8   4000    1.0
m2_true[7]   25.39    0.04   2.67  20.26  23.53  25.47  27.22  30.44   4000    1.0
m2_true[8]    6.49  7.2e-3   0.46   5.61   6.16   6.49   6.82   7.35   4000    1.0
m2_true[9]   23.38    0.04   2.48  18.31  21.84   23.4  25.06  28.03   4000    1.0
m2_true[10]   32.2    0.04   2.63  26.46  30.56  32.37  34.05  36.92   4000    1.0
m2_true[11]  33.95    0.05   2.92  28.12  31.93  34.05  36.03   39.4   4000    1.0
m2_true[12]  20.79    0.04   2.41  15.78  19.15   21.0   22.6  24.95   4000    1.0
m2_true[13]  23.31    0.03    2.2  18.87  21.88   23.3  24.74  27.64   4000    1.0
m2_true[14]  26.23    0.04   2.43  21.69  24.49  26.14  27.93  31.03   4000    1.0
m2_true[15]  23.08    0.03   1.91   19.0  21.76  23.24  24.44  26.41   4000    1.0
m2_true[16]  25.09    0.04   2.27  20.26  23.62  25.13  26.61  29.34   4000    1.0
m2_true[17]  17.53    0.02   1.03  15.64  16.87  17.47  18.11  19.87   4000    1.0
m2_true[18]  18.18    0.02   1.37  15.81  17.24  18.06  18.95  21.42   3168    1.0
m2_true[19]  24.31    0.04   2.39  19.62  22.63  24.31  25.95  28.92   4000    1.0
m2_true[20]  35.17    0.05   2.41  30.56  33.43   35.2  36.92  39.77   2163    1.0
m2_true[21]  13.36    0.01   0.91  11.47  12.77  13.43   14.0  14.98   4000    1.0
m2_true[22]  24.95    0.03   2.05   20.5  23.61  25.21  26.51  28.15   4000    1.0
m2_true[23]  15.75    0.02   1.35  13.12  14.77  15.77  16.72  18.35   4000    1.0
m2_true[24]  20.59    0.02   1.41  17.68  19.65  20.64  21.58  23.22   4000    1.0
m2_true[25]   8.76    0.01   0.87   7.08   8.17   8.73   9.35  10.44   4000    1.0
m2_true[26]   10.4    0.02   1.17   8.24   9.54  10.38  11.26   12.6   3087    1.0
m2_true[27]   5.71    0.16   0.39   4.75   5.51   5.78   5.97   6.33      6    1.2
m2_true[28]   13.1    0.02   1.16   10.8  12.31   13.1  13.89  15.37   4000    1.0
m2_true[29]  14.45    0.04   2.22  10.68  12.84  14.15  16.07  18.91   2903    1.0
m2_true[30]  26.91    0.04    2.3  22.22  25.21  27.21  28.67   30.7   4000    1.0
m2_true[31]  19.61    0.05   2.91  14.33  17.37  19.67  21.87  24.92   4000    1.0
m2_true[32]   25.4    0.03   1.65  21.81  24.36  25.58  26.63   28.1   4000    1.0
m2_true[33]  19.21    0.04   2.57  14.24  17.27  19.23  21.16   23.9   4000    1.0
m2_true[34]  35.76    0.03   1.85  32.02  34.56  35.79   37.0  39.35   4000    1.0
m2_true[35]  20.16    0.02   1.09  17.91  19.43  20.27  20.98   22.0   4000    1.0
m2_true[36]  24.87    0.04   2.36  20.49  23.19  24.89  26.43  29.73   4000    1.0
m2_true[37]  28.68    0.11   3.22  21.58   26.8  28.47  30.66  35.17    823   1.01
m2_true[38]  11.29    0.02   1.24   8.99  10.39  11.24  12.13  13.79   3055    1.0
m2_true[39]  12.84    0.04   1.48  10.31  11.87  12.71   13.6   16.4   1737    1.0
m2_true[40]  33.99    0.06   2.75  27.57  32.36  34.19   35.9  38.75   2427    1.0
m2_true[41]  11.55    0.02   1.42   8.88  10.47  11.55   12.7  14.01   4000    1.0
m2_true[42]  17.28    0.03   1.65  14.15  16.05   17.2  18.57  20.26   4000    1.0
m2_true[43]   8.12  7.6e-3   0.48   7.19   7.79   8.13   8.44   9.07   4000    1.0
m2_true[44]  33.06    0.04   2.56  28.08   31.3  33.13  34.82  37.92   4000    1.0
m2_true[45]  28.22    0.04    2.5   23.3  26.49  28.27  30.04  32.86   4000    1.0
m2_true[46]  17.91    0.03   1.93   14.2  16.52  17.87  19.24  21.78   4000    1.0
m2_true[47]   7.35    0.02   1.02   5.56   6.51   7.38    8.2    9.1   4000    1.0
m2_true[48]  10.37    0.03   1.12    8.6   9.56  10.19  10.99  12.79   1766    1.0
m2_true[49]  28.76    0.03   1.81  25.61  27.38  28.61  30.06   32.3   4000    1.0
m2_true[50]   7.47  9.2e-3   0.58   6.27   7.09   7.51   7.86   8.57   4000    1.0
m2_true[51]    9.6    0.01   0.83    8.1   9.01   9.58  10.14  11.27   4000    1.0
m2_true[52]  16.88    0.02    1.5  13.38  16.02  17.01  17.91  19.56   4000    1.0
m2_true[53]  29.48    0.04   2.61  24.13  27.75  29.54   31.2  34.52   4000    1.0
m2_true[54]  10.35    0.01   0.85   8.72   9.76  10.34  10.96  11.93   4000    1.0
m2_true[55]   28.1    0.05   3.47  21.83  25.47  28.09  30.59  35.06   4000    1.0
m2_true[56]   9.15    0.01   0.71    7.7   8.67   9.16   9.63  10.48   4000    1.0
m2_true[57]  23.43    0.03   1.94  19.62  22.09  23.44  24.87  26.91   4000    1.0
m2_true[58]  15.07    0.02   1.12  12.98   14.2  15.13  15.96   17.0   4000    1.0
m2_true[59]   25.8    0.04   2.63  20.51  24.08  25.84  27.51  31.18   4000    1.0
m2_true[60]  27.07    0.03   1.72  23.51  25.88  27.19  28.38  29.93   4000    1.0
z_true[0]     0.24  7.4e-4   0.05   0.14    0.2   0.24   0.27   0.32   4000    1.0
z_true[1]     0.32  9.7e-4   0.06   0.21   0.28   0.32   0.36   0.45   4000    1.0
z_true[2]     0.25  6.9e-4   0.04   0.17   0.22   0.25   0.28   0.34   4000    1.0
z_true[3]     0.48  1.6e-3   0.08   0.34   0.43   0.49   0.54   0.63   2285    1.0
z_true[4]     0.44  1.0e-3   0.07   0.32    0.4   0.44   0.49   0.57   4000    1.0
z_true[5]     0.37  6.7e-4   0.04    0.3   0.34   0.37    0.4   0.46   4000    1.0
z_true[6]     0.27  7.7e-4   0.05   0.18   0.24   0.27   0.31   0.37   4000    1.0
z_true[7]     0.72  1.9e-3   0.12   0.52   0.63   0.71    0.8   0.99   4000    1.0
z_true[8]     0.22  5.3e-4   0.03   0.16    0.2   0.22   0.25   0.29   4000    1.0
z_true[9]     0.87  3.5e-3   0.14   0.63   0.77   0.85   0.95   1.18   1608    1.0
z_true[10]     0.7  1.6e-3    0.1   0.52   0.63   0.69   0.76   0.91   4000    1.0
z_true[11]    1.24  2.8e-3   0.14   0.99   1.15   1.24   1.33   1.54   2402    1.0
z_true[12]    0.54  1.4e-3   0.09   0.37   0.48   0.53   0.59   0.73   4000    1.0
z_true[13]    0.56  1.4e-3   0.09    0.4    0.5   0.55   0.61   0.76   4000    1.0
z_true[14]    0.57  1.3e-3   0.08   0.41   0.51   0.57   0.63   0.74   4000    1.0
z_true[15]    0.31  7.9e-4   0.05   0.22   0.28   0.31   0.34   0.42   4000    1.0
z_true[16]     0.5  1.3e-3   0.08   0.34   0.44    0.5   0.56   0.67   4000    1.0
z_true[17]    0.21  3.2e-4   0.02   0.17   0.19    0.2   0.22   0.25   4000    1.0
z_true[18]    0.33  8.8e-4   0.06   0.23   0.29   0.32   0.37   0.44   4000    1.0
z_true[19]    0.76  2.2e-3   0.14   0.52   0.66   0.74   0.84   1.05   4000    1.0
z_true[20]    0.71  2.6e-3    0.1   0.54   0.64    0.7   0.77   0.93   1436   1.01
z_true[21]    0.18  5.3e-4   0.03   0.12   0.16   0.18   0.21   0.25   4000    1.0
z_true[22]    0.25  4.9e-4   0.03   0.19   0.23   0.25   0.27   0.31   4000    1.0
z_true[23]    0.63  1.7e-3   0.11   0.45   0.55   0.61    0.7   0.87   4000    1.0
z_true[24]    0.56  1.0e-3   0.06   0.44   0.51   0.55    0.6    0.7   4000    1.0
z_true[25]    0.22  6.1e-4   0.04   0.16    0.2   0.22   0.25   0.31   4000    1.0
z_true[26]    0.26  5.7e-4   0.04   0.18   0.23   0.25   0.28   0.33   4000    1.0
z_true[27]    0.22  8.4e-4   0.04   0.14   0.19   0.22   0.25   0.32   2874   1.01
z_true[28]    0.37  9.6e-4   0.06   0.26   0.32   0.37   0.41   0.49   4000    1.0
z_true[29]    0.36  1.3e-3   0.08   0.21    0.3   0.36   0.42   0.52   4000    1.0
z_true[30]    0.21  4.6e-4   0.03   0.15   0.19   0.21   0.23   0.27   4000    1.0
z_true[31]    0.41  1.5e-3   0.09   0.24   0.35    0.4   0.47   0.62   4000    1.0
z_true[32]    0.29  4.6e-4   0.03   0.24   0.28   0.29   0.31   0.36   4000    1.0
z_true[33]    0.53  1.6e-3    0.1   0.35   0.46   0.52    0.6   0.74   4000    1.0
z_true[34]     0.6  1.4e-3   0.07   0.47   0.55    0.6   0.64   0.73   2128    1.0
z_true[35]    0.19  2.6e-4   0.02   0.16   0.18   0.19   0.21   0.23   4000    1.0
z_true[36]    0.35  1.1e-3   0.07   0.21   0.31   0.35    0.4   0.48   4000    1.0
z_true[37]    0.49  3.0e-3    0.1   0.32   0.42   0.49   0.55   0.69   1001   1.01
z_true[38]    0.31  7.6e-4   0.05   0.22   0.27    0.3   0.34    0.4   4000    1.0
z_true[39]    0.19  7.9e-4   0.03   0.14   0.17   0.19   0.21   0.27   1613    1.0
z_true[40]    0.83  2.3e-3    0.1   0.66   0.77   0.83   0.89   1.06   2006    1.0
z_true[41]     0.5  1.2e-3   0.07   0.36   0.44   0.49   0.55   0.65   4000    1.0
z_true[42]    0.35  5.2e-4   0.03   0.28   0.33   0.35   0.37   0.41   4000    1.0
z_true[43]    0.17  3.9e-4   0.02   0.13   0.15   0.17   0.19   0.22   4000    1.0
z_true[44]    0.91  2.1e-3   0.11   0.71   0.83    0.9   0.98   1.13   2626    1.0
z_true[45]    0.63  1.3e-3   0.08   0.49   0.58   0.63   0.69   0.81   4000    1.0
z_true[46]    0.51  1.1e-3   0.07   0.38   0.47   0.51   0.56   0.67   4000    1.0
z_true[47]    0.35  9.0e-4   0.06   0.24   0.31   0.35   0.39   0.46   4000    1.0
z_true[48]    0.18  3.6e-4   0.02   0.14   0.16   0.18   0.19   0.23   4000    1.0
z_true[49]    0.38  4.8e-4   0.03   0.32   0.36   0.38    0.4   0.44   4000    1.0
z_true[50]    0.46  1.4e-3   0.09   0.31   0.39   0.45   0.51   0.64   4000    1.0
z_true[51]    0.36  1.0e-3   0.06   0.24   0.31   0.35    0.4   0.48   4000    1.0
z_true[52]    0.29  8.2e-4   0.05    0.2   0.25   0.29   0.33    0.4   4000    1.0
z_true[53]    0.72  2.3e-3   0.12   0.52   0.64   0.71   0.79    1.0   2738    1.0
z_true[54]    0.21  9.3e-4   0.06    0.1   0.16    0.2   0.24   0.33   4000    1.0
z_true[55]     1.0  2.9e-3   0.18   0.69   0.88   0.99   1.12   1.39   4000    1.0
z_true[56]    0.39  1.1e-3   0.07   0.26   0.34   0.39   0.44   0.53   4000    1.0
z_true[57]    0.45  1.5e-3   0.06   0.35   0.41   0.45   0.49    0.6   1576    1.0
z_true[58]    0.19  4.5e-4   0.03   0.13   0.17   0.19   0.21   0.24   4000    1.0
z_true[59]    0.52  1.6e-3    0.1   0.33   0.45   0.52   0.59   0.74   4000    1.0
z_true[60]    0.17  3.1e-4   0.02   0.13   0.15   0.17   0.18   0.21   4000    1.0
zinterp[0]     0.0     0.0    0.0    0.0    0.0    0.0    0.0    0.0   4000    nan
zinterp[1]    0.04  9.3e-6 5.9e-4   0.04   0.04   0.04   0.04   0.04   4000    nan
zinterp[2]    0.08  2.7e-5 1.7e-3   0.08   0.08   0.08   0.08   0.09   4000    1.0
zinterp[3]    0.12  5.0e-5 3.2e-3   0.11   0.12   0.12   0.12   0.13   4000    1.0
zinterp[4]    0.16  7.8e-5 5.0e-3   0.15   0.15   0.16   0.16   0.17   4000    1.0
zinterp[5]    0.19  1.1e-4 6.9e-3   0.18   0.19   0.19    0.2   0.21   4000    1.0
zinterp[6]    0.23  1.4e-4 9.0e-3   0.21   0.22   0.22   0.23   0.24   4000    1.0
zinterp[7]    0.26  1.8e-4   0.01   0.24   0.25   0.26   0.27   0.28   4000    1.0
zinterp[8]    0.29  2.1e-4   0.01   0.27   0.28   0.29    0.3   0.32   4000    1.0
zinterp[9]    0.32  3.1e-4   0.02   0.29   0.31   0.32   0.33   0.35   2507    1.0
zinterp[10]   0.35  3.6e-4   0.02   0.32   0.34   0.35   0.36   0.39   2481    1.0
zinterp[11]   0.38  4.1e-4   0.02   0.35   0.37   0.38   0.39   0.43   2458    1.0
zinterp[12]   0.41  4.6e-4   0.02   0.37   0.39   0.41   0.42   0.46   2437    1.0
zinterp[13]   0.44  5.1e-4   0.03    0.4   0.42   0.44   0.46   0.49   2418    1.0
zinterp[14]   0.47  5.6e-4   0.03   0.42   0.45   0.47   0.48   0.53   2400    1.0
zinterp[15]    0.5  6.1e-4   0.03   0.45   0.48   0.49   0.51   0.56   2384    1.0
zinterp[16]   0.52  6.6e-4   0.03   0.47    0.5   0.52   0.54   0.59   2369    1.0
zinterp[17]   0.55  7.1e-4   0.03   0.49   0.53   0.55   0.57   0.63   2356    1.0
zinterp[18]   0.58  7.6e-4   0.04   0.52   0.55   0.57    0.6   0.66   2343    1.0
zinterp[19]    0.6  8.1e-4   0.04   0.54   0.58    0.6   0.63   0.69   2331    1.0
zinterp[20]   0.63  8.6e-4   0.04   0.56    0.6   0.63   0.66   0.72   2320    1.0
zinterp[21]   0.66  9.1e-4   0.04   0.59   0.63   0.65   0.68   0.76   2309    1.0
zinterp[22]   0.68  9.6e-4   0.05   0.61   0.65   0.68   0.71   0.79   2300    1.0
zinterp[23]   0.71  1.0e-3   0.05   0.63   0.67    0.7   0.74   0.82   2290    1.0
zinterp[24]   0.73  1.1e-3   0.05   0.65    0.7   0.73   0.76   0.85   2174    1.0
zinterp[25]   0.76  1.1e-3   0.05   0.68   0.72   0.75   0.79   0.88   2165    1.0
zinterp[26]   0.78  1.2e-3   0.06    0.7   0.74   0.78   0.82   0.91   2157    1.0
zinterp[27]   0.81  1.2e-3   0.06   0.72   0.77    0.8   0.84   0.94   2149    1.0
zinterp[28]   0.83  1.3e-3   0.06   0.74   0.79   0.83   0.87   0.97   2142    1.0
zinterp[29]   0.86  1.3e-3   0.06   0.76   0.81   0.85   0.89    1.0   2134    1.0
zinterp[30]   0.88  1.4e-3   0.06   0.78   0.84   0.87   0.92   1.03   2128    1.0
zinterp[31]   0.91  1.4e-3   0.07   0.81   0.86    0.9   0.94   1.06   2121    1.0
zinterp[32]   0.93  1.5e-3   0.07   0.83   0.88   0.92   0.97   1.09   2115    1.0
zinterp[33]   0.95  1.5e-3   0.07   0.85    0.9   0.94   0.99   1.12   2109    1.0
zinterp[34]   0.98  1.6e-3   0.07   0.87   0.93   0.97   1.02   1.15   2104    1.0
zinterp[35]    1.0  1.6e-3   0.07   0.89   0.95   0.99   1.04   1.18   2098    1.0
zinterp[36]   1.02  1.7e-3   0.08   0.91   0.97   1.01   1.07   1.21   2093    1.0
zinterp[37]   1.05  1.7e-3   0.08   0.93   0.99   1.03   1.09   1.24   2089    1.0
zinterp[38]   1.07  1.8e-3   0.08   0.95   1.01   1.06   1.11   1.27   2084    1.0
zinterp[39]   1.09  1.8e-3   0.08   0.97   1.03   1.08   1.14   1.29   2079    1.0
zinterp[40]   1.12  1.9e-3   0.09   0.99   1.06    1.1   1.16   1.32   2075    1.0
zinterp[41]   1.14  1.9e-3   0.09   1.01   1.08   1.12   1.19   1.35   2071    1.0
zinterp[42]   1.16  2.0e-3   0.09   1.03    1.1   1.15   1.21   1.38   2067    1.0
zinterp[43]   1.19  2.0e-3   0.09   1.05   1.12   1.17   1.23   1.41   2063    1.0
zinterp[44]   1.21  2.1e-3   0.09   1.07   1.14   1.19   1.26   1.43   2060    1.0
zinterp[45]   1.23  2.1e-3    0.1    1.1   1.16   1.21   1.28   1.46   2056    1.0
zinterp[46]   1.25  2.2e-3    0.1   1.12   1.18   1.23    1.3   1.49   2053    1.0
zinterp[47]   1.27  2.2e-3    0.1   1.14    1.2   1.26   1.32   1.52   2050    1.0
zinterp[48]    1.3  2.3e-3    0.1   1.16   1.22   1.28   1.35   1.54   2047    1.0
zinterp[49]   1.32  2.3e-3    0.1   1.18   1.25    1.3   1.37   1.57   2044    1.0
zinterp[50]   1.34  2.4e-3   0.11    1.2   1.27   1.32   1.39    1.6   2041    1.0
zinterp[51]   1.36  2.4e-3   0.11   1.22   1.29   1.34   1.42   1.63   2038    1.0
zinterp[52]   1.39  2.4e-3   0.11   1.23   1.31   1.36   1.44   1.65   2035    1.0
zinterp[53]   1.41  2.5e-3   0.11   1.25   1.33   1.38   1.46   1.68   2033    1.0
zinterp[54]   1.43  2.5e-3   0.11   1.27   1.35   1.41   1.48   1.71   2030    1.0
zinterp[55]   1.45  2.6e-3   0.12   1.29   1.37   1.43   1.51   1.74   2028    1.0
zinterp[56]   1.47  2.6e-3   0.12   1.31   1.39   1.45   1.53   1.77   2026    1.0
zinterp[57]   1.49  2.7e-3   0.12   1.33   1.41   1.47   1.55   1.79   2024    1.0
zinterp[58]   1.52  2.7e-3   0.12   1.35   1.43   1.49   1.57   1.82   2022    1.0
zinterp[59]   1.54  2.8e-3   0.12   1.37   1.45   1.51   1.59   1.85   2020    1.0
zinterp[60]   1.56  2.8e-3   0.13   1.39   1.47   1.53   1.62   1.87   2018    1.0
zinterp[61]   1.58  2.9e-3   0.13   1.41   1.49   1.55   1.64    1.9   2016    1.0
zinterp[62]    1.6  2.9e-3   0.13   1.43   1.51   1.57   1.66   1.93   2014    1.0
zinterp[63]   1.62  3.0e-3   0.13   1.45   1.53   1.59   1.68   1.95   2012    1.0
zinterp[64]   1.64  3.0e-3   0.14   1.47   1.55   1.61    1.7   1.98   2010    1.0
zinterp[65]   1.66  3.1e-3   0.14   1.49   1.57   1.64   1.73    2.0   2009    1.0
zinterp[66]   1.69  3.1e-3   0.14   1.51   1.59   1.66   1.75   2.03   2007    1.0
zinterp[67]   1.71  3.2e-3   0.14   1.53   1.61   1.68   1.77   2.06   2006    1.0
zinterp[68]   1.73  3.2e-3   0.14   1.54   1.63    1.7   1.79   2.08   2004    1.0
zinterp[69]   1.75  3.3e-3   0.15   1.56   1.65   1.72   1.81   2.11   2003    1.0
zinterp[70]   1.77  3.3e-3   0.15   1.58   1.67   1.74   1.83   2.14   2001    1.0
zinterp[71]   1.79  3.3e-3   0.15    1.6   1.69   1.76   1.85   2.17   2000    1.0
zinterp[72]   1.81  3.4e-3   0.15   1.62   1.71   1.78   1.88   2.19   1999    1.0
zinterp[73]   1.83  3.4e-3   0.15   1.64   1.73    1.8    1.9   2.22   1998    1.0
zinterp[74]   1.85  3.5e-3   0.16   1.66   1.75   1.82   1.92   2.24   1997    1.0
zinterp[75]   1.87  3.6e-3   0.16   1.68   1.77   1.84   1.94   2.27   1941    1.0
zinterp[76]   1.89  3.6e-3   0.16    1.7   1.78   1.86   1.96    2.3   1939    1.0
zinterp[77]   1.91  3.7e-3   0.16   1.71    1.8   1.88   1.98   2.32   1937    1.0
zinterp[78]   1.94  3.7e-3   0.16   1.73   1.82    1.9    2.0   2.35   1936    1.0
zinterp[79]   1.96  3.8e-3   0.17   1.75   1.84   1.92   2.02   2.38   1934    1.0
zinterp[80]   1.98  3.8e-3   0.17   1.77   1.86   1.94   2.05    2.4   1933    1.0
zinterp[81]    2.0  3.9e-3   0.17   1.79   1.88   1.96   2.07   2.43   1931    1.0
zinterp[82]   2.02  3.9e-3   0.17   1.81    1.9   1.98   2.09   2.46   1930    1.0
zinterp[83]   2.04  4.0e-3   0.17   1.83   1.92    2.0   2.11   2.48   1928    1.0
zinterp[84]   2.06  4.0e-3   0.18   1.84   1.94   2.02   2.13   2.51   1927    1.0
zinterp[85]   2.08  4.1e-3   0.18   1.86   1.96   2.04   2.15   2.54   1926    1.0
zinterp[86]    2.1  4.1e-3   0.18   1.88   1.98   2.06   2.17   2.56   1924    1.0
zinterp[87]   2.12  4.2e-3   0.18    1.9    2.0   2.08   2.19   2.59   1923    1.0
zinterp[88]   2.14  4.2e-3   0.18   1.92   2.02    2.1   2.21   2.61   1922    1.0
zinterp[89]   2.16  4.3e-3   0.19   1.94   2.03   2.12   2.23   2.64   1921    1.0
zinterp[90]   2.18  4.3e-3   0.19   1.95   2.05   2.14   2.25   2.66   1920    1.0
zinterp[91]    2.2  4.4e-3   0.19   1.97   2.07   2.15   2.27   2.69   1919    1.0
zinterp[92]   2.22  4.4e-3   0.19   1.99   2.09   2.17   2.29   2.71   1918    1.0
zinterp[93]   2.24  4.5e-3   0.19   2.01   2.11   2.19   2.31   2.74   1917    1.0
zinterp[94]   2.26  4.5e-3    0.2   2.03   2.13   2.21   2.34   2.76   1916    1.0
zinterp[95]   2.28  4.6e-3    0.2   2.05   2.15   2.23   2.36   2.79   1915    1.0
zinterp[96]    2.3  4.6e-3    0.2   2.06   2.17   2.25   2.38   2.81   1914    1.0
zinterp[97]   2.32  4.6e-3    0.2   2.08   2.18   2.27    2.4   2.84   1913    1.0
zinterp[98]   2.34  4.7e-3   0.21    2.1    2.2   2.29   2.42   2.86   1912    1.0
zinterp[99]   2.36  4.7e-3   0.21   2.12   2.22   2.31   2.44   2.89   1911    1.0
lp__        -52.56    0.36  11.28 -75.27 -60.08 -52.47  -44.8 -30.99   1002    1.0

Samples were drawn using NUTS at Sun Sep 16 05:01:14 2018.
For each parameter, n_eff is a crude measure of effective sample size,
and Rhat is the potential scale reduction factor on split chains (at 
convergence, Rhat=1).
