Called with the following command line:
/cm/local/apps/slurm/var/spool/job111313/slurm_script --sampfile parameters_small.h5 --samp 64 --selfile selected.h5 --nsel 8192 --chainfile population_small_H0.h5 --tracefile traceplot_small_H0.pdf --prior H0


Gradient evaluation took 0.05 seconds
Gradient evaluation took 0.04 seconds
1000 transitions using 10 leapfrog steps per transition would take 500 seconds.
1000 transitions using 10 leapfrog steps per transition would take 400 seconds.
Adjust your expectations accordingly!
Adjust your expectations accordingly!





Gradient evaluation took 0.05 seconds
1000 transitions using 10 leapfrog steps per transition would take 500 seconds.
Adjust your expectations accordingly!



Gradient evaluation took 0.05 seconds
1000 transitions using 10 leapfrog steps per transition would take 500 seconds.
Adjust your expectations accordingly!


Iteration:    1 / 2000 [  0%]  (Warmup)
Iteration:    1 / 2000 [  0%]  (Warmup)
Iteration:    1 / 2000 [  0%]  (Warmup)
Iteration:    1 / 2000 [  0%]  (Warmup)
Iteration:  200 / 2000 [ 10%]  (Warmup)
Iteration:  200 / 2000 [ 10%]  (Warmup)
Iteration:  200 / 2000 [ 10%]  (Warmup)
Iteration:  200 / 2000 [ 10%]  (Warmup)
Iteration:  400 / 2000 [ 20%]  (Warmup)
Iteration:  400 / 2000 [ 20%]  (Warmup)
Iteration:  400 / 2000 [ 20%]  (Warmup)
Iteration:  400 / 2000 [ 20%]  (Warmup)
Iteration:  600 / 2000 [ 30%]  (Warmup)
Iteration:  600 / 2000 [ 30%]  (Warmup)
Iteration:  600 / 2000 [ 30%]  (Warmup)
Iteration:  600 / 2000 [ 30%]  (Warmup)
Iteration:  800 / 2000 [ 40%]  (Warmup)
Iteration:  800 / 2000 [ 40%]  (Warmup)
Iteration:  800 / 2000 [ 40%]  (Warmup)
Iteration: 1000 / 2000 [ 50%]  (Warmup)
Iteration: 1001 / 2000 [ 50%]  (Sampling)
Iteration: 1000 / 2000 [ 50%]  (Warmup)
Iteration: 1001 / 2000 [ 50%]  (Sampling)
Iteration:  800 / 2000 [ 40%]  (Warmup)
Iteration: 1000 / 2000 [ 50%]  (Warmup)
Iteration: 1001 / 2000 [ 50%]  (Sampling)
Iteration: 1200 / 2000 [ 60%]  (Sampling)
Iteration: 1200 / 2000 [ 60%]  (Sampling)
Iteration: 1200 / 2000 [ 60%]  (Sampling)
Iteration: 1000 / 2000 [ 50%]  (Warmup)
Iteration: 1001 / 2000 [ 50%]  (Sampling)
Iteration: 1400 / 2000 [ 70%]  (Sampling)
Iteration: 1400 / 2000 [ 70%]  (Sampling)
Iteration: 1400 / 2000 [ 70%]  (Sampling)
Iteration: 1200 / 2000 [ 60%]  (Sampling)
Iteration: 1600 / 2000 [ 80%]  (Sampling)
Iteration: 1600 / 2000 [ 80%]  (Sampling)
Iteration: 1400 / 2000 [ 70%]  (Sampling)
Iteration: 1600 / 2000 [ 80%]  (Sampling)
Iteration: 1800 / 2000 [ 90%]  (Sampling)
Iteration: 1800 / 2000 [ 90%]  (Sampling)
Iteration: 1600 / 2000 [ 80%]  (Sampling)
Iteration: 1800 / 2000 [ 90%]  (Sampling)
Iteration: 2000 / 2000 [100%]  (Sampling)

 Elapsed Time: 8849.07 seconds (Warm-up)
               6917.86 seconds (Sampling)
               15766.9 seconds (Total)

Iteration: 2000 / 2000 [100%]  (Sampling)

 Elapsed Time: 9092.34 seconds (Warm-up)
               6876.49 seconds (Sampling)
               15968.8 seconds (Total)

Iteration: 1800 / 2000 [ 90%]  (Sampling)
Iteration: 2000 / 2000 [100%]  (Sampling)

 Elapsed Time: 9286.83 seconds (Warm-up)
               6920.49 seconds (Sampling)
               16207.3 seconds (Total)

Iteration: 2000 / 2000 [100%]  (Sampling)

 Elapsed Time: 10661.3 seconds (Warm-up)
               6710.86 seconds (Sampling)
               17372.2 seconds (Total)

Inference for Stan model: anon_model_61d680ba7ac3f61f0c0c9b8469be551c.
4 chains, each with iter=2000; warmup=1000; thin=1; 
post-warmup draws per chain=1000, total post-warmup draws=4000.

               mean se_mean     sd   2.5%    25%    50%    75%  97.5%  n_eff   Rhat
H0            67.73    0.01   0.68  66.39  67.28  67.73   68.2  69.07   4000    1.0
Om              0.3  1.6e-3    0.1    0.1   0.24    0.3   0.37    0.5   4000    1.0
w             -1.01  7.2e-3   0.46  -1.92  -1.33   -1.0  -0.69  -0.15   4000    1.0
R0           152.97    7.12  55.61  74.13 113.89 142.84 180.03 286.49     61   1.03
alpha          1.15    0.02    0.4   0.34   0.89   1.16   1.43   1.94    522   1.02
beta          -0.03  7.5e-3   0.48  -0.89  -0.36  -0.05    0.3   0.97   4000    1.0
gamma          2.37    0.01   0.89   0.57   1.78   2.38   2.96   4.07   4000    1.0
MMin           4.46    0.49   0.86    3.1   3.85   4.32   5.16   6.04      3   1.99
MMax          39.97     0.1   2.11  36.58  38.49  39.72  41.25  44.74    415   1.01
m1_true[0]     18.8    0.04    2.4   15.3  16.95  18.39  20.15  24.33   3169    1.0
m1_true[1]    25.42    0.06    3.4  20.27  22.95  24.92  27.43  33.66   2858    1.0
m1_true[2]    11.64    0.02   1.42   9.59  10.53  11.41  12.55  14.88   3353    1.0
m1_true[3]    36.09    0.06   2.94  30.48  33.99  36.13  38.13  41.79   2502    1.0
m1_true[4]    22.61    0.06   3.16  16.53  20.42  22.63  24.65  28.99   2569    1.0
m1_true[5]    33.05    0.05   2.87  28.04  30.93   32.9  35.02  38.91   2763    1.0
m1_true[6]    15.31    0.04   2.23  11.89  13.53  14.94  16.93  19.99   3568    1.0
m1_true[7]    32.21    0.09   4.08  24.27  29.31   32.1  35.15  40.01   2017    1.0
m1_true[8]    17.02    0.04   1.94  12.64  15.86  17.05  18.32  20.61   2327    1.0
m1_true[9]    29.19    0.09   3.38  21.96  27.02  29.07  31.37  35.92   1309    1.0
m1_true[10]    35.8    0.06   2.82  30.38   33.8  35.82  37.71  41.29   2364    1.0
m1_true[11]   38.02    0.07   2.34  33.51  36.49  37.92  39.49  42.96   1144   1.01
m1_true[12]   28.02    0.07   3.43  22.57  25.55  27.43  30.05  35.96   2371    1.0
m1_true[13]   30.54    0.06   2.97  25.71  28.26   30.2  32.47  36.96   2453    1.0
m1_true[14]    34.9    0.07   3.28  28.74  32.52  34.92  37.17  41.21   2401    1.0
m1_true[15]   29.64    0.06   3.13  24.82  27.25  29.22  31.61  36.75   3010    1.0
m1_true[16]   31.69    0.05   2.83  26.82  29.61  31.51  33.51  37.77   2966    1.0
m1_true[17]   32.49    0.03   1.84  29.01   31.2  32.48  33.75  36.19   4000    1.0
m1_true[18]   35.83    0.07    3.0  29.77   33.8  35.96  37.91  41.41   1697    1.0
m1_true[19]   28.97    0.06   2.99  23.47   26.9  28.77  30.81  35.27   2375    1.0
m1_true[20]   37.26    0.08    2.7   32.0  35.39  37.33  39.08  42.65   1118    1.0
m1_true[21]   16.54    0.03   1.47  14.33  15.48  16.28  17.36  20.25   2976    1.0
m1_true[22]   30.91    0.04   2.59  27.23  28.95  30.35   32.5  36.93   3316    1.0
m1_true[23]   18.87    0.08   1.89  15.26  17.67  18.73  19.92   23.1    538   1.01
m1_true[24]   23.77    0.04   2.13   19.7  22.26  23.76  25.19  27.99   2275    1.0
m1_true[25]   12.55    0.03   1.52  10.43  11.32   12.3  13.52  15.91   3507    1.0
m1_true[26]   15.57    0.04   2.01  12.48  13.96  15.29  16.93  19.83   3194    1.0
m1_true[27]    6.78     0.2   0.65   5.83    6.3   6.63   7.17   8.31     11   1.09
m1_true[28]   17.33    0.03   1.74  14.39  16.07  17.16   18.4  21.18   3211    1.0
m1_true[29]   27.84    0.08    4.4  19.79   24.5   28.0  30.97  36.36   2690    1.0
m1_true[30]   34.83    0.05   2.84  29.97  32.53  34.83  36.91   40.4   3195    1.0
m1_true[31]   29.16    0.07   3.82  22.92  26.26  28.74  31.59  37.52   3080    1.0
m1_true[32]   30.85    0.03   2.11  27.65  29.21  30.55  32.22  35.48   4000    1.0
m1_true[33]   27.16    0.07   3.97  20.77   24.1   26.8  29.76  35.84   3257    1.0
m1_true[34]   38.33    0.07   2.07  34.62  36.91  38.18  39.58  42.71    848   1.01
m1_true[35]   24.19    0.02   1.49  21.97  23.05  23.97  25.08  27.64   4000    1.0
m1_true[36]    34.1    0.05   3.17  28.37  31.65  33.96  36.41   40.1   4000    1.0
m1_true[37]    36.1    0.07    3.0  30.11  34.12  36.17  38.11  41.82   1950    1.0
m1_true[38]   17.86    0.05   2.51  13.75   16.0   17.6  19.56  23.11   2576    1.0
m1_true[39]   23.85    0.05   2.58   18.8  22.03  23.87  25.62  28.78   2870    1.0
m1_true[40]   37.98    0.06   2.14   34.0  36.53  37.89  39.34  42.42   1220    1.0
m1_true[41]   16.36    0.04   2.17  13.25  14.77  15.91  17.57  21.69   2902    1.0
m1_true[42]   23.95    0.04   2.45  20.13  22.03   23.7   25.6  29.27   3032    1.0
m1_true[43]   21.34    0.03    1.6   18.4  20.18  21.27  22.47  24.53   4000    1.0
m1_true[44]   36.85    0.07    2.7  31.52   35.1  36.88  38.65   42.2   1499    1.0
m1_true[45]   34.93    0.06   2.93  29.91  32.72  34.74  36.96   41.0   2307    1.0
m1_true[46]   27.08    0.06   3.31   21.5  24.58  26.82  29.38   34.0   3595    1.0
m1_true[47]   12.38    0.09    2.1    8.7   10.8  12.41  13.87   16.5    536   1.01
m1_true[48]   18.33    0.04   1.62  15.01  17.26  18.42  19.43  21.38   1916    1.0
m1_true[49]   36.43    0.05   2.43  32.01  34.67  36.48  38.15   41.2   2189    1.0
m1_true[50]   31.25    0.08   4.34  23.33  27.82  31.37  34.62  39.12   2781    1.0
m1_true[51]   29.98    0.06   3.18  23.84  27.75  29.91  32.15  36.34   3270    1.0
m1_true[52]   21.72    0.04   2.41  18.12  19.85  21.34  23.34  27.04   2934    1.0
m1_true[53]   35.22    0.05   2.79  30.05  33.24  35.17   37.1  40.74   2583    1.0
m1_true[54]   13.38    0.02   1.12  11.51  12.53  13.27  14.12  15.69   4000    1.0
m1_true[55]   34.18    0.06   3.28  27.91  31.83  34.17  36.49  40.58   3115    1.0
m1_true[56]   33.48    0.06   3.53  26.67  30.89  33.68   36.2  39.58   4000    1.0
m1_true[57]   30.24    0.07   3.19  25.21  27.95  29.74  32.08   37.8   2309    1.0
m1_true[58]   20.16    0.03   1.69  17.42  18.84  20.05   21.3  23.78   3566    1.0
m1_true[59]    33.6    0.06   3.15  27.78  31.38  33.48  35.85   39.9   3147    1.0
m1_true[60]   33.56    0.04    2.3  29.99   31.7  33.33  35.23  38.34   4000    1.0
m2_frac[0]      0.6  3.7e-3   0.19   0.25   0.46    0.6   0.75   0.96   2748   1.01
m2_frac[1]     0.66  2.7e-3   0.17   0.33   0.52   0.66   0.79   0.96   4000    1.0
m2_frac[2]     0.57    0.02   0.22   0.17    0.4   0.57   0.74   0.97    117   1.02
m2_frac[3]     0.69  2.9e-3   0.13   0.47    0.6   0.68   0.79   0.95   2063    1.0
m2_frac[4]     0.42  5.2e-3   0.16    0.2   0.31   0.39    0.5   0.83    918   1.01
m2_frac[5]     0.75  2.0e-3   0.12   0.52   0.66   0.75   0.85   0.97   4000    1.0
m2_frac[6]     0.49  8.5e-3   0.21   0.16   0.33   0.47   0.63   0.94    576   1.02
m2_frac[7]     0.75  2.3e-3   0.15   0.48   0.63   0.76   0.87   0.98   4000    1.0
m2_frac[8]     0.18    0.03    0.1   0.02   0.11   0.17   0.23   0.43      9   1.12
m2_frac[9]     0.78  2.4e-3   0.13   0.51   0.68   0.79   0.89   0.99   3023    1.0
m2_frac[10]    0.85  1.5e-3   0.09   0.65   0.79   0.87   0.93   0.99   4000    1.0
m2_frac[11]    0.92  1.0e-3   0.06   0.77   0.88   0.93   0.96    1.0   4000    1.0
m2_frac[12]     0.7  3.1e-3   0.17   0.39   0.58   0.71   0.84   0.98   2808    1.0
m2_frac[13]    0.75  2.1e-3   0.13   0.47   0.67   0.75   0.84   0.97   3669    1.0
m2_frac[14]    0.75  2.1e-3   0.13    0.5   0.65   0.74   0.84   0.98   4000    1.0
m2_frac[15]    0.75  2.4e-3   0.15   0.46   0.63   0.75   0.87   0.98   4000    1.0
m2_frac[16]    0.81  1.8e-3   0.11   0.57   0.73   0.82   0.91   0.99   4000    1.0
m2_frac[17]    0.46    0.01   0.06   0.35   0.42   0.46   0.51   0.58     34   1.03
m2_frac[18]    0.45  5.9e-3   0.09   0.31   0.38   0.44    0.5   0.66    234   1.02
m2_frac[19]    0.78  2.9e-3   0.13   0.49    0.7    0.8   0.88   0.99   2088    1.0
m2_frac[20]     0.9  1.1e-3   0.07   0.73   0.85   0.91   0.95    1.0   4000    1.0
m2_frac[21]    0.75  2.8e-3   0.15   0.44   0.65   0.77   0.87   0.98   2871    1.0
m2_frac[22]    0.79  2.0e-3   0.13   0.53    0.7    0.8   0.89   0.99   4000    1.0
m2_frac[23]    0.78  2.1e-3   0.13   0.48    0.7   0.79   0.88   0.99   4000   1.01
m2_frac[24]    0.84  1.6e-3    0.1   0.61   0.77   0.85   0.92   0.99   4000    1.0
m2_frac[25]    0.59    0.01   0.22   0.18   0.41   0.58   0.77   0.97    236   1.02
m2_frac[26]    0.58  4.0e-3    0.2   0.24   0.41   0.57   0.74   0.95   2529   1.01
m2_frac[27]    0.49  4.3e-3   0.27   0.03   0.27   0.48   0.71   0.96   4000   1.02
m2_frac[28]    0.71  3.0e-3   0.17   0.39   0.57   0.71   0.84   0.98   3041   1.01
m2_frac[29]    0.44  3.8e-3   0.16   0.21   0.32   0.41   0.54   0.83   1709   1.01
m2_frac[30]    0.75  2.5e-3   0.13   0.51   0.64   0.73   0.85   0.98   2768    1.0
m2_frac[31]    0.66  3.1e-3   0.17   0.35   0.53   0.66    0.8   0.97   3105    1.0
m2_frac[32]    0.79  1.9e-3   0.12   0.57    0.7   0.79   0.89   0.98   4000    1.0
m2_frac[33]    0.66  2.8e-3   0.18   0.32   0.53   0.65   0.79   0.97   4000    1.0
m2_frac[34]    0.92  9.7e-4   0.06   0.77   0.88   0.93   0.97    1.0   4000    1.0
m2_frac[35]    0.81  1.7e-3   0.11   0.59   0.73   0.81   0.89   0.98   4000    1.0
m2_frac[36]    0.72  2.3e-3   0.15   0.46   0.61   0.72   0.84   0.98   4000    1.0
m2_frac[37]    0.76  1.9e-3   0.12   0.54   0.68   0.76   0.86   0.98   4000    1.0
m2_frac[38]    0.54  4.7e-3   0.19   0.24   0.39   0.52   0.68   0.94   1636   1.01
m2_frac[39]    0.44  2.9e-3   0.12   0.26   0.35   0.42    0.5   0.73   1619   1.01
m2_frac[40]    0.88  1.2e-3   0.08    0.7   0.83    0.9   0.95   0.99   4000   1.01
m2_frac[41]    0.66  3.6e-3    0.2   0.26   0.51   0.68   0.82   0.98   3067   1.01
m2_frac[42]     0.7  2.9e-3   0.16   0.42   0.57   0.69   0.82   0.97   2937    1.0
m2_frac[43]    0.22    0.03   0.06    0.1   0.17   0.22   0.26   0.35      6    1.2
m2_frac[44]    0.87  1.4e-3   0.09   0.65   0.82   0.89   0.94   0.99   4000    1.0
m2_frac[45]     0.8  1.8e-3   0.12   0.57   0.71    0.8   0.89   0.99   4000    1.0
m2_frac[46]    0.63  3.0e-3   0.17   0.33   0.49   0.61   0.75   0.96   3255    1.0
m2_frac[47]    0.38  7.6e-3   0.24   0.04   0.19   0.32   0.53   0.93   1019   1.01
m2_frac[48]    0.42    0.01   0.12   0.24   0.34    0.4   0.48   0.73    105   1.03
m2_frac[49]    0.77  2.3e-3   0.11   0.58   0.69   0.76   0.84   0.98   2027    1.0
m2_frac[50]    0.12    0.02   0.05   0.03   0.09   0.12   0.16   0.24      8   1.14
m2_frac[51]    0.19    0.02   0.05    0.1   0.16   0.19   0.23   0.31      9   1.12
m2_frac[52]    0.72  3.0e-3   0.16   0.42   0.59   0.74   0.86   0.98   2874    1.0
m2_frac[53]    0.84  1.6e-3    0.1   0.62   0.76   0.85   0.92   0.99   4000    1.0
m2_frac[54]    0.71  3.6e-3   0.16   0.38   0.59   0.72   0.84   0.98   2061   1.01
m2_frac[55]    0.82  1.7e-3   0.11   0.59   0.74   0.82    0.9   0.98   4000    1.0
m2_frac[56]    0.17    0.02   0.05   0.07   0.13   0.16    0.2   0.29      9   1.12
m2_frac[57]    0.77  2.7e-3   0.14   0.47   0.67   0.78   0.88   0.99   2791    1.0
m2_frac[58]    0.69  2.6e-3   0.14   0.44   0.59   0.68    0.8   0.96   2936    1.0
m2_frac[59]    0.76  2.1e-3   0.13   0.49   0.66   0.77   0.87   0.98   4000    1.0
m2_frac[60]    0.78  1.8e-3   0.11   0.57   0.69   0.78   0.87   0.98   4000    1.0
dl_true[0]     1.21  4.5e-3   0.29   0.68   1.01   1.21    1.4   1.81   4000    1.0
dl_true[1]     1.73  6.0e-3   0.38   1.07   1.45    1.7   1.98   2.56   4000    1.0
dl_true[2]     1.28  3.3e-3   0.21   0.91   1.14   1.27   1.41   1.71   4000    1.0
dl_true[3]     2.84  7.5e-3   0.47   1.93   2.52   2.84   3.16   3.81   4000    1.0
dl_true[4]     2.47  5.5e-3   0.35   1.81   2.22   2.47   2.71   3.16   4000    1.0
dl_true[5]     2.02  3.9e-3   0.25   1.59   1.86    2.0   2.15   2.64   4000    1.0
dl_true[6]     1.53  4.7e-3   0.29    1.0   1.31    1.5   1.74   2.11   4000    1.0
dl_true[7]     4.91    0.03    1.1   3.11   4.19   4.78   5.51   7.81   1618    1.0
dl_true[8]     1.19  3.0e-3   0.19   0.84   1.06   1.19   1.33   1.55   4000    1.0
dl_true[9]     5.85    0.04   1.28   3.92   5.03   5.66   6.39   9.67    854    1.0
dl_true[10]    4.78    0.01   0.76   3.38   4.23   4.75   5.32   6.26   4000    1.0
dl_true[11]    8.49    0.01   0.82   6.89   7.94   8.49   9.04  10.08   4000    1.0
dl_true[12]    3.27    0.01   0.72   2.06   2.78    3.2   3.64   5.08   4000    1.0
dl_true[13]    3.25  7.9e-3    0.5    2.3   2.91   3.24   3.54   4.42   4000    1.0
dl_true[14]    3.35  8.6e-3   0.55   2.38   2.97    3.3    3.7   4.53   4000    1.0
dl_true[15]    1.68  4.6e-3   0.29   1.13   1.49   1.66   1.85    2.3   4000    1.0
dl_true[16]    2.84  8.9e-3   0.56   1.79   2.45   2.81   3.23   3.95   4000    1.0
dl_true[17]    1.07  1.6e-3    0.1   0.89    1.0   1.07   1.14   1.28   4000    1.0
dl_true[18]    1.79  5.0e-3   0.32   1.24   1.57   1.75   1.98   2.49   4000    1.0
dl_true[19]    5.22    0.04   1.18   3.27   4.45   5.11   5.72   8.47   1120    1.0
dl_true[20]    4.86    0.02   0.79   3.46   4.27   4.76   5.47   6.41   1923    1.0
dl_true[21]    0.89  2.7e-3   0.17   0.54   0.78   0.89    1.0   1.27   4000    1.0
dl_true[22]    1.33  3.2e-3    0.2   0.97   1.19   1.32   1.46   1.76   4000    1.0
dl_true[23]    4.06    0.06   0.85   2.87    3.5   3.91   4.43    6.7    185   1.02
dl_true[24]    3.53    0.02   0.67   2.41   3.09   3.46   3.87   5.35   1653    1.0
dl_true[25]     1.1  2.6e-3   0.17   0.81   0.99    1.1    1.2   1.46   4000    1.0
dl_true[26]    1.37  3.7e-3   0.24   0.94    1.2   1.36   1.53   1.86   4000    1.0
dl_true[27]    1.09  3.0e-3   0.19   0.71   0.97   1.09   1.21   1.47   4000   1.01
dl_true[28]    1.91  6.1e-3   0.38   1.22   1.63   1.87   2.18   2.68   4000    1.0
dl_true[29]    1.88  7.3e-3   0.46   1.01   1.52   1.87   2.24   2.71   4000    1.0
dl_true[30]    1.05  2.9e-3   0.18   0.69   0.93   1.05   1.18    1.4   4000    1.0
dl_true[31]    2.29  9.1e-3   0.57   1.15   1.91   2.27   2.68    3.4   4000    1.0
dl_true[32]     1.6  2.3e-3   0.15   1.29    1.5   1.61    1.7   1.85   4000    1.0
dl_true[33]    3.45    0.01   0.69   2.24   2.95   3.41   3.94   4.84   4000    1.0
dl_true[34]    3.73  9.1e-3   0.41   2.89   3.46   3.76   4.04   4.44   1990    1.0
dl_true[35]    0.97  1.7e-3   0.11   0.76    0.9   0.97   1.04    1.2   4000    1.0
dl_true[36]    1.86  6.2e-3   0.39   1.13   1.59   1.84   2.12   2.67   4000    1.0
dl_true[37]    3.03    0.01   0.65   1.77   2.56   3.04    3.5   4.25   4000    1.0
dl_true[38]    1.63  4.3e-3   0.27    1.1   1.44   1.62   1.81   2.17   4000    1.0
dl_true[39]    1.03  3.1e-3    0.2   0.66    0.9   1.03   1.16   1.43   4000    1.0
dl_true[40]    5.38  8.6e-3   0.54    4.3    5.0    5.4   5.75    6.4   4000    1.0
dl_true[41]    2.78  7.6e-3   0.48   1.92   2.43   2.77    3.1   3.76   4000    1.0
dl_true[42]    1.92  3.6e-3   0.23    1.5   1.75    1.9   2.08   2.37   4000    1.0
dl_true[43]    0.84  1.8e-3   0.11   0.64   0.76   0.83   0.91   1.08   4000    1.0
dl_true[44]    6.19    0.02   0.89   4.67   5.59   6.09   6.69    8.2   2543    1.0
dl_true[45]    3.86  7.3e-3   0.46   2.96   3.55   3.85   4.15    4.8   4000    1.0
dl_true[46]    2.95  6.5e-3   0.41   2.25   2.66    2.9   3.23   3.81   4000    1.0
dl_true[47]    1.95    0.02   0.47   1.15   1.64   1.91   2.17   3.19    644   1.01
dl_true[48]    0.86  1.6e-3    0.1   0.68    0.8   0.86   0.92   1.11   4000    1.0
dl_true[49]     2.1  2.8e-3   0.18   1.76   1.97   2.09   2.21    2.5   4000    1.0
dl_true[50]    2.36  6.1e-3   0.38   1.65   2.09   2.34    2.6   3.18   4000    1.0
dl_true[51]    2.08  6.7e-3   0.42   1.35   1.76   2.05   2.37   2.93   4000    1.0
dl_true[52]    1.57  5.2e-3   0.33   0.95   1.35   1.56   1.77   2.27   4000    1.0
dl_true[53]    4.37    0.01   0.68   3.18   3.88   4.32   4.84   5.74   4000    1.0
dl_true[54]    0.92  3.7e-3   0.23   0.51   0.74   0.91   1.09   1.37   4000    1.0
dl_true[55]    6.59    0.02   1.09   4.66   5.83   6.52   7.27   9.03   4000    1.0
dl_true[56]    2.28    0.01   0.56   1.34    1.9   2.23   2.58   3.68   2426    1.0
dl_true[57]    2.57  6.6e-3   0.42   1.86   2.29   2.54   2.81    3.6   4000    1.0
dl_true[58]    0.91  1.9e-3   0.12   0.66   0.83   0.91   0.99   1.14   4000    1.0
dl_true[59]    2.82  9.1e-3   0.58   1.78    2.4   2.78   3.22   3.97   4000    1.0
dl_true[60]    0.83  1.4e-3   0.09   0.65   0.77   0.83   0.88   0.99   4000    1.0
dH             4.43  7.0e-4   0.04   4.34    4.4   4.43   4.46   4.52   4000    1.0
Nex           60.52    0.12   7.88  46.14  55.07  60.28  65.68  76.72   4000    1.0
sigma_Nex      2.67  7.0e-3   0.44   1.94   2.37   2.64   2.93   3.65   4000    1.0
neff_det     526.66    1.51  95.75 320.59 468.31 531.25  590.3 707.54   4000    1.0
m2_true[0]    12.73    0.03   1.57   9.56  11.62  12.75  13.91  15.54   3114    1.0
m2_true[1]    17.68    0.03   1.98   13.7  16.29  17.69  19.15  21.23   4000    1.0
m2_true[2]     8.34    0.01   0.86   6.58   7.74   8.43   8.99   9.74   4000    1.0
m2_true[3]    26.13    0.04   2.72  20.98  24.23  26.16  28.04  31.35   4000    1.0
m2_true[4]    11.72    0.03   1.34   9.46  10.78  11.57  12.57  14.64   2694    1.0
m2_true[5]    25.63    0.03   1.84  22.02   24.3  25.71  27.02  28.99   4000    1.0
m2_true[6]     9.45    0.02   1.21   7.27   8.57    9.4  10.26  11.92   4000    1.0
m2_true[7]    24.84    0.05   2.94  19.28  22.72  24.83  26.92   30.5   4000    1.0
m2_true[8]     6.61    0.01   0.62    5.6   6.16   6.54   6.96   8.07   2223    1.0
m2_true[9]    23.47    0.04   2.64  18.25  21.54  23.64  25.39  28.25   4000    1.0
m2_true[10]   31.08    0.04   2.65  25.92   29.3  30.98  32.77  36.37   4000    1.0
m2_true[11]   35.21    0.06   2.62  30.04  33.62  35.25  36.91  40.09   1889    1.0
m2_true[12]   20.64    0.04   2.63  15.62  18.72  20.76  22.58   25.3   4000    1.0
m2_true[13]    23.7    0.04   1.97  19.28  22.55  23.84  24.94  27.38   3017    1.0
m2_true[14]   26.81    0.04   2.53  21.54  25.17  26.99  28.56  31.57   4000    1.0
m2_true[15]   22.86    0.03   1.96  18.81  21.49   23.0  24.31  26.34   4000    1.0
m2_true[16]   26.33    0.03   2.19  21.43  24.97  26.45  27.82  30.57   4000    1.0
m2_true[17]   17.36    0.01   0.85  15.85  16.72  17.33  17.99  19.02   4000    1.0
m2_true[18]   18.38    0.03   1.66  15.42  17.14  18.41  19.53   21.6   2891    1.0
m2_true[19]   23.41    0.07   2.88  16.81  21.77   23.7  25.35  28.44   1783    1.0
m2_true[20]   33.79    0.04   2.65   29.0  31.87  33.67  35.59  38.95   4000    1.0
m2_true[21]   13.39    0.02   0.97   11.4  12.71  13.49  14.11  15.06   4000    1.0
m2_true[22]    25.1    0.03    1.8  21.49  23.86  25.24  26.45  28.15   4000    1.0
m2_true[23]   15.55    0.08    1.6  11.96  14.58  15.74  16.66  18.27    452   1.01
m2_true[24]   20.49    0.03   1.63  17.21  19.41  20.49   21.6  23.66   4000    1.0
m2_true[25]    8.93    0.02   0.99   6.96   8.19   8.99   9.73   10.5   3439    1.0
m2_true[26]   10.54    0.02   1.19   8.24   9.63  10.62  11.45  12.69   4000    1.0
m2_true[27]    5.55    0.18   0.48   4.48   5.23   5.64   5.92   6.26      7   1.15
m2_true[28]   13.31    0.02   1.28  10.68  12.38  13.45  14.25  15.53   4000    1.0
m2_true[29]   14.12    0.03   1.85  10.91   12.8  14.06  15.27   18.0   4000    1.0
m2_true[30]    26.8    0.03   2.15  22.62   25.2  26.82  28.49  30.56   4000    1.0
m2_true[31]   20.32    0.04   2.62  15.37  18.44  20.25  22.17  25.39   4000    1.0
m2_true[32]   25.07    0.03   1.71  21.78  23.79  25.12  26.41   28.1   4000    1.0
m2_true[33]   18.78    0.04   2.25  14.11  17.31  18.89  20.37  22.98   4000    1.0
m2_true[34]    35.5    0.03   1.95  31.67   34.2  35.51  36.79  39.24   4000    1.0
m2_true[35]   20.21    0.02   1.12  17.72  19.51  20.33  21.06  22.02   4000    1.0
m2_true[36]   25.44    0.04   2.77  19.99  23.39  25.56  27.58  30.37   4000    1.0
m2_true[37]   28.41    0.05   2.87  23.37   26.4  28.14  30.31  34.41   4000    1.0
m2_true[38]   11.36    0.02   1.26   9.07   10.4  11.29   12.3  13.76   3090    1.0
m2_true[39]   12.71    0.02   1.09   10.8  11.96  12.64  13.37  15.12   3034    1.0
m2_true[40]   34.02    0.04   2.49  28.88  32.42  34.15  35.79  38.58   4000    1.0
m2_true[41]   11.96    0.02   1.42   8.85  11.06  12.14  13.01   14.3   4000    1.0
m2_true[42]   17.67    0.02   1.56  14.59  16.52  17.75   18.9  20.37   4000    1.0
m2_true[43]    8.14  8.1e-3   0.51   7.18   7.77   8.15    8.5   9.14   4000    1.0
m2_true[44]   32.66    0.05   2.87  26.41  30.86  32.69  34.56  38.21   4000    1.0
m2_true[45]   28.54    0.03   2.15  24.16  27.14  28.66  30.01  32.59   4000    1.0
m2_true[46]   18.12    0.03   2.15  13.84   16.6  18.24  19.73  21.95   4000    1.0
m2_true[47]    7.09    0.02   1.03   5.23   6.36   7.03   7.74   9.14   2682    1.0
m2_true[48]   10.12    0.03   0.83   8.75   9.54  10.04  10.61  12.37   1027   1.01
m2_true[49]   28.86    0.03   1.77  25.38  27.65  28.81  30.07  32.24   4000    1.0
m2_true[50]    7.64    0.01   0.69    6.4   7.12    7.6   8.13   9.05   4000    1.0
m2_true[51]    9.28    0.01   0.77   7.98   8.72   9.22   9.78  10.97   4000    1.0
m2_true[52]   16.63    0.02   1.56  13.52  15.45  16.81  17.81  19.25   4000    1.0
m2_true[53]   30.04    0.04   2.55  24.63  28.37  30.26  31.86  34.55   4000    1.0
m2_true[54]   10.66    0.01   0.87   8.84  10.08   10.7   11.3  12.24   4000    1.0
m2_true[55]   28.52    0.04   2.82  23.02  26.53  28.64  30.48  33.85   4000    1.0
m2_true[56]    9.19    0.02   0.97   7.41   8.48   9.18   9.85  11.14   4000    1.0
m2_true[57]   23.83    0.03   2.01  19.63  22.49  24.04  25.28  27.42   4000    1.0
m2_true[58]   15.15    0.02    1.1  12.98  14.36  15.11  15.95  17.16   4000    1.0
m2_true[59]    26.3    0.05   2.87  20.19  24.43  26.45  28.31  31.41   4000    1.0
m2_true[60]    26.9    0.03   1.71  23.64  25.66   26.9  28.23  29.88   4000    1.0
z_true[0]      0.23  8.0e-4   0.05   0.14    0.2   0.23   0.27   0.34   4000    1.0
z_true[1]      0.32  1.0e-3   0.06   0.21   0.27   0.32   0.36   0.45   4000    1.0
z_true[2]      0.25  5.8e-4   0.04   0.18   0.22   0.25   0.27   0.32   4000    1.0
z_true[3]      0.49  1.2e-3   0.08   0.35   0.44   0.49   0.54   0.65   4000    1.0
z_true[4]      0.44  9.4e-4   0.06   0.33   0.39   0.43   0.48   0.56   4000    1.0
z_true[5]      0.37  6.9e-4   0.04   0.29   0.34   0.36   0.39   0.47   4000    1.0
z_true[6]      0.29  8.1e-4   0.05    0.2   0.25   0.28   0.32   0.39   4000    1.0
z_true[7]      0.77  3.4e-3   0.15   0.51   0.67   0.75   0.86   1.13   2096    1.0
z_true[8]      0.23  5.4e-4   0.03   0.17   0.21   0.23   0.26    0.3   4000    1.0
z_true[9]      0.89  5.5e-3   0.18   0.62   0.78   0.87   0.98   1.33   1023    1.0
z_true[10]     0.76  1.9e-3   0.12   0.55   0.67   0.75   0.83    1.0   4000    1.0
z_true[11]     1.21  3.8e-3   0.14   0.96   1.12    1.2   1.29   1.51   1436    1.0
z_true[12]     0.55  1.7e-3   0.11   0.36   0.48   0.54   0.61    0.8   4000    1.0
z_true[13]     0.55  1.6e-3   0.08    0.4    0.5   0.54    0.6   0.72   2434    1.0
z_true[14]     0.56  1.4e-3   0.09   0.41    0.5   0.56   0.62   0.75   4000    1.0
z_true[15]     0.31  7.8e-4   0.05   0.22   0.28   0.31   0.34   0.42   4000    1.0
z_true[16]     0.49  1.4e-3   0.09   0.33   0.43   0.48   0.55   0.66   4000    1.0
z_true[17]     0.21  3.1e-4   0.02   0.18    0.2   0.21   0.22   0.25   4000    1.0
z_true[18]     0.33  8.7e-4   0.06   0.24   0.29   0.32   0.36   0.45   4000    1.0
z_true[19]     0.81  4.7e-3   0.17   0.55    0.7   0.79   0.89   1.22   1227    1.0
z_true[20]     0.77  3.0e-3   0.12   0.56   0.68   0.76   0.85   1.01   1572    1.0
z_true[21]     0.18  5.1e-4   0.03   0.11   0.16   0.18    0.2   0.25   4000    1.0
z_true[22]     0.25  5.6e-4   0.04   0.19   0.23   0.25   0.28   0.33   4000    1.0
z_true[23]     0.66  7.5e-3   0.12   0.48   0.58   0.64   0.72   0.98    267   1.01
z_true[24]     0.59  2.4e-3    0.1   0.42   0.52   0.58   0.64   0.83   1782    1.0
z_true[25]     0.22  4.9e-4   0.03   0.16    0.2   0.21   0.23   0.28   4000    1.0
z_true[26]     0.26  6.5e-4   0.04   0.19   0.23   0.26   0.29   0.35   4000    1.0
z_true[27]     0.21  5.5e-4   0.04   0.14   0.19   0.21   0.24   0.28   4000   1.01
z_true[28]     0.35 10.0e-4   0.06   0.24    0.3   0.34   0.39   0.48   4000    1.0
z_true[29]     0.34  1.2e-3   0.08    0.2   0.29   0.34    0.4   0.49   4000    1.0
z_true[30]     0.21  5.2e-4   0.03   0.14   0.19   0.21   0.23   0.27   4000    1.0
z_true[31]     0.41  1.4e-3   0.09   0.22   0.35    0.4   0.47   0.58   4000    1.0
z_true[32]      0.3  4.4e-4   0.03   0.24   0.28    0.3   0.32   0.35   4000    1.0
z_true[33]     0.58  1.7e-3    0.1   0.39    0.5   0.57   0.65   0.79   4000    1.0
z_true[34]     0.62  2.0e-3   0.07   0.48   0.57   0.62   0.67   0.76   1464    1.0
z_true[35]     0.19  3.3e-4   0.02   0.15   0.18   0.19   0.21   0.24   4000    1.0
z_true[36]     0.34  1.0e-3   0.07   0.22    0.3   0.34   0.38   0.48   4000    1.0
z_true[37]     0.52  1.6e-3    0.1   0.32   0.44   0.52   0.59   0.71   4000    1.0
z_true[38]      0.3  7.4e-4   0.05   0.21   0.27    0.3   0.33    0.4   4000    1.0
z_true[39]      0.2  5.7e-4   0.04   0.13   0.18    0.2   0.23   0.28   4000    1.0
z_true[40]     0.83  2.0e-3    0.1   0.65   0.77   0.83   0.89   1.03   2363    1.0
z_true[41]     0.48  1.2e-3   0.08   0.34   0.43   0.48   0.53   0.65   4000    1.0
z_true[42]     0.35  6.5e-4   0.04   0.28   0.32   0.35   0.38   0.44   4000    1.0
z_true[43]     0.17  3.4e-4   0.02   0.13   0.15   0.17   0.18   0.21   4000    1.0
z_true[44]     0.94  3.0e-3   0.14    0.7   0.84   0.92   1.02   1.24   2053    1.0
z_true[45]     0.63  1.2e-3   0.08   0.48   0.58   0.63   0.68    0.8   4000    1.0
z_true[46]     0.51  1.1e-3   0.07   0.39   0.46    0.5   0.55   0.65   4000    1.0
z_true[47]     0.36  2.8e-3   0.08   0.22   0.31   0.35   0.39   0.55    713   1.01
z_true[48]     0.17  3.1e-4   0.02   0.14   0.16   0.17   0.19   0.22   4000    1.0
z_true[49]     0.38  5.7e-4   0.04   0.31   0.35   0.38    0.4   0.46   4000    1.0
z_true[50]     0.42  1.0e-3   0.06    0.3   0.38   0.42   0.46   0.55   4000    1.0
z_true[51]     0.38  1.1e-3   0.07   0.25   0.32   0.37   0.42   0.52   4000    1.0
z_true[52]     0.29  8.9e-4   0.06   0.19   0.26   0.29   0.33   0.41   4000    1.0
z_true[53]      0.7  1.7e-3   0.11   0.52   0.62   0.69   0.77   0.93   4000    1.0
z_true[54]     0.18  6.7e-4   0.04   0.11   0.15   0.18   0.21   0.26   4000    1.0
z_true[55]     0.98  2.5e-3   0.16   0.71   0.87   0.97   1.08   1.32   4000    1.0
z_true[56]     0.41  1.8e-3   0.09   0.25   0.35    0.4   0.45   0.61   2454    1.0
z_true[57]     0.45  1.1e-3   0.07   0.33    0.4   0.45   0.49   0.61   4000    1.0
z_true[58]     0.18  3.6e-4   0.02   0.14   0.17   0.18    0.2   0.23   4000    1.0
z_true[59]     0.49  1.4e-3   0.09   0.32   0.42   0.48   0.55   0.68   4000    1.0
z_true[60]     0.17  2.7e-4   0.02   0.13   0.16   0.17   0.18    0.2   4000    1.0
zinterp[0]      0.0     0.0    0.0    0.0    0.0    0.0    0.0    0.0   4000    nan
zinterp[1]   8.6e-3  1.4e-6 8.8e-5 8.4e-3 8.5e-3 8.6e-3 8.6e-3 8.8e-3   4000    nan
zinterp[2]     0.02  2.9e-6 1.8e-4   0.02   0.02   0.02   0.02   0.02   4000    nan
zinterp[3]     0.03  4.7e-6 3.0e-4   0.02   0.03   0.03   0.03   0.03   4000    nan
zinterp[4]     0.03  6.8e-6 4.3e-4   0.03   0.03   0.03   0.03   0.03   4000    nan
zinterp[5]     0.04  9.2e-6 5.8e-4   0.04   0.04   0.04   0.04   0.04   4000    nan
zinterp[6]     0.05  1.2e-5 7.5e-4   0.05   0.05   0.05   0.05   0.05   4000    nan
zinterp[7]     0.06  1.5e-5 9.5e-4   0.06   0.06   0.06   0.06   0.06   4000    nan
zinterp[8]     0.07  1.8e-5 1.2e-3   0.06   0.07   0.07   0.07   0.07   4000    1.0
zinterp[9]     0.07  2.2e-5 1.4e-3   0.07   0.07   0.07   0.07   0.08   4000    1.0
zinterp[10]    0.08  2.6e-5 1.7e-3   0.08   0.08   0.08   0.08   0.08   4000    1.0
zinterp[11]    0.09  3.0e-5 1.9e-3   0.09   0.09   0.09   0.09   0.09   4000    1.0
zinterp[12]     0.1  3.5e-5 2.2e-3   0.09    0.1    0.1    0.1    0.1   4000    1.0
zinterp[13]     0.1  4.8e-5 2.5e-3    0.1    0.1    0.1   0.11   0.11   2769    1.0
zinterp[14]    0.11  5.4e-5 2.8e-3   0.11   0.11   0.11   0.11   0.12   2733    1.0
zinterp[15]    0.12  6.1e-5 3.1e-3   0.11   0.12   0.12   0.12   0.13   2703    1.0
zinterp[16]    0.13  6.8e-5 3.5e-3   0.12   0.12   0.13   0.13   0.13   2637    1.0
zinterp[17]    0.13  7.5e-5 3.8e-3   0.13   0.13   0.13   0.14   0.14   2613    1.0
zinterp[18]    0.14  8.3e-5 4.2e-3   0.13   0.14   0.14   0.14   0.15   2592    1.0
zinterp[19]    0.15  9.0e-5 4.6e-3   0.14   0.15   0.15   0.15   0.16   2572    1.0
zinterp[20]    0.16  9.8e-5 5.0e-3   0.15   0.15   0.16   0.16   0.16   2555    1.0
zinterp[21]    0.16  1.1e-4 5.4e-3   0.15   0.16   0.16   0.17   0.17   2539    1.0
zinterp[22]    0.17  1.1e-4 5.8e-3   0.16   0.17   0.17   0.17   0.18   2525    1.0
zinterp[23]    0.18  1.2e-4 6.2e-3   0.16   0.17   0.18   0.18   0.19   2512    1.0
zinterp[24]    0.18  1.3e-4 6.6e-3   0.17   0.18   0.18   0.19    0.2   2499    1.0
zinterp[25]    0.19  1.4e-4 7.0e-3   0.18   0.19   0.19    0.2    0.2   2488    1.0
zinterp[26]     0.2  1.5e-4 7.5e-3   0.18   0.19    0.2    0.2   0.21   2477    1.0
zinterp[27]     0.2  1.6e-4 7.9e-3   0.19    0.2    0.2   0.21   0.22   2467    1.0
zinterp[28]    0.21  1.7e-4 8.3e-3   0.19   0.21   0.21   0.22   0.23   2458    1.0
zinterp[29]    0.22  1.8e-4 8.8e-3    0.2   0.21   0.22   0.22   0.23   2449    1.0
zinterp[30]    0.22  1.9e-4 9.3e-3   0.21   0.22   0.22   0.23   0.24   2441    1.0
zinterp[31]    0.23  2.0e-4 9.7e-3   0.21   0.22   0.23   0.24   0.25   2433    1.0
zinterp[32]    0.24  2.1e-4   0.01   0.22   0.23   0.24   0.24   0.26   2425    1.0
zinterp[33]    0.24  2.2e-4   0.01   0.22   0.24   0.24   0.25   0.27   2418    1.0
zinterp[34]    0.25  2.3e-4   0.01   0.23   0.24   0.25   0.26   0.27   2411    1.0
zinterp[35]    0.26  2.4e-4   0.01   0.23   0.25   0.26   0.26   0.28   2404    1.0
zinterp[36]    0.26  2.5e-4   0.01   0.24   0.25   0.26   0.27   0.29   2397    1.0
zinterp[37]    0.27  2.6e-4   0.01   0.25   0.26   0.27   0.28   0.29   2391    1.0
zinterp[38]    0.28  2.7e-4   0.01   0.25   0.27   0.28   0.29    0.3   2385    1.0
zinterp[39]    0.28  2.8e-4   0.01   0.26   0.27   0.28   0.29   0.31   2379    1.0
zinterp[40]    0.29  2.9e-4   0.01   0.26   0.28   0.29    0.3   0.32   2374    1.0
zinterp[41]     0.3  3.0e-4   0.01   0.27   0.28    0.3   0.31   0.32   2368    1.0
zinterp[42]     0.3  3.1e-4   0.02   0.27   0.29    0.3   0.31   0.33   2363    1.0
zinterp[43]    0.31  3.2e-4   0.02   0.28    0.3   0.31   0.32   0.34   2358    1.0
zinterp[44]    0.31  3.3e-4   0.02   0.28    0.3   0.31   0.32   0.35   2353    1.0
zinterp[45]    0.32  3.5e-4   0.02   0.29   0.31   0.32   0.33   0.35   2348    1.0
zinterp[46]    0.33  3.6e-4   0.02   0.29   0.31   0.33   0.34   0.36   2343    1.0
zinterp[47]    0.33  3.7e-4   0.02    0.3   0.32   0.33   0.34   0.37   2338    1.0
zinterp[48]    0.34  3.8e-4   0.02    0.3   0.33   0.34   0.35   0.38   2334    1.0
zinterp[49]    0.34  3.9e-4   0.02   0.31   0.33   0.34   0.36   0.38   2330    1.0
zinterp[50]    0.35  4.0e-4   0.02   0.31   0.34   0.35   0.36   0.39   2325    1.0
zinterp[51]    0.36  4.1e-4   0.02   0.32   0.34   0.36   0.37    0.4   2321    1.0
zinterp[52]    0.36  4.3e-4   0.02   0.32   0.35   0.36   0.38    0.4   2317    1.0
zinterp[53]    0.37  4.4e-4   0.02   0.33   0.35   0.37   0.38   0.41   2313    1.0
zinterp[54]    0.37  4.5e-4   0.02   0.33   0.36   0.37   0.39   0.42   2309    1.0
zinterp[55]    0.38  4.6e-4   0.02   0.34   0.37   0.38    0.4   0.43   2305    1.0
zinterp[56]    0.39  4.7e-4   0.02   0.34   0.37   0.39    0.4   0.43   2301    1.0
zinterp[57]    0.39  4.8e-4   0.02   0.35   0.38   0.39   0.41   0.44   2298    1.0
zinterp[58]     0.4  5.0e-4   0.02   0.35   0.38    0.4   0.41   0.45   2294    1.0
zinterp[59]     0.4  5.1e-4   0.02   0.36   0.39    0.4   0.42   0.45   2291    1.0
zinterp[60]    0.41  5.2e-4   0.02   0.36   0.39   0.41   0.43   0.46   2287    1.0
zinterp[61]    0.42  5.3e-4   0.03   0.37    0.4   0.42   0.43   0.47   2284    1.0
zinterp[62]    0.42  5.4e-4   0.03   0.37    0.4   0.42   0.44   0.47   2280    1.0
zinterp[63]    0.43  5.6e-4   0.03   0.38   0.41   0.43   0.45   0.48   2277    1.0
zinterp[64]    0.43  5.7e-4   0.03   0.38   0.41   0.43   0.45   0.49   2274    1.0
zinterp[65]    0.44  5.8e-4   0.03   0.39   0.42   0.44   0.46    0.5   2271    1.0
zinterp[66]    0.44  5.9e-4   0.03   0.39   0.43   0.44   0.46    0.5   2267    1.0
zinterp[67]    0.45  6.1e-4   0.03    0.4   0.43   0.45   0.47   0.51   2264    1.0
zinterp[68]    0.46  6.2e-4   0.03    0.4   0.44   0.46   0.48   0.52   2261    1.0
zinterp[69]    0.46  6.3e-4   0.03   0.41   0.44   0.46   0.48   0.52   2258    1.0
zinterp[70]    0.47  6.4e-4   0.03   0.41   0.45   0.47   0.49   0.53   2255    1.0
zinterp[71]    0.47  6.6e-4   0.03   0.41   0.45   0.47   0.49   0.54   2253    1.0
zinterp[72]    0.48  6.7e-4   0.03   0.42   0.46   0.48    0.5   0.54   2250    1.0
zinterp[73]    0.48  6.8e-4   0.03   0.42   0.46   0.48   0.51   0.55   2247    1.0
zinterp[74]    0.49  6.9e-4   0.03   0.43   0.47   0.49   0.51   0.56   2244    1.0
zinterp[75]     0.5  7.1e-4   0.03   0.43   0.47   0.49   0.52   0.56   2241    1.0
zinterp[76]     0.5  7.2e-4   0.03   0.44   0.48    0.5   0.52   0.57   2239    1.0
zinterp[77]    0.51  7.3e-4   0.03   0.44   0.48   0.51   0.53   0.58   2236    1.0
zinterp[78]    0.51  7.4e-4   0.04   0.45   0.49   0.51   0.53   0.58   2233    1.0
zinterp[79]    0.52  7.6e-4   0.04   0.45   0.49   0.52   0.54   0.59   2231    1.0
zinterp[80]    0.52  7.7e-4   0.04   0.46    0.5   0.52   0.55    0.6   2228    1.0
zinterp[81]    0.53  7.8e-4   0.04   0.46    0.5   0.53   0.55    0.6   2226    1.0
zinterp[82]    0.53  7.9e-4   0.04   0.46   0.51   0.53   0.56   0.61   2223    1.0
zinterp[83]    0.54  8.1e-4   0.04   0.47   0.51   0.54   0.56   0.62   2221    1.0
zinterp[84]    0.54  8.2e-4   0.04   0.47   0.52   0.54   0.57   0.62   2219    1.0
zinterp[85]    0.55  8.3e-4   0.04   0.48   0.52   0.55   0.58   0.63   2216    1.0
zinterp[86]    0.56  8.5e-4   0.04   0.48   0.53   0.55   0.58   0.64   2214    1.0
zinterp[87]    0.56  8.6e-4   0.04   0.49   0.53   0.56   0.59   0.64   2212    1.0
zinterp[88]    0.57  8.7e-4   0.04   0.49   0.54   0.57   0.59   0.65   2209    1.0
zinterp[89]    0.57  8.8e-4   0.04    0.5   0.54   0.57    0.6   0.66   2207    1.0
zinterp[90]    0.58  9.0e-4   0.04    0.5   0.55   0.58    0.6   0.66   2205    1.0
zinterp[91]    0.58  9.1e-4   0.04    0.5   0.55   0.58   0.61   0.67   2203    1.0
zinterp[92]    0.59  9.2e-4   0.04   0.51   0.56   0.59   0.62   0.68   2200    1.0
zinterp[93]    0.59  9.4e-4   0.04   0.51   0.56   0.59   0.62   0.68   2198    1.0
zinterp[94]     0.6  9.5e-4   0.04   0.52   0.57    0.6   0.63   0.69   2196    1.0
zinterp[95]     0.6  9.6e-4   0.05   0.52   0.57    0.6   0.63    0.7   2194    1.0
zinterp[96]    0.61  9.8e-4   0.05   0.52   0.58   0.61   0.64    0.7   2192    1.0
zinterp[97]    0.61  9.9e-4   0.05   0.53   0.58   0.61   0.64   0.71   2190    1.0
zinterp[98]    0.62  1.0e-3   0.05   0.53   0.59   0.62   0.65   0.72   2188    1.0
zinterp[99]    0.62  1.0e-3   0.05   0.54   0.59   0.62   0.65   0.72   2186    1.0
zinterp[100]   0.63  1.0e-3   0.05   0.54    0.6   0.63   0.66   0.73   2184    1.0
zinterp[101]   0.64  1.0e-3   0.05   0.55    0.6   0.63   0.67   0.74   2182    1.0
zinterp[102]   0.64  1.1e-3   0.05   0.55   0.61   0.64   0.67   0.74   2180    1.0
zinterp[103]   0.65  1.1e-3   0.05   0.55   0.61   0.64   0.68   0.75   2178    1.0
zinterp[104]   0.65  1.1e-3   0.05   0.56   0.62   0.65   0.68   0.76   2176    1.0
zinterp[105]   0.66  1.1e-3   0.05   0.56   0.62   0.65   0.69   0.76   2175    1.0
zinterp[106]   0.66  1.1e-3   0.05   0.57   0.63   0.66   0.69   0.77   2173    1.0
zinterp[107]   0.67  1.1e-3   0.05   0.57   0.63   0.66    0.7   0.78   2171    1.0
zinterp[108]   0.67  1.1e-3   0.05   0.57   0.64   0.67    0.7   0.78   2169    1.0
zinterp[109]   0.68  1.1e-3   0.05   0.58   0.64   0.68   0.71   0.79   2167    1.0
zinterp[110]   0.68  1.2e-3   0.05   0.58   0.64   0.68   0.72    0.8   2166    1.0
zinterp[111]   0.69  1.2e-3   0.05   0.59   0.65   0.69   0.72    0.8   2164    1.0
zinterp[112]   0.69  1.2e-3   0.06   0.59   0.65   0.69   0.73   0.81   2162    1.0
zinterp[113]    0.7  1.2e-3   0.06    0.6   0.66    0.7   0.73   0.82   2161    1.0
zinterp[114]    0.7  1.2e-3   0.06    0.6   0.66    0.7   0.74   0.82   2159    1.0
zinterp[115]   0.71  1.2e-3   0.06    0.6   0.67   0.71   0.74   0.83   2157    1.0
zinterp[116]   0.71  1.2e-3   0.06   0.61   0.67   0.71   0.75   0.83   2156    1.0
zinterp[117]   0.72  1.3e-3   0.06   0.61   0.68   0.72   0.75   0.84   2154    1.0
zinterp[118]   0.72  1.3e-3   0.06   0.62   0.68   0.72   0.76   0.85   2152    1.0
zinterp[119]   0.73  1.3e-3   0.06   0.62   0.69   0.73   0.76   0.85   2151    1.0
zinterp[120]   0.73  1.3e-3   0.06   0.62   0.69   0.73   0.77   0.86   2149    1.0
zinterp[121]   0.74  1.3e-3   0.06   0.63    0.7   0.74   0.78   0.87   2148    1.0
zinterp[122]   0.74  1.3e-3   0.06   0.63    0.7   0.74   0.78   0.87   2146    1.0
zinterp[123]   0.75  1.3e-3   0.06   0.64   0.71   0.75   0.79   0.88   2144    1.0
zinterp[124]   0.75  1.3e-3   0.06   0.64   0.71   0.75   0.79   0.89   2143    1.0
zinterp[125]   0.76  1.4e-3   0.06   0.64   0.71   0.76    0.8   0.89   2141    1.0
zinterp[126]   0.76  1.4e-3   0.06   0.65   0.72   0.76    0.8    0.9   2140    1.0
zinterp[127]   0.77  1.4e-3   0.06   0.65   0.72   0.77   0.81    0.9   2138    1.0
zinterp[128]   0.77  1.4e-3   0.06   0.66   0.73   0.77   0.81   0.91   2137    1.0
zinterp[129]   0.78  1.4e-3   0.07   0.66   0.73   0.78   0.82   0.92   2136    1.0
zinterp[130]   0.78  1.4e-3   0.07   0.66   0.74   0.78   0.82   0.92   2134    1.0
zinterp[131]   0.79  1.4e-3   0.07   0.67   0.74   0.79   0.83   0.93   2133    1.0
zinterp[132]   0.79  1.5e-3   0.07   0.67   0.75   0.79   0.83   0.94   2131    1.0
zinterp[133]    0.8  1.5e-3   0.07   0.68   0.75   0.79   0.84   0.94   2130    1.0
zinterp[134]    0.8  1.5e-3   0.07   0.68   0.76    0.8   0.84   0.95   2129    1.0
zinterp[135]   0.81  1.5e-3   0.07   0.68   0.76    0.8   0.85   0.95   2127    1.0
zinterp[136]   0.81  1.5e-3   0.07   0.69   0.77   0.81   0.85   0.96   2126    1.0
zinterp[137]   0.82  1.5e-3   0.07   0.69   0.77   0.81   0.86   0.97   2125    1.0
zinterp[138]   0.82  1.5e-3   0.07   0.69   0.77   0.82   0.87   0.97   2123    1.0
zinterp[139]   0.83  1.5e-3   0.07    0.7   0.78   0.82   0.87   0.98   2122    1.0
zinterp[140]   0.83  1.6e-3   0.07    0.7   0.78   0.83   0.88   0.99   2121    1.0
zinterp[141]   0.84  1.6e-3   0.07   0.71   0.79   0.83   0.88   0.99   2119    1.0
zinterp[142]   0.84  1.6e-3   0.07   0.71   0.79   0.84   0.89    1.0   2118    1.0
zinterp[143]   0.85  1.6e-3   0.07   0.71    0.8   0.84   0.89    1.0   2117    1.0
zinterp[144]   0.85  1.6e-3   0.07   0.72    0.8   0.85    0.9   1.01   2115    1.0
zinterp[145]   0.86  1.6e-3   0.07   0.72   0.81   0.85    0.9   1.02   2114    1.0
zinterp[146]   0.86  1.6e-3   0.08   0.73   0.81   0.86   0.91   1.02   2113    1.0
zinterp[147]   0.87  1.7e-3   0.08   0.73   0.82   0.86   0.91   1.03   2112    1.0
zinterp[148]   0.87  1.7e-3   0.08   0.73   0.82   0.87   0.92   1.04   2111    1.0
zinterp[149]   0.88  1.7e-3   0.08   0.74   0.82   0.87   0.92   1.04   2109    1.0
zinterp[150]   0.88  1.7e-3   0.08   0.74   0.83   0.88   0.93   1.05   2108    1.0
zinterp[151]   0.89  1.7e-3   0.08   0.75   0.83   0.88   0.93   1.05   2107    1.0
zinterp[152]   0.89  1.7e-3   0.08   0.75   0.84   0.89   0.94   1.06   2106    1.0
zinterp[153]   0.89  1.7e-3   0.08   0.75   0.84   0.89   0.94   1.07   2105    1.0
zinterp[154]    0.9  1.7e-3   0.08   0.76   0.85    0.9   0.95   1.07   2104    1.0
zinterp[155]    0.9  1.8e-3   0.08   0.76   0.85    0.9   0.95   1.08   2102    1.0
zinterp[156]   0.91  1.8e-3   0.08   0.76   0.86   0.91   0.96   1.08   2101    1.0
zinterp[157]   0.91  1.8e-3   0.08   0.77   0.86   0.91   0.96   1.09   2100    1.0
zinterp[158]   0.92  1.8e-3   0.08   0.77   0.86   0.92   0.97    1.1   2099    1.0
zinterp[159]   0.92  1.8e-3   0.08   0.78   0.87   0.92   0.97    1.1   2098    1.0
zinterp[160]   0.93  1.8e-3   0.08   0.78   0.87   0.92   0.98   1.11   2097    1.0
zinterp[161]   0.93  1.8e-3   0.08   0.78   0.88   0.93   0.98   1.11   2096    1.0
zinterp[162]   0.94  1.9e-3   0.08   0.79   0.88   0.93   0.99   1.12   2095    1.0
zinterp[163]   0.94  1.9e-3   0.09   0.79   0.89   0.94   0.99   1.13   2094    1.0
zinterp[164]   0.95  1.9e-3   0.09   0.79   0.89   0.94    1.0   1.13   2093    1.0
zinterp[165]   0.95  1.9e-3   0.09    0.8   0.89   0.95    1.0   1.14   2092    1.0
zinterp[166]   0.96  1.9e-3   0.09    0.8    0.9   0.95   1.01   1.15   2090    1.0
zinterp[167]   0.96  1.9e-3   0.09    0.8    0.9   0.96   1.01   1.15   2089    1.0
zinterp[168]   0.97  1.9e-3   0.09   0.81   0.91   0.96   1.02   1.16   2088    1.0
zinterp[169]   0.97  1.9e-3   0.09   0.81   0.91   0.97   1.02   1.16   2087    1.0
zinterp[170]   0.98  2.0e-3   0.09   0.82   0.92   0.97   1.03   1.17   2086    1.0
zinterp[171]   0.98  2.0e-3   0.09   0.82   0.92   0.98   1.03   1.18   2085    1.0
zinterp[172]   0.99  2.0e-3   0.09   0.82   0.92   0.98   1.04   1.18   2084    1.0
zinterp[173]   0.99  2.0e-3   0.09   0.83   0.93   0.99   1.04   1.19   2083    1.0
zinterp[174]   0.99  2.0e-3   0.09   0.83   0.93   0.99   1.05   1.19   2083    1.0
zinterp[175]    1.0  2.0e-3   0.09   0.83   0.94    1.0   1.06    1.2   2082    1.0
zinterp[176]    1.0  2.0e-3   0.09   0.84   0.94    1.0   1.06   1.21   2081    1.0
zinterp[177]   1.01  2.1e-3   0.09   0.84   0.95    1.0   1.07   1.21   2080    1.0
zinterp[178]   1.01  2.1e-3   0.09   0.85   0.95   1.01   1.07   1.22   2079    1.0
zinterp[179]   1.02  2.1e-3   0.09   0.85   0.96   1.01   1.08   1.22   2078    1.0
zinterp[180]   1.02  2.1e-3    0.1   0.85   0.96   1.02   1.08   1.23   2077    1.0
zinterp[181]   1.03  2.1e-3    0.1   0.86   0.96   1.02   1.09   1.24   2076    1.0
zinterp[182]   1.03  2.1e-3    0.1   0.86   0.97   1.03   1.09   1.24   2075    1.0
zinterp[183]   1.04  2.1e-3    0.1   0.86   0.97   1.03    1.1   1.25   2074    1.0
zinterp[184]   1.04  2.1e-3    0.1   0.87   0.98   1.04    1.1   1.25   2073    1.0
zinterp[185]   1.05  2.2e-3    0.1   0.87   0.98   1.04   1.11   1.26   2000    1.0
zinterp[186]   1.05  2.2e-3    0.1   0.87   0.98   1.05   1.11   1.27   1999    1.0
zinterp[187]   1.05  2.2e-3    0.1   0.88   0.99   1.05   1.12   1.27   1999    1.0
zinterp[188]   1.06  2.2e-3    0.1   0.88   0.99   1.05   1.12   1.28   1998    1.0
zinterp[189]   1.06  2.3e-3    0.1   0.89    1.0   1.06   1.12   1.28   1997    1.0
zinterp[190]   1.07  2.3e-3    0.1   0.89    1.0   1.06   1.13   1.29   1996    1.0
zinterp[191]   1.07  2.3e-3    0.1   0.89   1.01   1.07   1.13   1.29   1995    1.0
zinterp[192]   1.08  2.3e-3    0.1    0.9   1.01   1.07   1.14    1.3   1994    1.0
zinterp[193]   1.08  2.3e-3    0.1    0.9   1.01   1.08   1.14   1.31   1993    1.0
zinterp[194]   1.09  2.3e-3    0.1    0.9   1.02   1.08   1.15   1.31   1993    1.0
zinterp[195]   1.09  2.3e-3    0.1   0.91   1.02   1.09   1.15   1.32   1992    1.0
zinterp[196]    1.1  2.4e-3    0.1   0.91   1.03   1.09   1.16   1.32   1991    1.0
zinterp[197]    1.1  2.4e-3   0.11   0.91   1.03    1.1   1.16   1.33   1990    1.0
zinterp[198]   1.11  2.4e-3   0.11   0.92   1.04    1.1   1.17   1.34   1989    1.0
zinterp[199]   1.11  2.4e-3   0.11   0.92   1.04    1.1   1.17   1.34   1989    1.0
zinterp[200]   1.11  2.4e-3   0.11   0.92   1.04   1.11   1.18   1.35   1988    1.0
zinterp[201]   1.12  2.4e-3   0.11   0.93   1.05   1.11   1.18   1.35   1987    1.0
zinterp[202]   1.12  2.4e-3   0.11   0.93   1.05   1.12   1.19   1.36   1986    1.0
zinterp[203]   1.13  2.4e-3   0.11   0.93   1.06   1.12   1.19   1.37   1985    1.0
zinterp[204]   1.13  2.5e-3   0.11   0.94   1.06   1.13    1.2   1.37   1985    1.0
zinterp[205]   1.14  2.5e-3   0.11   0.94   1.06   1.13    1.2   1.38   1984    1.0
zinterp[206]   1.14  2.5e-3   0.11   0.94   1.07   1.14   1.21   1.38   1983    1.0
zinterp[207]   1.15  2.5e-3   0.11   0.95   1.07   1.14   1.21   1.39   1982    1.0
zinterp[208]   1.15  2.5e-3   0.11   0.95   1.08   1.15   1.22    1.4   1982    1.0
zinterp[209]   1.16  2.5e-3   0.11   0.95   1.08   1.15   1.22    1.4   1981    1.0
zinterp[210]   1.16  2.5e-3   0.11   0.96   1.08   1.15   1.23   1.41   1980    1.0
zinterp[211]   1.16  2.6e-3   0.11   0.96   1.09   1.16   1.23   1.41   1979    1.0
zinterp[212]   1.17  2.6e-3   0.11   0.97   1.09   1.16   1.24   1.42   1979    1.0
zinterp[213]   1.17  2.6e-3   0.11   0.97    1.1   1.17   1.24   1.42   1978    1.0
zinterp[214]   1.18  2.6e-3   0.12   0.97    1.1   1.17   1.25   1.43   1977    1.0
zinterp[215]   1.18  2.6e-3   0.12   0.98   1.11   1.18   1.25   1.44   1977    1.0
zinterp[216]   1.19  2.6e-3   0.12   0.98   1.11   1.18   1.26   1.44   1976    1.0
zinterp[217]   1.19  2.6e-3   0.12   0.98   1.11   1.19   1.26   1.45   1975    1.0
zinterp[218]    1.2  2.7e-3   0.12   0.99   1.12   1.19   1.27   1.45   1975    1.0
zinterp[219]    1.2  2.7e-3   0.12   0.99   1.12   1.19   1.27   1.46   1974    1.0
zinterp[220]    1.2  2.7e-3   0.12   0.99   1.13    1.2   1.28   1.46   1973    1.0
zinterp[221]   1.21  2.7e-3   0.12    1.0   1.13    1.2   1.28   1.47   1972    1.0
zinterp[222]   1.21  2.7e-3   0.12    1.0   1.13   1.21   1.29   1.48   1972    1.0
zinterp[223]   1.22  2.7e-3   0.12    1.0   1.14   1.21   1.29   1.48   1971    1.0
zinterp[224]   1.22  2.7e-3   0.12   1.01   1.14   1.22    1.3   1.49   1970    1.0
zinterp[225]   1.23  2.7e-3   0.12   1.01   1.15   1.22    1.3   1.49   1970    1.0
zinterp[226]   1.23  2.8e-3   0.12   1.01   1.15   1.23    1.3    1.5   1969    1.0
zinterp[227]   1.24  2.8e-3   0.12   1.02   1.15   1.23   1.31   1.51   1969    1.0
zinterp[228]   1.24  2.8e-3   0.12   1.02   1.16   1.23   1.31   1.51   1968    1.0
zinterp[229]   1.24  2.8e-3   0.12   1.02   1.16   1.24   1.32   1.52   1967    1.0
zinterp[230]   1.25  2.8e-3   0.12   1.03   1.17   1.24   1.32   1.52   1967    1.0
zinterp[231]   1.25  2.8e-3   0.13   1.03   1.17   1.25   1.33   1.53   1966    1.0
zinterp[232]   1.26  2.8e-3   0.13   1.03   1.18   1.25   1.33   1.53   1965    1.0
zinterp[233]   1.26  2.9e-3   0.13   1.04   1.18   1.26   1.34   1.54   1965    1.0
zinterp[234]   1.27  2.9e-3   0.13   1.04   1.18   1.26   1.34   1.55   1964    1.0
zinterp[235]   1.27  2.9e-3   0.13   1.04   1.19   1.27   1.35   1.55   1964    1.0
zinterp[236]   1.28  2.9e-3   0.13   1.05   1.19   1.27   1.35   1.56   1963    1.0
zinterp[237]   1.28  2.9e-3   0.13   1.05    1.2   1.27   1.36   1.56   1962    1.0
zinterp[238]   1.28  2.9e-3   0.13   1.05    1.2   1.28   1.36   1.57   1962    1.0
zinterp[239]   1.29  2.9e-3   0.13   1.06    1.2   1.28   1.37   1.57   1961    1.0
zinterp[240]   1.29  3.0e-3   0.13   1.06   1.21   1.29   1.37   1.58   1961    1.0
zinterp[241]    1.3  3.0e-3   0.13   1.06   1.21   1.29   1.38   1.59   1960    1.0
zinterp[242]    1.3  3.0e-3   0.13   1.07   1.22    1.3   1.38   1.59   1959    1.0
zinterp[243]   1.31  3.0e-3   0.13   1.07   1.22    1.3   1.39    1.6   1959    1.0
zinterp[244]   1.31  3.0e-3   0.13   1.07   1.22   1.31   1.39    1.6   1958    1.0
zinterp[245]   1.32  3.0e-3   0.13   1.08   1.23   1.31   1.39   1.61   1958    1.0
zinterp[246]   1.32  3.0e-3   0.13   1.08   1.23   1.31    1.4   1.61   1957    1.0
zinterp[247]   1.32  3.0e-3   0.13   1.08   1.24   1.32    1.4   1.62   1956    1.0
zinterp[248]   1.33  3.1e-3   0.14   1.09   1.24   1.32   1.41   1.63   1956    1.0
zinterp[249]   1.33  3.1e-3   0.14   1.09   1.24   1.33   1.41   1.63   1955    1.0
zinterp[250]   1.34  3.1e-3   0.14   1.09   1.25   1.33   1.42   1.64   1955    1.0
zinterp[251]   1.34  3.1e-3   0.14    1.1   1.25   1.34   1.42   1.64   1954    1.0
zinterp[252]   1.35  3.1e-3   0.14    1.1   1.26   1.34   1.43   1.65   1954    1.0
zinterp[253]   1.35  3.1e-3   0.14    1.1   1.26   1.34   1.43   1.65   1953    1.0
zinterp[254]   1.35  3.1e-3   0.14   1.11   1.26   1.35   1.44   1.66   1953    1.0
zinterp[255]   1.36  3.2e-3   0.14   1.11   1.27   1.35   1.44   1.66   1952    1.0
zinterp[256]   1.36  3.2e-3   0.14   1.11   1.27   1.36   1.45   1.67   1952    1.0
zinterp[257]   1.37  3.2e-3   0.14   1.12   1.28   1.36   1.45   1.68   1951    1.0
zinterp[258]   1.37  3.2e-3   0.14   1.12   1.28   1.37   1.46   1.68   1951    1.0
zinterp[259]   1.38  3.2e-3   0.14   1.12   1.28   1.37   1.46   1.69   1950    1.0
zinterp[260]   1.38  3.2e-3   0.14   1.13   1.29   1.37   1.47   1.69   1950    1.0
zinterp[261]   1.39  3.2e-3   0.14   1.13   1.29   1.38   1.47    1.7   1949    1.0
zinterp[262]   1.39  3.3e-3   0.14   1.13    1.3   1.38   1.47    1.7   1948    1.0
zinterp[263]   1.39  3.3e-3   0.14   1.14    1.3   1.39   1.48   1.71   1948    1.0
zinterp[264]    1.4  3.3e-3   0.14   1.14    1.3   1.39   1.48   1.72   1947    1.0
zinterp[265]    1.4  3.3e-3   0.15   1.14   1.31    1.4   1.49   1.72   1947    1.0
zinterp[266]   1.41  3.3e-3   0.15   1.15   1.31    1.4   1.49   1.73   1946    1.0
zinterp[267]   1.41  3.3e-3   0.15   1.15   1.32   1.41    1.5   1.73   1946    1.0
zinterp[268]   1.42  3.3e-3   0.15   1.15   1.32   1.41    1.5   1.74   1946    1.0
zinterp[269]   1.42  3.3e-3   0.15   1.16   1.32   1.41   1.51   1.74   1945    1.0
zinterp[270]   1.42  3.4e-3   0.15   1.16   1.33   1.42   1.51   1.75   1945    1.0
zinterp[271]   1.43  3.4e-3   0.15   1.16   1.33   1.42   1.52   1.75   1944    1.0
zinterp[272]   1.43  3.4e-3   0.15   1.17   1.34   1.43   1.52   1.76   1944    1.0
zinterp[273]   1.44  3.4e-3   0.15   1.17   1.34   1.43   1.53   1.77   1943    1.0
zinterp[274]   1.44  3.4e-3   0.15   1.17   1.34   1.44   1.53   1.77   1943    1.0
zinterp[275]   1.45  3.4e-3   0.15   1.18   1.35   1.44   1.54   1.78   1942    1.0
zinterp[276]   1.45  3.4e-3   0.15   1.18   1.35   1.44   1.54   1.78   1942    1.0
zinterp[277]   1.45  3.5e-3   0.15   1.18   1.36   1.45   1.54   1.79   1941    1.0
zinterp[278]   1.46  3.5e-3   0.15   1.19   1.36   1.45   1.55   1.79   1941    1.0
zinterp[279]   1.46  3.5e-3   0.15   1.19   1.36   1.46   1.55    1.8   1940    1.0
zinterp[280]   1.47  3.5e-3   0.15   1.19   1.37   1.46   1.56   1.81   1940    1.0
zinterp[281]   1.47  3.5e-3   0.15    1.2   1.37   1.47   1.56   1.81   1939    1.0
zinterp[282]   1.48  3.5e-3   0.16    1.2   1.38   1.47   1.57   1.82   1939    1.0
zinterp[283]   1.48  3.5e-3   0.16    1.2   1.38   1.47   1.57   1.82   1939    1.0
zinterp[284]   1.48  3.6e-3   0.16   1.21   1.38   1.48   1.58   1.83   1938    1.0
zinterp[285]   1.49  3.6e-3   0.16   1.21   1.39   1.48   1.58   1.83   1938    1.0
zinterp[286]   1.49  3.6e-3   0.16   1.21   1.39   1.49   1.59   1.84   1937    1.0
zinterp[287]    1.5  3.6e-3   0.16   1.22   1.39   1.49   1.59   1.84   1937    1.0
zinterp[288]    1.5  3.6e-3   0.16   1.22    1.4    1.5   1.59   1.85   1936    1.0
zinterp[289]   1.51  3.6e-3   0.16   1.22    1.4    1.5    1.6   1.86   1936    1.0
zinterp[290]   1.51  3.6e-3   0.16   1.22   1.41    1.5    1.6   1.86   1935    1.0
zinterp[291]   1.51  3.6e-3   0.16   1.23   1.41   1.51   1.61   1.87   1935    1.0
zinterp[292]   1.52  3.7e-3   0.16   1.23   1.41   1.51   1.61   1.87   1935    1.0
zinterp[293]   1.52  3.7e-3   0.16   1.23   1.42   1.52   1.62   1.88   1934    1.0
zinterp[294]   1.53  3.7e-3   0.16   1.24   1.42   1.52   1.62   1.88   1934    1.0
zinterp[295]   1.53  3.7e-3   0.16   1.24   1.43   1.53   1.63   1.89   1933    1.0
zinterp[296]   1.54  3.7e-3   0.16   1.24   1.43   1.53   1.63   1.89   1933    1.0
zinterp[297]   1.54  3.7e-3   0.16   1.25   1.43   1.53   1.64    1.9   1933    1.0
zinterp[298]   1.54  3.7e-3   0.16   1.25   1.44   1.54   1.64    1.9   1932    1.0
zinterp[299]   1.55  3.8e-3   0.17   1.25   1.44   1.54   1.64   1.91   1932    1.0
zinterp[300]   1.55  3.8e-3   0.17   1.26   1.45   1.55   1.65   1.92   1931    1.0
zinterp[301]   1.56  3.8e-3   0.17   1.26   1.45   1.55   1.65   1.92   1931    1.0
zinterp[302]   1.56  3.8e-3   0.17   1.26   1.45   1.55   1.66   1.93   1931    1.0
zinterp[303]   1.56  3.8e-3   0.17   1.27   1.46   1.56   1.66   1.93   1930    1.0
zinterp[304]   1.57  3.8e-3   0.17   1.27   1.46   1.56   1.67   1.94   1930    1.0
zinterp[305]   1.57  3.8e-3   0.17   1.27   1.46   1.57   1.67   1.94   1929    1.0
zinterp[306]   1.58  3.9e-3   0.17   1.28   1.47   1.57   1.68   1.95   1929    1.0
zinterp[307]   1.58  3.9e-3   0.17   1.28   1.47   1.58   1.68   1.95   1929    1.0
zinterp[308]   1.59  3.9e-3   0.17   1.28   1.48   1.58   1.68   1.96   1928    1.0
zinterp[309]   1.59  3.9e-3   0.17   1.29   1.48   1.58   1.69   1.97   1928    1.0
zinterp[310]   1.59  3.9e-3   0.17   1.29   1.48   1.59   1.69   1.97   1927    1.0
zinterp[311]    1.6  3.9e-3   0.17   1.29   1.49   1.59    1.7   1.98   1927    1.0
zinterp[312]    1.6  3.9e-3   0.17   1.29   1.49    1.6    1.7   1.98   1927    1.0
zinterp[313]   1.61  3.9e-3   0.17    1.3    1.5    1.6   1.71   1.99   1926    1.0
zinterp[314]   1.61  4.0e-3   0.17    1.3    1.5    1.6   1.71   1.99   1926    1.0
zinterp[315]   1.62  4.0e-3   0.17    1.3    1.5   1.61   1.72    2.0   1926    1.0
zinterp[316]   1.62  4.0e-3   0.17   1.31   1.51   1.61   1.72    2.0   1925    1.0
zinterp[317]   1.62  4.0e-3   0.18   1.31   1.51   1.62   1.73   2.01   1925    1.0
zinterp[318]   1.63  4.0e-3   0.18   1.31   1.51   1.62   1.73   2.01   1925    1.0
zinterp[319]   1.63  4.0e-3   0.18   1.32   1.52   1.63   1.73   2.02   1924    1.0
zinterp[320]   1.64  4.0e-3   0.18   1.32   1.52   1.63   1.74   2.03   1924    1.0
zinterp[321]   1.64  4.1e-3   0.18   1.32   1.53   1.63   1.74   2.03   1923    1.0
zinterp[322]   1.64  4.1e-3   0.18   1.33   1.53   1.64   1.75   2.04   1923    1.0
zinterp[323]   1.65  4.1e-3   0.18   1.33   1.53   1.64   1.75   2.04   1923    1.0
zinterp[324]   1.65  4.1e-3   0.18   1.33   1.54   1.65   1.76   2.05   1922    1.0
zinterp[325]   1.66  4.1e-3   0.18   1.34   1.54   1.65   1.76   2.05   1922    1.0
zinterp[326]   1.66  4.1e-3   0.18   1.34   1.55   1.65   1.77   2.06   1922    1.0
zinterp[327]   1.67  4.1e-3   0.18   1.34   1.55   1.66   1.77   2.06   1921    1.0
zinterp[328]   1.67  4.1e-3   0.18   1.34   1.55   1.66   1.77   2.07   1921    1.0
zinterp[329]   1.67  4.2e-3   0.18   1.35   1.56   1.67   1.78   2.07   1921    1.0
zinterp[330]   1.68  4.2e-3   0.18   1.35   1.56   1.67   1.78   2.08   1920    1.0
zinterp[331]   1.68  4.2e-3   0.18   1.35   1.56   1.68   1.79   2.09   1920    1.0
zinterp[332]   1.69  4.2e-3   0.18   1.36   1.57   1.68   1.79   2.09   1920    1.0
zinterp[333]   1.69  4.2e-3   0.18   1.36   1.57   1.68    1.8    2.1   1919    1.0
zinterp[334]   1.69  4.2e-3   0.19   1.36   1.58   1.69    1.8    2.1   1919    1.0
zinterp[335]    1.7  4.2e-3   0.19   1.37   1.58   1.69   1.81   2.11   1919    1.0
zinterp[336]    1.7  4.3e-3   0.19   1.37   1.58    1.7   1.81   2.11   1918    1.0
zinterp[337]   1.71  4.3e-3   0.19   1.37   1.59    1.7   1.81   2.12   1918    1.0
zinterp[338]   1.71  4.3e-3   0.19   1.38   1.59    1.7   1.82   2.12   1918    1.0
zinterp[339]   1.72  4.3e-3   0.19   1.38   1.59   1.71   1.82   2.13   1917    1.0
zinterp[340]   1.72  4.3e-3   0.19   1.38    1.6   1.71   1.83   2.13   1917    1.0
zinterp[341]   1.72  4.3e-3   0.19   1.38    1.6   1.72   1.83   2.14   1917    1.0
zinterp[342]   1.73  4.3e-3   0.19   1.39   1.61   1.72   1.84   2.15   1917    1.0
zinterp[343]   1.73  4.4e-3   0.19   1.39   1.61   1.73   1.84   2.15   1916    1.0
zinterp[344]   1.74  4.4e-3   0.19   1.39   1.61   1.73   1.85   2.16   1916    1.0
zinterp[345]   1.74  4.4e-3   0.19    1.4   1.62   1.73   1.85   2.16   1916    1.0
zinterp[346]   1.74  4.4e-3   0.19    1.4   1.62   1.74   1.85   2.17   1915    1.0
zinterp[347]   1.75  4.4e-3   0.19    1.4   1.63   1.74   1.86   2.17   1915    1.0
zinterp[348]   1.75  4.4e-3   0.19   1.41   1.63   1.75   1.86   2.18   1915    1.0
zinterp[349]   1.76  4.4e-3   0.19   1.41   1.63   1.75   1.87   2.18   1914    1.0
zinterp[350]   1.76  4.4e-3   0.19   1.41   1.64   1.75   1.87   2.19   1914    1.0
zinterp[351]   1.77  4.5e-3    0.2   1.41   1.64   1.76   1.88   2.19   1914    1.0
zinterp[352]   1.77  4.5e-3    0.2   1.42   1.64   1.76   1.88    2.2   1914    1.0
zinterp[353]   1.77  4.5e-3    0.2   1.42   1.65   1.77   1.89   2.21   1913    1.0
zinterp[354]   1.78  4.5e-3    0.2   1.42   1.65   1.77   1.89   2.21   1913    1.0
zinterp[355]   1.78  4.5e-3    0.2   1.43   1.66   1.78   1.89   2.22   1913    1.0
zinterp[356]   1.79  4.5e-3    0.2   1.43   1.66   1.78    1.9   2.22   1912    1.0
zinterp[357]   1.79  4.5e-3    0.2   1.43   1.66   1.78    1.9   2.23   1912    1.0
zinterp[358]   1.79  4.6e-3    0.2   1.44   1.67   1.79   1.91   2.23   1912    1.0
zinterp[359]    1.8  4.6e-3    0.2   1.44   1.67   1.79   1.91   2.24   1911    1.0
zinterp[360]    1.8  4.6e-3    0.2   1.44   1.67    1.8   1.92   2.24   1911    1.0
zinterp[361]   1.81  4.6e-3    0.2   1.45   1.68    1.8   1.92   2.25   1911    1.0
zinterp[362]   1.81  4.6e-3    0.2   1.45   1.68    1.8   1.93   2.25   1911    1.0
zinterp[363]   1.81  4.6e-3    0.2   1.45   1.69   1.81   1.93   2.26   1910    1.0
zinterp[364]   1.82  4.6e-3    0.2   1.46   1.69   1.81   1.93   2.26   1910    1.0
zinterp[365]   1.82  4.6e-3    0.2   1.46   1.69   1.82   1.94   2.27   1910    1.0
zinterp[366]   1.83  4.7e-3    0.2   1.46    1.7   1.82   1.94   2.28   1910    1.0
zinterp[367]   1.83  4.7e-3    0.2   1.46    1.7   1.82   1.95   2.28   1909    1.0
zinterp[368]   1.83  4.7e-3    0.2   1.47    1.7   1.83   1.95   2.29   1909    1.0
zinterp[369]   1.84  4.7e-3   0.21   1.47   1.71   1.83   1.96   2.29   1909    1.0
zinterp[370]   1.84  4.7e-3   0.21   1.47   1.71   1.84   1.96    2.3   1908    1.0
zinterp[371]   1.85  4.7e-3   0.21   1.48   1.72   1.84   1.96    2.3   1908    1.0
zinterp[372]   1.85  4.7e-3   0.21   1.48   1.72   1.84   1.97   2.31   1908    1.0
zinterp[373]   1.86  4.8e-3   0.21   1.48   1.72   1.85   1.97   2.31   1908    1.0
zinterp[374]   1.86  4.8e-3   0.21   1.49   1.73   1.85   1.98   2.32   1907    1.0
zinterp[375]   1.86  4.8e-3   0.21   1.49   1.73   1.86   1.98   2.32   1907    1.0
zinterp[376]   1.87  4.8e-3   0.21   1.49   1.73   1.86   1.99   2.33   1907    1.0
zinterp[377]   1.87  4.8e-3   0.21    1.5   1.74   1.87   1.99   2.33   1907    1.0
zinterp[378]   1.88  4.8e-3   0.21    1.5   1.74   1.87    2.0   2.34   1906    1.0
zinterp[379]   1.88  4.8e-3   0.21    1.5   1.75   1.87    2.0   2.34   1906    1.0
zinterp[380]   1.88  4.8e-3   0.21   1.51   1.75   1.88    2.0   2.35   1906    1.0
zinterp[381]   1.89  4.9e-3   0.21   1.51   1.75   1.88   2.01   2.36   1906    1.0
zinterp[382]   1.89  4.9e-3   0.21   1.51   1.76   1.89   2.01   2.36   1905    1.0
zinterp[383]    1.9  4.9e-3   0.21   1.51   1.76   1.89   2.02   2.37   1905    1.0
zinterp[384]    1.9  4.9e-3   0.21   1.52   1.76   1.89   2.02   2.37   1905    1.0
zinterp[385]    1.9  4.9e-3   0.21   1.52   1.77    1.9   2.03   2.38   1905    1.0
zinterp[386]   1.91  4.9e-3   0.22   1.52   1.77    1.9   2.03   2.38   1904    1.0
zinterp[387]   1.91  4.9e-3   0.22   1.53   1.77   1.91   2.03   2.39   1904    1.0
zinterp[388]   1.92  5.0e-3   0.22   1.53   1.78   1.91   2.04   2.39   1904    1.0
zinterp[389]   1.92  5.0e-3   0.22   1.53   1.78   1.91   2.04    2.4   1904    1.0
zinterp[390]   1.92  5.0e-3   0.22   1.54   1.79   1.92   2.05    2.4   1903    1.0
zinterp[391]   1.93  5.0e-3   0.22   1.54   1.79   1.92   2.05   2.41   1903    1.0
zinterp[392]   1.93  5.0e-3   0.22   1.54   1.79   1.93   2.06   2.41   1903    1.0
zinterp[393]   1.94  5.0e-3   0.22   1.54    1.8   1.93   2.06   2.42   1903    1.0
zinterp[394]   1.94  5.0e-3   0.22   1.55    1.8   1.93   2.06   2.42   1902    1.0
zinterp[395]   1.94  5.1e-3   0.22   1.55    1.8   1.94   2.07   2.43   1902    1.0
zinterp[396]   1.95  5.1e-3   0.22   1.55   1.81   1.94   2.07   2.44   1902    1.0
zinterp[397]   1.95  5.1e-3   0.22   1.56   1.81   1.95   2.08   2.44   1902    1.0
zinterp[398]   1.96  5.1e-3   0.22   1.56   1.82   1.95   2.08   2.45   1902    1.0
zinterp[399]   1.96  5.1e-3   0.22   1.56   1.82   1.95   2.09   2.45   1901    1.0
zinterp[400]   1.96  5.1e-3   0.22   1.57   1.82   1.96   2.09   2.46   1901    1.0
zinterp[401]   1.97  5.1e-3   0.22   1.57   1.83   1.96   2.09   2.46   1901    1.0
zinterp[402]   1.97  5.1e-3   0.22   1.57   1.83   1.97    2.1   2.47   1901    1.0
zinterp[403]   1.98  5.2e-3   0.22   1.58   1.83   1.97    2.1   2.47   1900    1.0
zinterp[404]   1.98  5.2e-3   0.23   1.58   1.84   1.97   2.11   2.48   1900    1.0
zinterp[405]   1.99  5.2e-3   0.23   1.58   1.84   1.98   2.11   2.48   1900    1.0
zinterp[406]   1.99  5.2e-3   0.23   1.58   1.85   1.98   2.12   2.49   1900    1.0
zinterp[407]   1.99  5.2e-3   0.23   1.59   1.85   1.99   2.12   2.49   1900    1.0
zinterp[408]    2.0  5.2e-3   0.23   1.59   1.85   1.99   2.12    2.5   1899    1.0
zinterp[409]    2.0  5.2e-3   0.23   1.59   1.86   1.99   2.13    2.5   1899    1.0
zinterp[410]   2.01  5.3e-3   0.23    1.6   1.86    2.0   2.13   2.51   1899    1.0
zinterp[411]   2.01  5.3e-3   0.23    1.6   1.86    2.0   2.14   2.51   1899    1.0
zinterp[412]   2.01  5.3e-3   0.23    1.6   1.87   2.01   2.14   2.52   1898    1.0
zinterp[413]   2.02  5.3e-3   0.23    1.6   1.87   2.01   2.15   2.53   1898    1.0
zinterp[414]   2.02  5.3e-3   0.23   1.61   1.88   2.01   2.15   2.53   1898    1.0
zinterp[415]   2.03  5.3e-3   0.23   1.61   1.88   2.02   2.15   2.54   1898    1.0
zinterp[416]   2.03  5.3e-3   0.23   1.61   1.88   2.02   2.16   2.54   1898    1.0
zinterp[417]   2.03  5.3e-3   0.23   1.62   1.89   2.03   2.16   2.55   1897    1.0
zinterp[418]   2.04  5.4e-3   0.23   1.62   1.89   2.03   2.17   2.55   1897    1.0
zinterp[419]   2.04  5.4e-3   0.23   1.62   1.89   2.03   2.17   2.56   1897    1.0
zinterp[420]   2.05  5.4e-3   0.23   1.63    1.9   2.04   2.18   2.56   1897    1.0
zinterp[421]   2.05  5.4e-3   0.24   1.63    1.9   2.04   2.18   2.57   1896    1.0
zinterp[422]   2.05  5.4e-3   0.24   1.63   1.91   2.05   2.19   2.57   1896    1.0
zinterp[423]   2.06  5.4e-3   0.24   1.63   1.91   2.05   2.19   2.58   1896    1.0
zinterp[424]   2.06  5.4e-3   0.24   1.64   1.91   2.05   2.19   2.58   1896    1.0
zinterp[425]   2.07  5.5e-3   0.24   1.64   1.92   2.06    2.2   2.59   1896    1.0
zinterp[426]   2.07  5.5e-3   0.24   1.64   1.92   2.06    2.2   2.59   1895    1.0
zinterp[427]   2.07  5.5e-3   0.24   1.65   1.92   2.06   2.21    2.6   1895    1.0
zinterp[428]   2.08  5.5e-3   0.24   1.65   1.93   2.07   2.21    2.6   1895    1.0
zinterp[429]   2.08  5.5e-3   0.24   1.65   1.93   2.07   2.21   2.61   1895    1.0
zinterp[430]   2.09  5.5e-3   0.24   1.66   1.93   2.08   2.22   2.61   1894    1.0
zinterp[431]   2.09  5.5e-3   0.24   1.66   1.94   2.08   2.22   2.62   1894    1.0
zinterp[432]   2.09  5.5e-3   0.24   1.66   1.94   2.08   2.23   2.63   1894    1.0
zinterp[433]    2.1  5.6e-3   0.24   1.67   1.95   2.09   2.23   2.63   1894    1.0
zinterp[434]    2.1  5.6e-3   0.24   1.67   1.95   2.09   2.24   2.64   1894    1.0
zinterp[435]   2.11  5.6e-3   0.24   1.67   1.95    2.1   2.24   2.64   1893    1.0
zinterp[436]   2.11  5.6e-3   0.24   1.67   1.96    2.1   2.25   2.65   1893    1.0
zinterp[437]   2.11  5.6e-3   0.24   1.68   1.96    2.1   2.25   2.65   1893    1.0
zinterp[438]   2.12  5.6e-3   0.24   1.68   1.96   2.11   2.25   2.66   1893    1.0
zinterp[439]   2.12  5.6e-3   0.25   1.68   1.97   2.11   2.26   2.66   1893    1.0
zinterp[440]   2.13  5.7e-3   0.25   1.69   1.97   2.12   2.26   2.67   1892    1.0
zinterp[441]   2.13  5.7e-3   0.25   1.69   1.97   2.12   2.27   2.67   1892    1.0
zinterp[442]   2.13  5.7e-3   0.25   1.69   1.98   2.12   2.27   2.68   1892    1.0
zinterp[443]   2.14  5.7e-3   0.25   1.69   1.98   2.13   2.28   2.68   1892    1.0
zinterp[444]   2.14  5.7e-3   0.25    1.7   1.99   2.13   2.28   2.69   1892    1.0
zinterp[445]   2.14  5.7e-3   0.25    1.7   1.99   2.14   2.28   2.69   1891    1.0
zinterp[446]   2.15  5.7e-3   0.25    1.7   1.99   2.14   2.29    2.7   1891    1.0
zinterp[447]   2.15  5.7e-3   0.25   1.71    2.0   2.14   2.29    2.7   1891    1.0
zinterp[448]   2.16  5.8e-3   0.25   1.71    2.0   2.15    2.3   2.71   1891    1.0
zinterp[449]   2.16  5.8e-3   0.25   1.71    2.0   2.15    2.3   2.71   1891    1.0
zinterp[450]   2.16  5.8e-3   0.25   1.71   2.01   2.16   2.31   2.72   1890    1.0
zinterp[451]   2.17  5.8e-3   0.25   1.72   2.01   2.16   2.31   2.72   1890    1.0
zinterp[452]   2.17  5.8e-3   0.25   1.72   2.01   2.16   2.31   2.73   1890    1.0
zinterp[453]   2.18  5.8e-3   0.25   1.72   2.02   2.17   2.32   2.73   1890    1.0
zinterp[454]   2.18  5.8e-3   0.25   1.73   2.02   2.17   2.32   2.74   1890    1.0
zinterp[455]   2.18  5.9e-3   0.25   1.73   2.02   2.18   2.33   2.74   1889    1.0
zinterp[456]   2.19  5.9e-3   0.25   1.73   2.03   2.18   2.33   2.75   1889    1.0
zinterp[457]   2.19  5.9e-3   0.26   1.74   2.03   2.18   2.33   2.75   1889    1.0
zinterp[458]    2.2  5.9e-3   0.26   1.74   2.04   2.19   2.34   2.76   1889    1.0
zinterp[459]    2.2  5.9e-3   0.26   1.74   2.04   2.19   2.34   2.77   1889    1.0
zinterp[460]    2.2  5.9e-3   0.26   1.74   2.04    2.2   2.35   2.77   1889    1.0
zinterp[461]   2.21  5.9e-3   0.26   1.75   2.05    2.2   2.35   2.78   1888    1.0
zinterp[462]   2.21  5.9e-3   0.26   1.75   2.05    2.2   2.36   2.78   1888    1.0
zinterp[463]   2.22  6.0e-3   0.26   1.75   2.05   2.21   2.36   2.79   1888    1.0
zinterp[464]   2.22  6.0e-3   0.26   1.75   2.06   2.21   2.36   2.79   1888    1.0
zinterp[465]   2.22  6.0e-3   0.26   1.76   2.06   2.22   2.37    2.8   1888    1.0
zinterp[466]   2.23  6.0e-3   0.26   1.76   2.06   2.22   2.37    2.8   1887    1.0
zinterp[467]   2.23  6.0e-3   0.26   1.76   2.07   2.22   2.38   2.81   1887    1.0
zinterp[468]   2.24  6.0e-3   0.26   1.77   2.07   2.23   2.38   2.81   1887    1.0
zinterp[469]   2.24  6.0e-3   0.26   1.77   2.08   2.23   2.39   2.82   1887    1.0
zinterp[470]   2.24  6.1e-3   0.26   1.77   2.08   2.24   2.39   2.82   1887    1.0
zinterp[471]   2.25  6.1e-3   0.26   1.77   2.08   2.24   2.39   2.83   1887    1.0
zinterp[472]   2.25  6.1e-3   0.26   1.78   2.09   2.24    2.4   2.83   1886    1.0
zinterp[473]   2.26  6.1e-3   0.26   1.78   2.09   2.25    2.4   2.84   1886    1.0
zinterp[474]   2.26  6.1e-3   0.27   1.78   2.09   2.25   2.41   2.84   1886    1.0
zinterp[475]   2.26  6.1e-3   0.27   1.78    2.1   2.25   2.41   2.85   1886    1.0
zinterp[476]   2.27  6.1e-3   0.27   1.79    2.1   2.26   2.41   2.85   1886    1.0
zinterp[477]   2.27  6.1e-3   0.27   1.79    2.1   2.26   2.42   2.86   1886    1.0
zinterp[478]   2.28  6.2e-3   0.27   1.79   2.11   2.27   2.42   2.86   1885    1.0
zinterp[479]   2.28  6.2e-3   0.27    1.8   2.11   2.27   2.43   2.87   1885    1.0
zinterp[480]   2.28  6.2e-3   0.27    1.8   2.11   2.27   2.43   2.87   1885    1.0
zinterp[481]   2.29  6.2e-3   0.27    1.8   2.12   2.28   2.44   2.88   1885    1.0
zinterp[482]   2.29  6.2e-3   0.27    1.8   2.12   2.28   2.44   2.88   1885    1.0
zinterp[483]   2.29  6.2e-3   0.27   1.81   2.13   2.29   2.44   2.89   1885    1.0
zinterp[484]    2.3  6.2e-3   0.27   1.81   2.13   2.29   2.45   2.89   1884    1.0
zinterp[485]    2.3  6.3e-3   0.27   1.81   2.13   2.29   2.45    2.9   1884    1.0
zinterp[486]   2.31  6.3e-3   0.27   1.81   2.14    2.3   2.46    2.9   1884    1.0
zinterp[487]   2.31  6.3e-3   0.27   1.82   2.14    2.3   2.46   2.91   1884    1.0
zinterp[488]   2.31  6.3e-3   0.27   1.82   2.14   2.31   2.47   2.91   1884    1.0
zinterp[489]   2.32  6.3e-3   0.27   1.82   2.15   2.31   2.47   2.92   1884    1.0
zinterp[490]   2.32  6.3e-3   0.27   1.83   2.15   2.31   2.47   2.92   1883    1.0
zinterp[491]   2.33  6.3e-3   0.27   1.83   2.15   2.32   2.48   2.93   1883    1.0
zinterp[492]   2.33  6.3e-3   0.28   1.83   2.16   2.32   2.48   2.93   1883    1.0
zinterp[493]   2.33  6.4e-3   0.28   1.83   2.16   2.32   2.49   2.94   1883    1.0
zinterp[494]   2.34  6.4e-3   0.28   1.84   2.17   2.33   2.49   2.95   1883    1.0
zinterp[495]   2.34  6.4e-3   0.28   1.84   2.17   2.33   2.49   2.95   1883    1.0
zinterp[496]   2.35  6.4e-3   0.28   1.84   2.17   2.34    2.5   2.96   1883    1.0
zinterp[497]   2.35  6.4e-3   0.28   1.85   2.18   2.34    2.5   2.96   1882    1.0
zinterp[498]   2.35  6.4e-3   0.28   1.85   2.18   2.34   2.51   2.97   1882    1.0
zinterp[499]   2.36  6.4e-3   0.28   1.85   2.18   2.35   2.51   2.97   1882    1.0
lp__         -49.71    1.96  11.61 -73.73 -57.32 -49.06 -41.59 -28.25     35   1.04

Samples were drawn using NUTS at Fri Sep 14 06:44:13 2018.
For each parameter, n_eff is a crude measure of effective sample size,
and Rhat is the potential scale reduction factor on split chains (at 
convergence, Rhat=1).
