Called with the following command line:
./fit.py --cosmo-constraints --sampfile observations.h5 --subset small --selfile selected.h5 --nsel 16384 --chainfile population_small_cosmo.h5 --tracefile traceplot_small_cosmo.pdf
                   mean          sd   mc_error     hpd_2.5     hpd_97.5  \
sigma_low      0.173814    0.174932   0.003676    0.012636     0.493173   
sigma_high     0.068614    0.040701   0.000989    0.006688     0.147840   
MMin           4.762449    1.070416   0.024240    3.014112     6.803617   
MMax          42.419371    2.916785   0.067469   36.523385    47.861393   
R0           115.719919   38.388604   0.837321   49.615280   185.753183   
alpha          0.630094    0.369949   0.008020   -0.105052     1.330367   
beta           0.274127    0.437291   0.008021   -0.549894     1.161032   
gamma          2.101206    0.744828   0.015894    0.559978     3.513187   
H0            67.740909    0.687486   0.010631   66.416221    69.060684   
Om_h2          0.142045    0.001492   0.000025    0.139264     0.145017   
Om             0.309639    0.007025   0.000111    0.296765     0.323622   
w             -1.035890    0.416656   0.008007   -1.832333    -0.263907   
neff_det    2054.836420  876.316567  21.464667  651.130482  3841.278137   
Nex           63.792185    8.010526   0.116624   48.513789    79.527698   
neff__0       33.390835    5.186169   0.111321   24.155182    44.139588   
neff__1       46.776680   21.919839   0.383860   10.110621    90.412998   
neff__2       32.753968    1.953605   0.042739   29.159556    36.254840   
neff__3       38.436379    2.529032   0.056127   33.843944    43.148579   
neff__4       39.247229   14.308939   0.259958   13.313768    67.651364   
neff__5       29.630246    3.559980   0.073357   23.137262    36.953248   
neff__6       50.592564   21.976201   0.382202   13.308992    94.552593   
neff__7       38.106818    8.409153   0.139897   21.649495    54.241189   
neff__8       29.024318    2.656146   0.055399   24.018306    33.667891   
neff__9       30.985875    3.966572   0.081757   23.582325    38.661007   
neff__10      28.458469    5.667944   0.096327   18.144260    39.817675   
neff__11      41.334307    5.161114   0.091839   31.235619    50.998868   
neff__12      32.983359    3.754677   0.078201   26.059066    40.403576   
neff__13      26.507836    6.913262   0.113098   13.509878    39.920978   
neff__14      31.400892    3.069844   0.062474   25.601782    37.184946   
neff__15      34.232115    4.800792   0.084118   25.078899    43.583675   
neff__16      66.959470   33.462202   0.842063    8.165869   122.566746   
neff__17      31.975448    2.157469   0.048775   27.877137    36.054408   
neff__18      36.798826   11.194111   0.193134   15.867467    58.307039   
neff__19      33.560178    3.174759   0.060929   27.539404    39.693432   
neff__20      29.876702    4.710759   0.087168   20.763370    38.701199   
neff__21      30.225716    6.622762   0.128544   18.195618    42.961285   
neff__22      41.132697    7.953874   0.132131   26.006583    57.424683   
neff__23      31.811435    3.268757   0.069296   25.692918    38.318851   
neff__24      30.591156    3.597686   0.068713   23.483166    37.198185   
neff__25      32.616693    3.485100   0.072156   26.512994    39.089525   
neff__26      27.686498    4.328081   0.083189   19.320920    35.622313   
neff__27      31.322660    4.646998   0.093066   22.721842    40.392687   
neff__28      32.204387    4.046718   0.076991   24.383764    39.987159   
neff__29      31.350598    3.869096   0.083177   24.311130    38.968607   
neff__30      32.667658    2.581335   0.050344   27.621097    37.563011   
neff__31      36.591090    2.943715   0.061115   31.351463    42.480930   
neff__32      30.023054    3.785904   0.069667   22.470142    37.258375   
neff__33      30.930635    3.018338   0.063556   25.446373    36.909917   
neff__34      30.543332    2.703448   0.060329   25.314283    35.543816   
neff__35      30.212349    3.408334   0.066718   23.946453    36.963765   
neff__36      33.582171    3.122163   0.066778   27.695797    39.445353   
neff__37      33.979945   12.427776   0.212600   14.811706    59.843465   
neff__38      33.508390    4.495485   0.086939   24.947992    41.986833   
neff__39      28.225170    4.068786   0.084914   20.630330    35.818233   
neff__40      33.931423    6.706015   0.112524   21.233089    47.060254   
neff__41      30.846872    3.202321   0.063689   25.325713    37.490321   
neff__42      35.303247   13.311378   0.226084   13.577164    61.394562   
neff__43      27.641716    4.476139   0.094412   19.871737    36.605915   
neff__44      28.743132    3.331050   0.068922   22.700567    35.135995   
neff__45      30.678325    6.336528   0.104926   19.926508    43.831467   
neff__46      30.647070    2.509594   0.052829   25.868046    35.269822   
neff__47      28.761910    4.789669   0.088861   19.805090    38.169052   
neff__48      34.117148    8.684453   0.147657   17.870126    50.763602   
neff__49      34.825661    6.597177   0.110791   22.216448    47.060674   
neff__50      29.620549    3.665264   0.075332   22.851326    36.627070   
neff__51      31.962073    6.572871   0.132260   16.718022    43.180729   
neff__52      30.025902    6.589946   0.128689   18.157504    43.530392   
neff__53      38.336448   10.774802   0.181193   19.649879    59.750799   
neff__54      36.737364    5.279171   0.093940   26.761294    46.998562   
neff__55      28.533472    3.487798   0.075297   22.136910    35.274904   
neff__56      27.806729    5.510949   0.108640   18.215479    38.547786   
neff__57      31.512405    3.223385   0.067796   25.545596    37.394245   
neff__58      29.206502    4.505369   0.093100   21.400581    37.959389   
neff__59      26.917072    5.208825   0.101528   18.107987    37.547756   
neff__60      31.195383    2.543606   0.052587   26.447794    36.095227   
neff__61      31.533873    4.102731   0.086428   24.063712    39.712168   
neff__62      55.164999   17.157824   0.290505   24.279674    89.114576   
neff__63      29.769306    2.904712   0.060027   24.231659    35.212166   

                  n_eff      Rhat  
sigma_low   2238.984810  1.000334  
sigma_high  1590.665064  1.002141  
MMin        2307.045649  1.002075  
MMax        1787.300956  1.001738  
R0          1885.402493  1.001462  
alpha       2519.891928  0.999890  
beta        2813.445231  0.999869  
gamma       1941.090496  0.999926  
H0          3603.525711  0.999737  
Om_h2       3332.013720  1.000433  
Om          3248.970436  1.000234  
w           2889.066881  0.999671  
neff_det    1457.120984  1.000266  
Nex         3728.017516  1.000126  
neff__0     2789.957390  0.999636  
neff__1     3081.453645  0.999580  
neff__2     2613.674958  0.999829  
neff__3     2543.359095  0.999799  
neff__4     3173.040734  0.999629  
neff__5     2833.343569  1.000034  
neff__6     3042.608326  0.999678  
neff__7     3120.651604  0.999538  
neff__8     2764.913806  0.999779  
neff__9     2972.195245  0.999679  
neff__10    3301.203585  0.999891  
neff__11    3049.311464  0.999692  
neff__12    2933.036485  0.999791  
neff__13    3587.313634  0.999724  
neff__14    2979.134623  0.999758  
neff__15    3030.767081  1.000020  
neff__16    1685.747090  1.001112  
neff__17    2689.454502  0.999866  
neff__18    3144.498544  0.999614  
neff__19    3168.798978  0.999601  
neff__20    3251.439801  0.999549  
neff__21    2599.538765  1.000975  
neff__22    3525.503349  0.999531  
neff__23    2844.370153  0.999799  
neff__24    2897.208217  1.000065  
neff__25    2823.025756  0.999677  
neff__26    2925.512359  0.999710  
neff__27    3045.515730  0.999637  
neff__28    2825.739183  0.999563  
neff__29    2820.964764  0.999669  
neff__30    2344.247831  1.000129  
neff__31    2841.784697  0.999951  
neff__32    2786.557914  1.000402  
neff__33    2993.288971  0.999709  
neff__34    2830.687289  0.999987  
neff__35    2767.009170  0.999932  
neff__36    2844.506373  0.999649  
neff__37    3586.514850  0.999526  
neff__38    3041.340667  0.999649  
neff__39    2951.047199  0.999691  
neff__40    3432.112852  0.999612  
neff__41    2946.787848  0.999926  
neff__42    3588.621170  0.999525  
neff__43    2867.213746  0.999671  
neff__44    2898.917543  0.999776  
neff__45    3522.714614  0.999653  
neff__46    2907.833049  0.999793  
neff__47    2953.165884  0.999966  
neff__48    3430.794333  0.999659  
neff__49    3438.715004  0.999995  
neff__50    2986.783164  0.999625  
neff__51    2873.388958  1.000456  
neff__52    2881.395272  0.999625  
neff__53    3292.203571  0.999604  
neff__54    3240.053846  0.999673  
neff__55    2854.663688  0.999816  
neff__56    2578.618963  1.000651  
neff__57    2870.150013  0.999718  
neff__58    2943.898844  0.999723  
neff__59    2893.213913  1.000076  
neff__60    2929.368145  0.999704  
neff__61    3012.273036  0.999694  
neff__62    3301.236589  0.999622  
neff__63    2864.075255  0.999606  
Just completed sampling.
  Fraction of D(ln(pi)) due to selection Monte-Carlo is 0.03
  Mean fractional bias in R is 0.04
  Mean fractional increase in sigma_R is 0.06
