Called with the following command line:
/cm/local/apps/slurm/var/spool/job112752/slurm_script --sampfile parameters_small.h5 --samp 64 --selfile selected.h5 --nsel 8192 --chainfile population_small_free.h5 --tracefile traceplot_small_free.pdf --prior free

Gradient evaluation took 0.05 seconds
1000 transitions using 10 leapfrog steps per transition would take 500 seconds.
Adjust your expectations accordingly!



Gradient evaluation took 0.05 seconds
1000 transitions using 10 leapfrog steps per transition would take 500 seconds.
Adjust your expectations accordingly!



Gradient evaluation took 0.06 seconds
1000 transitions using 10 leapfrog steps per transition would take 600 seconds.
Adjust your expectations accordingly!



Gradient evaluation took 0.05 seconds
1000 transitions using 10 leapfrog steps per transition would take 500 seconds.
Adjust your expectations accordingly!


Iteration:    1 / 2000 [  0%]  (Warmup)
Iteration:    1 / 2000 [  0%]  (Warmup)
Iteration:    1 / 2000 [  0%]  (Warmup)
Iteration:    1 / 2000 [  0%]  (Warmup)
Iteration:  200 / 2000 [ 10%]  (Warmup)
Iteration:  200 / 2000 [ 10%]  (Warmup)
Iteration:  200 / 2000 [ 10%]  (Warmup)
Iteration:  200 / 2000 [ 10%]  (Warmup)
Iteration:  400 / 2000 [ 20%]  (Warmup)
Iteration:  400 / 2000 [ 20%]  (Warmup)
Iteration:  400 / 2000 [ 20%]  (Warmup)
Iteration:  400 / 2000 [ 20%]  (Warmup)
Iteration:  600 / 2000 [ 30%]  (Warmup)
Iteration:  600 / 2000 [ 30%]  (Warmup)
Iteration:  600 / 2000 [ 30%]  (Warmup)
Iteration:  600 / 2000 [ 30%]  (Warmup)
Iteration:  800 / 2000 [ 40%]  (Warmup)
Iteration:  800 / 2000 [ 40%]  (Warmup)
Iteration:  800 / 2000 [ 40%]  (Warmup)
Iteration:  800 / 2000 [ 40%]  (Warmup)
Iteration: 1000 / 2000 [ 50%]  (Warmup)
Iteration: 1001 / 2000 [ 50%]  (Sampling)
Iteration: 1000 / 2000 [ 50%]  (Warmup)
Iteration: 1001 / 2000 [ 50%]  (Sampling)
Iteration: 1000 / 2000 [ 50%]  (Warmup)
Iteration: 1001 / 2000 [ 50%]  (Sampling)
Iteration: 1000 / 2000 [ 50%]  (Warmup)
Iteration: 1001 / 2000 [ 50%]  (Sampling)
Iteration: 1200 / 2000 [ 60%]  (Sampling)
Iteration: 1200 / 2000 [ 60%]  (Sampling)
Iteration: 1400 / 2000 [ 70%]  (Sampling)
Iteration: 1200 / 2000 [ 60%]  (Sampling)
Iteration: 1200 / 2000 [ 60%]  (Sampling)
Iteration: 1400 / 2000 [ 70%]  (Sampling)
Iteration: 1600 / 2000 [ 80%]  (Sampling)
Iteration: 1400 / 2000 [ 70%]  (Sampling)
Iteration: 1400 / 2000 [ 70%]  (Sampling)
Iteration: 1800 / 2000 [ 90%]  (Sampling)
Iteration: 1600 / 2000 [ 80%]  (Sampling)
Iteration: 1600 / 2000 [ 80%]  (Sampling)
Iteration: 2000 / 2000 [100%]  (Sampling)

 Elapsed Time: 11650.1 seconds (Warm-up)
               10142.2 seconds (Sampling)
               21792.3 seconds (Total)

Iteration: 1600 / 2000 [ 80%]  (Sampling)
Iteration: 1800 / 2000 [ 90%]  (Sampling)
Iteration: 2000 / 2000 [100%]  (Sampling)

 Elapsed Time: 12991.5 seconds (Warm-up)
               11310.5 seconds (Sampling)
               24302 seconds (Total)

Iteration: 1800 / 2000 [ 90%]  (Sampling)
Iteration: 1800 / 2000 [ 90%]  (Sampling)
Iteration: 2000 / 2000 [100%]  (Sampling)

 Elapsed Time: 13438.9 seconds (Warm-up)
               13456.9 seconds (Sampling)
               26895.8 seconds (Total)

Iteration: 2000 / 2000 [100%]  (Sampling)

 Elapsed Time: 13133.7 seconds (Warm-up)
               14161.2 seconds (Sampling)
               27294.9 seconds (Total)

Inference for Stan model: anon_model_10fe0ac975ece91a7792bdfdfa9853a1.
4 chains, each with iter=2000; warmup=1000; thin=1; 
post-warmup draws per chain=1000, total post-warmup draws=4000.

              mean se_mean     sd   2.5%    25%    50%    75%  97.5%  n_eff   Rhat
H0           68.41    0.24  11.81  50.96  58.92  66.92  76.58  93.91   2338    1.0
Om            0.29  1.6e-3    0.1   0.09   0.22   0.28   0.35   0.48   4000    1.0
w_p          -1.11  7.0e-3   0.45  -1.97  -1.42  -1.09  -0.81  -0.26   4000    1.0
w_a          -0.04    0.01   0.65   -1.3  -0.49  -0.04    0.4   1.25   4000    1.0
R0          131.19    0.66  41.94  68.28 100.54  125.0  155.1  228.7   4000    1.0
alpha         1.23  7.6e-3    0.4   0.42   0.97   1.25   1.51   1.97   2761    1.0
beta         -0.41  7.3e-3   0.46  -1.26  -0.73  -0.43  -0.11   0.56   4000    1.0
gamma         2.77    0.02   0.88   1.01   2.16   2.78   3.38   4.48   3156    1.0
MMin          5.36    0.01   0.44   4.43   5.09   5.38   5.67   6.12   1164    1.0
MMax         41.35    0.08    2.7  35.97  39.59  41.43  43.12  46.75   1069   1.01
m1_true[0]   18.89    0.06   2.74   14.1  16.83   18.7  20.78  24.55   2168    1.0
m1_true[1]   26.41    0.07   3.81  20.23  23.55  25.99  28.95  34.57   3065    1.0
m1_true[2]   11.78    0.03   1.41   9.49  10.74  11.65  12.65  14.84   3074    1.0
m1_true[3]   36.01    0.08   4.05  28.31  33.07  36.08  39.03  43.36   2397    1.0
m1_true[4]   23.14    0.15   3.67  16.02  20.56   23.4  25.65  30.04    614    1.0
m1_true[5]   33.05    0.07    3.3  27.38  30.61  32.83  35.25  40.06   2355    1.0
m1_true[6]   15.37    0.05    2.4   11.0  13.66   15.3  16.97  20.25   2040    1.0
m1_true[7]   33.31    0.09   4.48   25.0  30.05  33.28  36.45  41.81   2284    1.0
m1_true[8]   17.58    0.02   1.43  14.96  16.55  17.52  18.55  20.45   4000    1.0
m1_true[9]   30.06    0.07   3.44  23.92  27.68  29.81  32.21   37.4   2369    1.0
m1_true[10]  36.56    0.08    3.6  29.56   34.1   36.6  39.14  43.57   2105    1.0
m1_true[11]  38.42    0.09   3.48  30.97  36.25   38.6   40.8   44.8   1670    1.0
m1_true[12]  28.59     0.1   4.32  21.84  25.45  27.94  30.97  38.84   2047    1.0
m1_true[13]  30.57    0.07   3.64  24.12  27.93  30.34  32.96  38.61   2405    1.0
m1_true[14]  35.88    0.08   3.85   28.8   33.0  35.88  38.64  43.26   2176    1.0
m1_true[15]  29.26    0.05   2.73  24.57  27.29  29.01  31.04  35.15   3282    1.0
m1_true[16]  31.63    0.08   3.23  25.72  29.47  31.45   33.6  38.69   1845    1.0
m1_true[17]  31.78    0.03   1.87  28.21  30.49  31.77  33.05  35.56   4000    1.0
m1_true[18]  36.34    0.08   3.73  28.83  33.78  36.39  38.98  43.28   2135    1.0
m1_true[19]  29.56    0.07   3.54  23.14  27.04  29.34  31.89  36.99   2322    1.0
m1_true[20]  39.49    0.07   2.72  34.11  37.67  39.54  41.42  44.55   1496   1.01
m1_true[21]  16.36    0.03   1.45  13.99  15.28  16.23  17.27  19.49   2958    1.0
m1_true[22]  31.74    0.04   2.66  27.27  29.74  31.53  33.57  37.25   4000    1.0
m1_true[23]  18.99    0.04    2.1  15.37  17.51  18.81  20.34  23.55   2490    1.0
m1_true[24]  24.42    0.06   2.17  20.15  22.98  24.45  25.85  28.63   1297    1.0
m1_true[25]  12.68    0.03   1.67  10.06  11.38  12.48  13.79  16.32   3034    1.0
m1_true[26]  15.71    0.03   2.07  12.37  14.12  15.43  17.12  20.08   3518    1.0
m1_true[27]   6.53  8.5e-3   0.49   5.74   6.19   6.46   6.79   7.71   3344    1.0
m1_true[28]  17.74    0.04   2.17  14.27  16.14  17.46  19.08  22.76   2899    1.0
m1_true[29]  27.83    0.11   4.88  19.03  24.05  27.85   31.2  37.69   2107    1.0
m1_true[30]   35.3    0.06   3.22   29.9  32.76  35.08  37.62  41.88   3049    1.0
m1_true[31]  29.37    0.08    4.2  22.53   26.2  28.87  32.12   38.4   2589    1.0
m1_true[32]  30.84    0.03   2.14  27.11  29.24  30.69  32.21  35.31   4000    1.0
m1_true[33]  27.89    0.09   4.23  21.25  24.84  27.18  30.41  38.08   2138    1.0
m1_true[34]  39.46    0.08   2.82  33.61  37.58  39.58  41.35   45.0   1375   1.01
m1_true[35]  24.09    0.03   1.71  21.32  22.84  23.83  25.14  27.96   4000    1.0
m1_true[36]  34.16    0.07   3.83  27.34  31.37  33.88  36.88  41.95   2877    1.0
m1_true[37]  38.13    0.09   3.44  31.37  35.73  38.18  40.55  44.65   1625    1.0
m1_true[38]  18.33    0.05   2.61  14.12  16.31  18.11   20.1  24.04   3102    1.0
m1_true[39]  24.29    0.07   3.48  18.04  21.59  24.35  26.86  30.92   2357    1.0
m1_true[40]  38.63    0.08   2.95  32.74  36.61  38.75  40.65   44.3   1544    1.0
m1_true[41]  16.32    0.03   1.86  13.19  14.99  16.09   17.5  20.49   3224    1.0
m1_true[42]  24.23    0.05   2.59  19.77  22.25  24.03  26.12  29.52   2722    1.0
m1_true[43]  21.14    0.03   1.65  17.81  20.12  21.14  22.19  24.47   3092    1.0
m1_true[44]  38.62    0.08   3.17  32.15  36.53  38.74   40.8  44.54   1625    1.0
m1_true[45]  36.19    0.08   3.44  29.72  33.75  36.07  38.56  42.87   2061    1.0
m1_true[46]  27.01    0.07   3.59  21.23   24.3  26.58  29.42  34.84   3027    1.0
m1_true[47]  12.75    0.03   1.93   9.31   11.3  12.66  14.18  16.54   3099    1.0
m1_true[48]  18.52    0.03   1.55  15.41  17.52  18.55  19.46  21.74   2421    1.0
m1_true[49]  37.14    0.07   3.22  31.12  34.73  37.16  39.55  43.23   1978    1.0
m1_true[50]  32.02    0.09   4.38  23.55  28.93  32.05  35.16  40.29   2407    1.0
m1_true[51]   29.6    0.06    3.6  23.16  26.95  29.44   32.1  36.74   3063    1.0
m1_true[52]  21.75    0.05    2.4  17.97  20.02  21.44  23.09  27.47   2790    1.0
m1_true[53]  35.72    0.07   3.38  29.41  33.25   35.6   38.1  42.37   2199    1.0
m1_true[54]  13.16    0.02   1.27  11.21  12.24  12.96  13.87  16.27   3075    1.0
m1_true[55]  34.78     0.1   4.09  26.08  32.08  34.95  37.62  42.31   1559   1.01
m1_true[56]  33.87    0.08   3.91  25.87  31.22  33.96  36.55  41.28   2310    1.0
m1_true[57]  31.69    0.07   3.53  25.46  29.01  31.52  34.22   38.7   2655    1.0
m1_true[58]  19.88    0.03   1.78  17.04  18.49  19.68  21.16  23.64   3202    1.0
m1_true[59]  33.88    0.08   3.68  27.24  31.23  33.75  36.33  41.38   2078    1.0
m1_true[60]  33.61    0.04   2.44  29.47   31.7  33.46  35.38  38.44   4000    1.0
m2_frac[0]    0.57  3.6e-3    0.2   0.23    0.4   0.56   0.72   0.95   3071    1.0
m2_frac[1]    0.58  3.2e-3   0.18   0.29   0.43   0.56   0.71   0.94   3272    1.0
m2_frac[2]    0.48  3.8e-3   0.22   0.11   0.31   0.46   0.64   0.92   3205    1.0
m2_frac[3]    0.68  2.6e-3   0.13   0.46   0.57   0.66   0.77   0.95   2698    1.0
m2_frac[4]    0.38    0.01   0.18   0.17   0.26   0.33   0.44   0.88    229   1.01
m2_frac[5]    0.74  2.5e-3   0.14   0.48   0.63   0.74   0.85   0.98   2866    1.0
m2_frac[6]    0.43  4.9e-3   0.21   0.14   0.28   0.39   0.56   0.91   1808    1.0
m2_frac[7]    0.72  2.5e-3   0.16   0.43    0.6   0.73   0.85   0.98   4000    1.0
m2_frac[8]    0.09  1.1e-3   0.05 8.7e-3   0.05   0.09   0.13   0.21   2422    1.0
m2_frac[9]    0.76  2.4e-3   0.14   0.48   0.66   0.77   0.88   0.98   3289    1.0
m2_frac[10]   0.84  1.6e-3    0.1   0.62   0.77   0.85   0.92   0.99   4000    1.0
m2_frac[11]   0.89  1.2e-3   0.07   0.71   0.84    0.9   0.95   0.99   4000    1.0
m2_frac[12]   0.69  3.3e-3   0.18   0.33   0.55   0.71   0.84   0.98   3122    1.0
m2_frac[13]   0.75  2.7e-3   0.14   0.45   0.65   0.76   0.87   0.98   2799    1.0
m2_frac[14]    0.7  2.5e-3   0.14   0.46   0.59   0.69    0.8   0.97   3008    1.0
m2_frac[15]   0.75  2.1e-3   0.14   0.49   0.64   0.75   0.86   0.98   4000    1.0
m2_frac[16]   0.79  2.0e-3   0.13   0.53    0.7   0.81   0.89   0.99   4000    1.0
m2_frac[17]   0.47  9.8e-4   0.06   0.37   0.43   0.47   0.51   0.61   4000    1.0
m2_frac[18]   0.42  2.0e-3   0.09   0.28   0.35   0.41   0.47   0.66   2211    1.0
m2_frac[19]   0.78  2.5e-3   0.14   0.48   0.69    0.8   0.89   0.99   2865    1.0
m2_frac[20]    0.9  9.9e-4   0.06   0.77   0.86   0.91   0.95   0.99   4000    1.0
m2_frac[21]   0.76  2.5e-3   0.15   0.45   0.65   0.77   0.88   0.98   3302    1.0
m2_frac[22]   0.75  2.1e-3   0.13   0.51   0.64   0.75   0.86   0.98   4000    1.0
m2_frac[23]   0.76  2.5e-3   0.14   0.47   0.66   0.77   0.88   0.99   3177    1.0
m2_frac[24]   0.81  1.6e-3    0.1    0.6   0.74   0.82   0.89   0.98   4000    1.0
m2_frac[25]    0.5  4.2e-3   0.23   0.12   0.32   0.48   0.68   0.95   3029    1.0
m2_frac[26]   0.53  3.6e-3    0.2   0.19   0.38   0.51   0.68   0.94   3123    1.0
m2_frac[27]   0.41  4.3e-3   0.27   0.01   0.17   0.36   0.62   0.96   4000    1.0
m2_frac[28]   0.63  3.1e-3   0.18   0.32   0.49   0.62   0.78   0.97   3444    1.0
m2_frac[29]   0.43  4.8e-3   0.19   0.17   0.29   0.38   0.52   0.89   1490    1.0
m2_frac[30]   0.72  2.5e-3   0.14   0.48    0.6   0.71   0.83   0.98   3129    1.0
m2_frac[31]   0.61  3.1e-3   0.17   0.33   0.47    0.6   0.73   0.95   3039    1.0
m2_frac[32]    0.8  1.7e-3   0.11   0.58   0.72    0.8   0.89   0.98   4000    1.0
m2_frac[33]   0.65  3.4e-3   0.19   0.31   0.49   0.65    0.8   0.97   2956    1.0
m2_frac[34]   0.87  1.5e-3   0.08   0.71   0.81   0.88   0.94   0.99   2946    1.0
m2_frac[35]   0.79  1.9e-3   0.12   0.54   0.71   0.81   0.89   0.98   4000    1.0
m2_frac[36]    0.7  2.4e-3   0.15   0.44   0.58    0.7   0.82   0.97   4000    1.0
m2_frac[37]   0.72  3.2e-3   0.13   0.48   0.63   0.71   0.81   0.98   1671    1.0
m2_frac[38]   0.49  3.8e-3    0.2   0.19   0.34   0.46   0.63   0.92   2689    1.0
m2_frac[39]   0.42  4.8e-3   0.17   0.18   0.29   0.37    0.5   0.85   1229    1.0
m2_frac[40]   0.87  1.3e-3   0.08   0.68   0.82   0.88   0.94   0.99   4000    1.0
m2_frac[41]   0.62  3.4e-3   0.19    0.3   0.47   0.62   0.77   0.97   3144    1.0
m2_frac[42]   0.67  2.8e-3   0.16   0.39   0.55   0.66   0.79   0.97   3230    1.0
m2_frac[43]   0.18  1.0e-3   0.05   0.09   0.15   0.18   0.21    0.3   2438    1.0
m2_frac[44]   0.84  1.9e-3    0.1   0.61   0.77   0.85   0.92   0.99   3169    1.0
m2_frac[45]   0.77  2.0e-3   0.13   0.53   0.67   0.77   0.87   0.99   4000    1.0
m2_frac[46]   0.61  3.0e-3   0.18   0.31   0.47   0.59   0.74   0.95   3384    1.0
m2_frac[47]   0.25  3.4e-3   0.19   0.01   0.11    0.2   0.33   0.76   3156    1.0
m2_frac[48]   0.36  2.1e-3    0.1   0.21   0.29   0.35   0.42   0.61   2192    1.0
m2_frac[49]   0.74  2.2e-3   0.12   0.56   0.65   0.73   0.83   0.97   2765    1.0
m2_frac[50]   0.08  8.2e-4   0.04   0.02   0.05   0.08    0.1   0.18   2374    1.0
m2_frac[51]   0.18  1.0e-3   0.05   0.09   0.14   0.17   0.22    0.3   2888    1.0
m2_frac[52]   0.72  2.7e-3   0.15    0.4   0.61   0.72   0.84   0.98   3295    1.0
m2_frac[53]   0.82  1.7e-3   0.11   0.59   0.74   0.83    0.9   0.99   4000    1.0
m2_frac[54]   0.69  2.8e-3   0.18   0.32   0.56    0.7   0.83   0.98   4000    1.0
m2_frac[55]   0.81  1.7e-3   0.11   0.57   0.74   0.81   0.89   0.99   4000    1.0
m2_frac[56]   0.14  1.1e-3   0.05   0.06   0.11   0.14   0.17   0.26   2225    1.0
m2_frac[57]   0.68  2.9e-3   0.16   0.41   0.56   0.67   0.81   0.97   2897    1.0
m2_frac[58]    0.7  2.7e-3   0.15   0.43   0.58   0.71   0.83   0.97   3205    1.0
m2_frac[59]   0.74  2.8e-3   0.14   0.45   0.63   0.74   0.85   0.98   2630    1.0
m2_frac[60]   0.77  1.9e-3   0.12   0.55   0.67   0.77   0.87   0.98   4000    1.0
dl_true[0]    1.26  8.1e-3   0.34   0.67   1.03   1.23   1.42   2.16   1815    1.0
dl_true[1]     1.8  6.1e-3   0.38   1.08   1.52   1.78   2.07   2.56   4000    1.0
dl_true[2]    1.31  3.6e-3   0.23   0.89   1.16    1.3   1.46   1.76   4000    1.0
dl_true[3]    3.01  9.7e-3   0.52   2.05   2.63   2.97   3.39   4.02   2885    1.0
dl_true[4]    2.53  8.3e-3   0.43   1.73   2.23    2.5   2.84   3.41   2657    1.0
dl_true[5]    2.13  4.4e-3   0.28   1.63   1.93   2.11   2.32    2.7   4000    1.0
dl_true[6]    1.64    0.01   0.43   0.94   1.33   1.58   1.87   2.79   1271    1.0
dl_true[7]    4.84    0.02   1.04   2.96   4.14   4.76   5.49   7.12   4000    1.0
dl_true[8]    1.19  3.0e-3   0.19   0.82   1.05   1.17   1.32   1.56   4000    1.0
dl_true[9]    5.61    0.01   0.85   3.99   5.03    5.6    6.2    7.3   4000    1.0
dl_true[10]   4.65    0.01   0.71   3.31   4.12   4.67   5.17   5.97   3333    1.0
dl_true[11]   8.87    0.02   1.23   6.85    8.0   8.68   9.61  11.62   2498    1.0
dl_true[12]   3.26    0.01   0.71   1.99   2.73   3.24   3.78   4.62   4000    1.0
dl_true[13]   3.29  8.3e-3   0.53   2.37   2.91   3.23   3.63   4.43   4000    1.0
dl_true[14]   3.42  7.3e-3   0.46   2.56   3.09   3.39   3.72   4.39   4000    1.0
dl_true[15]   1.72  5.0e-3   0.32   1.15   1.49   1.68   1.91   2.41   4000    1.0
dl_true[16]    3.0    0.02   0.72   1.76   2.51   2.96   3.39   4.87   1853    1.0
dl_true[17]   1.06  1.5e-3    0.1   0.88   0.99   1.05   1.13   1.26   4000    1.0
dl_true[18]   1.82  5.3e-3   0.34   1.22   1.57   1.79   2.05    2.5   4000    1.0
dl_true[19]   5.06    0.02   0.93   3.38   4.37   4.97   5.71   6.91   2863    1.0
dl_true[20]   4.18  7.4e-3   0.47   3.22   3.86   4.21   4.51   5.05   4000    1.0
dl_true[21]   0.91  3.3e-3   0.21   0.51   0.76   0.92   1.06   1.32   4000    1.0
dl_true[22]   1.28  2.7e-3   0.17   0.95   1.17   1.28   1.39   1.63   4000    1.0
dl_true[23]   4.13    0.01    0.7   2.83   3.64   4.07   4.63   5.48   3162    1.0
dl_true[24]   3.42    0.03   0.62   2.52   3.02   3.33   3.67   5.33    489    1.0
dl_true[25]   1.15  3.7e-3   0.24   0.73   0.99   1.13   1.29   1.67   4000    1.0
dl_true[26]   1.37  4.3e-3   0.27   0.83   1.17   1.39   1.58   1.85   4000    1.0
dl_true[27]   1.09  3.5e-3   0.22   0.69   0.94   1.07   1.23   1.57   4000    1.0
dl_true[28]   1.96  6.3e-3    0.4   1.22   1.67   1.96   2.24   2.78   4000    1.0
dl_true[29]   1.93  9.0e-3   0.48   1.02   1.57   1.94   2.28   2.83   2832    1.0
dl_true[30]   1.05  2.6e-3   0.16   0.75   0.94   1.05   1.15   1.39   4000    1.0
dl_true[31]   2.46    0.01   0.64   1.33   2.03   2.39   2.85   3.84   4000    1.0
dl_true[32]   1.55  2.4e-3   0.15   1.25   1.45   1.56   1.66   1.83   4000    1.0
dl_true[33]   3.29    0.01   0.68   1.93   2.83   3.32   3.77   4.57   4000    1.0
dl_true[34]   3.64    0.01   0.49   2.76    3.3   3.59   3.99    4.6   2176    1.0
dl_true[35]   1.03  1.7e-3   0.11   0.81   0.96   1.03    1.1   1.24   4000    1.0
dl_true[36]   1.98  5.8e-3   0.37   1.21   1.74   1.99   2.23   2.65   4000    1.0
dl_true[37]   2.71  8.7e-3   0.49    1.7    2.4   2.71   3.03   3.68   3150    1.0
dl_true[38]    1.6  4.0e-3   0.25   1.11   1.43   1.61   1.78   2.08   4000    1.0
dl_true[39]   1.02  3.3e-3   0.21   0.63   0.86    1.0   1.17   1.42   4000    1.0
dl_true[40]   5.47    0.01   0.64   4.27   5.03   5.44   5.87   6.85   4000    1.0
dl_true[41]   2.88  8.3e-3   0.53   1.97    2.5   2.85   3.23   4.01   4000    1.0
dl_true[42]   1.93  3.3e-3   0.21   1.53   1.79   1.94   2.07   2.38   4000    1.0
dl_true[43]   0.85  1.8e-3   0.12   0.62   0.78   0.85   0.93   1.09   4000    1.0
dl_true[44]   5.83    0.02   0.87   4.27   5.22   5.76   6.37   7.64   3235    1.0
dl_true[45]   3.77  8.6e-3   0.54   2.69   3.39   3.79   4.16   4.74   4000    1.0
dl_true[46]   3.08  7.0e-3   0.44   2.26   2.76   3.05   3.38   3.95   4000    1.0
dl_true[47]   1.89  7.6e-3   0.38   1.34   1.62   1.82   2.08   2.78   2442    1.0
dl_true[48]   0.87  1.6e-3    0.1   0.67    0.8   0.87   0.94   1.07   4000    1.0
dl_true[49]    2.1  3.3e-3   0.17   1.77   1.99    2.1   2.21   2.47   2671    1.0
dl_true[50]   2.43  7.4e-3   0.42   1.68   2.15   2.39   2.69   3.38   3203    1.0
dl_true[51]   2.02  6.1e-3   0.38   1.29   1.76    2.0   2.28   2.78   4000    1.0
dl_true[52]   1.57  6.2e-3   0.34   0.96   1.32   1.56    1.8   2.32   3092    1.0
dl_true[53]   4.44  9.0e-3   0.57   3.33   4.04   4.44   4.85   5.52   4000    1.0
dl_true[54]   1.05  4.3e-3   0.27   0.55   0.86   1.04   1.23   1.62   4000    1.0
dl_true[55]   6.65    0.03   1.35   4.59   5.75   6.48   7.27  10.51   1522    1.0
dl_true[56]   2.24  9.7e-3    0.5   1.37   1.89   2.21   2.56   3.43   2656    1.0
dl_true[57]   2.61  7.6e-3   0.39   1.85   2.34   2.59   2.88   3.39   2667    1.0
dl_true[58]   0.93  2.4e-3   0.15   0.64   0.82   0.92   1.03   1.23   4000    1.0
dl_true[59]   2.98    0.01   0.77   1.63   2.44   2.91   3.42    4.7   4000    1.0
dl_true[60]   0.84  1.6e-3    0.1   0.65   0.77   0.84   0.91   1.03   4000    1.0
dH            4.51    0.02   0.75   3.19   3.91   4.48   5.09   5.88   2358    1.0
w0           -1.09  7.9e-3    0.5  -2.06  -1.44  -1.09  -0.75  -0.12   4000    1.0
Nex          60.76    0.12   7.56   46.6  55.59  60.48  65.63  76.27   4000    1.0
sigma_Nex      2.7  6.6e-3   0.42   1.98   2.41   2.67   2.95   3.61   4000    1.0
neff_det    517.33    1.39  87.96 339.05 459.64 519.17 577.26 684.72   4000    1.0
m2_true[0]   12.54    0.02   1.52   9.53   11.5  12.57  13.61  15.38   4000    1.0
m2_true[1]   16.95    0.03    2.1   13.1  15.37  16.92  18.48  21.05   4000    1.0
m2_true[2]    8.18    0.01   0.87   6.43   7.58   8.21   8.82   9.74   4000    1.0
m2_true[3]   25.67    0.05   2.62  20.76  23.78  25.59  27.57  30.79   2763    1.0
m2_true[4]   11.51     0.1   1.56   9.08  10.49   11.3  12.25  15.77    246   1.01
m2_true[5]   25.44    0.04    2.2  21.13  23.95  25.49  27.01  29.54   3084    1.0
m2_true[6]    9.29    0.02   1.09   7.26   8.53   9.25  10.06  11.46   4000    1.0
m2_true[7]   25.05    0.06   3.35  18.98  22.66  24.92  27.22  32.01   3320   1.01
m2_true[8]    6.46  8.4e-3   0.49   5.57   6.11   6.43    6.8   7.44   3421    1.0
m2_true[9]   23.86    0.05   2.73  18.49  21.99  23.95  25.73  29.08   2976    1.0
m2_true[10]  31.35    0.06   2.98  25.48  29.33  31.39  33.35  37.28   2495    1.0
m2_true[11]  34.72    0.08   3.66  27.17  32.26  34.92  37.25  41.55   1983    1.0
m2_true[12]  20.78    0.04   2.75  15.21  18.87  20.91  22.73  25.91   4000    1.0
m2_true[13]  23.88    0.05   2.26  19.15  22.43  23.96  25.45  28.03   2506    1.0
m2_true[14]  26.24    0.05   2.66  21.01  24.46   26.3  28.13   31.2   3285    1.0
m2_true[15]  22.92    0.03   1.99  18.82   21.6  22.99  24.34  26.56   4000    1.0
m2_true[16]  25.89    0.06   2.83  19.93  24.13  26.11  27.85  30.95   2634    1.0
m2_true[17]   17.8    0.02   0.99  15.96  17.08  17.77  18.48  19.79   3011    1.0
m2_true[18]  18.06    0.03   1.72  14.77  16.89  18.05  19.17   21.6   2900    1.0
m2_true[19]  24.01    0.06   2.65  18.49  22.27  24.17  25.84  28.85   2218    1.0
m2_true[20]  36.12    0.06   2.87  30.53  34.14  36.15  38.13  41.55   1989    1.0
m2_true[21]  13.51    0.01   0.93  11.45  12.93   13.6  14.16  15.16   4000    1.0
m2_true[22]   24.9    0.04    2.1  20.96  23.34  24.95  26.56  28.58   3372    1.0
m2_true[23]  15.54    0.03   1.56  12.65  14.45  15.51  16.61  18.57   2781    1.0
m2_true[24]   20.7    0.04   1.79  17.19  19.45  20.74  21.97  24.15   1594    1.0
m2_true[25]   8.71    0.02   1.02    6.7    8.0   8.73    9.5  10.54   3370    1.0
m2_true[26]  10.49    0.02   1.21    8.1   9.66  10.52  11.37  12.73   3427    1.0
m2_true[27]   5.78  6.5e-3   0.33   5.06   5.57   5.81   6.02   6.37   2638    1.0
m2_true[28]   12.9    0.02   1.38   10.3  11.92  12.85  13.87  15.57   4000    1.0
m2_true[29]  14.15    0.05    2.1   10.6  12.65  13.95  15.47  18.79   1939    1.0
m2_true[30]  26.46    0.04   2.32   22.3  24.64  26.43  28.29  30.68   3382    1.0
m2_true[31]  19.45    0.04    2.6  14.53  17.57  19.52  21.27  24.45   4000    1.0
m2_true[32]  25.55    0.03   1.75  22.04  24.38  25.66  26.82  28.64   2817    1.0
m2_true[33]  19.26    0.05   2.62  14.22  17.43  19.27  21.15  24.26   3183    1.0
m2_true[34]  35.12    0.07   3.19  29.12   32.8   35.1  37.47  41.04   2107    1.0
m2_true[35]  20.02    0.02   1.28  17.35  19.16  20.15  20.97  22.14   4000    1.0
m2_true[36]  25.12    0.04    2.6  20.04  23.31  25.13   26.9   30.2   4000    1.0
m2_true[37]  28.74    0.06   3.13  22.18  26.89  28.97   30.8  34.86   2330    1.0
m2_true[38]   11.3    0.03   1.37   8.69  10.31  11.24  12.28  13.89   2799    1.0
m2_true[39]   12.7    0.04   1.62   9.94  11.56  12.51  13.65  16.45   1775    1.0
m2_true[40]  34.26    0.07   3.33  27.36  32.02  34.42  36.53  40.44   2164    1.0
m2_true[41]  11.93    0.02   1.44   9.26  10.85  11.92  13.03  14.63   3378    1.0
m2_true[42]  17.67    0.03   1.64  14.38  16.57  17.71  18.87  20.68   3260    1.0
m2_true[43]    8.2  8.6e-3   0.49   7.22   7.89    8.2   8.52   9.19   3186    1.0
m2_true[44]  33.15    0.08   3.87  25.25   30.6  33.34  35.84  40.31   2438    1.0
m2_true[45]  28.75    0.05   3.04  22.92  26.55  28.73  30.95  34.52   3222    1.0
m2_true[46]  17.97    0.04    2.3  13.57  16.32  17.92  19.63  22.38   3057    1.0
m2_true[47]   6.92    0.01   0.86   5.51    6.3   6.82   7.45   8.87   3363    1.0
m2_true[48]  10.01    0.01   0.72   8.69    9.5   9.99  10.47   11.6   2421    1.0
m2_true[49]  28.65    0.03   2.03  24.91   27.2  28.57  30.06  32.64   4000    1.0
m2_true[50]   7.43    0.01   0.72   6.11   6.92   7.39   7.88   8.97   2877    1.0
m2_true[51]   9.57    0.01   0.88   7.93   8.93   9.53   10.2  11.32   4000    1.0
m2_true[52]  16.79    0.03   1.47  13.76  15.79  16.85  17.85  19.44   3133    1.0
m2_true[53]  29.96    0.06   2.91  24.17  27.98  30.02  32.01  35.28   2645    1.0
m2_true[54]  10.54    0.01   0.92   8.55   9.95  10.61  11.19  12.14   4000    1.0
m2_true[55]  28.86    0.07   3.32  22.33  26.62  28.85  31.11  35.16   2051    1.0
m2_true[56]   9.29    0.02   1.01   7.32   8.63   9.27   9.93  11.39   2603    1.0
m2_true[57]  22.92    0.04   2.44  17.96  21.28  22.95  24.68  27.35   2963    1.0
m2_true[58]  15.34    0.02   1.23  12.86  14.44  15.47  16.28  17.44   3144    1.0
m2_true[59]   26.0    0.06   3.29  19.54  23.72  26.01  28.25   32.4   3169    1.0
m2_true[60]  26.85    0.03    1.9  23.23  25.51  26.86  28.33  30.21   4000    1.0
z_true[0]     0.24  1.6e-3   0.07   0.13   0.19   0.23   0.28    0.4   1912    1.0
z_true[1]     0.33  1.5e-3   0.08    0.2   0.27   0.32   0.37   0.49   2454    1.0
z_true[2]     0.25  1.1e-3   0.05   0.16   0.21   0.24   0.28   0.37   2551    1.0
z_true[3]     0.51  2.3e-3   0.11   0.33   0.43    0.5   0.57   0.74   2181    1.0
z_true[4]     0.44  1.9e-3   0.09   0.29   0.37   0.43   0.49   0.63   2250    1.0
z_true[5]     0.38  1.5e-3   0.07   0.26   0.33   0.37   0.42   0.54   2202    1.0
z_true[6]      0.3  2.0e-3   0.08   0.17   0.24   0.29   0.35   0.49   1605    1.0
z_true[7]     0.75  3.7e-3   0.17   0.45   0.62   0.73   0.85   1.12   2152    1.0
z_true[8]     0.23  9.0e-4   0.05   0.15   0.19   0.22   0.26   0.33   2796    1.0
z_true[9]     0.84  3.3e-3   0.16   0.57   0.73   0.83   0.94    1.2   2456    1.0
z_true[10]    0.72  3.2e-3   0.14   0.48   0.63   0.71   0.81   1.03   1965    1.0
z_true[11]    1.22  5.1e-3   0.22   0.87   1.07   1.19   1.35   1.72   1826    1.0
z_true[12]    0.54  2.5e-3   0.13   0.33   0.45   0.53   0.62   0.82   2606    1.0
z_true[13]    0.54  2.1e-3   0.11   0.37   0.46   0.53   0.61    0.8   2575    1.0
z_true[14]    0.56  2.2e-3    0.1   0.39   0.49   0.55   0.62    0.8   2239    1.0
z_true[15]    0.32  1.4e-3   0.07    0.2   0.27   0.31   0.36   0.47   2341    1.0
z_true[16]     0.5  2.9e-3   0.13    0.3   0.41   0.49   0.57   0.79   1934    1.0
z_true[17]    0.21  7.5e-4   0.04   0.15   0.18    0.2   0.23   0.28   2255    1.0
z_true[18]    0.33  1.6e-3   0.08   0.21   0.28   0.32   0.38    0.5   2249    1.0
z_true[19]    0.77  3.5e-3   0.16   0.51   0.66   0.76   0.88   1.12   1995    1.0
z_true[20]    0.67  3.0e-3   0.12   0.46   0.58   0.66   0.74   0.93   1596   1.01
z_true[21]    0.18  8.5e-4   0.05    0.1   0.15   0.18   0.21   0.28   3100    1.0
z_true[22]    0.25  9.5e-4   0.05   0.17   0.21   0.24   0.28   0.35   2431    1.0
z_true[23]    0.66  2.8e-3   0.13   0.43   0.56   0.65   0.74   0.95   2261    1.0
z_true[24]    0.56  4.5e-3   0.12   0.38   0.48   0.55   0.63   0.83    670    1.0
z_true[25]    0.22  9.3e-4   0.05   0.14   0.19   0.22   0.25   0.34   3091    1.0
z_true[26]    0.26  1.1e-3   0.06   0.15   0.22   0.26    0.3   0.39   2695    1.0
z_true[27]    0.21  9.1e-4   0.05   0.13   0.18   0.21   0.24   0.33   3131    1.0
z_true[28]    0.35  1.6e-3   0.08   0.21   0.29   0.35   0.41   0.53   2660    1.0
z_true[29]    0.35  1.9e-3   0.09   0.19   0.28   0.34   0.41   0.54   2319    1.0
z_true[30]    0.21  8.2e-4   0.04   0.13   0.17    0.2   0.23    0.3   2675    1.0
z_true[31]    0.43  2.2e-3   0.11   0.24   0.35   0.41   0.49   0.68   2601    1.0
z_true[32]    0.29  1.1e-3   0.05   0.21   0.25   0.28   0.32    0.4   2172    1.0
z_true[33]    0.54  2.5e-3   0.12   0.32   0.46   0.54   0.62   0.81   2397    1.0
z_true[34]    0.59  2.9e-3   0.12   0.41   0.51   0.58   0.67   0.85   1541    1.0
z_true[35]     0.2  7.8e-4   0.04   0.14   0.18    0.2   0.23   0.28   2182    1.0
z_true[36]    0.36  1.7e-3   0.08   0.21    0.3   0.35    0.4   0.53   2188    1.0
z_true[37]    0.46  2.0e-3    0.1   0.29   0.39   0.46   0.52   0.69   2473    1.0
z_true[38]     0.3  1.3e-3   0.06   0.19   0.25   0.29   0.34   0.43   2293    1.0
z_true[39]     0.2  9.2e-4   0.05   0.12   0.17   0.19   0.23    0.3   2681    1.0
z_true[40]    0.83  3.6e-3   0.15   0.58   0.72   0.81   0.92   1.15   1633    1.0
z_true[41]    0.49  1.9e-3    0.1   0.32   0.41   0.48   0.55   0.72   3032    1.0
z_true[42]    0.35  1.3e-3   0.06   0.25   0.31   0.34   0.39   0.48   2197    1.0
z_true[43]    0.17  7.1e-4   0.03   0.11   0.15   0.17   0.19   0.25   2280    1.0
z_true[44]    0.87  3.9e-3   0.17    0.6   0.75   0.85   0.97   1.25   1861    1.0
z_true[45]    0.61  2.6e-3   0.12   0.41   0.53    0.6   0.69   0.86   2033    1.0
z_true[46]    0.52  2.2e-3    0.1   0.35   0.44   0.51   0.58   0.74   2083    1.0
z_true[47]    0.34  1.6e-3   0.08   0.22   0.29   0.33   0.38   0.52   2155    1.0
z_true[48]    0.17  6.5e-4   0.03   0.12   0.15   0.17    0.2   0.24   2484    1.0
z_true[49]    0.38  1.5e-3   0.06   0.27   0.33   0.37   0.42   0.51   1830    1.0
z_true[50]    0.42  1.8e-3   0.09   0.28   0.36   0.41   0.48   0.62   2365    1.0
z_true[51]    0.36  1.5e-3   0.08   0.23   0.31   0.36   0.41   0.53   2816    1.0
z_true[52]    0.29  1.4e-3   0.07   0.17   0.24   0.28   0.34   0.45   2736    1.0
z_true[53]     0.7  2.9e-3   0.13   0.48    0.6   0.69   0.78   0.98   1977    1.0
z_true[54]    0.21  1.1e-3   0.06   0.11   0.16    0.2   0.24   0.33   2524    1.0
z_true[55]    0.97  5.6e-3   0.21   0.64   0.82   0.93   1.08   1.48   1485   1.01
z_true[56]     0.4  2.1e-3    0.1   0.24   0.33   0.39   0.46   0.61   2059    1.0
z_true[57]    0.45  1.9e-3   0.09    0.3   0.39   0.44   0.51   0.64   2164    1.0
z_true[58]    0.18  7.6e-4   0.04   0.12   0.15   0.18   0.21   0.27   2730    1.0
z_true[59]     0.5  2.5e-3   0.13   0.28   0.41   0.49   0.58   0.78   2714    1.0
z_true[60]    0.17  6.5e-4   0.03   0.12   0.15   0.17   0.19   0.24   2421    1.0
zinterp[0]     0.0     0.0    0.0    0.0    0.0    0.0    0.0    0.0   4000    nan
zinterp[1]    0.04  1.5e-4 7.0e-3   0.03   0.04   0.04   0.05   0.06   2219    1.0
zinterp[2]    0.08  2.9e-4   0.01   0.06   0.07   0.08   0.09   0.11   2121    1.0
zinterp[3]    0.12  4.2e-4   0.02   0.09   0.11   0.12   0.13   0.16   2042    1.0
zinterp[4]    0.16  5.5e-4   0.02   0.12   0.14   0.15   0.17   0.21   1978    1.0
zinterp[5]    0.19  6.7e-4   0.03   0.15   0.17   0.19   0.21   0.25   1924    1.0
zinterp[6]    0.22  7.9e-4   0.03   0.17    0.2   0.22   0.25    0.3   1879    1.0
zinterp[7]    0.26  9.0e-4   0.04    0.2   0.23   0.25   0.28   0.34   1841    1.0
zinterp[8]    0.29  1.0e-3   0.04   0.22   0.26   0.28   0.32   0.38   1808    1.0
zinterp[9]    0.32  1.1e-3   0.05   0.25   0.28   0.31   0.35   0.42   1780    1.0
zinterp[10]   0.35  1.2e-3   0.05   0.27   0.31   0.34   0.38   0.46   1756    1.0
zinterp[11]   0.38  1.4e-3   0.06   0.29   0.34   0.37   0.42    0.5   1735    1.0
zinterp[12]   0.41  1.5e-3   0.06   0.31   0.36    0.4   0.45   0.54   1716    1.0
zinterp[13]   0.44  1.6e-3   0.06   0.34   0.39   0.43   0.48   0.58   1699    1.0
zinterp[14]   0.46  1.7e-3   0.07   0.36   0.41   0.46   0.51   0.61   1685    1.0
zinterp[15]   0.49  1.8e-3   0.07   0.38   0.44   0.48   0.54   0.65   1672    1.0
zinterp[16]   0.52  1.9e-3   0.08    0.4   0.46   0.51   0.57   0.69   1661    1.0
zinterp[17]   0.55  2.0e-3   0.08   0.42   0.49   0.53    0.6   0.72   1650    1.0
zinterp[18]   0.57  2.1e-3   0.08   0.44   0.51   0.56   0.62   0.76   1641    1.0
zinterp[19]    0.6  2.2e-3   0.09   0.46   0.53   0.59   0.65    0.8   1633    1.0
zinterp[20]   0.62  2.3e-3   0.09   0.48   0.55   0.61   0.68   0.83   1626    1.0
zinterp[21]   0.65  2.4e-3    0.1    0.5   0.58   0.64   0.71   0.86   1619    1.0
zinterp[22]   0.67  2.5e-3    0.1   0.51    0.6   0.66   0.74    0.9   1614    1.0
zinterp[23]    0.7  2.6e-3    0.1   0.53   0.62   0.69   0.76   0.93   1608    1.0
zinterp[24]   0.72  2.7e-3   0.11   0.55   0.64   0.71   0.79   0.97   1604    1.0
zinterp[25]   0.75  2.8e-3   0.11   0.57   0.67   0.73   0.82    1.0   1599    1.0
zinterp[26]   0.77  2.9e-3   0.12   0.59   0.69   0.76   0.85   1.03   1596    1.0
zinterp[27]    0.8  3.0e-3   0.12    0.6   0.71   0.78   0.87   1.07   1592    1.0
zinterp[28]   0.82  3.1e-3   0.12   0.62   0.73   0.81    0.9    1.1   1589    1.0
zinterp[29]   0.84  3.2e-3   0.13   0.64   0.75   0.83   0.92   1.13   1586    1.0
zinterp[30]   0.87  3.3e-3   0.13   0.66   0.77   0.85   0.95   1.16   1584    1.0
zinterp[31]   0.89  3.4e-3   0.13   0.67   0.79   0.87   0.97   1.19   1582    1.0
zinterp[32]   0.91  3.5e-3   0.14   0.69   0.81    0.9    1.0   1.23   1580    1.0
zinterp[33]   0.94  3.6e-3   0.14   0.71   0.83   0.92   1.03   1.26   1578    1.0
zinterp[34]   0.96  3.7e-3   0.15   0.72   0.85   0.94   1.05   1.29   1576    1.0
zinterp[35]   0.98  3.8e-3   0.15   0.74   0.87   0.97   1.08   1.32   1575    1.0
zinterp[36]   1.01  3.9e-3   0.15   0.76   0.89   0.99    1.1   1.35   1574    1.0
zinterp[37]   1.03  4.0e-3   0.16   0.77   0.91   1.01   1.12   1.38   1573    1.0
zinterp[38]   1.05  4.1e-3   0.16   0.79   0.93   1.03   1.15   1.41   1572    1.0
zinterp[39]   1.07  4.1e-3   0.16    0.8   0.95   1.05   1.17   1.44   1571    1.0
zinterp[40]   1.09  4.2e-3   0.17   0.82   0.97   1.08    1.2   1.48   1571    1.0
zinterp[41]   1.12  4.3e-3   0.17   0.84   0.99    1.1   1.22   1.51   1570    1.0
zinterp[42]   1.14  4.4e-3   0.18   0.85   1.01   1.12   1.24   1.54   1570    1.0
zinterp[43]   1.16  4.5e-3   0.18   0.87   1.03   1.14   1.27   1.57   1569    1.0
zinterp[44]   1.18  4.6e-3   0.18   0.88   1.05   1.16   1.29    1.6   1569    1.0
zinterp[45]    1.2  4.7e-3   0.19    0.9   1.07   1.18   1.32   1.63   1569    1.0
zinterp[46]   1.23  4.8e-3   0.19   0.91   1.09    1.2   1.34   1.66   1569    1.0
zinterp[47]   1.25  4.9e-3   0.19   0.93   1.11   1.23   1.36   1.69   1569    1.0
zinterp[48]   1.27  5.0e-3    0.2   0.94   1.13   1.25   1.39   1.71   1569    1.0
zinterp[49]   1.29  5.1e-3    0.2   0.96   1.14   1.27   1.41   1.74   1569    1.0
zinterp[50]   1.31  5.2e-3   0.21   0.97   1.16   1.29   1.44   1.77   1569    1.0
zinterp[51]   1.33  5.3e-3   0.21   0.99   1.18   1.31   1.46    1.8   1569    1.0
zinterp[52]   1.35  5.4e-3   0.21    1.0    1.2   1.33   1.48   1.83   1570    1.0
zinterp[53]   1.38  5.5e-3   0.22   1.02   1.22   1.35   1.51   1.86   1570    1.0
zinterp[54]    1.4  5.5e-3   0.22   1.03   1.24   1.37   1.53   1.89   1570    1.0
zinterp[55]   1.42  5.6e-3   0.22   1.05   1.25   1.39   1.55   1.92   1570    1.0
zinterp[56]   1.44  5.7e-3   0.23   1.06   1.27   1.41   1.57   1.95   1571    1.0
zinterp[57]   1.46  5.8e-3   0.23   1.08   1.29   1.44    1.6   1.97   1571    1.0
zinterp[58]   1.48  5.9e-3   0.23   1.09   1.31   1.46   1.62    2.0   1572    1.0
zinterp[59]    1.5  6.0e-3   0.24   1.11   1.33   1.48   1.64   2.03   1572    1.0
zinterp[60]   1.52  6.1e-3   0.24   1.12   1.35    1.5   1.67   2.06   1573    1.0
zinterp[61]   1.54  6.2e-3   0.25   1.14   1.36   1.52   1.69   2.09   1573    1.0
zinterp[62]   1.56  6.3e-3   0.25   1.15   1.38   1.54   1.71   2.12   1574    1.0
zinterp[63]   1.58  6.4e-3   0.25   1.16    1.4   1.56   1.73   2.15   1575    1.0
zinterp[64]    1.6  6.5e-3   0.26   1.18   1.42   1.58   1.76   2.18   1575    1.0
zinterp[65]   1.62  6.5e-3   0.26   1.19   1.44    1.6   1.78   2.21   1576    1.0
zinterp[66]   1.64  6.6e-3   0.26   1.21   1.45   1.62    1.8   2.24   1576    1.0
zinterp[67]   1.66  6.7e-3   0.27   1.22   1.47   1.64   1.83   2.26   1577    1.0
zinterp[68]   1.68  6.8e-3   0.27   1.24   1.49   1.66   1.85   2.29   1578    1.0
zinterp[69]    1.7  6.9e-3   0.27   1.25   1.51   1.68   1.87   2.32   1578    1.0
zinterp[70]   1.72  7.0e-3   0.28   1.26   1.52    1.7   1.89   2.35   1579    1.0
zinterp[71]   1.74  7.1e-3   0.28   1.28   1.54   1.72   1.91   2.38   1580    1.0
zinterp[72]   1.76  7.2e-3   0.29   1.29   1.56   1.74   1.94    2.4   1580    1.0
zinterp[73]   1.78  7.3e-3   0.29   1.31   1.58   1.76   1.96   2.43   1581    1.0
zinterp[74]    1.8  7.4e-3   0.29   1.32   1.59   1.77   1.98   2.46   1582    1.0
zinterp[75]   1.82  7.4e-3    0.3   1.34   1.61   1.79    2.0   2.49   1583    1.0
zinterp[76]   1.84  7.5e-3    0.3   1.35   1.63   1.81   2.02   2.52   1583    1.0
zinterp[77]   1.86  7.6e-3    0.3   1.36   1.65   1.83   2.05   2.55   1584    1.0
zinterp[78]   1.88  7.7e-3   0.31   1.38   1.66   1.85   2.07   2.58   1585    1.0
zinterp[79]    1.9  7.8e-3   0.31   1.39   1.68   1.87   2.09    2.6   1586    1.0
zinterp[80]   1.92  7.9e-3   0.31   1.41    1.7   1.89   2.11   2.63   1586    1.0
zinterp[81]   1.94  8.0e-3   0.32   1.42   1.71   1.91   2.13   2.66   1587    1.0
zinterp[82]   1.96  8.1e-3   0.32   1.43   1.73   1.93   2.15   2.68   1588    1.0
zinterp[83]   1.98  8.2e-3   0.33   1.45   1.75   1.95   2.18   2.71   1589    1.0
zinterp[84]    2.0  8.2e-3   0.33   1.46   1.77   1.97    2.2   2.74   1590    1.0
zinterp[85]   2.02  8.3e-3   0.33   1.47   1.78   1.99   2.22   2.77   1590    1.0
zinterp[86]   2.04  8.4e-3   0.34   1.48    1.8   2.01   2.24   2.79   1591    1.0
zinterp[87]   2.06  8.5e-3   0.34    1.5   1.82   2.03   2.26   2.82   1592    1.0
zinterp[88]   2.08  8.6e-3   0.34   1.51   1.83   2.04   2.28   2.85   1593    1.0
zinterp[89]    2.1  8.7e-3   0.35   1.52   1.85   2.06   2.31   2.88   1594    1.0
zinterp[90]   2.12  8.8e-3   0.35   1.54   1.87   2.08   2.33    2.9   1594    1.0
zinterp[91]   2.14  8.9e-3   0.35   1.55   1.88    2.1   2.35   2.93   1595    1.0
zinterp[92]   2.16  8.9e-3   0.36   1.57    1.9   2.12   2.37   2.96   1596    1.0
zinterp[93]   2.18  9.0e-3   0.36   1.58   1.92   2.14   2.39   2.98   1597    1.0
zinterp[94]    2.2  9.1e-3   0.36   1.59   1.94   2.16   2.41   3.01   1597    1.0
zinterp[95]   2.21  9.2e-3   0.37   1.61   1.95   2.18   2.44   3.04   1598    1.0
zinterp[96]   2.23  9.3e-3   0.37   1.62   1.97    2.2   2.46   3.07   1599    1.0
zinterp[97]   2.25  9.4e-3   0.38   1.63   1.99   2.22   2.48   3.09   1600    1.0
zinterp[98]   2.27  9.5e-3   0.38   1.64    2.0   2.23    2.5   3.12   1601    1.0
zinterp[99]   2.29  9.6e-3   0.38   1.66   2.02   2.25   2.52   3.15   1601    1.0
lp__        -48.36     0.4  11.74 -72.96 -56.15 -47.73 -40.15  -27.2    879   1.01

Samples were drawn using NUTS at Sun Sep 16 07:39:24 2018.
For each parameter, n_eff is a crude measure of effective sample size,
and Rhat is the potential scale reduction factor on split chains (at 
convergence, Rhat=1).
