Called with the following command line:
/cm/local/apps/slurm/var/spool/job112753/slurm_script --sampfile parameters_small.h5 --samp 64 --selfile selected.h5 --nsel 8192 --chainfile population_small_Planck_Om_w.h5 --tracefile traceplot_small_Planck_Om_w.pdf --prior Planck-Om-w

Gradient evaluation took 0.06 seconds
1000 transitions using 10 leapfrog steps per transition would take 600 seconds.
Adjust your expectations accordingly!



Gradient evaluation took 0.05 seconds
1000 transitions using 10 leapfrog steps per transition would take 500 seconds.
Adjust your expectations accordingly!



Gradient evaluation took 0.05 seconds
1000 transitions using 10 leapfrog steps per transition would take 500 seconds.
Adjust your expectations accordingly!



Gradient evaluation took 0.06 seconds
1000 transitions using 10 leapfrog steps per transition would take 600 seconds.
Adjust your expectations accordingly!


Iteration:    1 / 2000 [  0%]  (Warmup)
Iteration:    1 / 2000 [  0%]  (Warmup)
Iteration:    1 / 2000 [  0%]  (Warmup)
Iteration:    1 / 2000 [  0%]  (Warmup)
Iteration:  200 / 2000 [ 10%]  (Warmup)
Iteration:  200 / 2000 [ 10%]  (Warmup)
Iteration:  200 / 2000 [ 10%]  (Warmup)
Iteration:  200 / 2000 [ 10%]  (Warmup)
Iteration:  400 / 2000 [ 20%]  (Warmup)
Iteration:  400 / 2000 [ 20%]  (Warmup)
Iteration:  400 / 2000 [ 20%]  (Warmup)
Iteration:  400 / 2000 [ 20%]  (Warmup)
Iteration:  600 / 2000 [ 30%]  (Warmup)
Iteration:  600 / 2000 [ 30%]  (Warmup)
Iteration:  600 / 2000 [ 30%]  (Warmup)
Iteration:  600 / 2000 [ 30%]  (Warmup)
Iteration:  800 / 2000 [ 40%]  (Warmup)
Iteration:  800 / 2000 [ 40%]  (Warmup)
Iteration:  800 / 2000 [ 40%]  (Warmup)
Iteration:  800 / 2000 [ 40%]  (Warmup)
Iteration: 1000 / 2000 [ 50%]  (Warmup)
Iteration: 1001 / 2000 [ 50%]  (Sampling)
Iteration: 1000 / 2000 [ 50%]  (Warmup)
Iteration: 1001 / 2000 [ 50%]  (Sampling)
Iteration: 1000 / 2000 [ 50%]  (Warmup)
Iteration: 1001 / 2000 [ 50%]  (Sampling)
Iteration: 1000 / 2000 [ 50%]  (Warmup)
Iteration: 1001 / 2000 [ 50%]  (Sampling)
Iteration: 1200 / 2000 [ 60%]  (Sampling)
Iteration: 1200 / 2000 [ 60%]  (Sampling)
Iteration: 1400 / 2000 [ 70%]  (Sampling)
Iteration: 1200 / 2000 [ 60%]  (Sampling)
Iteration: 1200 / 2000 [ 60%]  (Sampling)
Iteration: 1400 / 2000 [ 70%]  (Sampling)
Iteration: 1600 / 2000 [ 80%]  (Sampling)
Iteration: 1400 / 2000 [ 70%]  (Sampling)
Iteration: 1800 / 2000 [ 90%]  (Sampling)
Iteration: 1600 / 2000 [ 80%]  (Sampling)
Iteration: 1400 / 2000 [ 70%]  (Sampling)
Iteration: 2000 / 2000 [100%]  (Sampling)

 Elapsed Time: 11269.1 seconds (Warm-up)
               7708.85 seconds (Sampling)
               18977.9 seconds (Total)

Iteration: 1800 / 2000 [ 90%]  (Sampling)
Iteration: 1600 / 2000 [ 80%]  (Sampling)
Iteration: 1600 / 2000 [ 80%]  (Sampling)
Iteration: 2000 / 2000 [100%]  (Sampling)

 Elapsed Time: 12192.6 seconds (Warm-up)
               8995.16 seconds (Sampling)
               21187.8 seconds (Total)

Iteration: 1800 / 2000 [ 90%]  (Sampling)
Iteration: 1800 / 2000 [ 90%]  (Sampling)
Iteration: 2000 / 2000 [100%]  (Sampling)

 Elapsed Time: 11720.6 seconds (Warm-up)
               13130.3 seconds (Sampling)
               24850.9 seconds (Total)

Iteration: 2000 / 2000 [100%]  (Sampling)

 Elapsed Time: 12183.4 seconds (Warm-up)
               13530.9 seconds (Sampling)
               25714.3 seconds (Total)

Inference for Stan model: anon_model_10fe0ac975ece91a7792bdfdfa9853a1.
4 chains, each with iter=2000; warmup=1000; thin=1; 
post-warmup draws per chain=1000, total post-warmup draws=4000.

              mean se_mean     sd   2.5%    25%    50%    75%  97.5%  n_eff   Rhat
H0           69.63    0.31  11.81  51.38  60.26  68.48  77.88  94.86   1436    1.0
Om            0.31  9.7e-5 6.1e-3    0.3    0.3   0.31   0.31   0.32   4000    1.0
w_p          -1.02  1.2e-3   0.08  -1.17  -1.07  -1.02  -0.97  -0.87   4000    1.0
w_a        -5.5e-5  1.6e-4   0.01  -0.02-7.0e-3 1.9e-4 6.8e-3   0.02   4000    1.0
R0          130.16    0.66  41.98  67.81 100.18 124.39  153.2 230.29   4000    1.0
alpha         1.34  9.8e-3   0.39   0.55   1.09   1.35    1.6   2.08   1569    1.0
beta         -0.16    0.01    0.5  -1.08  -0.52  -0.17   0.18   0.85   2296    1.0
gamma         2.86    0.02   0.84   1.23   2.29   2.85   3.42   4.51   2236    1.0
MMin          5.27    0.03   0.65   3.63   5.04   5.42   5.71   6.15    604    1.0
MMax         40.37     0.1   2.66  35.35  38.43  40.43  42.24  45.47    655    1.0
m1_true[0]   18.46    0.05   2.63  14.63  16.44  18.04  20.12  24.35   2792    1.0
m1_true[1]    26.2    0.07   3.78  19.69  23.35  25.96  28.83  33.88   2715    1.0
m1_true[2]   11.77    0.04   1.53   9.43  10.55  11.57  12.85   15.0   1817    1.0
m1_true[3]   35.66    0.09   3.67  28.92  33.01  35.59  38.24  42.81   1743    1.0
m1_true[4]    23.1    0.06   3.04   17.4  21.07  23.01  25.01  29.41   2936    1.0
m1_true[5]   33.58    0.07   3.19  28.12  31.25   33.3  35.68  40.25   1989    1.0
m1_true[6]   15.09    0.05   2.39  11.24  13.26  14.87  16.71  20.21   2478    1.0
m1_true[7]   33.08    0.09   4.21  25.28  30.06  33.07  35.94  41.43   2432    1.0
m1_true[8]   17.24    0.02   1.49  14.44  16.21  17.19  18.26  20.18   4000    1.0
m1_true[9]    29.2     0.1   3.77  22.56  26.56  28.84   31.5  37.53   1322    1.0
m1_true[10]  36.71    0.09   3.13  30.69  34.53  36.72  38.93  42.63   1334    1.0
m1_true[11]  37.29    0.09   3.38  30.41  35.01  37.38  39.78   43.4   1306    1.0
m1_true[12]  28.09    0.08    3.9  21.86  25.15   27.6  30.55  36.74   2534    1.0
m1_true[13]  30.22    0.06   2.89  25.02  28.13  30.02  32.13  36.18   2382    1.0
m1_true[14]  35.24    0.09   3.58   28.4  32.72  35.23  37.68  42.25   1528    1.0
m1_true[15]  29.38    0.06    2.9  24.47  27.15  29.16  31.39  35.36   2593    1.0
m1_true[16]  31.51    0.08   3.74  25.01  28.79  31.21  34.01  39.43   2425    1.0
m1_true[17]  32.07    0.04   2.05  27.88  30.71  32.09  33.44  36.08   2884    1.0
m1_true[18]  35.77    0.08   3.44   28.8  33.49  35.85  38.21  42.31   1678    1.0
m1_true[19]  28.21    0.09   3.78  21.15  25.55  28.13  30.72  35.95   1705    1.0
m1_true[20]  38.37    0.09    2.7   33.1  36.53  38.35  40.27  43.55    978    1.0
m1_true[21]  16.46    0.02   1.23  14.44  15.55  16.33   17.2  19.17   4000    1.0
m1_true[22]  31.24    0.05    2.6  26.94  29.23  31.01  33.07  36.49   2746    1.0
m1_true[23]  19.08    0.04   2.12  15.56  17.57  18.88  20.33  23.75   2622    1.0
m1_true[24]  24.05    0.04   2.01  20.34  22.67  24.02  25.36  28.17   2647    1.0
m1_true[25]  12.07    0.03   1.48   10.0  10.96  11.76  12.95  15.61   2951    1.0
m1_true[26]  16.06    0.04   2.11  12.53  14.34  16.01  17.54  20.37   2774    1.0
m1_true[27]   6.46    0.01   0.57    5.6   6.08   6.36   6.74   7.86   2336    1.0
m1_true[28]  16.88    0.04   1.81  14.06  15.62  16.66   17.8  21.55   2249    1.0
m1_true[29]  27.54    0.11   4.59  19.13  24.11  27.68  30.85  36.22   1702    1.0
m1_true[30]  34.99    0.06    2.9  29.96  32.79  34.81  37.02  40.91   2169    1.0
m1_true[31]  28.05    0.08    4.3  20.66  24.74  27.76  30.97  37.06   2616    1.0
m1_true[32]  30.54    0.04   2.34  26.69   28.9   30.2  31.95  35.84   2789    1.0
m1_true[33]  26.65     0.1   4.43  19.53  23.43  25.95  29.53  36.52   1993    1.0
m1_true[34]  38.84    0.08   2.54  33.99  36.96  38.92  40.61  43.79    934    1.0
m1_true[35]  24.03    0.03    1.6  21.28  22.84  23.89  25.08  27.45   2750    1.0
m1_true[36]  33.22    0.08   3.88  26.31  30.34  32.99  35.85  41.19   2281    1.0
m1_true[37]   37.1    0.09   3.25  30.84  34.73  37.14  39.43  43.27   1308    1.0
m1_true[38]   18.2    0.04   2.55  14.02  16.25  18.06  19.86  23.68   3317    1.0
m1_true[39]  24.87    0.05    3.0  19.57  22.71  24.55  26.84  31.26   3356    1.0
m1_true[40]  37.89    0.09   2.84  32.33  35.86  37.89  39.97  43.16   1051    1.0
m1_true[41]  16.74    0.04   2.42  12.94  14.86  16.43  18.35  21.96   3006    1.0
m1_true[42]  24.13    0.04   2.51  19.75  22.24  23.94  25.89  29.22   3150    1.0
m1_true[43]  21.65    0.02   1.49  19.03  20.55  21.55  22.66  24.82   4000    1.0
m1_true[44]  37.64    0.14   3.21  30.92  35.51  37.79  39.98   43.6    553   1.01
m1_true[45]  34.46    0.08   3.34  28.42  32.07  34.26  36.68   41.3   1812    1.0
m1_true[46]  26.95    0.07   3.66  21.14  24.09  26.58   29.3  34.93   2732    1.0
m1_true[47]  11.93    0.05   1.98   8.36   10.5  11.89  13.32  15.96   1687    1.0
m1_true[48]  18.06    0.04   1.86   14.1  16.78  18.12  19.39  21.55   1742    1.0
m1_true[49]  36.29    0.08   3.09  30.81  33.96  36.16  38.56  42.44   1397    1.0
m1_true[50]  30.92    0.08    3.8  23.92   28.2  30.73  33.42  38.72   2144    1.0
m1_true[51]  28.98    0.07   3.85  21.87  26.19  28.92  31.52  36.87   2870    1.0
m1_true[52]   20.7    0.04   2.04  16.94  19.31  20.59   22.0  24.89   2787    1.0
m1_true[53]  35.17    0.08   3.28  29.22   32.8  35.05  37.46   41.7   1787    1.0
m1_true[54]  12.95    0.02   1.31  10.93  11.99  12.75  13.71   16.0   2868    1.0
m1_true[55]  33.66     0.1   4.18  25.18  30.83  33.75   36.7  41.32   1804    1.0
m1_true[56]  34.03    0.08   3.92  25.89  31.43  34.18  36.77  41.42   2482    1.0
m1_true[57]  31.28    0.06   3.43  25.29  28.68  31.03  33.73  38.09   2846    1.0
m1_true[58]  20.08    0.03   1.69  17.31  18.84  19.95  21.15  23.89   4000    1.0
m1_true[59]  33.59    0.07   3.68  26.97  30.89  33.42  36.18  41.08   2483    1.0
m1_true[60]  33.44    0.04    2.2  29.75   31.8  33.21   34.9  38.15   2941    1.0
m2_frac[0]    0.61  3.9e-3    0.2   0.25   0.45   0.62   0.78   0.97   2824    1.0
m2_frac[1]    0.58  3.8e-3   0.18   0.28   0.44   0.56   0.72   0.95   2366    1.0
m2_frac[2]    0.51  5.9e-3   0.25   0.08    0.3   0.49   0.71   0.97   1852    1.0
m2_frac[3]     0.7  3.1e-3   0.15   0.46   0.58   0.68   0.81   0.97   2244    1.0
m2_frac[4]    0.36  3.3e-3   0.15   0.15   0.26   0.33   0.42   0.74   1965    1.0
m2_frac[5]    0.73  3.1e-3   0.14   0.49   0.62   0.72   0.83   0.98   1975    1.0
m2_frac[6]    0.49  4.9e-3   0.23   0.13   0.31   0.45   0.67   0.96   2279    1.0
m2_frac[7]    0.72  2.4e-3   0.15   0.44   0.61   0.72   0.84   0.98   4000    1.0
m2_frac[8]    0.09  2.0e-3   0.06 6.4e-3   0.05   0.08   0.13   0.24    927    1.0
m2_frac[9]    0.78  2.9e-3   0.14   0.49   0.69    0.8   0.89   0.99   2253    1.0
m2_frac[10]   0.84  1.5e-3    0.1   0.63   0.78   0.85   0.92   0.99   4000    1.0
m2_frac[11]   0.89  1.2e-3   0.08   0.71   0.83    0.9   0.95   0.99   4000    1.0
m2_frac[12]   0.69  3.0e-3   0.17   0.38   0.56   0.69   0.82   0.98   3136    1.0
m2_frac[13]   0.75  2.0e-3   0.13   0.51   0.66   0.76   0.85   0.98   4000    1.0
m2_frac[14]   0.72  2.6e-3   0.14   0.47   0.61   0.71   0.83   0.98   2875    1.0
m2_frac[15]   0.74  2.8e-3   0.15   0.47   0.61   0.74   0.87   0.98   2942    1.0
m2_frac[16]   0.77  2.5e-3   0.14   0.48   0.68   0.79   0.88   0.99   3102    1.0
m2_frac[17]   0.46  1.4e-3   0.07   0.35   0.41   0.45   0.49   0.61   2068    1.0
m2_frac[18]   0.44  2.3e-3   0.09    0.3   0.38   0.43   0.49   0.68   1650    1.0
m2_frac[19]   0.81  2.0e-3   0.13    0.5   0.72   0.83   0.91   0.99   4000    1.0
m2_frac[20]   0.89  1.2e-3   0.07   0.72   0.84    0.9   0.95   0.99   4000    1.0
m2_frac[21]   0.75  2.2e-3   0.14   0.47   0.64   0.76   0.87   0.98   4000    1.0
m2_frac[22]   0.77  2.3e-3   0.13   0.52   0.67   0.77   0.87   0.99   3027    1.0
m2_frac[23]   0.76  2.3e-3   0.15   0.47   0.65   0.78   0.89   0.99   4000    1.0
m2_frac[24]   0.82  1.6e-3    0.1   0.61   0.75   0.83   0.91   0.99   4000    1.0
m2_frac[25]   0.57  4.0e-3   0.23   0.13    0.4   0.58   0.76   0.96   3257    1.0
m2_frac[26]   0.51  4.0e-3   0.21   0.19   0.35   0.47   0.65   0.94   2615    1.0
m2_frac[27]   0.42  4.4e-3   0.28   0.02   0.18   0.39   0.65   0.95   4000    1.0
m2_frac[28]   0.69  3.4e-3   0.16   0.37   0.57    0.7   0.82   0.97   2259    1.0
m2_frac[29]   0.44  5.6e-3   0.19    0.2   0.31   0.39   0.53   0.93   1129    1.0
m2_frac[30]   0.71  2.4e-3   0.12    0.5   0.61    0.7   0.79   0.96   2537    1.0
m2_frac[31]   0.67  2.8e-3   0.18   0.35   0.52   0.66   0.82   0.98   4000    1.0
m2_frac[32]    0.8  2.2e-3   0.12   0.55   0.72   0.82   0.89   0.99   2880    1.0
m2_frac[33]   0.66  3.9e-3   0.19   0.31   0.51   0.66   0.81   0.98   2402    1.0
m2_frac[34]   0.92  1.7e-3   0.06   0.78   0.88   0.93   0.96    1.0   1181    1.0
m2_frac[35]   0.79  2.2e-3   0.11   0.57   0.71   0.79   0.88   0.98   2561    1.0
m2_frac[36]   0.73  2.7e-3   0.15   0.45   0.61   0.73   0.85   0.98   3015    1.0
m2_frac[37]   0.71  3.5e-3   0.14   0.46    0.6   0.72   0.81   0.96   1518    1.0
m2_frac[38]    0.5  4.2e-3    0.2   0.18   0.35   0.47   0.64   0.94   2385    1.0
m2_frac[39]   0.38  2.0e-3   0.11   0.19    0.3   0.37   0.44   0.62   3202    1.0
m2_frac[40]   0.89  1.6e-3   0.07   0.74   0.84   0.89   0.95    1.0   2011    1.0
m2_frac[41]   0.59  4.0e-3   0.22   0.19   0.42   0.59   0.77   0.97   2977    1.0
m2_frac[42]   0.66  2.9e-3   0.16   0.39   0.54   0.65   0.78   0.96   2934    1.0
m2_frac[43]   0.17  1.4e-3   0.05   0.09   0.13   0.16    0.2   0.28   1340    1.0
m2_frac[44]   0.87  1.4e-3   0.09   0.67   0.81   0.88   0.94   0.99   4000    1.0
m2_frac[45]    0.8  1.9e-3   0.12   0.56   0.71   0.81   0.89   0.99   4000    1.0
m2_frac[46]   0.61  3.3e-3   0.18   0.31   0.47    0.6   0.75   0.96   2941    1.0
m2_frac[47]   0.31  5.2e-3   0.23   0.02   0.13   0.26   0.45   0.85   1870    1.0
m2_frac[48]    0.4  4.3e-3   0.14   0.21    0.3   0.38   0.47    0.8   1102    1.0
m2_frac[49]   0.76  2.9e-3   0.12   0.57   0.67   0.75   0.86   0.98   1700    1.0
m2_frac[50]   0.09  1.2e-3   0.04   0.03   0.06   0.09   0.12    0.2   1310    1.0
m2_frac[51]   0.19  1.5e-3   0.06   0.09   0.14   0.18   0.22   0.33   1707    1.0
m2_frac[52]   0.77  2.2e-3   0.14   0.47   0.67   0.79   0.88   0.99   4000    1.0
m2_frac[53]   0.83  1.7e-3   0.11    0.6   0.76   0.84   0.91   0.99   4000    1.0
m2_frac[54]    0.7  2.7e-3   0.17   0.33   0.59   0.71   0.82   0.97   4000    1.0
m2_frac[55]    0.8  2.0e-3   0.11   0.58   0.71    0.8   0.89   0.99   3120    1.0
m2_frac[56]   0.15  1.2e-3   0.05   0.07   0.11   0.14   0.17   0.27   1855    1.0
m2_frac[57]   0.69  3.2e-3   0.17   0.41   0.55   0.69   0.83   0.98   2694    1.0
m2_frac[58]   0.68  2.3e-3   0.15   0.41   0.57   0.67    0.8   0.96   4000    1.0
m2_frac[59]   0.74  2.7e-3   0.14   0.47   0.63   0.74   0.86   0.98   2818    1.0
m2_frac[60]   0.78  2.0e-3   0.11   0.57    0.7   0.78   0.86   0.97   3010    1.0
dl_true[0]    1.21  4.5e-3   0.28   0.72    1.0   1.19   1.39    1.8   4000    1.0
dl_true[1]    1.78  5.7e-3   0.36    1.1   1.52   1.77   2.04   2.46   4000    1.0
dl_true[2]    1.28  3.7e-3   0.23   0.88   1.12   1.27   1.42   1.81   4000    1.0
dl_true[3]    2.92  6.2e-3   0.39   2.12   2.67   2.93   3.19   3.65   4000    1.0
dl_true[4]    2.49  5.3e-3   0.34   1.88   2.27   2.47    2.7   3.21   4000    1.0
dl_true[5]    1.98  3.3e-3   0.21   1.61   1.83   1.97    2.1   2.44   4000    1.0
dl_true[6]    1.49  5.0e-3   0.32    0.9   1.27   1.48    1.7   2.16   4000    1.0
dl_true[7]    4.75    0.02   1.01   3.03   4.04   4.64   5.36   7.02   4000    1.0
dl_true[8]    1.23  3.5e-3   0.22   0.82   1.06   1.22   1.39   1.64   4000    1.0
dl_true[9]    5.82    0.04   1.04   4.05   5.08   5.81   6.46   8.49    833    1.0
dl_true[10]    4.5    0.01    0.7   3.21   4.01   4.48   4.95   6.01   4000    1.0
dl_true[11]   9.22    0.02   1.29   6.93   8.29    9.1  10.07  11.84   4000    1.0
dl_true[12]   3.24  9.7e-3   0.61   1.99   2.85   3.26   3.66    4.4   4000    1.0
dl_true[13]   3.22  8.1e-3   0.51   2.25   2.85    3.2   3.58   4.23   4000    1.0
dl_true[14]   3.35  8.0e-3    0.5   2.42   3.01   3.33   3.64   4.47   4000    1.0
dl_true[15]   1.69  4.8e-3   0.31   1.09   1.47   1.69    1.9   2.27   4000    1.0
dl_true[16]   3.08    0.01    0.7    1.8   2.59   3.04   3.58   4.47   4000    1.0
dl_true[17]   1.08  1.7e-3   0.11   0.89   1.01   1.08   1.15   1.33   4000    1.0
dl_true[18]   1.73  5.2e-3   0.33    1.1   1.49   1.74   1.97   2.34   4000    1.0
dl_true[19]    5.4    0.04   1.44   3.16   4.41   5.21   6.05   9.14   1048    1.0
dl_true[20]   4.51    0.01   0.58   3.45   4.06   4.52   4.96   5.56   2400    1.0
dl_true[21]   0.89  4.0e-3   0.18   0.58   0.77   0.88   0.99    1.3   1965    1.0
dl_true[22]    1.3  3.0e-3   0.19   0.96   1.17   1.29   1.43   1.68   4000    1.0
dl_true[23]   3.92    0.01   0.64   2.78   3.44   3.88   4.38   5.18   4000    1.0
dl_true[24]   3.38  7.1e-3   0.45   2.55   3.06   3.38    3.7   4.25   4000    1.0
dl_true[25]   1.21  3.1e-3    0.2   0.84   1.08    1.2   1.34   1.61   4000    1.0
dl_true[26]   1.31  5.8e-3   0.24   0.91   1.14   1.29   1.44    1.9   1772    1.0
dl_true[27]   1.11  3.3e-3   0.21   0.73   0.96    1.1   1.24   1.57   4000    1.0
dl_true[28]   2.04  5.9e-3   0.37   1.38   1.76   2.02    2.3   2.79   4000    1.0
dl_true[29]   1.85    0.01    0.5   1.01   1.52   1.78   2.06    3.1   1637    1.0
dl_true[30]   1.09  2.6e-3   0.17   0.77   0.99   1.09   1.21   1.42   4000    1.0
dl_true[31]   2.54    0.01   0.74   1.28   2.01   2.45   2.98   4.25   3032    1.0
dl_true[32]   1.59  2.7e-3   0.17   1.27   1.46   1.58   1.71   1.92   4000    1.0
dl_true[33]   3.63    0.02   0.92   1.92   3.01   3.59   4.17   5.61   3272    1.0
dl_true[34]   3.49  4.8e-3    0.3   2.86    3.3    3.5   3.69   4.07   4000    1.0
dl_true[35]   1.02  1.9e-3   0.12   0.79   0.93   1.02    1.1   1.25   4000    1.0
dl_true[36]   2.05  8.1e-3   0.51   1.14   1.67   2.03   2.39   3.08   4000    1.0
dl_true[37]    2.9    0.01   0.57   1.95   2.52   2.82   3.17   4.28   1923    1.0
dl_true[38]   1.57  4.3e-3   0.27   1.07   1.38   1.56   1.76   2.14   4000    1.0
dl_true[39]   0.97  2.6e-3   0.17   0.63   0.86   0.97   1.08    1.3   4000    1.0
dl_true[40]   5.34  8.9e-3   0.48   4.32   5.03   5.38   5.68   6.21   2985    1.0
dl_true[41]   2.84  7.4e-3   0.47   1.98   2.49   2.82   3.19   3.75   4000    1.0
dl_true[42]   1.95  3.8e-3   0.24   1.54   1.78   1.93   2.11   2.46   4000    1.0
dl_true[43]   0.85  2.2e-3   0.14   0.61   0.75   0.84   0.93   1.16   4000    1.0
dl_true[44]   5.94    0.06   1.05   4.39    5.2   5.69   6.46   8.05    322   1.01
dl_true[45]   4.01  9.7e-3   0.61   2.89   3.57   3.97    4.4   5.29   4000    1.0
dl_true[46]   2.96  5.2e-3   0.33   2.36   2.73   2.94   3.18   3.64   4000    1.0
dl_true[47]   2.07    0.02   0.55   1.27   1.68   1.96   2.33   3.43   1020    1.0
dl_true[48]   0.87  1.7e-3   0.11   0.65    0.8   0.87   0.94   1.08   4000    1.0
dl_true[49]   2.13  2.5e-3   0.16   1.82   2.03   2.13   2.24   2.43   4000    1.0
dl_true[50]   2.35  5.6e-3   0.36   1.69   2.11   2.33   2.57   3.16   4000    1.0
dl_true[51]   2.04  6.3e-3    0.4   1.28   1.76   2.03   2.31   2.83   4000    1.0
dl_true[52]    1.7  7.0e-3   0.41   0.97   1.43   1.67   1.93   2.62   3397    1.0
dl_true[53]   4.39    0.01   0.66   3.11    3.9   4.42   4.89    5.6   4000    1.0
dl_true[54]   1.08  5.1e-3   0.29   0.57   0.88   1.06   1.24   1.75   3221    1.0
dl_true[55]   7.08    0.04   1.63   4.61   5.97   6.75   7.92   11.1   1942    1.0
dl_true[56]   2.11  6.0e-3   0.38   1.31   1.86   2.13   2.38   2.79   4000    1.0
dl_true[57]   2.61  6.6e-3   0.42   1.86   2.32   2.57   2.86   3.51   4000    1.0
dl_true[58]    0.9  2.1e-3   0.14   0.65   0.81    0.9   0.99   1.21   4000    1.0
dl_true[59]   2.94    0.01   0.64   1.72   2.48   2.94    3.4   4.14   4000    1.0
dl_true[60]   0.82  1.3e-3   0.08   0.65   0.76   0.82   0.88   0.96   4000    1.0
dH            4.43    0.02   0.74   3.16   3.85   4.38   4.98   5.83   1484    1.0
w0           -1.02  1.2e-3   0.08  -1.17  -1.07  -1.02  -0.97  -0.87   4000    1.0
Nex          60.87    0.12   7.84  46.68  55.35  60.51  65.87   77.3   4000    1.0
sigma_Nex     2.73  6.9e-3   0.44   2.01   2.42   2.68    3.0    3.7   4000    1.0
neff_det    509.07    1.45   91.7  322.4 449.42 507.73  571.5 683.53   4000    1.0
m2_true[0]    12.9    0.03   1.49   9.82  11.81  13.02  14.07   15.4   3009    1.0
m2_true[1]    16.9    0.04    2.0  12.94  15.48  16.94  18.35  20.57   2686    1.0
m2_true[2]    8.24    0.02    1.0   6.29   7.51    8.3   9.02    9.9   2506    1.0
m2_true[3]    26.1    0.05   2.85  20.57  24.16  26.08  28.07  31.63   2810    1.0
m2_true[4]   11.35    0.03   1.49   8.82  10.29  11.22  12.22  14.66   2118    1.0
m2_true[5]   25.52    0.05   2.22   21.1  23.96  25.57  27.14  29.69   1890    1.0
m2_true[6]    9.64    0.02   1.22   7.33   8.72   9.64  10.57  11.89   2741    1.0
m2_true[7]   24.96    0.05   3.21  19.07  22.66   24.8  27.12  31.41   4000    1.0
m2_true[8]     6.4  7.2e-3   0.45   5.56   6.08   6.38    6.7   7.33   4000    1.0
m2_true[9]   23.54    0.05   2.51  18.84  21.78  23.49  25.27  28.54   2340    1.0
m2_true[10]  31.59    0.06   3.05  25.71  29.49  31.59  33.72   37.5   2384    1.0
m2_true[11]  33.57    0.08   3.54  26.65  31.08  33.63   36.1  40.22   1900    1.0
m2_true[12]  20.51    0.04   2.35  15.78  18.91  20.59  22.16  24.97   4000    1.0
m2_true[13]  23.85    0.04   2.39   19.0  22.21  23.92  25.51  28.41   4000    1.0
m2_true[14]  26.53    0.05   2.93  20.95  24.42  26.55  28.65  32.16   3016    1.0
m2_true[15]  22.67    0.04   2.26  18.37  20.96  22.78  24.33  26.72   3111    1.0
m2_true[16]  25.25    0.04   2.76  19.94  23.28  25.26  27.25  30.51   4000    1.0
m2_true[17]  17.39    0.02   1.02  15.54  16.68  17.37  18.05   19.5   2226    1.0
m2_true[18]  18.55    0.04   1.77  15.64  17.36  18.36  19.52  22.85   1992    1.0
m2_true[19]  23.51    0.07   3.01  17.39  21.52  23.57  25.58   29.3   1846    1.0
m2_true[20]  34.73    0.07   2.93  28.94  32.75  34.74  36.71  40.35   1970    1.0
m2_true[21]   13.5    0.02   0.97   11.4  12.86  13.62  14.24  15.08   2157    1.0
m2_true[22]   24.9    0.04    1.9  20.99  23.62   25.0   26.3  28.28   2703    1.0
m2_true[23]   15.6    0.02   1.53  12.62  14.53  15.62  16.65  18.57   4000    1.0
m2_true[24]  20.61    0.03   1.66  17.53  19.43  20.57  21.76  23.83   2566    1.0
m2_true[25]    8.9    0.02   0.99   6.69   8.27    9.0   9.62  10.53   3119    1.0
m2_true[26]  10.35    0.02   1.23   8.08   9.45  10.31  11.23  12.71   3047    1.0
m2_true[27]   5.72    0.01   0.41   4.71    5.5   5.78   6.01   6.38   1178    1.0
m2_true[28]  13.11    0.03   1.27  10.68  12.19  13.11  14.04  15.55   2265    1.0
m2_true[29]  14.36    0.06   2.11  10.94  12.92  14.08  15.51  19.45   1282    1.0
m2_true[30]  25.94    0.04   2.06  22.25  24.42  25.84  27.35   30.2   2659    1.0
m2_true[31]  19.86    0.04   2.54  14.99  18.07  19.84  21.62  24.77   4000    1.0
m2_true[32]  25.32    0.04   1.84  21.45  24.12  25.41  26.58  28.69   2199    1.0
m2_true[33]  18.73    0.04    2.7   13.7  16.87  18.75  20.57  24.02   4000    1.0
m2_true[34]  35.95    0.05   2.26  31.46  34.39  35.98  37.56  40.08   1879    1.0
m2_true[35]  19.95    0.02   1.21  17.49  19.07   20.0  20.85   22.1   2391    1.0
m2_true[36]   25.1    0.04   2.71  19.82  23.21  25.13  26.98  30.24   4000    1.0
m2_true[37]  27.55    0.08   3.37  20.27  25.26  28.05  30.11  33.01   1654    1.0
m2_true[38]  11.32    0.03   1.46   8.44  10.29  11.31  12.35  14.04   2522    1.0
m2_true[39]  12.35    0.02   1.11  10.13  11.61  12.34  13.11  14.53   4000    1.0
m2_true[40]  34.18    0.06   2.74  28.94  32.27  34.12   36.1  39.71   2184    1.0
m2_true[41]   11.6    0.03   1.51   8.35  10.61  11.69   12.7  14.27   3098    1.0
m2_true[42]  17.39    0.03   1.73  14.05  16.14  17.41  18.64  20.55   2808    1.0
m2_true[43]   8.02  7.6e-3   0.48   7.15   7.67    8.0   8.34    9.0   4000    1.0
m2_true[44]  33.21    0.14   3.53  26.06  30.81  33.25   35.8  39.76    673    1.0
m2_true[45]  28.26    0.04   2.75  22.79  26.35  28.32  30.25  33.34   4000    1.0
m2_true[46]  17.98    0.04   2.19  13.64  16.41  18.01  19.54  22.07   2958    1.0
m2_true[47]   7.06    0.01   0.91   5.43   6.37   7.04    7.7   8.91   4000    1.0
m2_true[48]  10.21    0.02   0.92   8.65   9.57  10.13  10.76  12.39   1485    1.0
m2_true[49]  28.68    0.04   2.11  24.78  27.14  28.56  30.16  32.87   2598    1.0
m2_true[50]   7.61    0.01   0.75   6.19    7.1   7.59   8.12   9.14   4000    1.0
m2_true[51]   9.55    0.01   0.85   7.99   8.95   9.52  10.12   11.3   4000    1.0
m2_true[52]  16.93    0.02   1.48  13.84  15.94  16.96   18.0  19.64   4000    1.0
m2_true[53]  29.89    0.06   2.98  24.09   27.8   29.9  31.96  35.67   2546    1.0
m2_true[54]  10.46    0.01   0.81    8.7   9.96   10.5  11.01  11.94   4000    1.0
m2_true[55]  27.72    0.07    3.5  21.45  25.18  27.57  30.14  34.58   2764    1.0
m2_true[56]   9.33    0.02   0.96   7.61   8.62   9.28   9.98  11.28   4000    1.0
m2_true[57]  22.83    0.06   2.72  17.52  20.85  22.95  24.86  27.74   2407    1.0
m2_true[58]  15.16    0.02   1.26  12.79  14.25  15.15  16.11   17.5   4000    1.0
m2_true[59]  25.87    0.05   2.89  20.56  23.81  25.83  27.95  31.62   4000    1.0
m2_true[60]  26.93    0.03   1.71  23.54  25.73   27.0  28.18  29.95   2649    1.0
z_true[0]     0.24  1.2e-3   0.06   0.14   0.19   0.23   0.28   0.38   2684    1.0
z_true[1]     0.33  1.6e-3   0.08    0.2   0.28   0.33   0.38    0.5   2314    1.0
z_true[2]     0.25  1.2e-3   0.05   0.16   0.21   0.25   0.29   0.37   2121    1.0
z_true[3]     0.51  2.1e-3   0.09   0.35   0.44    0.5   0.57    0.7   1907    1.0
z_true[4]     0.45  1.8e-3   0.08   0.31   0.39   0.44   0.49   0.62   1937    1.0
z_true[5]     0.37  1.5e-3   0.06   0.26   0.32   0.36   0.41    0.5   1734    1.0
z_true[6]     0.29  1.4e-3   0.07   0.17   0.24   0.28   0.33   0.43   2378    1.0
z_true[7]     0.76  3.4e-3   0.17   0.48   0.64   0.74   0.87   1.12   2421    1.0
z_true[8]     0.24  1.1e-3   0.05   0.15    0.2   0.24   0.27   0.35   2347    1.0
z_true[9]      0.9  5.3e-3   0.18    0.6   0.77   0.88   1.01   1.28   1119    1.0
z_true[10]    0.73  3.5e-3   0.14   0.49   0.63   0.71   0.81   1.03   1607    1.0
z_true[11]     1.3  5.6e-3   0.22   0.95   1.14   1.28   1.44   1.79   1539    1.0
z_true[12]    0.55  2.5e-3   0.12   0.34   0.47   0.54   0.63   0.81   2303    1.0
z_true[13]    0.55  2.3e-3   0.11   0.37   0.47   0.54   0.62   0.78   2108    1.0
z_true[14]    0.57  2.5e-3   0.11   0.38   0.49   0.56   0.64    0.8   1852    1.0
z_true[15]    0.32  1.4e-3   0.07    0.2   0.27   0.31   0.36   0.46   2493    1.0
z_true[16]    0.53  2.4e-3   0.13   0.31   0.44   0.52   0.61    0.8   2684    1.0
z_true[17]    0.22  8.7e-4   0.04   0.15   0.19   0.21   0.24    0.3   1920    1.0
z_true[18]    0.33  1.7e-3   0.07    0.2   0.27   0.32   0.37   0.48   1832    1.0
z_true[19]    0.84  6.0e-3   0.21   0.51   0.69   0.81   0.96   1.35   1266    1.0
z_true[20]    0.73  3.4e-3   0.12   0.51   0.64   0.72   0.81   0.99   1321    1.0
z_true[21]    0.18  9.5e-4   0.04   0.11   0.15   0.18   0.21   0.27   2031    1.0
z_true[22]    0.25  1.1e-3   0.05   0.17   0.22   0.25   0.29   0.36   2171    1.0
z_true[23]    0.65  3.1e-3   0.13   0.43   0.56   0.64   0.73   0.93   1696    1.0
z_true[24]    0.57  2.2e-3    0.1    0.4    0.5   0.57   0.64   0.79   2051    1.0
z_true[25]    0.24  1.1e-3   0.05   0.15    0.2   0.23   0.27   0.35   2253    1.0
z_true[26]    0.26  1.2e-3   0.06   0.17   0.22   0.25   0.29   0.38   1942    1.0
z_true[27]    0.22  1.0e-3   0.05   0.14   0.19   0.22   0.25   0.33   2265    1.0
z_true[28]    0.38  1.7e-3   0.08   0.24   0.32   0.37   0.42   0.55   2284    1.0
z_true[29]    0.34  2.2e-3   0.09   0.19   0.28   0.33    0.4   0.57   1839    1.0
z_true[30]    0.22  1.0e-3   0.04   0.14   0.19   0.21   0.25   0.32   1885    1.0
z_true[31]    0.45  2.3e-3   0.12   0.24   0.36   0.44   0.52   0.72   3043    1.0
z_true[32]     0.3  1.2e-3   0.05   0.22   0.26    0.3   0.34   0.41   1840    1.0
z_true[33]    0.61  3.2e-3   0.16   0.33    0.5   0.59    0.7   0.95   2295    1.0
z_true[34]    0.59  2.6e-3   0.09   0.43   0.52   0.58   0.65   0.79   1341    1.0
z_true[35]    0.21  8.4e-4   0.04   0.14   0.18    0.2   0.23   0.29   1988    1.0
z_true[36]    0.38  2.2e-3    0.1   0.21   0.31   0.37   0.44   0.59   1908    1.0
z_true[37]     0.5  2.9e-3   0.11   0.32   0.43   0.49   0.57   0.76   1454    1.0
z_true[38]     0.3  1.3e-3   0.06   0.19   0.26   0.29   0.34   0.44   2209    1.0
z_true[39]     0.2  9.0e-4   0.04   0.12   0.17   0.19   0.22   0.29   2267    1.0
z_true[40]    0.84  3.4e-3   0.13   0.62   0.74   0.82   0.92   1.11   1435    1.0
z_true[41]     0.5  2.1e-3    0.1   0.33   0.42   0.49   0.56    0.7   2069    1.0
z_true[42]    0.36  1.5e-3   0.06   0.26   0.31   0.36    0.4    0.5   1882    1.0
z_true[43]    0.17  8.3e-4   0.04   0.12   0.15   0.17    0.2   0.26   1980    1.0
z_true[44]    0.91  8.3e-3   0.18   0.63   0.78   0.89   1.02   1.33    458   1.01
z_true[45]    0.66  2.8e-3   0.12   0.45   0.57   0.65   0.74   0.92   1934    1.0
z_true[46]    0.51  2.1e-3   0.09   0.37   0.45   0.51   0.57    0.7   1747    1.0
z_true[47]    0.38  2.9e-3    0.1   0.23   0.31   0.36   0.43   0.61   1146    1.0
z_true[48]    0.18  7.7e-4   0.03   0.12   0.15   0.17    0.2   0.25   1977    1.0
z_true[49]    0.39  1.6e-3   0.06   0.29   0.34   0.39   0.43   0.52   1586    1.0
z_true[50]    0.42  2.0e-3   0.08   0.28   0.36   0.42   0.47    0.6   1733    1.0
z_true[51]    0.38  1.6e-3   0.08   0.23   0.32   0.37   0.43   0.56   2721    1.0
z_true[52]    0.32  1.6e-3   0.08   0.18   0.26   0.31   0.37    0.5   2678    1.0
z_true[53]    0.71  3.2e-3   0.13   0.48   0.62    0.7    0.8   0.99   1734    1.0
z_true[54]    0.21  1.3e-3   0.06   0.11   0.17   0.21   0.25   0.36   2286    1.0
z_true[55]    1.05  5.3e-3   0.24   0.67   0.88   1.01   1.19   1.59   2001    1.0
z_true[56]    0.39  1.9e-3   0.08   0.23   0.33   0.38   0.44   0.56   1996    1.0
z_true[57]    0.46  2.1e-3   0.09   0.31    0.4   0.45   0.52   0.66   1874    1.0
z_true[58]    0.18  8.5e-4   0.04   0.12   0.16   0.18   0.21   0.27   1958    1.0
z_true[59]    0.51  2.4e-3   0.12    0.3   0.42    0.5   0.59   0.76   2333    1.0
z_true[60]    0.17  7.2e-4   0.03   0.12   0.15   0.17   0.19   0.23   1761    1.0
zinterp[0]     0.0     0.0    0.0    0.0    0.0    0.0    0.0    0.0   4000    nan
zinterp[1]    0.04  1.9e-4 7.1e-3   0.03   0.04   0.04   0.05   0.06   1434    1.0
zinterp[2]    0.08  3.6e-4   0.01   0.06   0.07   0.08   0.09   0.11   1433    1.0
zinterp[3]    0.12  5.1e-4   0.02   0.09   0.11   0.12   0.14   0.16   1432    1.0
zinterp[4]    0.16  6.5e-4   0.02   0.12   0.14   0.16   0.18   0.21   1431    1.0
zinterp[5]     0.2  7.9e-4   0.03   0.15   0.17   0.19   0.22   0.26   1431    1.0
zinterp[6]    0.23  9.1e-4   0.03   0.18    0.2   0.23   0.25    0.3   1430    1.0
zinterp[7]    0.26  1.0e-3   0.04    0.2   0.23   0.26   0.29   0.35   1430    1.0
zinterp[8]     0.3  1.2e-3   0.04   0.23   0.26   0.29   0.33   0.39   1429    1.0
zinterp[9]    0.33  1.3e-3   0.05   0.25   0.29   0.32   0.36   0.43   1429    1.0
zinterp[10]   0.36  1.4e-3   0.05   0.28   0.32   0.35    0.4   0.47   1429    1.0
zinterp[11]   0.39  1.5e-3   0.06    0.3   0.35   0.38   0.43   0.51   1428    1.0
zinterp[12]   0.42  1.6e-3   0.06   0.32   0.37   0.41   0.46   0.54   1428    1.0
zinterp[13]   0.45  1.7e-3   0.06   0.35    0.4   0.44   0.49   0.58   1428    1.0
zinterp[14]   0.48  1.8e-3   0.07   0.37   0.42   0.47   0.52   0.62   1428    1.0
zinterp[15]   0.51  1.9e-3   0.07   0.39   0.45    0.5   0.56   0.65   1428    1.0
zinterp[16]   0.53  2.0e-3   0.08   0.41   0.47   0.53   0.59   0.69   1428    1.0
zinterp[17]   0.56  2.1e-3   0.08   0.44    0.5   0.55   0.62   0.72   1428    1.0
zinterp[18]   0.59  2.2e-3   0.08   0.46   0.52   0.58   0.65   0.76   1428    1.0
zinterp[19]   0.61  2.3e-3   0.09   0.48   0.55   0.61   0.68   0.79   1428    1.0
zinterp[20]   0.64  2.4e-3   0.09    0.5   0.57   0.63    0.7   0.83   1428    1.0
zinterp[21]   0.67  2.5e-3   0.09   0.52   0.59   0.66   0.73   0.86   1428    1.0
zinterp[22]   0.69  2.6e-3    0.1   0.54   0.62   0.69   0.76   0.89   1427    1.0
zinterp[23]   0.72  2.6e-3    0.1   0.56   0.64   0.71   0.79   0.93   1427    1.0
zinterp[24]   0.74  2.7e-3    0.1   0.58   0.66   0.74   0.82   0.96   1427    1.0
zinterp[25]   0.77  2.8e-3   0.11    0.6   0.69   0.76   0.84   0.99   1427    1.0
zinterp[26]    0.8  2.9e-3   0.11   0.62   0.71   0.79   0.87   1.02   1427    1.0
zinterp[27]   0.82  3.0e-3   0.11   0.64   0.73   0.81    0.9   1.05   1427    1.0
zinterp[28]   0.84  3.1e-3   0.12   0.66   0.75   0.83   0.93   1.09   1427    1.0
zinterp[29]   0.87  3.2e-3   0.12   0.68   0.77   0.86   0.95   1.12   1427    1.0
zinterp[30]   0.89  3.3e-3   0.12    0.7    0.8   0.88   0.98   1.15   1427    1.0
zinterp[31]   0.92  3.3e-3   0.13   0.71   0.82   0.91   1.01   1.18   1427    1.0
zinterp[32]   0.94  3.4e-3   0.13   0.73   0.84   0.93   1.03   1.21   1427    1.0
zinterp[33]   0.97  3.5e-3   0.13   0.75   0.86   0.95   1.06   1.24   1427    1.0
zinterp[34]   0.99  3.6e-3   0.14   0.77   0.88   0.98   1.08   1.27   1427    1.0
zinterp[35]   1.01  3.7e-3   0.14   0.79    0.9    1.0   1.11    1.3   1427    1.0
zinterp[36]   1.04  3.8e-3   0.14   0.81   0.92   1.02   1.14   1.33   1427    1.0
zinterp[37]   1.06  3.9e-3   0.15   0.83   0.94   1.05   1.16   1.36   1427    1.0
zinterp[38]   1.08  3.9e-3   0.15   0.84   0.97   1.07   1.19   1.39   1427    1.0
zinterp[39]   1.11  4.0e-3   0.15   0.86   0.99   1.09   1.21   1.42   1427    1.0
zinterp[40]   1.13  4.1e-3   0.16   0.88   1.01   1.12   1.24   1.45   1427    1.0
zinterp[41]   1.15  4.2e-3   0.16    0.9   1.03   1.14   1.26   1.48   1427    1.0
zinterp[42]   1.17  4.3e-3   0.16   0.91   1.05   1.16   1.29   1.51   1427    1.0
zinterp[43]    1.2  4.4e-3   0.16   0.93   1.07   1.18   1.31   1.54   1427    1.0
zinterp[44]   1.22  4.4e-3   0.17   0.95   1.09    1.2   1.34   1.57   1427    1.0
zinterp[45]   1.24  4.5e-3   0.17   0.97   1.11   1.23   1.36    1.6   1428    1.0
zinterp[46]   1.26  4.6e-3   0.17   0.98   1.13   1.25   1.38   1.62   1428    1.0
zinterp[47]   1.29  4.7e-3   0.18    1.0   1.15   1.27   1.41   1.65   1428    1.0
zinterp[48]   1.31  4.8e-3   0.18   1.02   1.17   1.29   1.43   1.68   1428    1.0
zinterp[49]   1.33  4.9e-3   0.18   1.04   1.19   1.31   1.46   1.71   1428    1.0
zinterp[50]   1.35  4.9e-3   0.19   1.05   1.21   1.34   1.48   1.74   1428    1.0
zinterp[51]   1.37  5.0e-3   0.19   1.07   1.23   1.36   1.51   1.77   1428    1.0
zinterp[52]    1.4  5.1e-3   0.19   1.09   1.24   1.38   1.53   1.79   1428    1.0
zinterp[53]   1.42  5.2e-3    0.2    1.1   1.26    1.4   1.55   1.82   1428    1.0
zinterp[54]   1.44  5.3e-3    0.2   1.12   1.28   1.42   1.58   1.85   1428    1.0
zinterp[55]   1.46  5.3e-3    0.2   1.14    1.3   1.44    1.6   1.88   1428    1.0
zinterp[56]   1.48  5.4e-3    0.2   1.16   1.32   1.46   1.62   1.91   1428    1.0
zinterp[57]    1.5  5.5e-3   0.21   1.17   1.34   1.49   1.65   1.93   1428    1.0
zinterp[58]   1.53  5.6e-3   0.21   1.19   1.36   1.51   1.67   1.96   1428    1.0
zinterp[59]   1.55  5.7e-3   0.21   1.21   1.38   1.53    1.7   1.99   1428    1.0
zinterp[60]   1.57  5.7e-3   0.22   1.22    1.4   1.55   1.72   2.02   1428    1.0
zinterp[61]   1.59  5.8e-3   0.22   1.24   1.42   1.57   1.74   2.05   1428    1.0
zinterp[62]   1.61  5.9e-3   0.22   1.25   1.44   1.59   1.77   2.07   1428    1.0
zinterp[63]   1.63  6.0e-3   0.23   1.27   1.45   1.61   1.79    2.1   1428    1.0
zinterp[64]   1.65  6.1e-3   0.23   1.29   1.47   1.63   1.81   2.13   1428    1.0
zinterp[65]   1.67  6.1e-3   0.23    1.3   1.49   1.65   1.83   2.16   1428    1.0
zinterp[66]    1.7  6.2e-3   0.23   1.32   1.51   1.67   1.86   2.18   1428    1.0
zinterp[67]   1.72  6.3e-3   0.24   1.34   1.53    1.7   1.88   2.21   1428    1.0
zinterp[68]   1.74  6.4e-3   0.24   1.35   1.55   1.72    1.9   2.24   1428    1.0
zinterp[69]   1.76  6.4e-3   0.24   1.37   1.57   1.74   1.93   2.26   1428    1.0
zinterp[70]   1.78  6.5e-3   0.25   1.38   1.58   1.76   1.95   2.29   1428    1.0
zinterp[71]    1.8  6.6e-3   0.25    1.4    1.6   1.78   1.97   2.32   1428    1.0
zinterp[72]   1.82  6.7e-3   0.25   1.42   1.62    1.8   1.99   2.35   1428    1.0
zinterp[73]   1.84  6.8e-3   0.26   1.43   1.64   1.82   2.02   2.37   1428    1.0
zinterp[74]   1.86  6.8e-3   0.26   1.45   1.66   1.84   2.04    2.4   1428    1.0
zinterp[75]   1.88  6.9e-3   0.26   1.46   1.68   1.86   2.06   2.43   1428    1.0
zinterp[76]    1.9  7.0e-3   0.26   1.48   1.69   1.88   2.08   2.45   1428    1.0
zinterp[77]   1.92  7.1e-3   0.27    1.5   1.71    1.9   2.11   2.48   1428    1.0
zinterp[78]   1.94  7.2e-3   0.27   1.51   1.73   1.92   2.13   2.51   1428    1.0
zinterp[79]   1.96  7.2e-3   0.27   1.53   1.75   1.94   2.15   2.53   1428    1.0
zinterp[80]   1.98  7.3e-3   0.28   1.54   1.77   1.96   2.17   2.56   1428    1.0
zinterp[81]    2.0  7.4e-3   0.28   1.56   1.79   1.98    2.2   2.59   1428    1.0
zinterp[82]   2.02  7.5e-3   0.28   1.57    1.8    2.0   2.22   2.61   1428    1.0
zinterp[83]   2.04  7.5e-3   0.28   1.59   1.82   2.02   2.24   2.64   1428    1.0
zinterp[84]   2.06  7.6e-3   0.29   1.61   1.84   2.04   2.26   2.66   1428    1.0
zinterp[85]   2.08  7.7e-3   0.29   1.62   1.86   2.06   2.29   2.69   1428    1.0
zinterp[86]   2.11  7.8e-3   0.29   1.64   1.87   2.08   2.31   2.72   1428    1.0
zinterp[87]   2.13  7.8e-3    0.3   1.65   1.89    2.1   2.33   2.74   1428    1.0
zinterp[88]   2.15  7.9e-3    0.3   1.67   1.91   2.12   2.35   2.77   1428    1.0
zinterp[89]   2.17  8.0e-3    0.3   1.68   1.93   2.14   2.37    2.8   1428    1.0
zinterp[90]   2.19  8.1e-3   0.31    1.7   1.95   2.16    2.4   2.82   1428    1.0
zinterp[91]   2.21  8.2e-3   0.31   1.71   1.96   2.18   2.42   2.85   1428    1.0
zinterp[92]   2.23  8.2e-3   0.31   1.73   1.98    2.2   2.44   2.87   1428    1.0
zinterp[93]   2.25  8.3e-3   0.31   1.74    2.0   2.22   2.46    2.9   1428    1.0
zinterp[94]   2.26  8.4e-3   0.32   1.76   2.02   2.24   2.48   2.93   1428    1.0
zinterp[95]   2.28  8.5e-3   0.32   1.77   2.03   2.26   2.51   2.95   1428    1.0
zinterp[96]    2.3  8.5e-3   0.32   1.79   2.05   2.28   2.53   2.98   1428    1.0
zinterp[97]   2.32  8.6e-3   0.33   1.81   2.07   2.29   2.55    3.0   1428    1.0
zinterp[98]   2.34  8.7e-3   0.33   1.82   2.09   2.31   2.57   3.03   1428    1.0
zinterp[99]   2.36  8.8e-3   0.33   1.84    2.1   2.33   2.59   3.06   1428    1.0
lp__        -51.83    0.49  12.48 -77.52 -59.96 -51.57 -43.21 -28.23    656   1.01

Samples were drawn using NUTS at Sun Sep 16 07:12:50 2018.
For each parameter, n_eff is a crude measure of effective sample size,
and Rhat is the potential scale reduction factor on split chains (at 
convergence, Rhat=1).
