DIAGNOSTIC(S) FROM PARSER:
Warning: integer division implicitly rounds to integer. Found int division: (j - i) / 2
 Positive values rounded down, negative values rounded up or down in platform-dependent way.
Warning (non-fatal):
Left-hand side of sampling statement (~) may contain a non-linear transform of a parameter or local variable.
If it does, you need to include a target += statement with the log absolute determinant of the Jacobian of the transform.
Left-hand-side of sampling statement:
    Om_h2 ~ normal(...)

/mnt/home/wfarr/anaconda3/lib/python3.6/site-packages/h5py/__init__.py:36: FutureWarning: Conversion of the second argument of issubdtype from `float` to `np.floating` is deprecated. In future, it will be treated as `np.float64 == np.dtype(float).type`.
  from ._conv import register_converters as _register_converters
INFO:pystan:COMPILING THE C++ CODE FOR MODEL anon_model_8c88e41ccf32f352906324ddea516349 NOW.
DIAGNOSTIC(S) FROM PARSER:
Warning: integer division implicitly rounds to integer. Found int division: (j - i) / 2
 Positive values rounded down, negative values rounded up or down in platform-dependent way.
Warning (non-fatal):
Left-hand side of sampling statement (~) may contain a non-linear transform of a parameter or local variable.
If it does, you need to include a target += statement with the log absolute determinant of the Jacobian of the transform.
Left-hand-side of sampling statement:
    Om_h2 ~ normal(...)

/mnt/home/wfarr/anaconda3/lib/python3.6/site-packages/h5py/__init__.py:36: FutureWarning: Conversion of the second argument of issubdtype from `float` to `np.floating` is deprecated. In future, it will be treated as `np.float64 == np.dtype(float).type`.
  from ._conv import register_converters as _register_converters
INFO:pystan:COMPILING THE C++ CODE FOR MODEL anon_model_8c88e41ccf32f352906324ddea516349 NOW.
WARNING:pystan:n_eff / iter for parameter zinterp[1] is nan!
WARNING:pystan:n_eff / iter below 0.001 indicates that the effective sample size has likely been overestimated
WARNING:pystan:Rhat for parameter zinterp[1] is nan!
WARNING:pystan:Rhat above 1.1 or below 0.9 indicates that the chains very likely have not mixed
WARNING:pystan:Deprecation warning. In future, use ArviZ library (`pip install arviz`)
WARNING:pystan:n_eff / iter for parameter zinterp[1] is nan!
WARNING:pystan:n_eff / iter below 0.001 indicates that the effective sample size has likely been overestimated
WARNING:pystan:Rhat for parameter zinterp[1] is nan!
WARNING:pystan:Rhat above 1.1 or below 0.9 indicates that the chains very likely have not mixed
WARNING:pystan:Deprecation warning. In future, use ArviZ library (`pip install arviz`)
