Called with the following command line:
/cm/local/apps/slurm/var/spool/job110534/slurm_script --sampfile parameters_small.h5 --samp 128 --selfile selected.h5 --nsel 4096 --chainfile population_small.h5 --tracefile traceplot_small.pdf

Gradient evaluation took 0.03 seconds
1000 transitions using 10 leapfrog steps per transition would take 300 seconds.
Adjust your expectations accordingly!



Gradient evaluation took 0.04 seconds
1000 transitions using 10 leapfrog steps per transition would take 400 seconds.
Adjust your expectations accordingly!



Gradient evaluation took 0.03 seconds
1000 transitions using 10 leapfrog steps per transition would take 300 seconds.
Adjust your expectations accordingly!



Gradient evaluation took 0.04 seconds
1000 transitions using 10 leapfrog steps per transition would take 400 seconds.
Adjust your expectations accordingly!


Iteration:    1 / 2000 [  0%]  (Warmup)
Iteration:    1 / 2000 [  0%]  (Warmup)
Iteration:    1 / 2000 [  0%]  (Warmup)
Iteration:    1 / 2000 [  0%]  (Warmup)
Iteration:  200 / 2000 [ 10%]  (Warmup)
Iteration:  200 / 2000 [ 10%]  (Warmup)
Iteration:  200 / 2000 [ 10%]  (Warmup)
Iteration:  200 / 2000 [ 10%]  (Warmup)
Iteration:  400 / 2000 [ 20%]  (Warmup)
Iteration:  400 / 2000 [ 20%]  (Warmup)
Iteration:  400 / 2000 [ 20%]  (Warmup)
Iteration:  400 / 2000 [ 20%]  (Warmup)
Iteration:  600 / 2000 [ 30%]  (Warmup)
Iteration:  600 / 2000 [ 30%]  (Warmup)
Iteration:  600 / 2000 [ 30%]  (Warmup)
Iteration:  800 / 2000 [ 40%]  (Warmup)
Iteration:  600 / 2000 [ 30%]  (Warmup)
Iteration:  800 / 2000 [ 40%]  (Warmup)
Iteration:  800 / 2000 [ 40%]  (Warmup)
Iteration: 1000 / 2000 [ 50%]  (Warmup)
Iteration: 1001 / 2000 [ 50%]  (Sampling)
Iteration: 1000 / 2000 [ 50%]  (Warmup)
Iteration: 1001 / 2000 [ 50%]  (Sampling)
Iteration:  800 / 2000 [ 40%]  (Warmup)
Iteration: 1000 / 2000 [ 50%]  (Warmup)
Iteration: 1001 / 2000 [ 50%]  (Sampling)
Iteration: 1200 / 2000 [ 60%]  (Sampling)
Iteration: 1200 / 2000 [ 60%]  (Sampling)
Iteration: 1000 / 2000 [ 50%]  (Warmup)
Iteration: 1001 / 2000 [ 50%]  (Sampling)
Iteration: 1200 / 2000 [ 60%]  (Sampling)
Iteration: 1400 / 2000 [ 70%]  (Sampling)
Iteration: 1400 / 2000 [ 70%]  (Sampling)
Iteration: 1200 / 2000 [ 60%]  (Sampling)
Iteration: 1400 / 2000 [ 70%]  (Sampling)
Iteration: 1600 / 2000 [ 80%]  (Sampling)
Iteration: 1600 / 2000 [ 80%]  (Sampling)
Iteration: 1400 / 2000 [ 70%]  (Sampling)
Iteration: 1600 / 2000 [ 80%]  (Sampling)
Iteration: 1800 / 2000 [ 90%]  (Sampling)
Iteration: 1800 / 2000 [ 90%]  (Sampling)
Iteration: 1600 / 2000 [ 80%]  (Sampling)
Iteration: 1800 / 2000 [ 90%]  (Sampling)
Iteration: 2000 / 2000 [100%]  (Sampling)

 Elapsed Time: 6880.64 seconds (Warm-up)
               4628.46 seconds (Sampling)
               11509.1 seconds (Total)

Iteration: 2000 / 2000 [100%]  (Sampling)

 Elapsed Time: 6993.27 seconds (Warm-up)
               4646.8 seconds (Sampling)
               11640.1 seconds (Total)

Iteration: 1800 / 2000 [ 90%]  (Sampling)
Iteration: 2000 / 2000 [100%]  (Sampling)

 Elapsed Time: 7349.69 seconds (Warm-up)
               4697.56 seconds (Sampling)
               12047.2 seconds (Total)

Iteration: 2000 / 2000 [100%]  (Sampling)

 Elapsed Time: 8250.17 seconds (Warm-up)
               4464.85 seconds (Sampling)
               12715 seconds (Total)

Inference for Stan model: anon_model_9e61e5cc3f3e071096fc162ad5ad31a5.
4 chains, each with iter=2000; warmup=1000; thin=1; 
post-warmup draws per chain=1000, total post-warmup draws=4000.

               mean se_mean     sd   2.5%    25%    50%    75%  97.5%  n_eff   Rhat
H0            65.56    2.55  10.19  50.96  57.68  63.83  71.53  90.29     16   1.07
R0            99.74    5.15  30.47  53.08   78.0  94.95 116.43 172.18     35   1.04
alpha          0.93  8.4e-3   0.34   0.22   0.71   0.95   1.17   1.58   1668    1.0
beta           0.07  9.8e-3   0.49  -0.82  -0.26   0.05   0.38    1.1   2429    1.0
gamma          2.54    0.02   0.87    0.8   1.96   2.56   3.13   4.23   1782    1.0
MMin           5.32    0.32   0.56   4.41    4.7   5.67    5.8   5.97      3   2.12
MMax          40.57    0.16   2.29  36.14  39.06  40.49  42.12  45.11    193   1.04
m1_true[0]    18.93    0.05   2.45   14.9  17.03  18.77  20.58  24.13   2065    1.0
m1_true[1]    25.88    0.07   3.44  20.34  23.17  25.62  28.16  33.27   2103    1.0
m1_true[2]    11.71    0.03    1.4   9.56  10.68  11.49  12.55  14.97   1669    1.0
m1_true[3]    36.56    0.15   3.24  30.06  34.34  36.69  38.86  42.52    480   1.02
m1_true[4]    23.06    0.08   3.05  17.44  20.99  23.04  24.94  29.65   1432   1.01
m1_true[5]    33.68    0.11   3.15  28.39  31.24   33.4  35.86  40.05    829   1.02
m1_true[6]    15.34    0.06   2.19  11.68  13.69  15.24  16.82  19.95   1575    1.0
m1_true[7]    33.59     0.1   3.67  26.86  30.95  33.47   36.1  40.89   1358   1.01
m1_true[8]     17.5    0.03   1.53  14.28  16.48  17.54  18.55  20.36   2129   1.01
m1_true[9]    29.96    0.09   3.36  23.48  27.55   29.9  32.21  36.57   1333   1.01
m1_true[10]   37.28    0.34   2.78  31.65  35.41  37.34  39.19  42.45     67   1.03
m1_true[11]   37.86    0.38   2.89  31.56  36.07  38.08  39.83  43.13     58   1.03
m1_true[12]   27.89     0.1   3.63  22.02  25.27  27.41  30.06  35.98   1232   1.01
m1_true[13]   30.76     0.1   3.25  25.13  28.52  30.43  32.71  38.03    991   1.01
m1_true[14]   36.48    0.14   3.22  30.16  34.22  36.49  38.71  42.63    550   1.01
m1_true[15]   29.47    0.08   2.71  24.99  27.54  29.17   31.2  35.04   1137   1.01
m1_true[16]    32.4    0.09   3.54  26.15  29.71   32.2  34.92  39.58   1523   1.01
m1_true[17]   32.21    0.05   2.14  27.94   30.8  32.21  33.66  36.35   2109   1.01
m1_true[18]   36.74    0.13   3.04  30.61  34.73  36.83  38.79  42.58    561   1.01
m1_true[19]   29.63    0.14   3.36  23.47  27.34  29.44  31.74  36.76    562   1.01
m1_true[20]    38.6     0.4   2.54  33.45  36.92  38.59  40.31  43.57     40   1.03
m1_true[21]   16.44    0.03   1.38  14.24  15.42  16.24  17.27  19.53   2081    1.0
m1_true[22]   31.37    0.05   2.35  27.47  29.65   31.2  32.82   36.6   2160   1.01
m1_true[23]    19.1    0.04   1.95   15.5  17.75  19.03   20.4  23.05   1914   1.01
m1_true[24]   24.63    0.06   2.33  20.45  23.03  24.41  26.11   29.6   1330   1.01
m1_true[25]   12.67    0.03   1.45  10.37  11.53  12.52  13.64  15.88   1732   1.01
m1_true[26]   16.05    0.04   1.93  12.93  14.64  15.84   17.3  20.09   2530    1.0
m1_true[27]    6.59    0.13   0.51   5.86   6.23   6.49   6.83   7.88     16   1.07
m1_true[28]   17.21    0.04   1.71   14.2  16.04  17.07  18.26  20.97   1655   1.01
m1_true[29]    27.7     0.1   4.32  19.47  24.65  27.79  30.68   36.4   1713    1.0
m1_true[30]   34.82    0.07   2.96  29.86  32.48  34.54  36.97  40.79   1964   1.01
m1_true[31]   29.42    0.11   4.29  22.47  26.19   28.9  32.39  38.25   1543   1.01
m1_true[32]   30.77    0.07   2.13  27.25  29.18  30.53  32.12  35.48    825   1.01
m1_true[33]   28.31    0.12   4.34  21.15  25.04  27.64  31.22  37.76   1351    1.0
m1_true[34]   39.22    0.27   2.35   34.6  37.68   39.2  40.77  43.73     78   1.03
m1_true[35]   24.45    0.04   1.67  21.72  23.16  24.32  25.57  27.96   1802   1.01
m1_true[36]   34.52    0.09   3.51  27.78   32.0  34.54  37.12  41.06   1597   1.01
m1_true[37]   36.73    0.15   3.54  29.81  34.12  36.88  39.32  43.11    527   1.01
m1_true[38]   18.15    0.05   2.31  14.11  16.48  18.08  19.71   22.9   2065    1.0
m1_true[39]   24.43    0.07   3.04   18.5  22.34  24.42  26.59  30.27   2090    1.0
m1_true[40]   38.23    0.49   2.52  33.17  36.58  38.27  39.89  43.18     26   1.04
m1_true[41]   16.18    0.06   2.12  12.49  14.71  15.99  17.45   20.9   1158   1.01
m1_true[42]   24.02    0.07   2.58  19.89  22.07  23.71  25.62   29.8   1523   1.01
m1_true[43]   21.59    0.03   1.43  18.88  20.59  21.55  22.55  24.43   2689   1.01
m1_true[44]   38.05    0.41    2.7  32.46  36.32  38.17  39.84  43.12     43   1.03
m1_true[45]   35.77    0.12   3.05  30.13  33.61  35.69   37.9  41.84    597   1.02
m1_true[46]    27.3    0.09   3.75  21.03  24.48  26.86  29.95  35.23   1695    1.0
m1_true[47]   12.64    0.04   1.84   9.41  11.24  12.56  13.96  16.37   2167    1.0
m1_true[48]   18.54    0.05   1.74  14.45  17.53  18.69  19.75  21.59   1164    1.0
m1_true[49]   36.76    0.21   2.66  31.88  34.84   36.7  38.59  42.04    157   1.03
m1_true[50]   31.75    0.09   3.88  23.45  29.19  31.75  34.31  39.24   1719   1.01
m1_true[51]   30.24    0.08   3.54  23.64   27.7  30.24  32.64   37.4   1865   1.01
m1_true[52]   21.76    0.05   2.25   18.0   20.1  21.49   23.3   26.6   2439    1.0
m1_true[53]   35.31    0.08    3.1  29.24  33.17   35.3  37.48  41.15   1691   1.01
m1_true[54]   13.38    0.03   1.28  11.32  12.45   13.2  14.11  16.27   2460    1.0
m1_true[55]   34.76    0.13   3.51  27.88  32.27  34.79  37.28  41.54    731   1.01
m1_true[56]    33.8    0.08    3.9  25.84  31.07  33.87  36.61  40.88   2232   1.01
m1_true[57]   31.29    0.09   3.36  25.91  28.75  30.79  33.52  38.51   1305    1.0
m1_true[58]   20.06    0.03   1.64  17.22  18.79  19.99  21.26  23.36   2310    1.0
m1_true[59]   33.69    0.13   3.74   26.4  31.07  33.69  36.33  40.86    792   1.01
m1_true[60]   33.53    0.07   2.32  29.78  31.74  33.27   35.1  38.49   1089   1.01
m2_frac[0]     0.57  4.7e-3    0.2   0.25   0.41   0.54   0.73   0.97   1836    1.0
m2_frac[1]     0.63  3.9e-3   0.18   0.31   0.48   0.61   0.77   0.96   2125    1.0
m2_frac[2]     0.53  6.4e-3   0.23   0.13   0.34   0.51    0.7   0.95   1274   1.01
m2_frac[3]     0.68  3.4e-3   0.13   0.48   0.59   0.66   0.77   0.97   1496    1.0
m2_frac[4]     0.38  3.7e-3   0.12   0.19   0.29   0.35   0.45   0.66   1075   1.01
m2_frac[5]     0.73  2.7e-3   0.14   0.49   0.62   0.73   0.84   0.98   2571    1.0
m2_frac[6]     0.46  5.0e-3   0.21   0.15    0.3   0.42   0.59   0.93   1735    1.0
m2_frac[7]     0.73  2.7e-3   0.14   0.48   0.62   0.73   0.84   0.98   2684    1.0
m2_frac[8]      0.1    0.02   0.06 9.6e-3   0.05   0.09   0.14   0.24      6   1.21
m2_frac[9]     0.77  2.7e-3   0.14   0.47   0.67   0.78   0.89   0.99   2900    1.0
m2_frac[10]    0.84  2.2e-3   0.09   0.66   0.78   0.85   0.91   0.99   1802    1.0
m2_frac[11]    0.88  2.0e-3   0.09   0.66   0.84    0.9   0.95    1.0   1963    1.0
m2_frac[12]    0.72  3.6e-3   0.16    0.4    0.6   0.73   0.84   0.98   1992    1.0
m2_frac[13]    0.76  2.9e-3   0.14   0.48   0.66   0.77   0.88   0.99   2317    1.0
m2_frac[14]    0.69  2.7e-3   0.12   0.47   0.59   0.68   0.77   0.95   2207    1.0
m2_frac[15]    0.75  3.0e-3   0.13    0.5   0.65   0.75   0.85   0.98   1824    1.0
m2_frac[16]    0.77  2.5e-3   0.13   0.52   0.67   0.77   0.87   0.99   2704    1.0
m2_frac[17]    0.47  1.4e-3   0.07   0.35   0.42   0.46    0.5   0.62   2283   1.01
m2_frac[18]    0.42  2.3e-3   0.07    0.3   0.37   0.41   0.45   0.56    805   1.01
m2_frac[19]     0.8  2.4e-3   0.13    0.5   0.71   0.82    0.9   0.99   3129    1.0
m2_frac[20]     0.9  1.1e-3   0.07   0.73   0.85   0.91   0.96    1.0   4000    1.0
m2_frac[21]    0.76  3.2e-3   0.15   0.44   0.65   0.77   0.88   0.98   2094    1.0
m2_frac[22]    0.78  2.3e-3   0.12   0.56   0.69   0.77   0.87   0.98   2563    1.0
m2_frac[23]    0.77  2.5e-3   0.13    0.5   0.68   0.78   0.88   0.99   2774    1.0
m2_frac[24]    0.81  2.6e-3   0.12   0.56   0.72   0.83   0.91   0.99   2108    1.0
m2_frac[25]    0.51  6.2e-3   0.21   0.16   0.35   0.48   0.66   0.95   1185   1.02
m2_frac[26]    0.51  3.9e-3   0.18   0.21   0.37   0.49   0.63   0.92   2208    1.0
m2_frac[27]     0.4  4.4e-3   0.28   0.02   0.16   0.36   0.63   0.95   4000    1.0
m2_frac[28]    0.69  3.7e-3   0.16   0.39   0.57    0.7   0.82   0.97   1829   1.01
m2_frac[29]    0.44  5.7e-3   0.19   0.19    0.3   0.39   0.54   0.93   1118   1.01
m2_frac[30]    0.75  2.6e-3   0.14   0.51   0.64   0.75   0.86   0.98   2638    1.0
m2_frac[31]    0.64  4.4e-3   0.19    0.3   0.48   0.64    0.8   0.98   1930    1.0
m2_frac[32]    0.81  2.2e-3   0.11   0.57   0.73   0.82    0.9   0.99   2578    1.0
m2_frac[33]    0.64  4.1e-3   0.18   0.32   0.48   0.63   0.79   0.97   2028    1.0
m2_frac[34]    0.88  2.0e-3   0.09   0.68   0.82   0.89   0.95   0.99   1818    1.0
m2_frac[35]    0.78  2.7e-3   0.12   0.57   0.69   0.78   0.88   0.99   1985    1.0
m2_frac[36]    0.71  3.3e-3   0.15   0.44   0.59    0.7   0.83   0.98   2061    1.0
m2_frac[37]    0.73  3.8e-3   0.14   0.49   0.62   0.72   0.84   0.98   1347    1.0
m2_frac[38]     0.5  4.5e-3   0.18   0.23   0.36   0.47   0.61   0.94   1634   1.01
m2_frac[39]    0.41  3.3e-3   0.14   0.22   0.31   0.38   0.48   0.75   1651    1.0
m2_frac[40]    0.88  1.2e-3   0.08   0.71   0.83   0.89   0.94   0.99   4000    1.0
m2_frac[41]    0.64  4.0e-3   0.19   0.28   0.49   0.64   0.78   0.97   2291    1.0
m2_frac[42]    0.69  3.4e-3   0.16   0.41   0.57   0.69   0.82   0.97   2131    1.0
m2_frac[43]    0.18    0.02   0.05   0.09   0.14   0.17   0.21   0.27      7   1.17
m2_frac[44]    0.87  2.2e-3   0.09   0.64   0.82   0.89   0.95    1.0   1801    1.0
m2_frac[45]    0.77  2.3e-3   0.12   0.55   0.69   0.77   0.87   0.98   2643    1.0
m2_frac[46]    0.62  3.5e-3   0.18   0.32   0.47    0.6   0.75   0.97   2623    1.0
m2_frac[47]    0.28  5.7e-3   0.22   0.01   0.12   0.22    0.4   0.85   1445   1.01
m2_frac[48]    0.38  5.3e-3   0.13    0.2   0.29   0.35   0.42   0.78    641   1.02
m2_frac[49]    0.77  3.7e-3   0.11   0.58   0.68   0.76   0.85   0.98    874   1.01
m2_frac[50]    0.08    0.01   0.04   0.02   0.06   0.08   0.11   0.17     11    1.1
m2_frac[51]    0.17    0.01   0.05   0.08   0.13   0.17   0.21   0.29     30   1.04
m2_frac[52]    0.72  3.0e-3   0.16   0.41    0.6   0.73   0.84   0.97   2665    1.0
m2_frac[53]    0.83  1.7e-3   0.11   0.59   0.76   0.85   0.91   0.99   4000    1.0
m2_frac[54]    0.66  3.7e-3   0.19    0.3   0.53   0.67   0.81   0.98   2611    1.0
m2_frac[55]    0.81  1.8e-3   0.11   0.59   0.72   0.81    0.9   0.99   4000    1.0
m2_frac[56]    0.14  9.5e-3   0.05   0.07   0.11   0.14   0.17   0.26     25   1.05
m2_frac[57]    0.73  3.6e-3   0.16   0.43   0.61   0.74   0.86   0.98   1878    1.0
m2_frac[58]    0.69  2.9e-3   0.14   0.44   0.59   0.69    0.8   0.96   2341    1.0
m2_frac[59]    0.75  2.1e-3   0.13   0.49   0.65   0.76   0.86   0.97   4000    1.0
m2_frac[60]    0.78  2.5e-3   0.11   0.57   0.69   0.78   0.87   0.98   2017    1.0
dl_true[0]     1.25  4.4e-3   0.28   0.69   1.07   1.25   1.43   1.82   4000    1.0
dl_true[1]     1.74  5.8e-3   0.37   1.09   1.47   1.73   1.98    2.5   4000    1.0
dl_true[2]     1.26  3.2e-3    0.2   0.88   1.12   1.25   1.39   1.68   4000    1.0
dl_true[3]     2.88  6.5e-3   0.41   2.11   2.59   2.88   3.15   3.79   4000    1.0
dl_true[4]     2.47  5.2e-3   0.33   1.84   2.24   2.46   2.71   3.09   4000    1.0
dl_true[5]     2.06  4.2e-3   0.26    1.6   1.89   2.04   2.21   2.64   4000    1.0
dl_true[6]     1.55    0.01   0.39   0.93   1.29    1.5   1.72   2.67    737   1.01
dl_true[7]     4.65    0.01   0.76   3.15   4.12    4.7   5.18   6.07   2870    1.0
dl_true[8]     1.19  2.9e-3   0.19   0.87   1.05   1.18   1.33   1.55   4000    1.0
dl_true[9]     5.72    0.02   0.99   4.01   5.08   5.62   6.26   8.02   4000    1.0
dl_true[10]    4.49    0.01   0.65   3.23   4.02    4.5   4.98    5.7   4000    1.0
dl_true[11]    9.43    0.04   1.37   7.08    8.5   9.32  10.19  13.11   1471    1.0
dl_true[12]    3.34    0.01   0.73   1.94   2.83   3.31   3.82   4.89   4000    1.0
dl_true[13]     3.2  7.5e-3   0.47   2.35   2.89   3.19   3.49   4.23   4000    1.0
dl_true[14]    3.38  9.3e-3   0.59   2.36   2.94   3.33   3.79   4.61   4000    1.0
dl_true[15]     1.7  4.6e-3   0.29    1.1    1.5    1.7    1.9   2.25   4000    1.0
dl_true[16]    2.98    0.01   0.67    1.7   2.52   2.94   3.43    4.3   2891    1.0
dl_true[17]    1.07  1.4e-3   0.09    0.9   1.01   1.07   1.13   1.25   4000    1.0
dl_true[18]    1.81  6.6e-3   0.35   1.16   1.55   1.81   2.07   2.49   2870    1.0
dl_true[19]    4.99    0.02   0.97   3.25   4.33   4.94   5.56   7.22   4000    1.0
dl_true[20]    4.64    0.01   0.61   3.44   4.19   4.66   5.09   5.73   1812    1.0
dl_true[21]    0.92  2.9e-3   0.19   0.58   0.79   0.91   1.04   1.32   4000    1.0
dl_true[22]    1.29  2.8e-3   0.18   0.96   1.17    1.3   1.42   1.63   4000    1.0
dl_true[23]    4.08    0.01   0.72   2.79   3.57   4.03   4.54   5.67   4000    1.0
dl_true[24]    3.39    0.01   0.58   2.41   3.01   3.34   3.69   4.69   1688    1.0
dl_true[25]    1.14  3.1e-3    0.2   0.75    1.0   1.14   1.27   1.51   4000    1.0
dl_true[26]    1.32  3.5e-3   0.22   0.89   1.17   1.32   1.48   1.74   4000    1.0
dl_true[27]    1.08  3.0e-3   0.19   0.74   0.94   1.07   1.22   1.47   4000   1.01
dl_true[28]    1.99  6.5e-3   0.41   1.28    1.7   1.97   2.24   2.89   4000    1.0
dl_true[29]     1.9    0.03   0.51   1.02   1.58   1.87   2.18   3.06    213   1.02
dl_true[30]    1.07  2.8e-3   0.18   0.75   0.94   1.05   1.19   1.43   4000    1.0
dl_true[31]     2.4  9.3e-3   0.59   1.36   1.99   2.36   2.75   3.69   4000    1.0
dl_true[32]     1.6  2.3e-3   0.15   1.31    1.5    1.6    1.7   1.89   4000    1.0
dl_true[33]    3.27    0.01   0.69   1.96   2.81   3.25   3.71   4.74   4000    1.0
dl_true[34]    3.71  9.3e-3   0.44   2.76   3.44   3.71   3.97   4.62   2256    1.0
dl_true[35]    0.98  1.6e-3    0.1   0.78   0.92   0.98   1.05   1.17   4000    1.0
dl_true[36]     1.9  7.5e-3   0.47   1.02   1.57    1.9   2.22   2.88   4000    1.0
dl_true[37]    3.19    0.02   0.66   1.85   2.68   3.26   3.71   4.28   1872    1.0
dl_true[38]    1.61  4.4e-3   0.28   1.08   1.42    1.6    1.8   2.17   4000    1.0
dl_true[39]     1.0  3.4e-3   0.21    0.6   0.85    1.0   1.14   1.42   4000    1.0
dl_true[40]    5.58    0.01   0.65   4.32   5.13   5.59    6.0   6.87   2718    1.0
dl_true[41]    3.01    0.02   0.68   1.99   2.55   2.92   3.31   4.89    961    1.0
dl_true[42]    1.92  3.3e-3   0.21   1.54   1.78   1.91   2.05   2.34   4000    1.0
dl_true[43]    0.83  1.9e-3   0.12   0.62   0.75   0.83   0.92   1.06   4000    1.0
dl_true[44]     6.0    0.02   0.83   4.56    5.4   5.94   6.54   7.74   2205    1.0
dl_true[45]    3.89  7.9e-3    0.5    2.9   3.55   3.87    4.2   4.92   4000    1.0
dl_true[46]    2.97  6.2e-3   0.39   2.21    2.7   2.97   3.24   3.72   4000    1.0
dl_true[47]    1.88  5.8e-3   0.36   1.24   1.64   1.85    2.1   2.76   4000    1.0
dl_true[48]    0.88  1.6e-3    0.1   0.69   0.81   0.88   0.96   1.08   4000    1.0
dl_true[49]    2.11  2.6e-3   0.16    1.8   1.99    2.1   2.21   2.46   4000    1.0
dl_true[50]     2.5    0.01   0.51   1.61   2.14   2.46   2.82   3.67   2438    1.0
dl_true[51]    2.02  9.3e-3   0.42   1.31   1.72   1.98   2.26   3.01   2014    1.0
dl_true[52]    1.59  5.9e-3   0.37   0.96   1.32   1.55   1.82    2.4   4000    1.0
dl_true[53]    4.62    0.02   0.76   3.27   4.09   4.57   5.13   6.18   2392    1.0
dl_true[54]    1.02  4.2e-3   0.27   0.53   0.85   1.01   1.18    1.6   4000    1.0
dl_true[55]    6.71    0.02   1.25   4.54   5.78   6.62   7.54   9.29   2865    1.0
dl_true[56]    2.27  9.9e-3   0.51   1.34   1.92   2.24    2.6   3.33   2660    1.0
dl_true[57]    2.54  5.3e-3   0.34   1.91   2.31   2.52   2.74   3.25   4000    1.0
dl_true[58]    0.92  2.3e-3   0.15   0.65   0.81   0.92   1.03   1.21   4000    1.0
dl_true[59]    2.99    0.01   0.68   1.74   2.51   2.95   3.42   4.48   4000    1.0
dl_true[60]    0.84  1.5e-3   0.09   0.66   0.77   0.85   0.91   1.01   4000    1.0
dH             4.68    0.16   0.68   3.32   4.19    4.7    5.2   5.88     18   1.06
Nex            61.0    0.12   7.81  46.35  55.66  60.71  66.03  77.17   4000    1.0
sigma_Nex      4.26    0.27   0.96   2.88   3.62   4.08   4.69   6.69     13   1.08
neff_det     221.41   22.29  63.06  91.54 178.85 225.25 266.98 335.75      8   1.15
m2_true[0]     12.7    0.03   1.58   9.65  11.53  12.68  13.88  15.65   2048    1.0
m2_true[1]    17.64    0.04   2.09  13.49  16.14   17.7  19.14  21.45   2169    1.0
m2_true[2]     8.41    0.02   0.88   6.68   7.77   8.49   9.09   9.92   1487   1.01
m2_true[3]    26.32    0.07    2.7  21.38  24.48  26.16   28.1   32.0   1486   1.01
m2_true[4]    11.71    0.03   1.12    9.5  10.95   11.7  12.41  13.93   1767   1.01
m2_true[5]    25.65    0.05   2.21  21.43  24.02  25.64   27.3   29.7   2266   1.01
m2_true[6]     9.56    0.03   1.22   7.38   8.65   9.45  10.46  11.94   1324   1.01
m2_true[7]    25.62     0.1   2.91  20.14  23.57  25.55  27.57  31.59    823   1.01
m2_true[8]     6.52    0.01   0.45   5.71   6.19   6.49    6.8   7.51   1095   1.01
m2_true[9]    24.03     0.1   2.75   18.2  22.24  24.14  25.89  29.22    805   1.01
m2_true[10]   32.12    0.14   2.95  26.48  30.08  32.06  34.09  38.04    447   1.02
m2_true[11]   34.02    0.15   3.63  25.88  31.82  34.38  36.59  40.24    559   1.02
m2_true[12]   21.02    0.04   2.49  15.97  19.35  21.05   22.8  25.72   4000   1.01
m2_true[13]   24.39    0.05   2.26  20.01  22.78  24.42  25.97  28.75   1744   1.01
m2_true[14]   26.46    0.06   2.89  20.88  24.48  26.47  28.47  31.99   1984   1.01
m2_true[15]    23.1    0.04   1.87  19.39  21.83  23.13  24.39  26.73   1778   1.01
m2_true[16]   25.74    0.07   2.49  21.02  24.02  25.63  27.43  30.79   1401   1.01
m2_true[17]   17.73    0.02   0.96  15.97   17.1  17.68  18.31  19.77   1971   1.01
m2_true[18]   18.24    0.03   1.38   15.6  17.28  18.21  19.15  21.03   2026   1.01
m2_true[19]   24.38    0.11   2.72  19.06  22.55  24.45  26.26  29.65    650   1.01
m2_true[20]   35.17     0.4   2.97  29.11  33.22  35.28  37.26  40.74     56   1.03
m2_true[21]   13.55    0.03   0.95  11.37  12.96  13.66  14.24  15.14   1306   1.01
m2_true[22]   25.32    0.06   1.75  22.03  24.02  25.31  26.61  28.56    946   1.01
m2_true[23]   15.79    0.05    1.5  12.88  14.74  15.76  16.84  18.73    813   1.02
m2_true[24]   20.78    0.08   1.79  17.34  19.53  20.79  22.05  24.18    459   1.02
m2_true[25]    8.81    0.02   0.92   7.08   8.15   8.79   9.49  10.55   1963    1.0
m2_true[26]   10.49    0.02   1.11   8.45   9.68  10.46  11.25  12.68   2435   1.01
m2_true[27]    5.77    0.18    0.4   4.82   5.55   5.87   6.04   6.34      5   1.28
m2_true[28]   13.36    0.03   1.25  10.93   12.5  13.35  14.27   15.7   1683    1.0
m2_true[29]   14.53    0.07   2.31  10.66  12.82  14.27   16.0  19.44    994    1.0
m2_true[30]   26.94    0.04   2.26  22.52  25.33  27.05  28.66  30.93   2714    1.0
m2_true[31]   20.05    0.07   2.81  14.47  18.09  20.23  22.08  25.15   1828    1.0
m2_true[32]   25.64    0.07   1.76  22.03  24.44  25.76  26.99  28.61    708   1.01
m2_true[33]   19.31    0.06   2.41  14.69  17.57  19.36  21.04  23.88   1573   1.01
m2_true[34]   35.04    0.19   3.04  28.48  33.19   35.3  37.13   40.6    264   1.02
m2_true[35]    20.1    0.03   1.23  17.74   19.2  20.11  21.04  22.33   1697   1.01
m2_true[36]   25.56    0.06   2.91  20.03  23.49  25.57  27.65  31.15   2040    1.0
m2_true[37]   27.87    0.09    3.3  21.88  25.54  27.66  30.11  34.48   1481   1.01
m2_true[38]   11.38    0.03   1.27   9.08  10.45   11.3  12.29  13.87   1928    1.0
m2_true[39]   12.74    0.03   1.31  10.53  11.77  12.61  13.57  15.56   1449   1.01
m2_true[40]   34.28    0.45   2.89  28.38   32.4  34.41  36.22  39.82     42   1.03
m2_true[41]   11.96    0.03   1.38   9.22   11.0  11.99  12.98  14.55   1613   1.01
m2_true[42]   17.95    0.04   1.55  14.84  16.88  18.03  19.09  20.73   1960   1.01
m2_true[43]    8.16    0.01   0.47   7.26   7.84   8.16   8.47   9.12   1645   1.01
m2_true[44]   33.79    0.17   3.36  26.44  31.69  34.07  36.11  39.78    398   1.02
m2_true[45]   28.67    0.19   2.77  23.37  26.67   28.7  30.66   33.9    216   1.02
m2_true[46]   18.31    0.05   2.15  14.23  16.71  18.26  19.93  22.31   2010   1.01
m2_true[47]    7.08    0.03   0.97   5.51   6.31   6.96   7.78   9.09   1086   1.01
m2_true[48]   10.09    0.03   0.88   8.69   9.51   9.99  10.52   12.5    930   1.01
m2_true[49]    29.2    0.09   2.02  25.38  27.75  29.16  30.65  33.06    550   1.01
m2_true[50]    7.46    0.02    0.7   6.14   6.96   7.46   7.95   8.84   2012   1.01
m2_true[51]    9.54    0.02   0.89   7.83   8.91   9.54  10.17  11.31   2050   1.01
m2_true[52]    16.8    0.03   1.59   13.4  15.75  16.92  17.94   19.6   4000   1.01
m2_true[53]   30.11    0.13   2.93  24.07  28.15  30.25   32.2  35.45    521   1.02
m2_true[54]   10.48    0.02   0.98   8.42   9.82  10.54  11.19   12.2   2899    1.0
m2_true[55]   28.92     0.1   3.41  22.39   26.5  28.87  31.19  35.54   1089   1.01
m2_true[56]    9.31    0.02   0.91   7.63   8.68   9.27   9.89  11.25   2242   1.01
m2_true[57]   23.76    0.07   2.39  19.07  22.06  23.88   25.6  27.98   1151   1.01
m2_true[58]   15.34    0.02   1.14  13.04  14.57   15.4  16.19  17.36   2221    1.0
m2_true[59]    26.3    0.05   2.87  20.66  24.27  26.35  28.26   31.9   4000   1.01
m2_true[60]   27.08    0.04   1.73   23.7  25.77  27.18   28.4  30.06   1889    1.0
z_true[0]      0.23  5.2e-3   0.06   0.13   0.19   0.23   0.27   0.36    118   1.02
z_true[1]      0.31  5.8e-3   0.07   0.19   0.26    0.3   0.35   0.47    147   1.02
z_true[2]      0.24  8.4e-3   0.05   0.16    0.2   0.23   0.27   0.34     31   1.03
z_true[3]      0.48    0.01   0.09   0.34   0.42   0.47   0.53   0.68     37   1.04
z_true[4]      0.42    0.01   0.07    0.3   0.37   0.41   0.47   0.58     26   1.04
z_true[5]      0.36    0.01   0.06   0.26   0.32   0.35    0.4    0.5     25   1.04
z_true[6]      0.28    0.01   0.07   0.17   0.23   0.27   0.32   0.47     49   1.03
z_true[7]      0.71  7.3e-3   0.13   0.48   0.62    0.7   0.79   1.01    325   1.03
z_true[8]      0.22  7.3e-3   0.04   0.15   0.19   0.22   0.25   0.32     36   1.04
z_true[9]      0.84    0.02   0.16   0.59   0.73   0.82   0.93   1.21     89   1.02
z_true[10]     0.69    0.02   0.12   0.49   0.61   0.68   0.77   0.95     27   1.04
z_true[11]     1.26    0.02    0.2   0.94   1.12   1.23   1.37   1.74    147   1.03
z_true[12]     0.54  4.9e-3   0.12   0.32   0.46   0.53   0.61    0.8    618   1.02
z_true[13]     0.52    0.01   0.09   0.37   0.46   0.51   0.58   0.74     41   1.03
z_true[14]     0.55    0.01   0.11   0.37   0.47   0.54   0.61   0.79     60   1.03
z_true[15]     0.31  7.7e-3   0.06    0.2   0.26    0.3   0.35   0.44     65   1.03
z_true[16]     0.49    0.01   0.11   0.29   0.41   0.48   0.56   0.72     63   1.02
z_true[17]      0.2  6.9e-3   0.03   0.15   0.18    0.2   0.22   0.28     22   1.05
z_true[18]     0.32  3.1e-3   0.07    0.2   0.27   0.32   0.37   0.48    547   1.02
z_true[19]     0.75    0.01   0.15   0.49   0.65   0.74   0.85   1.09    107   1.02
z_true[20]     0.71    0.02   0.12   0.51   0.63    0.7   0.78   0.97     28   1.04
z_true[21]     0.18  3.2e-3   0.04   0.11   0.15   0.17    0.2   0.27    166   1.02
z_true[22]     0.24  7.6e-3   0.04   0.17   0.21   0.24   0.27   0.34     33   1.04
z_true[23]     0.64    0.01   0.12   0.43   0.55   0.63   0.71   0.92    118   1.03
z_true[24]     0.55  5.9e-3   0.11   0.38   0.47   0.54   0.61    0.8    315   1.03
z_true[25]     0.21  5.6e-3   0.04   0.14   0.18   0.21   0.24   0.31     63   1.02
z_true[26]     0.25  2.8e-3   0.05   0.16   0.21   0.24   0.28   0.35    322   1.03
z_true[27]     0.21  9.9e-3   0.04   0.14   0.17    0.2   0.23    0.3     19   1.05
z_true[28]     0.35    0.01   0.08   0.22   0.29   0.34    0.4   0.53     55   1.02
z_true[29]     0.34  5.3e-3   0.09   0.19   0.28   0.33   0.38   0.54    264   1.02
z_true[30]      0.2  6.2e-3   0.04   0.13   0.17    0.2   0.23    0.3     45   1.03
z_true[31]     0.41    0.01    0.1   0.23   0.34    0.4   0.47   0.63     86   1.02
z_true[32]     0.29  9.6e-3   0.05   0.22   0.26   0.29   0.32   0.39     22   1.05
z_true[33]     0.53  8.9e-3   0.12   0.32   0.45   0.52    0.6   0.79    171   1.02
z_true[34]     0.59    0.02    0.1   0.42   0.52   0.58   0.65   0.81     25   1.04
z_true[35]     0.19  6.7e-3   0.03   0.14   0.17   0.18   0.21   0.26     22   1.05
z_true[36]     0.34  3.8e-3   0.09   0.19   0.28   0.33   0.39   0.51    491   1.02
z_true[37]     0.52    0.01   0.11   0.31   0.44   0.52    0.6   0.75     73   1.02
z_true[38]     0.29  8.3e-3   0.06   0.19   0.25   0.29   0.33   0.43     52   1.03
z_true[39]     0.19  2.5e-3   0.05   0.11   0.16   0.19   0.22   0.29    318   1.02
z_true[40]     0.83    0.03   0.12   0.61   0.74   0.81    0.9   1.09     22   1.05
z_true[41]      0.5  4.7e-3   0.11   0.32   0.42   0.48   0.56   0.77    569   1.02
z_true[42]     0.34    0.01   0.06   0.25    0.3   0.33   0.37   0.47     24   1.04
z_true[43]     0.16  5.4e-3   0.03   0.11   0.14   0.16   0.18   0.23     33   1.03
z_true[44]     0.88  8.9e-3   0.15   0.63   0.77   0.86   0.97   1.21    270   1.03
z_true[45]     0.61    0.02    0.1   0.44   0.54   0.61   0.68   0.84     26   1.04
z_true[46]     0.49    0.01   0.08   0.35   0.43   0.48   0.54   0.68     40   1.03
z_true[47]     0.33  8.8e-3   0.07   0.21   0.28   0.33   0.38   0.49     63   1.02
z_true[48]     0.17  6.0e-3   0.03   0.12   0.15   0.17   0.19   0.24     25   1.04
z_true[49]     0.37    0.01   0.05   0.29   0.33   0.36    0.4   0.49     18   1.06
z_true[50]     0.42  3.2e-3   0.09   0.27   0.36   0.42   0.48   0.62    805   1.02
z_true[51]     0.35  9.5e-3   0.08   0.23    0.3   0.34    0.4   0.54     67   1.03
z_true[52]     0.29  2.4e-3   0.07   0.17   0.24   0.28   0.33   0.45    872   1.01
z_true[53]     0.71  9.9e-3   0.13   0.49   0.62   0.69   0.79   0.99    169   1.02
z_true[54]     0.19  1.4e-3   0.05    0.1   0.16   0.19   0.23   0.31   1479   1.01
z_true[55]     0.96  9.2e-3   0.19   0.65   0.82   0.94   1.07   1.37    407   1.02
z_true[56]     0.39  6.0e-3   0.09   0.23   0.33   0.38   0.45   0.59    228   1.02
z_true[57]     0.43  6.7e-3   0.07   0.31   0.38   0.42   0.48   0.59    120   1.03
z_true[58]     0.18  6.2e-3   0.04   0.12   0.15   0.17    0.2   0.26     33   1.03
z_true[59]     0.49  5.5e-3   0.12    0.3   0.41   0.48   0.56   0.75    449   1.02
z_true[60]     0.16  5.7e-3   0.03   0.12   0.14   0.16   0.18   0.23     24   1.04
zinterp[0]      0.0     0.0    0.0    0.0    0.0    0.0    0.0    0.0   4000    nan
zinterp[1]   8.3e-3  3.2e-4 1.3e-3 6.5e-3 7.3e-3 8.1e-3 9.1e-3   0.01     16   1.07
zinterp[2]     0.02  6.3e-4 2.5e-3   0.01   0.01   0.02   0.02   0.02     16   1.07
zinterp[3]     0.02  9.4e-4 3.8e-3   0.02   0.02   0.02   0.03   0.03     16   1.07
zinterp[4]     0.03  1.2e-3 4.9e-3   0.03   0.03   0.03   0.04   0.04     16   1.07
zinterp[5]     0.04  1.5e-3 6.1e-3   0.03   0.04   0.04   0.04   0.06     16   1.07
zinterp[6]     0.05  1.8e-3 7.3e-3   0.04   0.04   0.05   0.05   0.07     16   1.07
zinterp[7]     0.06  2.1e-3 8.4e-3   0.04   0.05   0.05   0.06   0.08     16   1.06
zinterp[8]     0.06  2.4e-3 9.5e-3   0.05   0.06   0.06   0.07   0.09     16   1.06
zinterp[9]     0.07  2.6e-3   0.01   0.06   0.06   0.07   0.08    0.1     16   1.06
zinterp[10]    0.08  2.9e-3   0.01   0.06   0.07   0.08   0.09   0.11     16   1.06
zinterp[11]    0.09  3.2e-3   0.01   0.07   0.08   0.08   0.09   0.12     16   1.06
zinterp[12]    0.09  3.4e-3   0.01   0.07   0.08   0.09    0.1   0.13     16   1.06
zinterp[13]     0.1  3.7e-3   0.01   0.08   0.09    0.1   0.11   0.14     16   1.06
zinterp[14]    0.11  3.9e-3   0.02   0.09    0.1   0.11   0.12   0.15     16   1.06
zinterp[15]    0.12  4.2e-3   0.02   0.09    0.1   0.11   0.13   0.16     16   1.06
zinterp[16]    0.12  4.4e-3   0.02    0.1   0.11   0.12   0.13   0.16     16   1.06
zinterp[17]    0.13  4.6e-3   0.02    0.1   0.12   0.13   0.14   0.17     16   1.06
zinterp[18]    0.14  4.9e-3   0.02   0.11   0.12   0.13   0.15   0.18     16   1.06
zinterp[19]    0.14  5.1e-3   0.02   0.11   0.13   0.14   0.16   0.19     16   1.06
zinterp[20]    0.15  5.3e-3   0.02   0.12   0.13   0.15   0.16    0.2     16   1.06
zinterp[21]    0.16  5.5e-3   0.02   0.13   0.14   0.15   0.17   0.21     16   1.06
zinterp[22]    0.16  5.8e-3   0.02   0.13   0.15   0.16   0.18   0.22     16   1.06
zinterp[23]    0.17  6.0e-3   0.02   0.14   0.15   0.17   0.19   0.23     16   1.06
zinterp[24]    0.18  6.2e-3   0.02   0.14   0.16   0.17   0.19   0.24     16   1.06
zinterp[25]    0.18  6.4e-3   0.03   0.15   0.16   0.18    0.2   0.25     16   1.06
zinterp[26]    0.19  6.6e-3   0.03   0.15   0.17   0.19   0.21   0.25     16   1.06
zinterp[27]     0.2  6.8e-3   0.03   0.16   0.18   0.19   0.21   0.26     16   1.06
zinterp[28]     0.2  7.0e-3   0.03   0.16   0.18    0.2   0.22   0.27     16   1.06
zinterp[29]    0.21  7.3e-3   0.03   0.17   0.19   0.21   0.23   0.28     16   1.06
zinterp[30]    0.22  7.5e-3   0.03   0.17   0.19   0.21   0.23   0.29     16   1.06
zinterp[31]    0.22  7.7e-3   0.03   0.18    0.2   0.22   0.24    0.3     16   1.06
zinterp[32]    0.23  7.9e-3   0.03   0.18   0.21   0.22   0.25    0.3     16   1.06
zinterp[33]    0.24  8.1e-3   0.03   0.19   0.21   0.23   0.26   0.31     16   1.06
zinterp[34]    0.24  8.3e-3   0.03   0.19   0.22   0.24   0.26   0.32     16   1.06
zinterp[35]    0.25  8.5e-3   0.03    0.2   0.22   0.24   0.27   0.33     16   1.06
zinterp[36]    0.26  8.7e-3   0.03    0.2   0.23   0.25   0.28   0.34     16   1.06
zinterp[37]    0.26  8.8e-3   0.04   0.21   0.23   0.26   0.28   0.35     16   1.06
zinterp[38]    0.27  9.0e-3   0.04   0.21   0.24   0.26   0.29   0.35     16   1.06
zinterp[39]    0.27  9.2e-3   0.04   0.22   0.24   0.27    0.3   0.36     16   1.06
zinterp[40]    0.28  9.4e-3   0.04   0.22   0.25   0.27    0.3   0.37     16   1.06
zinterp[41]    0.29  9.6e-3   0.04   0.23   0.26   0.28   0.31   0.38     16   1.06
zinterp[42]    0.29  9.8e-3   0.04   0.23   0.26   0.29   0.32   0.39     16   1.06
zinterp[43]     0.3 10.0e-3   0.04   0.24   0.27   0.29   0.32   0.39     16   1.06
zinterp[44]     0.3    0.01   0.04   0.24   0.27    0.3   0.33    0.4     16   1.06
zinterp[45]    0.31    0.01   0.04   0.25   0.28    0.3   0.33   0.41     16   1.06
zinterp[46]    0.32    0.01   0.04   0.25   0.28   0.31   0.34   0.42     16   1.06
zinterp[47]    0.32    0.01   0.04   0.26   0.29   0.31   0.35   0.42     16   1.06
zinterp[48]    0.33    0.01   0.04   0.26   0.29   0.32   0.35   0.43     16   1.06
zinterp[49]    0.33    0.01   0.04   0.27    0.3   0.33   0.36   0.44     16   1.06
zinterp[50]    0.34    0.01   0.04   0.27    0.3   0.33   0.37   0.45     16   1.06
zinterp[51]    0.35    0.01   0.05   0.28   0.31   0.34   0.37   0.45     16   1.06
zinterp[52]    0.35    0.01   0.05   0.28   0.31   0.34   0.38   0.46     16   1.06
zinterp[53]    0.36    0.01   0.05   0.29   0.32   0.35   0.39   0.47     16   1.06
zinterp[54]    0.36    0.01   0.05   0.29   0.33   0.35   0.39   0.48     16   1.06
zinterp[55]    0.37    0.01   0.05    0.3   0.33   0.36    0.4   0.48     16   1.06
zinterp[56]    0.37    0.01   0.05    0.3   0.34   0.37    0.4   0.49     16   1.06
zinterp[57]    0.38    0.01   0.05   0.31   0.34   0.37   0.41    0.5     16   1.06
zinterp[58]    0.39    0.01   0.05   0.31   0.35   0.38   0.42   0.51     16   1.06
zinterp[59]    0.39    0.01   0.05   0.32   0.35   0.38   0.42   0.51     16   1.06
zinterp[60]     0.4    0.01   0.05   0.32   0.36   0.39   0.43   0.52     16   1.06
zinterp[61]     0.4    0.01   0.05   0.32   0.36   0.39   0.43   0.53     16   1.06
zinterp[62]    0.41    0.01   0.05   0.33   0.37    0.4   0.44   0.53     16   1.06
zinterp[63]    0.41    0.01   0.05   0.33   0.37    0.4   0.45   0.54     16   1.06
zinterp[64]    0.42    0.01   0.05   0.34   0.38   0.41   0.45   0.55     16   1.06
zinterp[65]    0.42    0.01   0.06   0.34   0.38   0.42   0.46   0.56     16   1.06
zinterp[66]    0.43    0.01   0.06   0.35   0.39   0.42   0.46   0.56     16   1.06
zinterp[67]    0.44    0.01   0.06   0.35   0.39   0.43   0.47   0.57     16   1.06
zinterp[68]    0.44    0.01   0.06   0.36    0.4   0.43   0.48   0.58     16   1.06
zinterp[69]    0.45    0.01   0.06   0.36    0.4   0.44   0.48   0.58     16   1.06
zinterp[70]    0.45    0.01   0.06   0.37   0.41   0.44   0.49   0.59     16   1.06
zinterp[71]    0.46    0.01   0.06   0.37   0.41   0.45   0.49    0.6     16   1.06
zinterp[72]    0.46    0.01   0.06   0.37   0.42   0.45    0.5    0.6     16   1.06
zinterp[73]    0.47    0.02   0.06   0.38   0.42   0.46    0.5   0.61     16   1.06
zinterp[74]    0.47    0.02   0.06   0.38   0.43   0.46   0.51   0.62     16   1.06
zinterp[75]    0.48    0.02   0.06   0.39   0.43   0.47   0.52   0.63     16   1.06
zinterp[76]    0.48    0.02   0.06   0.39   0.44   0.47   0.52   0.63     16   1.06
zinterp[77]    0.49    0.02   0.06    0.4   0.44   0.48   0.53   0.64     16   1.06
zinterp[78]    0.49    0.02   0.06    0.4   0.45   0.48   0.53   0.65     16   1.06
zinterp[79]     0.5    0.02   0.06   0.41   0.45   0.49   0.54   0.65     16   1.06
zinterp[80]     0.5    0.02   0.06   0.41   0.45   0.49   0.54   0.66     16   1.06
zinterp[81]    0.51    0.02   0.07   0.41   0.46    0.5   0.55   0.67     16   1.06
zinterp[82]    0.52    0.02   0.07   0.42   0.46   0.51   0.56   0.67     16   1.06
zinterp[83]    0.52    0.02   0.07   0.42   0.47   0.51   0.56   0.68     16   1.06
zinterp[84]    0.53    0.02   0.07   0.43   0.47   0.52   0.57   0.69     16   1.06
zinterp[85]    0.53    0.02   0.07   0.43   0.48   0.52   0.57   0.69     16   1.06
zinterp[86]    0.54    0.02   0.07   0.44   0.48   0.53   0.58    0.7     16   1.06
zinterp[87]    0.54    0.02   0.07   0.44   0.49   0.53   0.58   0.71     16   1.06
zinterp[88]    0.55    0.02   0.07   0.44   0.49   0.54   0.59   0.71     16   1.06
zinterp[89]    0.55    0.02   0.07   0.45    0.5   0.54   0.59   0.72     16   1.06
zinterp[90]    0.56    0.02   0.07   0.45    0.5   0.55    0.6   0.73     16   1.06
zinterp[91]    0.56    0.02   0.07   0.46   0.51   0.55   0.61   0.73     16   1.06
zinterp[92]    0.57    0.02   0.07   0.46   0.51   0.56   0.61   0.74     16   1.06
zinterp[93]    0.57    0.02   0.07   0.46   0.52   0.56   0.62   0.75     16   1.06
zinterp[94]    0.58    0.02   0.07   0.47   0.52   0.57   0.62   0.75     16   1.06
zinterp[95]    0.58    0.02   0.07   0.47   0.52   0.57   0.63   0.76     16   1.06
zinterp[96]    0.59    0.02   0.07   0.48   0.53   0.58   0.63   0.77     16   1.06
zinterp[97]    0.59    0.02   0.08   0.48   0.53   0.58   0.64   0.77     16   1.06
zinterp[98]     0.6    0.02   0.08   0.49   0.54   0.59   0.64   0.78     16   1.06
zinterp[99]     0.6    0.02   0.08   0.49   0.54   0.59   0.65   0.79     16   1.06
zinterp[100]   0.61    0.02   0.08   0.49   0.55    0.6   0.65   0.79     16   1.06
zinterp[101]   0.61    0.02   0.08    0.5   0.55    0.6   0.66    0.8     16   1.06
zinterp[102]   0.62    0.02   0.08    0.5   0.56   0.61   0.67    0.8     16   1.06
zinterp[103]   0.62    0.02   0.08   0.51   0.56   0.61   0.67   0.81     16   1.06
zinterp[104]   0.63    0.02   0.08   0.51   0.57   0.62   0.68   0.82     16   1.06
zinterp[105]   0.63    0.02   0.08   0.51   0.57   0.62   0.68   0.82     16   1.06
zinterp[106]   0.64    0.02   0.08   0.52   0.57   0.63   0.69   0.83     16   1.06
zinterp[107]   0.64    0.02   0.08   0.52   0.58   0.63   0.69   0.84     16   1.06
zinterp[108]   0.65    0.02   0.08   0.53   0.58   0.63    0.7   0.84     16   1.06
zinterp[109]   0.65    0.02   0.08   0.53   0.59   0.64    0.7   0.85     16   1.06
zinterp[110]   0.66    0.02   0.08   0.53   0.59   0.64   0.71   0.86     16   1.06
zinterp[111]   0.66    0.02   0.08   0.54    0.6   0.65   0.71   0.86     16   1.06
zinterp[112]   0.67    0.02   0.08   0.54    0.6   0.65   0.72   0.87     16   1.06
zinterp[113]   0.67    0.02   0.09   0.55   0.61   0.66   0.72   0.87     16   1.06
zinterp[114]   0.68    0.02   0.09   0.55   0.61   0.66   0.73   0.88     16   1.06
zinterp[115]   0.68    0.02   0.09   0.56   0.61   0.67   0.73   0.89     16   1.06
zinterp[116]   0.69    0.02   0.09   0.56   0.62   0.67   0.74   0.89     16   1.06
zinterp[117]   0.69    0.02   0.09   0.56   0.62   0.68   0.74    0.9     16   1.06
zinterp[118]    0.7    0.02   0.09   0.57   0.63   0.68   0.75   0.91     16   1.06
zinterp[119]    0.7    0.02   0.09   0.57   0.63   0.69   0.75   0.91     16   1.06
zinterp[120]   0.71    0.02   0.09   0.57   0.64   0.69   0.76   0.92     16   1.06
zinterp[121]   0.71    0.02   0.09   0.58   0.64    0.7   0.76   0.92     16   1.06
zinterp[122]   0.72    0.02   0.09   0.58   0.65    0.7   0.77   0.93     16   1.06
zinterp[123]   0.72    0.02   0.09   0.59   0.65   0.71   0.78   0.94     16   1.06
zinterp[124]   0.73    0.02   0.09   0.59   0.65   0.71   0.78   0.94     16   1.06
zinterp[125]   0.73    0.02   0.09   0.59   0.66   0.72   0.79   0.95     16   1.06
zinterp[126]   0.73    0.02   0.09    0.6   0.66   0.72   0.79   0.96     16   1.06
zinterp[127]   0.74    0.02   0.09    0.6   0.67   0.73    0.8   0.96     16   1.06
zinterp[128]   0.74    0.02   0.09   0.61   0.67   0.73    0.8   0.97     16   1.06
zinterp[129]   0.75    0.02   0.09   0.61   0.68   0.73   0.81   0.97     16   1.06
zinterp[130]   0.75    0.02    0.1   0.61   0.68   0.74   0.81   0.98     16   1.06
zinterp[131]   0.76    0.02    0.1   0.62   0.68   0.74   0.82   0.99     16   1.06
zinterp[132]   0.76    0.02    0.1   0.62   0.69   0.75   0.82   0.99     16   1.06
zinterp[133]   0.77    0.02    0.1   0.63   0.69   0.75   0.83    1.0     16   1.06
zinterp[134]   0.77    0.02    0.1   0.63    0.7   0.76   0.83    1.0     16   1.06
zinterp[135]   0.78    0.02    0.1   0.63    0.7   0.76   0.84   1.01     16   1.06
zinterp[136]   0.78    0.02    0.1   0.64   0.71   0.77   0.84   1.02     16   1.06
zinterp[137]   0.79    0.02    0.1   0.64   0.71   0.77   0.85   1.02     16   1.06
zinterp[138]   0.79    0.02    0.1   0.65   0.71   0.78   0.85   1.03     16   1.06
zinterp[139]    0.8    0.03    0.1   0.65   0.72   0.78   0.86   1.03     16   1.06
zinterp[140]    0.8    0.03    0.1   0.65   0.72   0.79   0.86   1.04     16   1.06
zinterp[141]   0.81    0.03    0.1   0.66   0.73   0.79   0.87   1.05     16   1.06
zinterp[142]   0.81    0.03    0.1   0.66   0.73   0.79   0.87   1.05     16   1.06
zinterp[143]   0.81    0.03    0.1   0.66   0.74    0.8   0.88   1.06     16   1.06
zinterp[144]   0.82    0.03    0.1   0.67   0.74    0.8   0.88   1.06     16   1.06
zinterp[145]   0.82    0.03    0.1   0.67   0.74   0.81   0.89   1.07     16   1.06
zinterp[146]   0.83    0.03    0.1   0.68   0.75   0.81   0.89   1.08     16   1.06
zinterp[147]   0.83    0.03    0.1   0.68   0.75   0.82    0.9   1.08     16   1.06
zinterp[148]   0.84    0.03   0.11   0.68   0.76   0.82    0.9   1.09     16   1.06
zinterp[149]   0.84    0.03   0.11   0.69   0.76   0.83   0.91   1.09     16   1.06
zinterp[150]   0.85    0.03   0.11   0.69   0.76   0.83   0.91    1.1     16   1.06
zinterp[151]   0.85    0.03   0.11   0.69   0.77   0.83   0.92   1.11     16   1.06
zinterp[152]   0.86    0.03   0.11    0.7   0.77   0.84   0.92   1.11     16   1.06
zinterp[153]   0.86    0.03   0.11    0.7   0.78   0.84   0.93   1.12     16   1.06
zinterp[154]   0.87    0.03   0.11   0.71   0.78   0.85   0.93   1.12     16   1.06
zinterp[155]   0.87    0.03   0.11   0.71   0.79   0.85   0.94   1.13     16   1.06
zinterp[156]   0.87    0.03   0.11   0.71   0.79   0.86   0.94   1.14     16   1.06
zinterp[157]   0.88    0.03   0.11   0.72   0.79   0.86   0.95   1.14     16   1.06
zinterp[158]   0.88    0.03   0.11   0.72    0.8   0.87   0.95   1.15     16   1.06
zinterp[159]   0.89    0.03   0.11   0.72    0.8   0.87   0.96   1.15     16   1.06
zinterp[160]   0.89    0.03   0.11   0.73   0.81   0.88   0.96   1.16     16   1.06
zinterp[161]    0.9    0.03   0.11   0.73   0.81   0.88   0.96   1.17     16   1.06
zinterp[162]    0.9    0.03   0.11   0.74   0.81   0.88   0.97   1.17     16   1.06
zinterp[163]   0.91    0.03   0.11   0.74   0.82   0.89   0.97   1.18     16   1.06
zinterp[164]   0.91    0.03   0.11   0.74   0.82   0.89   0.98   1.18     16   1.06
zinterp[165]   0.92    0.03   0.11   0.75   0.83    0.9   0.98   1.19     16   1.06
zinterp[166]   0.92    0.03   0.12   0.75   0.83    0.9   0.99   1.19     16   1.06
zinterp[167]   0.92    0.03   0.12   0.75   0.83   0.91   0.99    1.2     16   1.06
zinterp[168]   0.93    0.03   0.12   0.76   0.84   0.91    1.0   1.21     16   1.06
zinterp[169]   0.93    0.03   0.12   0.76   0.84   0.92    1.0   1.21     16   1.06
zinterp[170]   0.94    0.03   0.12   0.77   0.85   0.92   1.01   1.22     16   1.06
zinterp[171]   0.94    0.03   0.12   0.77   0.85   0.92   1.01   1.22     16   1.06
zinterp[172]   0.95    0.03   0.12   0.77   0.85   0.93   1.02   1.23     16   1.06
zinterp[173]   0.95    0.03   0.12   0.78   0.86   0.93   1.02   1.24     16   1.06
zinterp[174]   0.96    0.03   0.12   0.78   0.86   0.94   1.03   1.24     16   1.06
zinterp[175]   0.96    0.03   0.12   0.78   0.87   0.94   1.03   1.25     16   1.06
zinterp[176]   0.96    0.03   0.12   0.79   0.87   0.95   1.04   1.25     16   1.06
zinterp[177]   0.97    0.03   0.12   0.79   0.88   0.95   1.04   1.26     16   1.06
zinterp[178]   0.97    0.03   0.12   0.79   0.88   0.95   1.05   1.26     16   1.06
zinterp[179]   0.98    0.03   0.12    0.8   0.88   0.96   1.05   1.27     16   1.06
zinterp[180]   0.98    0.03   0.12    0.8   0.89   0.96   1.06   1.28     16   1.06
zinterp[181]   0.99    0.03   0.12   0.81   0.89   0.97   1.06   1.28     16   1.06
zinterp[182]   0.99    0.03   0.12   0.81    0.9   0.97   1.07   1.29     16   1.06
zinterp[183]    1.0    0.03   0.12   0.81    0.9   0.98   1.07   1.29     16   1.06
zinterp[184]    1.0    0.03   0.13   0.82    0.9   0.98   1.08    1.3     16   1.06
zinterp[185]    1.0    0.03   0.13   0.82   0.91   0.98   1.08    1.3     16   1.06
zinterp[186]   1.01    0.03   0.13   0.82   0.91   0.99   1.08   1.31     16   1.06
zinterp[187]   1.01    0.03   0.13   0.83   0.92   0.99   1.09   1.32     16   1.06
zinterp[188]   1.02    0.03   0.13   0.83   0.92    1.0   1.09   1.32     16   1.06
zinterp[189]   1.02    0.03   0.13   0.83   0.92    1.0    1.1   1.33     16   1.06
zinterp[190]   1.03    0.03   0.13   0.84   0.93   1.01    1.1   1.33     16   1.06
zinterp[191]   1.03    0.03   0.13   0.84   0.93   1.01   1.11   1.34     16   1.06
zinterp[192]   1.04    0.03   0.13   0.85   0.93   1.01   1.11   1.34     16   1.06
zinterp[193]   1.04    0.03   0.13   0.85   0.94   1.02   1.12   1.35     16   1.06
zinterp[194]   1.04    0.03   0.13   0.85   0.94   1.02   1.12   1.36     16   1.06
zinterp[195]   1.05    0.03   0.13   0.86   0.95   1.03   1.13   1.36     16   1.06
zinterp[196]   1.05    0.03   0.13   0.86   0.95   1.03   1.13   1.37     16   1.06
zinterp[197]   1.06    0.03   0.13   0.86   0.95   1.04   1.14   1.37     16   1.06
zinterp[198]   1.06    0.03   0.13   0.87   0.96   1.04   1.14   1.38     16   1.06
zinterp[199]   1.07    0.03   0.13   0.87   0.96   1.04   1.15   1.38     16   1.06
zinterp[200]   1.07    0.03   0.13   0.87   0.97   1.05   1.15   1.39     16   1.06
zinterp[201]   1.07    0.03   0.13   0.88   0.97   1.05   1.16   1.39     16   1.06
zinterp[202]   1.08    0.03   0.13   0.88   0.97   1.06   1.16    1.4     16   1.06
zinterp[203]   1.08    0.03   0.14   0.88   0.98   1.06   1.16   1.41     16   1.06
zinterp[204]   1.09    0.03   0.14   0.89   0.98   1.07   1.17   1.41     16   1.06
zinterp[205]   1.09    0.03   0.14   0.89   0.99   1.07   1.17   1.42     16   1.06
zinterp[206]    1.1    0.03   0.14    0.9   0.99   1.07   1.18   1.42     16   1.06
zinterp[207]    1.1    0.03   0.14    0.9   0.99   1.08   1.18   1.43     16   1.06
zinterp[208]    1.1    0.03   0.14    0.9    1.0   1.08   1.19   1.43     16   1.06
zinterp[209]   1.11    0.03   0.14   0.91    1.0   1.09   1.19   1.44     16   1.06
zinterp[210]   1.11    0.03   0.14   0.91   1.01   1.09    1.2   1.45     16   1.06
zinterp[211]   1.12    0.03   0.14   0.91   1.01    1.1    1.2   1.45     16   1.06
zinterp[212]   1.12    0.04   0.14   0.92   1.01    1.1   1.21   1.46     16   1.06
zinterp[213]   1.13    0.04   0.14   0.92   1.02    1.1   1.21   1.46     16   1.06
zinterp[214]   1.13    0.04   0.14   0.92   1.02   1.11   1.22   1.47     16   1.06
zinterp[215]   1.13    0.04   0.14   0.93   1.02   1.11   1.22   1.47     16   1.06
zinterp[216]   1.14    0.04   0.14   0.93   1.03   1.12   1.22   1.48     16   1.06
zinterp[217]   1.14    0.04   0.14   0.93   1.03   1.12   1.23   1.48     16   1.06
zinterp[218]   1.15    0.04   0.14   0.94   1.04   1.12   1.23   1.49     16   1.06
zinterp[219]   1.15    0.04   0.14   0.94   1.04   1.13   1.24    1.5     16   1.06
zinterp[220]   1.16    0.04   0.14   0.94   1.04   1.13   1.24    1.5     16   1.06
zinterp[221]   1.16    0.04   0.15   0.95   1.05   1.14   1.25   1.51     16   1.06
zinterp[222]   1.16    0.04   0.15   0.95   1.05   1.14   1.25   1.51     16   1.06
zinterp[223]   1.17    0.04   0.15   0.95   1.06   1.15   1.26   1.52     16   1.06
zinterp[224]   1.17    0.04   0.15   0.96   1.06   1.15   1.26   1.52     16   1.06
zinterp[225]   1.18    0.04   0.15   0.96   1.06   1.15   1.27   1.53     16   1.06
zinterp[226]   1.18    0.04   0.15   0.96   1.07   1.16   1.27   1.53     16   1.06
zinterp[227]   1.19    0.04   0.15   0.97   1.07   1.16   1.27   1.54     16   1.06
zinterp[228]   1.19    0.04   0.15   0.97   1.07   1.17   1.28   1.55     16   1.06
zinterp[229]   1.19    0.04   0.15   0.98   1.08   1.17   1.28   1.55     16   1.06
zinterp[230]    1.2    0.04   0.15   0.98   1.08   1.17   1.29   1.56     16   1.06
zinterp[231]    1.2    0.04   0.15   0.98   1.09   1.18   1.29   1.56     16   1.06
zinterp[232]   1.21    0.04   0.15   0.99   1.09   1.18    1.3   1.57     16   1.06
zinterp[233]   1.21    0.04   0.15   0.99   1.09   1.19    1.3   1.57     16   1.06
zinterp[234]   1.22    0.04   0.15   0.99    1.1   1.19   1.31   1.58     16   1.06
zinterp[235]   1.22    0.04   0.15    1.0    1.1    1.2   1.31   1.58     16   1.06
zinterp[236]   1.22    0.04   0.15    1.0   1.11    1.2   1.32   1.59     16   1.06
zinterp[237]   1.23    0.04   0.15    1.0   1.11    1.2   1.32   1.59     16   1.06
zinterp[238]   1.23    0.04   0.15   1.01   1.11   1.21   1.32    1.6     16   1.06
zinterp[239]   1.24    0.04   0.15   1.01   1.12   1.21   1.33   1.61     16   1.06
zinterp[240]   1.24    0.04   0.16   1.01   1.12   1.22   1.33   1.61     16   1.06
zinterp[241]   1.24    0.04   0.16   1.02   1.12   1.22   1.34   1.62     16   1.06
zinterp[242]   1.25    0.04   0.16   1.02   1.13   1.22   1.34   1.62     16   1.06
zinterp[243]   1.25    0.04   0.16   1.02   1.13   1.23   1.35   1.63     16   1.06
zinterp[244]   1.26    0.04   0.16   1.03   1.14   1.23   1.35   1.63     16   1.06
zinterp[245]   1.26    0.04   0.16   1.03   1.14   1.24   1.36   1.64     16   1.06
zinterp[246]   1.27    0.04   0.16   1.03   1.14   1.24   1.36   1.64     16   1.06
zinterp[247]   1.27    0.04   0.16   1.04   1.15   1.24   1.36   1.65     16   1.06
zinterp[248]   1.27    0.04   0.16   1.04   1.15   1.25   1.37   1.65     16   1.06
zinterp[249]   1.28    0.04   0.16   1.04   1.15   1.25   1.37   1.66     16   1.06
zinterp[250]   1.28    0.04   0.16   1.05   1.16   1.26   1.38   1.67     16   1.06
zinterp[251]   1.29    0.04   0.16   1.05   1.16   1.26   1.38   1.67     16   1.06
zinterp[252]   1.29    0.04   0.16   1.05   1.17   1.26   1.39   1.68     16   1.06
zinterp[253]   1.29    0.04   0.16   1.06   1.17   1.27   1.39   1.68     16   1.06
zinterp[254]    1.3    0.04   0.16   1.06   1.17   1.27    1.4   1.69     16   1.06
zinterp[255]    1.3    0.04   0.16   1.06   1.18   1.28    1.4   1.69     16   1.06
zinterp[256]   1.31    0.04   0.16   1.07   1.18   1.28   1.41    1.7     16   1.06
zinterp[257]   1.31    0.04   0.16   1.07   1.18   1.29   1.41    1.7     16   1.06
zinterp[258]   1.32    0.04   0.16   1.07   1.19   1.29   1.41   1.71     16   1.06
zinterp[259]   1.32    0.04   0.17   1.08   1.19   1.29   1.42   1.71     16   1.06
zinterp[260]   1.32    0.04   0.17   1.08    1.2    1.3   1.42   1.72     16   1.06
zinterp[261]   1.33    0.04   0.17   1.08    1.2    1.3   1.43   1.72     16   1.06
zinterp[262]   1.33    0.04   0.17   1.09    1.2   1.31   1.43   1.73     16   1.06
zinterp[263]   1.34    0.04   0.17   1.09   1.21   1.31   1.44   1.74     16   1.06
zinterp[264]   1.34    0.04   0.17   1.09   1.21   1.31   1.44   1.74     16   1.06
zinterp[265]   1.34    0.04   0.17    1.1   1.21   1.32   1.45   1.75     16   1.06
zinterp[266]   1.35    0.04   0.17    1.1   1.22   1.32   1.45   1.75     16   1.06
zinterp[267]   1.35    0.04   0.17    1.1   1.22   1.33   1.45   1.76     16   1.06
zinterp[268]   1.36    0.04   0.17   1.11   1.22   1.33   1.46   1.76     16   1.06
zinterp[269]   1.36    0.04   0.17   1.11   1.23   1.33   1.46   1.77     16   1.06
zinterp[270]   1.36    0.04   0.17   1.11   1.23   1.34   1.47   1.77     16   1.06
zinterp[271]   1.37    0.04   0.17   1.12   1.24   1.34   1.47   1.78     16   1.06
zinterp[272]   1.37    0.04   0.17   1.12   1.24   1.35   1.48   1.78     16   1.06
zinterp[273]   1.38    0.04   0.17   1.12   1.24   1.35   1.48   1.79     16   1.06
zinterp[274]   1.38    0.04   0.17   1.13   1.25   1.35   1.48   1.79     16   1.06
zinterp[275]   1.39    0.04   0.17   1.13   1.25   1.36   1.49    1.8     16   1.06
zinterp[276]   1.39    0.04   0.17   1.13   1.25   1.36   1.49   1.81     16   1.06
zinterp[277]   1.39    0.04   0.17   1.14   1.26   1.37    1.5   1.81     16   1.06
zinterp[278]    1.4    0.04   0.18   1.14   1.26   1.37    1.5   1.82     16   1.06
zinterp[279]    1.4    0.04   0.18   1.14   1.27   1.37   1.51   1.82     16   1.06
zinterp[280]   1.41    0.04   0.18   1.15   1.27   1.38   1.51   1.83     16   1.06
zinterp[281]   1.41    0.04   0.18   1.15   1.27   1.38   1.52   1.83     16   1.06
zinterp[282]   1.41    0.04   0.18   1.15   1.28   1.39   1.52   1.84     16   1.06
zinterp[283]   1.42    0.04   0.18   1.16   1.28   1.39   1.52   1.84     16   1.06
zinterp[284]   1.42    0.04   0.18   1.16   1.28   1.39   1.53   1.85     16   1.06
zinterp[285]   1.43    0.04   0.18   1.16   1.29    1.4   1.53   1.85     16   1.06
zinterp[286]   1.43    0.04   0.18   1.17   1.29    1.4   1.54   1.86     16   1.06
zinterp[287]   1.43    0.04   0.18   1.17   1.29   1.41   1.54   1.86     16   1.06
zinterp[288]   1.44    0.05   0.18   1.17    1.3   1.41   1.55   1.87     16   1.06
zinterp[289]   1.44    0.05   0.18   1.18    1.3   1.41   1.55   1.87     16   1.06
zinterp[290]   1.45    0.05   0.18   1.18   1.31   1.42   1.55   1.88     16   1.06
zinterp[291]   1.45    0.05   0.18   1.18   1.31   1.42   1.56   1.88     16   1.06
zinterp[292]   1.45    0.05   0.18   1.19   1.31   1.43   1.56   1.89     16   1.06
zinterp[293]   1.46    0.05   0.18   1.19   1.32   1.43   1.57    1.9     16   1.06
zinterp[294]   1.46    0.05   0.18   1.19   1.32   1.43   1.57    1.9     16   1.06
zinterp[295]   1.47    0.05   0.18    1.2   1.32   1.44   1.58   1.91     16   1.06
zinterp[296]   1.47    0.05   0.18    1.2   1.33   1.44   1.58   1.91     16   1.06
zinterp[297]   1.47    0.05   0.19    1.2   1.33   1.45   1.59   1.92     16   1.06
zinterp[298]   1.48    0.05   0.19   1.21   1.33   1.45   1.59   1.92     16   1.06
zinterp[299]   1.48    0.05   0.19   1.21   1.34   1.45   1.59   1.93     16   1.06
zinterp[300]   1.49    0.05   0.19   1.21   1.34   1.46    1.6   1.93     16   1.06
zinterp[301]   1.49    0.05   0.19   1.22   1.35   1.46    1.6   1.94     16   1.06
zinterp[302]   1.49    0.05   0.19   1.22   1.35   1.46   1.61   1.94     16   1.06
zinterp[303]    1.5    0.05   0.19   1.22   1.35   1.47   1.61   1.95     16   1.06
zinterp[304]    1.5    0.05   0.19   1.23   1.36   1.47   1.62   1.95     16   1.06
zinterp[305]   1.51    0.05   0.19   1.23   1.36   1.48   1.62   1.96     16   1.06
zinterp[306]   1.51    0.05   0.19   1.23   1.36   1.48   1.62   1.96     16   1.06
zinterp[307]   1.51    0.05   0.19   1.24   1.37   1.48   1.63   1.97     16   1.06
zinterp[308]   1.52    0.05   0.19   1.24   1.37   1.49   1.63   1.97     16   1.06
zinterp[309]   1.52    0.05   0.19   1.24   1.37   1.49   1.64   1.98     16   1.06
zinterp[310]   1.53    0.05   0.19   1.25   1.38    1.5   1.64   1.99     16   1.06
zinterp[311]   1.53    0.05   0.19   1.25   1.38    1.5   1.65   1.99     16   1.06
zinterp[312]   1.53    0.05   0.19   1.25   1.39    1.5   1.65    2.0     16   1.06
zinterp[313]   1.54    0.05   0.19   1.26   1.39   1.51   1.65    2.0     16   1.06
zinterp[314]   1.54    0.05   0.19   1.26   1.39   1.51   1.66   2.01     16   1.06
zinterp[315]   1.55    0.05   0.19   1.26    1.4   1.52   1.66   2.01     16   1.06
zinterp[316]   1.55    0.05   0.19   1.27    1.4   1.52   1.67   2.02     16   1.06
zinterp[317]   1.55    0.05    0.2   1.27    1.4   1.52   1.67   2.02     16   1.06
zinterp[318]   1.56    0.05    0.2   1.27   1.41   1.53   1.68   2.03     16   1.06
zinterp[319]   1.56    0.05    0.2   1.28   1.41   1.53   1.68   2.03     16   1.06
zinterp[320]   1.57    0.05    0.2   1.28   1.41   1.54   1.68   2.04     16   1.06
zinterp[321]   1.57    0.05    0.2   1.28   1.42   1.54   1.69   2.04     16   1.06
zinterp[322]   1.57    0.05    0.2   1.29   1.42   1.54   1.69   2.05     16   1.06
zinterp[323]   1.58    0.05    0.2   1.29   1.43   1.55    1.7   2.05     16   1.06
zinterp[324]   1.58    0.05    0.2   1.29   1.43   1.55    1.7   2.06     16   1.06
zinterp[325]   1.59    0.05    0.2    1.3   1.43   1.55   1.71   2.06     16   1.06
zinterp[326]   1.59    0.05    0.2    1.3   1.44   1.56   1.71   2.07     16   1.06
zinterp[327]   1.59    0.05    0.2    1.3   1.44   1.56   1.71   2.07     16   1.06
zinterp[328]    1.6    0.05    0.2    1.3   1.44   1.57   1.72   2.08     16   1.06
zinterp[329]    1.6    0.05    0.2   1.31   1.45   1.57   1.72   2.08     16   1.06
zinterp[330]   1.61    0.05    0.2   1.31   1.45   1.57   1.73   2.09     16   1.06
zinterp[331]   1.61    0.05    0.2   1.31   1.45   1.58   1.73   2.09     16   1.06
zinterp[332]   1.61    0.05    0.2   1.32   1.46   1.58   1.74    2.1     16   1.06
zinterp[333]   1.62    0.05    0.2   1.32   1.46   1.59   1.74    2.1     16   1.06
zinterp[334]   1.62    0.05    0.2   1.32   1.46   1.59   1.74   2.11     16   1.06
zinterp[335]   1.63    0.05    0.2   1.33   1.47   1.59   1.75   2.12     16   1.06
zinterp[336]   1.63    0.05   0.21   1.33   1.47    1.6   1.75   2.12     16   1.06
zinterp[337]   1.63    0.05   0.21   1.33   1.47    1.6   1.76   2.13     16   1.06
zinterp[338]   1.64    0.05   0.21   1.34   1.48   1.61   1.76   2.13     16   1.06
zinterp[339]   1.64    0.05   0.21   1.34   1.48   1.61   1.77   2.14     16   1.06
zinterp[340]   1.65    0.05   0.21   1.34   1.49   1.61   1.77   2.14     16   1.06
zinterp[341]   1.65    0.05   0.21   1.35   1.49   1.62   1.77   2.15     16   1.06
zinterp[342]   1.65    0.05   0.21   1.35   1.49   1.62   1.78   2.15     16   1.06
zinterp[343]   1.66    0.05   0.21   1.35    1.5   1.62   1.78   2.16     16   1.06
zinterp[344]   1.66    0.05   0.21   1.36    1.5   1.63   1.79   2.16     16   1.06
zinterp[345]   1.67    0.05   0.21   1.36    1.5   1.63   1.79   2.17     16   1.06
zinterp[346]   1.67    0.05   0.21   1.36   1.51   1.64    1.8   2.17     16   1.06
zinterp[347]   1.67    0.05   0.21   1.37   1.51   1.64    1.8   2.18     16   1.06
zinterp[348]   1.68    0.05   0.21   1.37   1.51   1.64    1.8   2.18     16   1.06
zinterp[349]   1.68    0.05   0.21   1.37   1.52   1.65   1.81   2.19     16   1.06
zinterp[350]   1.69    0.05   0.21   1.38   1.52   1.65   1.81   2.19     16   1.06
zinterp[351]   1.69    0.05   0.21   1.38   1.52   1.66   1.82    2.2     16   1.06
zinterp[352]   1.69    0.05   0.21   1.38   1.53   1.66   1.82    2.2     16   1.06
zinterp[353]    1.7    0.05   0.21   1.39   1.53   1.66   1.82   2.21     16   1.06
zinterp[354]    1.7    0.05   0.21   1.39   1.54   1.67   1.83   2.21     16   1.06
zinterp[355]    1.7    0.05   0.21   1.39   1.54   1.67   1.83   2.22     16   1.06
zinterp[356]   1.71    0.05   0.22   1.39   1.54   1.67   1.84   2.22     16   1.06
zinterp[357]   1.71    0.05   0.22    1.4   1.55   1.68   1.84   2.23     16   1.06
zinterp[358]   1.72    0.05   0.22    1.4   1.55   1.68   1.85   2.23     16   1.06
zinterp[359]   1.72    0.05   0.22    1.4   1.55   1.69   1.85   2.24     16   1.06
zinterp[360]   1.72    0.05   0.22   1.41   1.56   1.69   1.85   2.24     16   1.06
zinterp[361]   1.73    0.05   0.22   1.41   1.56   1.69   1.86   2.25     16   1.06
zinterp[362]   1.73    0.05   0.22   1.41   1.56    1.7   1.86   2.25     16   1.06
zinterp[363]   1.74    0.05   0.22   1.42   1.57    1.7   1.87   2.26     16   1.06
zinterp[364]   1.74    0.05   0.22   1.42   1.57   1.71   1.87   2.26     16   1.06
zinterp[365]   1.74    0.05   0.22   1.42   1.57   1.71   1.88   2.27     16   1.06
zinterp[366]   1.75    0.06   0.22   1.43   1.58   1.71   1.88   2.27     16   1.06
zinterp[367]   1.75    0.06   0.22   1.43   1.58   1.72   1.88   2.28     16   1.06
zinterp[368]   1.76    0.06   0.22   1.43   1.58   1.72   1.89   2.28     16   1.06
zinterp[369]   1.76    0.06   0.22   1.44   1.59   1.72   1.89   2.29     16   1.06
zinterp[370]   1.76    0.06   0.22   1.44   1.59   1.73    1.9    2.3     16   1.06
zinterp[371]   1.77    0.06   0.22   1.44   1.59   1.73    1.9    2.3     16   1.06
zinterp[372]   1.77    0.06   0.22   1.45    1.6   1.74    1.9   2.31     16   1.06
zinterp[373]   1.77    0.06   0.22   1.45    1.6   1.74   1.91   2.31     16   1.06
zinterp[374]   1.78    0.06   0.22   1.45   1.61   1.74   1.91   2.32     16   1.06
zinterp[375]   1.78    0.06   0.22   1.45   1.61   1.75   1.92   2.32     16   1.06
zinterp[376]   1.79    0.06   0.23   1.46   1.61   1.75   1.92   2.33     16   1.06
zinterp[377]   1.79    0.06   0.23   1.46   1.62   1.75   1.93   2.33     16   1.06
zinterp[378]   1.79    0.06   0.23   1.46   1.62   1.76   1.93   2.34     16   1.06
zinterp[379]    1.8    0.06   0.23   1.47   1.62   1.76   1.93   2.34     16   1.06
zinterp[380]    1.8    0.06   0.23   1.47   1.63   1.77   1.94   2.35     16   1.06
zinterp[381]   1.81    0.06   0.23   1.47   1.63   1.77   1.94   2.35     16   1.06
zinterp[382]   1.81    0.06   0.23   1.48   1.63   1.77   1.95   2.36     16   1.06
zinterp[383]   1.81    0.06   0.23   1.48   1.64   1.78   1.95   2.36     16   1.06
zinterp[384]   1.82    0.06   0.23   1.48   1.64   1.78   1.95   2.37     16   1.06
zinterp[385]   1.82    0.06   0.23   1.49   1.64   1.78   1.96   2.37     16   1.06
zinterp[386]   1.83    0.06   0.23   1.49   1.65   1.79   1.96   2.38     16   1.06
zinterp[387]   1.83    0.06   0.23   1.49   1.65   1.79   1.97   2.38     16   1.06
zinterp[388]   1.83    0.06   0.23    1.5   1.65    1.8   1.97   2.39     16   1.06
zinterp[389]   1.84    0.06   0.23    1.5   1.66    1.8   1.98   2.39     16   1.06
zinterp[390]   1.84    0.06   0.23    1.5   1.66    1.8   1.98    2.4     16   1.06
zinterp[391]   1.84    0.06   0.23    1.5   1.66   1.81   1.98    2.4     16   1.06
zinterp[392]   1.85    0.06   0.23   1.51   1.67   1.81   1.99   2.41     16   1.06
zinterp[393]   1.85    0.06   0.23   1.51   1.67   1.82   1.99   2.41     16   1.06
zinterp[394]   1.86    0.06   0.23   1.51   1.67   1.82    2.0   2.42     16   1.06
zinterp[395]   1.86    0.06   0.23   1.52   1.68   1.82    2.0   2.42     16   1.06
zinterp[396]   1.86    0.06   0.24   1.52   1.68   1.83    2.0   2.43     16   1.06
zinterp[397]   1.87    0.06   0.24   1.52   1.69   1.83   2.01   2.43     16   1.06
zinterp[398]   1.87    0.06   0.24   1.53   1.69   1.83   2.01   2.44     16   1.06
zinterp[399]   1.88    0.06   0.24   1.53   1.69   1.84   2.02   2.44     16   1.06
zinterp[400]   1.88    0.06   0.24   1.53    1.7   1.84   2.02   2.45     16   1.06
zinterp[401]   1.88    0.06   0.24   1.54    1.7   1.85   2.03   2.45     16   1.06
zinterp[402]   1.89    0.06   0.24   1.54    1.7   1.85   2.03   2.46     16   1.06
zinterp[403]   1.89    0.06   0.24   1.54   1.71   1.85   2.03   2.46     16   1.06
zinterp[404]   1.89    0.06   0.24   1.55   1.71   1.86   2.04   2.47     16   1.06
zinterp[405]    1.9    0.06   0.24   1.55   1.71   1.86   2.04   2.47     16   1.06
zinterp[406]    1.9    0.06   0.24   1.55   1.72   1.86   2.05   2.48     16   1.06
zinterp[407]   1.91    0.06   0.24   1.55   1.72   1.87   2.05   2.48     16   1.06
zinterp[408]   1.91    0.06   0.24   1.56   1.72   1.87   2.05   2.49     16   1.06
zinterp[409]   1.91    0.06   0.24   1.56   1.73   1.88   2.06   2.49     16   1.06
zinterp[410]   1.92    0.06   0.24   1.56   1.73   1.88   2.06    2.5     16   1.06
zinterp[411]   1.92    0.06   0.24   1.57   1.73   1.88   2.07    2.5     16   1.06
zinterp[412]   1.93    0.06   0.24   1.57   1.74   1.89   2.07   2.51     16   1.06
zinterp[413]   1.93    0.06   0.24   1.57   1.74   1.89   2.07   2.51     16   1.06
zinterp[414]   1.93    0.06   0.24   1.58   1.74   1.89   2.08   2.52     16   1.06
zinterp[415]   1.94    0.06   0.24   1.58   1.75    1.9   2.08   2.52     16   1.06
zinterp[416]   1.94    0.06   0.25   1.58   1.75    1.9   2.09   2.53     16   1.06
zinterp[417]   1.94    0.06   0.25   1.59   1.75   1.91   2.09   2.53     16   1.06
zinterp[418]   1.95    0.06   0.25   1.59   1.76   1.91    2.1   2.54     16   1.06
zinterp[419]   1.95    0.06   0.25   1.59   1.76   1.91    2.1   2.54     16   1.06
zinterp[420]   1.96    0.06   0.25   1.59   1.76   1.92    2.1   2.55     16   1.06
zinterp[421]   1.96    0.06   0.25    1.6   1.77   1.92   2.11   2.55     16   1.06
zinterp[422]   1.96    0.06   0.25    1.6   1.77   1.92   2.11   2.56     16   1.06
zinterp[423]   1.97    0.06   0.25    1.6   1.77   1.93   2.12   2.56     16   1.06
zinterp[424]   1.97    0.06   0.25   1.61   1.78   1.93   2.12   2.57     16   1.06
zinterp[425]   1.97    0.06   0.25   1.61   1.78   1.93   2.12   2.57     16   1.06
zinterp[426]   1.98    0.06   0.25   1.61   1.78   1.94   2.13   2.58     16   1.06
zinterp[427]   1.98    0.06   0.25   1.62   1.79   1.94   2.13   2.58     16   1.06
zinterp[428]   1.99    0.06   0.25   1.62   1.79   1.95   2.14   2.59     16   1.06
zinterp[429]   1.99    0.06   0.25   1.62    1.8   1.95   2.14   2.59     16   1.06
zinterp[430]   1.99    0.06   0.25   1.63    1.8   1.95   2.14    2.6     16   1.06
zinterp[431]    2.0    0.06   0.25   1.63    1.8   1.96   2.15    2.6     16   1.06
zinterp[432]    2.0    0.06   0.25   1.63   1.81   1.96   2.15   2.61     16   1.06
zinterp[433]   2.01    0.06   0.25   1.63   1.81   1.96   2.16   2.61     16   1.06
zinterp[434]   2.01    0.06   0.25   1.64   1.81   1.97   2.16   2.62     16   1.06
zinterp[435]   2.01    0.06   0.25   1.64   1.82   1.97   2.17   2.62     16   1.06
zinterp[436]   2.02    0.06   0.26   1.64   1.82   1.98   2.17   2.63     16   1.06
zinterp[437]   2.02    0.06   0.26   1.65   1.82   1.98   2.17   2.63     16   1.06
zinterp[438]   2.02    0.06   0.26   1.65   1.83   1.98   2.18   2.64     16   1.06
zinterp[439]   2.03    0.06   0.26   1.65   1.83   1.99   2.18   2.64     16   1.06
zinterp[440]   2.03    0.06   0.26   1.66   1.83   1.99   2.19   2.65     16   1.06
zinterp[441]   2.04    0.06   0.26   1.66   1.84   1.99   2.19   2.65     16   1.06
zinterp[442]   2.04    0.06   0.26   1.66   1.84    2.0   2.19   2.66     16   1.06
zinterp[443]   2.04    0.06   0.26   1.67   1.84    2.0    2.2   2.66     16   1.06
zinterp[444]   2.05    0.06   0.26   1.67   1.85   2.01    2.2   2.67     16   1.06
zinterp[445]   2.05    0.06   0.26   1.67   1.85   2.01   2.21   2.67     16   1.06
zinterp[446]   2.05    0.07   0.26   1.67   1.85   2.01   2.21   2.68     16   1.06
zinterp[447]   2.06    0.07   0.26   1.68   1.86   2.02   2.21   2.68     16   1.06
zinterp[448]   2.06    0.07   0.26   1.68   1.86   2.02   2.22   2.69     16   1.06
zinterp[449]   2.07    0.07   0.26   1.68   1.86   2.02   2.22   2.69     16   1.06
zinterp[450]   2.07    0.07   0.26   1.69   1.87   2.03   2.23    2.7     16   1.06
zinterp[451]   2.07    0.07   0.26   1.69   1.87   2.03   2.23    2.7     16   1.06
zinterp[452]   2.08    0.07   0.26   1.69   1.87   2.03   2.23   2.71     16   1.06
zinterp[453]   2.08    0.07   0.26    1.7   1.88   2.04   2.24   2.71     16   1.06
zinterp[454]   2.08    0.07   0.26    1.7   1.88   2.04   2.24   2.72     16   1.06
zinterp[455]   2.09    0.07   0.26    1.7   1.88   2.05   2.25   2.72     16   1.06
zinterp[456]   2.09    0.07   0.27   1.71   1.89   2.05   2.25   2.73     16   1.06
zinterp[457]    2.1    0.07   0.27   1.71   1.89   2.05   2.25   2.73     16   1.06
zinterp[458]    2.1    0.07   0.27   1.71   1.89   2.06   2.26   2.74     16   1.06
zinterp[459]    2.1    0.07   0.27   1.71    1.9   2.06   2.26   2.74     16   1.06
zinterp[460]   2.11    0.07   0.27   1.72    1.9   2.06   2.27   2.75     16   1.06
zinterp[461]   2.11    0.07   0.27   1.72    1.9   2.07   2.27   2.75     16   1.06
zinterp[462]   2.11    0.07   0.27   1.72   1.91   2.07   2.27   2.76     16   1.06
zinterp[463]   2.12    0.07   0.27   1.73   1.91   2.08   2.28   2.76     16   1.06
zinterp[464]   2.12    0.07   0.27   1.73   1.91   2.08   2.28   2.77     16   1.06
zinterp[465]   2.13    0.07   0.27   1.73   1.92   2.08   2.29   2.77     16   1.06
zinterp[466]   2.13    0.07   0.27   1.74   1.92   2.09   2.29   2.78     16   1.06
zinterp[467]   2.13    0.07   0.27   1.74   1.92   2.09    2.3   2.78     16   1.06
zinterp[468]   2.14    0.07   0.27   1.74   1.93   2.09    2.3   2.79     16   1.06
zinterp[469]   2.14    0.07   0.27   1.74   1.93    2.1    2.3   2.79     16   1.06
zinterp[470]   2.14    0.07   0.27   1.75   1.93    2.1   2.31    2.8     16   1.06
zinterp[471]   2.15    0.07   0.27   1.75   1.94    2.1   2.31    2.8     16   1.06
zinterp[472]   2.15    0.07   0.27   1.75   1.94   2.11   2.32   2.81     16   1.06
zinterp[473]   2.16    0.07   0.27   1.76   1.94   2.11   2.32   2.81     16   1.06
zinterp[474]   2.16    0.07   0.27   1.76   1.95   2.12   2.32   2.82     16   1.06
zinterp[475]   2.16    0.07   0.27   1.76   1.95   2.12   2.33   2.82     16   1.06
zinterp[476]   2.17    0.07   0.28   1.77   1.95   2.12   2.33   2.83     16   1.06
zinterp[477]   2.17    0.07   0.28   1.77   1.96   2.13   2.34   2.83     16   1.06
zinterp[478]   2.17    0.07   0.28   1.77   1.96   2.13   2.34   2.84     16   1.06
zinterp[479]   2.18    0.07   0.28   1.78   1.96   2.13   2.34   2.84     16   1.06
zinterp[480]   2.18    0.07   0.28   1.78   1.97   2.14   2.35   2.85     16   1.06
zinterp[481]   2.19    0.07   0.28   1.78   1.97   2.14   2.35   2.85     16   1.06
zinterp[482]   2.19    0.07   0.28   1.78   1.97   2.15   2.36   2.86     16   1.06
zinterp[483]   2.19    0.07   0.28   1.79   1.98   2.15   2.36   2.86     16   1.06
zinterp[484]    2.2    0.07   0.28   1.79   1.98   2.15   2.36   2.87     16   1.06
zinterp[485]    2.2    0.07   0.28   1.79   1.98   2.16   2.37   2.87     16   1.06
zinterp[486]    2.2    0.07   0.28    1.8   1.99   2.16   2.37   2.88     16   1.06
zinterp[487]   2.21    0.07   0.28    1.8   1.99   2.16   2.38   2.88     16   1.06
zinterp[488]   2.21    0.07   0.28    1.8   1.99   2.17   2.38   2.89     16   1.06
zinterp[489]   2.22    0.07   0.28   1.81    2.0   2.17   2.38   2.89     16   1.06
zinterp[490]   2.22    0.07   0.28   1.81    2.0   2.17   2.39    2.9     16   1.06
zinterp[491]   2.22    0.07   0.28   1.81    2.0   2.18   2.39    2.9     16   1.06
zinterp[492]   2.23    0.07   0.28   1.81   2.01   2.18    2.4   2.91     16   1.06
zinterp[493]   2.23    0.07   0.28   1.82   2.01   2.19    2.4   2.91     16   1.06
zinterp[494]   2.23    0.07   0.28   1.82   2.01   2.19    2.4   2.91     16   1.06
zinterp[495]   2.24    0.07   0.28   1.82   2.02   2.19   2.41   2.92     16   1.06
zinterp[496]   2.24    0.07   0.29   1.83   2.02    2.2   2.41   2.92     16   1.06
zinterp[497]   2.25    0.07   0.29   1.83   2.02    2.2   2.42   2.93     16   1.06
zinterp[498]   2.25    0.07   0.29   1.83   2.03    2.2   2.42   2.93     16   1.06
zinterp[499]   2.25    0.07   0.29   1.84   2.03   2.21   2.42   2.94     16   1.06
lp__         -56.84    2.52  12.36 -82.38 -65.15 -56.57 -48.37 -33.81     24   1.06

Samples were drawn using NUTS at Wed Sep 12 18:10:57 2018.
For each parameter, n_eff is a crude measure of effective sample size,
and Rhat is the potential scale reduction factor on split chains (at 
convergence, Rhat=1).
