Called with the following command line:
/cm/local/apps/slurm/var/spool/job106972/slurm_script --samp 16 --nsel 1024 --sampfile parameters_small.h5 --chainfile population_small_16.h5 --tracefile traceplot_small_16.pdf

Gradient evaluation took 0.01 seconds
1000 transitions using 10 leapfrog steps per transition would take 100 seconds.
Adjust your expectations accordingly!



Gradient evaluation took 0.01 seconds
1000 transitions using 10 leapfrog steps per transition would take 100 seconds.
Adjust your expectations accordingly!



Gradient evaluation took 0.01 seconds
1000 transitions using 10 leapfrog steps per transition would take 100 seconds.
Adjust your expectations accordingly!



Gradient evaluation took 0 seconds
1000 transitions using 10 leapfrog steps per transition would take 0 seconds.
Adjust your expectations accordingly!


Iteration:    1 / 2000 [  0%]  (Warmup)
Iteration:    1 / 2000 [  0%]  (Warmup)
Iteration:    1 / 2000 [  0%]  (Warmup)
Iteration:    1 / 2000 [  0%]  (Warmup)
Iteration:  200 / 2000 [ 10%]  (Warmup)
Iteration:  200 / 2000 [ 10%]  (Warmup)
Iteration:  200 / 2000 [ 10%]  (Warmup)
Iteration:  200 / 2000 [ 10%]  (Warmup)
Iteration:  400 / 2000 [ 20%]  (Warmup)
Iteration:  400 / 2000 [ 20%]  (Warmup)
Iteration:  400 / 2000 [ 20%]  (Warmup)
Iteration:  400 / 2000 [ 20%]  (Warmup)
Iteration:  600 / 2000 [ 30%]  (Warmup)
Iteration:  600 / 2000 [ 30%]  (Warmup)
Iteration:  600 / 2000 [ 30%]  (Warmup)
Iteration:  600 / 2000 [ 30%]  (Warmup)
Iteration:  800 / 2000 [ 40%]  (Warmup)
Iteration:  800 / 2000 [ 40%]  (Warmup)
Iteration:  800 / 2000 [ 40%]  (Warmup)
Iteration:  800 / 2000 [ 40%]  (Warmup)
Iteration: 1000 / 2000 [ 50%]  (Warmup)
Iteration: 1001 / 2000 [ 50%]  (Sampling)
Iteration: 1000 / 2000 [ 50%]  (Warmup)
Iteration: 1001 / 2000 [ 50%]  (Sampling)
Iteration: 1000 / 2000 [ 50%]  (Warmup)
Iteration: 1001 / 2000 [ 50%]  (Sampling)
Iteration: 1000 / 2000 [ 50%]  (Warmup)
Iteration: 1001 / 2000 [ 50%]  (Sampling)
Iteration: 1200 / 2000 [ 60%]  (Sampling)
Iteration: 1200 / 2000 [ 60%]  (Sampling)
Iteration: 1200 / 2000 [ 60%]  (Sampling)
Iteration: 1200 / 2000 [ 60%]  (Sampling)
Iteration: 1400 / 2000 [ 70%]  (Sampling)
Iteration: 1400 / 2000 [ 70%]  (Sampling)
Iteration: 1400 / 2000 [ 70%]  (Sampling)
Iteration: 1600 / 2000 [ 80%]  (Sampling)
Iteration: 1400 / 2000 [ 70%]  (Sampling)
Iteration: 1600 / 2000 [ 80%]  (Sampling)
Iteration: 1600 / 2000 [ 80%]  (Sampling)
Iteration: 1800 / 2000 [ 90%]  (Sampling)
Iteration: 1800 / 2000 [ 90%]  (Sampling)
Iteration: 1600 / 2000 [ 80%]  (Sampling)
Iteration: 2000 / 2000 [100%]  (Sampling)

 Elapsed Time: 1340.62 seconds (Warm-up)
               1257.31 seconds (Sampling)
               2597.93 seconds (Total)

Iteration: 1800 / 2000 [ 90%]  (Sampling)
Iteration: 2000 / 2000 [100%]  (Sampling)

 Elapsed Time: 1350.89 seconds (Warm-up)
               1317.05 seconds (Sampling)
               2667.94 seconds (Total)

Iteration: 1800 / 2000 [ 90%]  (Sampling)
Iteration: 2000 / 2000 [100%]  (Sampling)

 Elapsed Time: 1374.51 seconds (Warm-up)
               1583.71 seconds (Sampling)
               2958.22 seconds (Total)

Iteration: 2000 / 2000 [100%]  (Sampling)

 Elapsed Time: 1436.15 seconds (Warm-up)
               1656.87 seconds (Sampling)
               3093.02 seconds (Total)

Inference for Stan model: anon_model_9097211e8e0670c13bd97491eb0df94b.
4 chains, each with iter=2000; warmup=1000; thin=1; 
post-warmup draws per chain=1000, total post-warmup draws=4000.

                mean se_mean     sd   2.5%    25%    50%    75%  97.5%  n_eff   Rhat
H0             78.68    0.67  13.88  53.18  66.88  80.09  91.34   99.2    430   1.01
R0            267.14    2.45 107.23 115.12  190.6 247.01 322.26 527.98   1908    1.0
alpha           0.99    0.02   0.48-1.1e-3   0.66   1.02   1.34   1.86    576    1.0
beta           -0.27    0.01    0.5  -1.25  -0.61  -0.27   0.07   0.74   1303    1.0
gamma           1.27    0.01   0.89  -0.49   0.69   1.27   1.86   2.98   4000    1.0
MMin            4.86    0.07   0.95   3.17    4.1   4.86   5.72   6.43    192   1.01
MMax           39.54    0.22   3.67  35.06  36.25  38.71  42.76  46.52    267   1.01
m1_true[0]      19.1    0.05   2.66  15.01   17.1  18.64   20.8  25.09   2505    1.0
m1_true[1]     25.59    0.08   4.12  19.18  22.37  24.97  28.29  34.31   2556    1.0
m1_true[2]     11.94    0.02   1.05   9.85  11.26  11.94   12.6   14.1   2083    1.0
m1_true[3]     36.33    0.17   3.49   30.4  33.86  35.78  38.69  43.63    438   1.01
m1_true[4]     24.08    0.09   2.64  17.76  22.55  24.27  25.85  28.67    932    1.0
m1_true[5]     31.88    0.08   3.01  26.78  29.68  31.56  33.82  38.57   1322    1.0
m1_true[6]     16.38    0.04   2.26  12.28  14.82  16.28  17.83  21.19   3475    1.0
m1_true[7]     32.16    0.12    4.1  24.77  29.15  32.02  34.81  41.04   1110    1.0
m1_true[8]     17.11    0.04   1.91   13.9  15.75  16.92  18.25  21.41   1827    1.0
m1_true[9]     28.29     0.1   2.93  22.92  26.25   28.2  30.26  34.12    866    1.0
m1_true[10]    36.23    0.16   3.47  30.55  33.76  35.63  38.56  43.62    459   1.01
m1_true[11]    36.76    0.19   3.79   30.5  33.93  36.03   39.7  44.47    394   1.01
m1_true[12]    26.46    0.07    2.5  22.08  24.66  26.32  28.05  31.71   1240    1.0
m1_true[13]    30.09    0.09   3.48   24.0  27.59  29.92  32.33  37.48   1398    1.0
m1_true[14]    33.91    0.13   3.68  27.64  31.31  33.64  35.99  42.01    777    1.0
m1_true[15]    29.38    0.07   3.44   23.6  26.81  29.04  31.77  36.39   2514    1.0
m1_true[16]    30.99     0.1   3.29  25.39  28.58  30.76  33.08  38.13   1201    1.0
m1_true[17]    30.99    0.05    1.6  28.17  29.84  30.91   32.0  34.49   1015    1.0
m1_true[18]    34.83    0.17   4.43  25.55  32.45  35.06  37.82  42.78    666   1.01
m1_true[19]    28.46     0.1    3.2  22.79  26.04   28.4  30.63  34.82   1110    1.0
m1_true[20]    37.15    0.18   3.47  31.67  34.53  36.36  39.79  44.42    387   1.01
m1_true[21]    16.25    0.02   1.17  14.24   15.4  16.18  17.02  18.73   4000    1.0
m1_true[22]    31.61    0.06   2.52  27.46  29.74  31.34  33.26  37.12   1758    1.0
m1_true[23]    18.76    0.06   2.23   15.3  17.18  18.46  19.99   24.2   1505    1.0
m1_true[24]    23.17    0.06   1.95  19.77  21.73  23.01  24.46  27.26    969    1.0
m1_true[25]    12.47    0.03   1.81   9.81  11.07  12.13  13.61  16.58   2671    1.0
m1_true[26]    15.07    0.03   1.73  12.27  13.81  14.87  16.14  18.96   2554    1.0
m1_true[27]     6.67    0.01   0.67   5.71   6.21   6.55   6.99   8.35   4000    1.0
m1_true[28]    16.23    0.05   1.95  13.31  14.86  15.92  17.29  21.05   1749    1.0
m1_true[29]    25.33    0.09    4.5  18.09  21.86  24.78  28.42  35.13   2508    1.0
m1_true[30]    33.41     0.1   3.21  28.54  31.08  32.96   35.2  41.21   1041    1.0
m1_true[31]    28.12    0.09   4.46  20.98  24.64  27.59  31.31  37.32   2347    1.0
m1_true[32]    30.66    0.07   2.79   25.9  28.57  30.47   32.5  36.54   1593    1.0
m1_true[33]    26.67     0.1   3.74  20.73  23.96  26.24  28.86  35.24   1487    1.0
m1_true[34]    37.31    0.18   3.47  32.05  34.63  36.43   39.9  44.67    360   1.01
m1_true[35]    23.04    0.03   1.23  20.84  22.15  22.98  23.89  25.46   1288    1.0
m1_true[36]    33.08    0.11   3.91  26.49  30.19  32.84  35.57  41.57   1267    1.0
m1_true[37]     35.7    0.19    4.1  28.17  32.87  35.27  38.61  44.08    476   1.01
m1_true[38]    18.21    0.04   2.33  14.27  16.57  17.95  19.66  23.37   2768    1.0
m1_true[39]     23.2    0.07   3.52   16.9  20.55  23.24  25.69  30.11   2357    1.0
m1_true[40]    36.95    0.16   3.34  31.67  34.44  36.19  39.44  44.01    420   1.01
m1_true[41]    15.87    0.05   2.03   12.3   14.4  15.75  17.31  19.94   1658    1.0
m1_true[42]    22.62    0.06   2.22  19.23  20.99  22.27  23.93  27.84   1519    1.0
m1_true[43]    21.63    0.03   1.67  18.84  20.43  21.47  22.66  25.38   4000    1.0
m1_true[44]    36.35    0.17   3.68  30.17  33.73  35.71  38.82  44.03    469   1.01
m1_true[45]    33.77    0.12   3.54  27.97  31.22  33.48  35.81  42.18    819    1.0
m1_true[46]    25.69    0.07   3.17  20.39  23.31  25.44  27.76  32.62   2316    1.0
m1_true[47]    12.37    0.06   2.17   8.64  10.65  12.36  13.92  16.64   1429    1.0
m1_true[48]    18.34    0.02   1.47  15.71  17.25  18.23  19.35  21.34   4000    1.0
m1_true[49]    34.77    0.13   3.26  29.49  32.41  34.37  36.55  42.11    656    1.0
m1_true[50]     32.0     0.1   3.69  25.48  29.33  31.84  34.45  40.04   1498    1.0
m1_true[51]    30.56    0.08    3.4  24.62  28.19   30.2  32.73  38.05   1609    1.0
m1_true[52]     21.5    0.04   1.84  18.14   20.2   21.4  22.73  25.27   2229    1.0
m1_true[53]    33.55    0.12   3.41  27.54  31.16  33.38  35.69  40.75    786    1.0
m1_true[54]    13.78    0.02   1.15  11.48  13.01  13.81  14.53  16.04   2452    1.0
m1_true[55]    32.24    0.15   4.48  24.42  28.95  32.14  35.14  41.57    915    1.0
m1_true[56]    33.23    0.11   3.56  26.81   30.7  33.09  35.43   41.0   1038    1.0
m1_true[57]    30.05    0.08   3.25   24.9  27.61  29.55  32.18  37.04   1559    1.0
m1_true[58]    19.43    0.03   1.61  16.76  18.29  19.28  20.39  23.12   3166    1.0
m1_true[59]    34.69    0.12   3.27  29.06  32.47  34.39  36.52  42.16    742    1.0
m1_true[60]    32.92    0.07   2.75  28.68  30.83  32.53  34.72  38.93   1596    1.0
m2_frac[0]      0.55  4.0e-3   0.19   0.22    0.4   0.53   0.68   0.93   2262    1.0
m2_frac[1]       0.6  3.8e-3    0.2   0.27   0.43   0.58   0.76   0.97   2683    1.0
m2_frac[2]      0.41  5.8e-3   0.17   0.11   0.29   0.39    0.5   0.85    903    1.0
m2_frac[3]      0.61  2.8e-3    0.1   0.43   0.53    0.6   0.67   0.82   1273    1.0
m2_frac[4]       0.3  4.8e-3   0.12   0.15   0.24   0.28   0.34   0.69    609   1.01
m2_frac[5]      0.76  2.2e-3   0.12   0.53   0.67   0.77   0.86   0.98   3146    1.0
m2_frac[6]      0.37  5.1e-3    0.2   0.07   0.22   0.32   0.47   0.88   1574    1.0
m2_frac[7]      0.69  2.5e-3   0.13   0.45   0.59   0.68   0.78   0.96   2797    1.0
m2_frac[8]      0.11  3.4e-3   0.08 5.2e-3   0.05    0.1   0.16   0.29    519    1.0
m2_frac[9]      0.78  1.7e-3    0.1   0.59    0.7   0.77   0.86   0.97   4000    1.0
m2_frac[10]      0.8  1.7e-3   0.11   0.58   0.72    0.8   0.88   0.98   4000    1.0
m2_frac[11]     0.84  1.4e-3   0.09   0.66   0.78   0.84   0.91   0.99   4000    1.0
m2_frac[12]     0.73  2.2e-3   0.14   0.48   0.62   0.72   0.84   0.97   4000    1.0
m2_frac[13]     0.67  2.1e-3   0.13   0.44   0.57   0.67   0.77   0.94   4000    1.0
m2_frac[14]     0.76  2.0e-3   0.13   0.51   0.66   0.76   0.86   0.98   4000    1.0
m2_frac[15]     0.71  2.8e-3   0.15   0.46   0.59    0.7   0.83   0.98   2725    1.0
m2_frac[16]     0.77  2.3e-3   0.15   0.48   0.66   0.79   0.89   0.99   4000    1.0
m2_frac[17]     0.48  1.4e-3   0.05   0.38   0.45   0.48   0.52   0.59   1506    1.0
m2_frac[18]     0.48  5.1e-3   0.16   0.29   0.37   0.43   0.52   0.89    978    1.0
m2_frac[19]     0.81  2.0e-3   0.11    0.6   0.72   0.81   0.91   0.99   3256    1.0
m2_frac[20]     0.87  1.4e-3   0.09   0.68   0.81   0.88   0.94   0.99   4000    1.0
m2_frac[21]     0.72  2.5e-3   0.16   0.41   0.61   0.72   0.84   0.98   4000    1.0
m2_frac[22]     0.72  2.5e-3   0.13   0.48   0.62   0.72   0.82   0.96   2754    1.0
m2_frac[23]     0.74  3.0e-3   0.15   0.42   0.64   0.76   0.87   0.98   2638    1.0
m2_frac[24]     0.84  1.4e-3   0.09   0.66   0.77   0.84    0.9   0.99   4000    1.0
m2_frac[25]     0.51  4.9e-3   0.24   0.08   0.32    0.5    0.7   0.96   2378    1.0
m2_frac[26]     0.56  3.8e-3   0.18   0.24   0.43   0.55   0.68    0.9   2130    1.0
m2_frac[27]     0.45  4.4e-3   0.28   0.02    0.2   0.43   0.67   0.96   4000    1.0
m2_frac[28]     0.74  2.9e-3   0.15    0.4   0.66   0.76   0.85   0.98   2773    1.0
m2_frac[29]     0.48  3.9e-3   0.18    0.2   0.34   0.45   0.58   0.91   2206    1.0
m2_frac[30]     0.77  3.0e-3   0.13    0.5   0.67   0.77   0.87   0.98   1974    1.0
m2_frac[31]     0.65  3.6e-3   0.18   0.34    0.5   0.64    0.8   0.97   2434    1.0
m2_frac[32]     0.75  2.0e-3   0.13   0.52   0.65   0.76   0.86   0.98   4000    1.0
m2_frac[33]     0.65  2.7e-3   0.17   0.34   0.53   0.65   0.78   0.96   4000    1.0
m2_frac[34]     0.85  3.2e-3    0.1   0.63    0.8   0.87   0.93   0.99    940    1.0
m2_frac[35]     0.85  1.5e-3   0.09   0.67   0.77   0.85   0.93   0.99   4000    1.0
m2_frac[36]     0.71  2.7e-3   0.15   0.43   0.59   0.72   0.84   0.98   3215    1.0
m2_frac[37]      0.6  2.6e-3   0.09   0.45   0.53   0.59   0.66    0.8   1267    1.0
m2_frac[38]     0.46  3.4e-3   0.16   0.21   0.35   0.45   0.56   0.82   2048    1.0
m2_frac[39]     0.45  5.1e-3   0.18    0.2   0.32   0.41   0.54   0.91   1271    1.0
m2_frac[40]     0.89  1.9e-3   0.08   0.69   0.84    0.9   0.95    1.0   1940    1.0
m2_frac[41]      0.6  3.7e-3    0.2   0.24   0.45   0.59   0.76   0.96   2861    1.0
m2_frac[42]     0.71  3.0e-3   0.16   0.41   0.59   0.72   0.83   0.97   2662    1.0
m2_frac[43]     0.17  2.9e-3   0.06   0.05   0.12   0.17   0.21    0.3    500   1.01
m2_frac[44]     0.82  1.7e-3   0.11    0.6   0.75   0.83   0.91   0.99   4000    1.0
m2_frac[45]     0.81  1.8e-3   0.11   0.58   0.73   0.83    0.9   0.99   4000    1.0
m2_frac[46]     0.64  3.5e-3   0.18   0.33    0.5   0.64   0.79   0.97   2556    1.0
m2_frac[47]      0.3  4.6e-3   0.23   0.01   0.13   0.25   0.43   0.88   2444    1.0
m2_frac[48]     0.36  3.2e-3    0.1   0.18   0.29   0.36   0.43   0.57    947    1.0
m2_frac[49]     0.78  2.6e-3   0.11   0.57   0.69   0.78   0.87   0.99   1787    1.0
m2_frac[50]     0.09  2.0e-3   0.05   0.01   0.06   0.09   0.13    0.2    581    1.0
m2_frac[51]     0.17  2.1e-3   0.05   0.08   0.13   0.17    0.2   0.28    593   1.01
m2_frac[52]      0.7  2.6e-3   0.13   0.48    0.6   0.68   0.79   0.96   2533    1.0
m2_frac[53]     0.82  1.7e-3    0.1   0.61   0.74   0.83    0.9   0.99   4000    1.0
m2_frac[54]     0.61  4.1e-3   0.18   0.29   0.47    0.6   0.74   0.95   1962    1.0
m2_frac[55]     0.81  1.7e-3   0.11    0.6   0.73   0.82    0.9   0.99   4000    1.0
m2_frac[56]     0.14  2.0e-3   0.05   0.05    0.1   0.14   0.17   0.25    627    1.0
m2_frac[57]     0.73  2.9e-3   0.15   0.44   0.61   0.75   0.86   0.98   2890    1.0
m2_frac[58]      0.7  2.1e-3   0.14   0.43   0.61   0.71    0.8   0.96   4000    1.0
m2_frac[59]      0.7  2.9e-3   0.15   0.43   0.58   0.69   0.81   0.96   2486    1.0
m2_frac[60]     0.76  2.1e-3   0.14    0.5   0.66   0.77   0.87   0.98   4000    1.0
dl_true[0]      1.15  3.5e-3   0.22   0.73    1.0   1.13   1.28   1.63   4000    1.0
dl_true[1]      1.74  5.4e-3   0.34   1.05   1.51   1.75   1.97   2.39   4000    1.0
dl_true[2]      1.29  2.8e-3   0.18   0.93   1.18    1.3   1.42   1.61   4000    1.0
dl_true[3]      2.93  6.1e-3   0.39   2.21   2.66    2.9   3.19   3.74   4000    1.0
dl_true[4]      2.42  5.8e-3   0.37   1.76   2.13   2.42   2.71   3.11   4000    1.0
dl_true[5]      1.97  3.6e-3   0.23   1.54    1.8   1.96   2.12   2.41   4000    1.0
dl_true[6]       1.4  4.5e-3   0.29   0.89   1.19   1.37   1.59   1.98   4000    1.0
dl_true[7]      4.65    0.01   0.93   2.95   3.99   4.63   5.24   6.61   4000    1.0
dl_true[8]      1.19  2.6e-3   0.17   0.88   1.08   1.19   1.29   1.57   4000    1.0
dl_true[9]      5.58    0.02    1.1   3.75   4.86   5.48   6.12   8.38   1932    1.0
dl_true[10]     4.48    0.01   0.85   3.07   3.86   4.36    5.1   6.28   4000    1.0
dl_true[11]     8.72    0.03   1.03   6.51   8.06   8.81   9.44  10.56   1649    1.0
dl_true[12]      3.1    0.01   0.76   1.66   2.56   3.07    3.6   4.66   4000    1.0
dl_true[13]     3.43  8.5e-3   0.54   2.34   3.08   3.44   3.82   4.44   4000    1.0
dl_true[14]     3.17  6.9e-3   0.44   2.27   2.87   3.18   3.49   3.98   4000    1.0
dl_true[15]     1.69  6.0e-3   0.33   1.11   1.45   1.66   1.91   2.35   2971    1.0
dl_true[16]     2.92    0.01   0.63   1.79    2.5   2.86   3.29   4.29   3142    1.0
dl_true[17]     1.06  1.5e-3    0.1    0.9   0.99   1.05   1.13   1.25   4000    1.0
dl_true[18]     1.69  3.7e-3   0.24   1.26   1.52   1.67   1.84   2.18   4000    1.0
dl_true[19]     4.49    0.02   0.96   2.89   3.78   4.36   5.18   6.43   3017    1.0
dl_true[20]     4.42    0.02   0.73   3.09    3.9   4.37   4.95   5.86   1392    1.0
dl_true[21]     0.92  3.2e-3    0.2   0.51   0.79   0.92   1.07   1.29   4000    1.0
dl_true[22]     1.26  2.8e-3   0.18    0.9   1.15   1.26   1.37   1.63   4000    1.0
dl_true[23]     3.86    0.01   0.64   2.78   3.43   3.81    4.2   5.36   4000    1.0
dl_true[24]     3.32  8.7e-3   0.55   2.43   2.93   3.24   3.66   4.53   4000    1.0
dl_true[25]     1.17  3.8e-3   0.24    0.7   1.01   1.16   1.33   1.67   4000    1.0
dl_true[26]     1.32  3.0e-3   0.19    0.9    1.2   1.34   1.45   1.65   4000    1.0
dl_true[27]     0.98    0.01   0.27   0.48   0.78   0.99   1.17   1.49    658    1.0
dl_true[28]     1.97  7.2e-3   0.39    1.2   1.68    2.0   2.27   2.66   3039    1.0
dl_true[29]     2.06    0.02   0.78   0.74   1.48   1.94    2.6   3.66   2458    1.0
dl_true[30]     1.09  3.1e-3    0.2   0.67   0.97   1.08    1.2   1.49   4000    1.0
dl_true[31]      2.3 10.0e-3   0.54   1.26   1.92    2.3   2.69   3.32   2981    1.0
dl_true[32]     1.59  2.9e-3   0.17   1.31   1.47   1.57   1.69   1.97   3475    1.0
dl_true[33]     3.18    0.01   0.65   1.81   2.76   3.24   3.64   4.33   4000    1.0
dl_true[34]     3.97    0.01   0.49   2.79   3.76   4.04   4.28   4.79   1932    1.0
dl_true[35]      1.0  1.9e-3   0.12   0.72   0.93   1.01   1.08   1.21   4000    1.0
dl_true[36]      1.9  7.0e-3   0.44   1.04    1.6   1.91   2.21   2.74   4000    1.0
dl_true[37]     3.79    0.02   0.73   2.53   3.24   3.74   4.31   5.27   1450    1.0
dl_true[38]     1.56  4.0e-3   0.25   1.13   1.39   1.53    1.7   2.13   4000    1.0
dl_true[39]      1.0  2.9e-3   0.18   0.67   0.86   0.99   1.12   1.35   4000    1.0
dl_true[40]     5.13  8.8e-3   0.56   4.05   4.76   5.12   5.47   6.31   4000    1.0
dl_true[41]     2.98  8.0e-3   0.51   1.94   2.64   3.01   3.34   3.92   4000    1.0
dl_true[42]      2.0  3.8e-3   0.24   1.51   1.85   2.01   2.16   2.45   4000    1.0
dl_true[43]     0.86  2.3e-3   0.15    0.6   0.76   0.84   0.93   1.18   4000    1.0
dl_true[44]      6.0    0.01   0.82   4.31   5.48   6.01   6.53   7.62   4000    1.0
dl_true[45]      3.7  7.2e-3   0.45    2.8   3.39   3.73   4.03   4.51   4000    1.0
dl_true[46]     2.87  5.2e-3   0.33   2.18   2.66   2.89   3.09   3.48   4000    1.0
dl_true[47]     1.86  4.9e-3   0.31   1.25   1.65   1.86   2.07   2.48   4000    1.0
dl_true[48]     0.86  1.6e-3    0.1   0.66   0.79   0.86   0.93   1.04   4000    1.0
dl_true[49]     2.13  2.0e-3   0.13   1.86   2.04   2.13   2.22   2.37   4000    1.0
dl_true[50]     2.13  5.4e-3   0.34   1.49   1.89   2.13   2.37    2.8   4000    1.0
dl_true[51]     1.79  4.6e-3   0.29   1.23   1.58   1.79   1.99   2.38   4000    1.0
dl_true[52]     1.46  5.0e-3   0.32   0.87   1.23   1.46   1.69   2.05   4000    1.0
dl_true[53]     4.55    0.01   0.68   3.22   4.07   4.56   5.02   5.84   4000    1.0
dl_true[54]     0.86  2.8e-3   0.18   0.49   0.73   0.86   0.99   1.18   4000    1.0
dl_true[55]     6.79    0.03   1.69   3.87   5.53   6.63   8.01  10.17   2868    1.0
dl_true[56]     2.25  9.5e-3   0.51    1.4    1.9   2.18   2.52   3.44   2933    1.0
dl_true[57]     2.46  5.0e-3   0.31   1.87   2.24   2.45   2.67   3.11   4000    1.0
dl_true[58]     0.93  1.5e-3    0.1   0.75   0.86   0.93    1.0   1.12   4000    1.0
dl_true[59]     2.56  8.7e-3   0.55   1.53   2.17   2.53   2.94   3.67   4000    1.0
dl_true[60]     0.89  1.7e-3    0.1   0.63   0.83   0.89   0.96   1.07   4000    1.0
dH              3.94    0.04   0.76   3.02   3.28   3.74   4.48   5.64    461   1.01
Nex            59.95    0.12   7.61  46.23  54.67   59.6  64.77  76.01   4000    1.0
sigma_log_Nex   0.13  3.0e-4   0.01   0.11   0.12   0.13   0.14   0.15   1156    1.0
neff_det       58.38    0.26   8.82  42.13   52.3  57.95  64.03  76.57   1127    1.0
m2_true[0]     12.22    0.03   1.52   9.23  11.13  12.22  13.38  14.97   1964    1.0
m2_true[1]     16.56    0.06   2.27  12.36  14.81  16.54  18.27  20.97   1627    1.0
m2_true[2]      7.71    0.02   0.69    6.5   7.23   7.66   8.12   9.28   1315    1.0
m2_true[3]     23.74    0.05   2.34  19.36  22.05  23.69  25.35  28.41   2009    1.0
m2_true[4]     10.54    0.05   1.24    8.6    9.7  10.36  11.16  13.87    701    1.0
m2_true[5]     25.21    0.06    2.0  21.36  23.83  25.19  26.64  29.04   1143    1.0
m2_true[6]      8.77    0.03   1.36   6.54   7.76    8.6   9.65  11.69   2513    1.0
m2_true[7]     23.45    0.08   3.06  18.07  21.18  23.29  25.51   29.9   1312    1.0
m2_true[8]      6.26    0.02   0.54   5.13   5.91   6.29   6.64   7.23   1028    1.0
m2_true[9]     23.01    0.08   2.76  17.79   21.1  22.93  24.87  28.59   1076    1.0
m2_true[10]    29.71    0.11   3.52   23.1  27.17  29.65  32.17  36.69    989    1.0
m2_true[11]    31.69    0.17   4.15  24.64  28.61  31.44  34.33  40.58    596   1.01
m2_true[12]    20.45    0.06   2.83  15.15  18.36  20.39  22.47  26.09   2205    1.0
m2_true[13]    21.52    0.07   2.27  17.26  19.92  21.49  23.03  26.05   1084    1.0
m2_true[14]    26.52    0.07   2.41  22.15   24.8  26.41  28.19  31.26   1275    1.0
m2_true[15]    21.86    0.05   1.87  18.54  20.51  21.78  23.13  25.64   1229    1.0
m2_true[16]    24.75    0.07   3.28  18.56  22.36  24.83  27.02  31.02   2014    1.0
m2_true[17]    17.41    0.03   0.96  15.66  16.73  17.37  18.04   19.4   1166    1.0
m2_true[18]    18.51    0.07   2.38  14.95  16.74   18.0  19.93   23.8   1323    1.0
m2_true[19]    23.88    0.08   2.79  18.88  21.86  23.82  25.76  29.51   1247    1.0
m2_true[20]    32.84    0.15   3.91  25.67  30.08  32.64  35.43  40.72    706    1.0
m2_true[21]    12.93    0.03   1.25   10.4  12.05  13.01  13.86  15.09   2442    1.0
m2_true[22]    23.83    0.06   2.27  19.63  22.09  23.83  25.52   28.1   1343    1.0
m2_true[23]    15.01    0.05   1.68  11.92  13.85  14.96  16.17  18.35   1101    1.0
m2_true[24]    20.11    0.06   1.76  16.46  18.99  20.14  21.36  23.41    965    1.0
m2_true[25]     8.43    0.02   1.08   6.32   7.61   8.52   9.27  10.25   1954    1.0
m2_true[26]    10.33    0.02   1.03   8.35   9.61  10.32  11.07  12.31   1932    1.0
m2_true[27]     5.62    0.03   0.57   4.35   5.27   5.68   6.04   6.58    401   1.01
m2_true[28]    13.07    0.03   1.04  10.86  12.38  13.09  13.76   15.0    957    1.0
m2_true[29]    14.08    0.06   2.48  10.18  12.28  13.68  15.57  19.68   1639    1.0
m2_true[30]    26.39    0.03   2.14  22.16  24.88   26.5  27.93  30.32   4000    1.0
m2_true[31]     19.3    0.06   2.37   15.0  17.64  19.19  20.79   24.5   1473    1.0
m2_true[32]    24.02    0.05   1.84  20.38  22.71  24.09  25.33  27.46   1207    1.0
m2_true[33]    18.67    0.07   2.48  14.14  16.94  18.59  20.31  23.77   1393    1.0
m2_true[34]    32.34     0.1   3.12  26.24  30.28   32.2  34.47  38.58   1017    1.0
m2_true[35]    20.15    0.03   1.14  17.91  19.35  20.18  20.98  22.25   1279    1.0
m2_true[36]    24.53    0.06   2.92  18.77  22.47  24.72  26.66  29.86   2565    1.0
m2_true[37]    23.14    0.08   2.48  18.85  21.36  22.99  24.89  28.19    901    1.0
m2_true[38]    10.77    0.03   1.12   8.75   9.97  10.71  11.55  13.09   1701    1.0
m2_true[39]    12.64    0.05   1.61   9.97  11.56  12.47  13.54  16.65   1009    1.0
m2_true[40]    33.18    0.12    3.2  27.09  30.98  32.98  35.33  39.77    753    1.0
m2_true[41]    11.21    0.03   1.42   8.32  10.28  11.27  12.21  13.85   1915    1.0
m2_true[42]    17.17    0.05   1.87  13.53  15.83   17.2  18.53  20.71   1464    1.0
m2_true[43]     7.71  8.6e-3   0.54   6.73   7.32   7.68   8.08   8.84   4000    1.0
m2_true[44]    30.66    0.13   3.78   23.9  28.01  30.44  33.16  38.54    876    1.0
m2_true[45]    28.09    0.08   2.58  23.35   26.2  28.03  29.81  33.38   1027    1.0
m2_true[46]     17.8    0.07   2.29  13.48  16.11  17.84  19.54  22.03   1057    1.0
m2_true[47]     6.78    0.03   0.98   4.97   6.05   6.81   7.49   8.59   1141    1.0
m2_true[48]      9.7    0.01   0.76   8.18   9.19   9.71  10.23  11.13   4000    1.0
m2_true[49]    27.86    0.05   1.94  24.47  26.46  27.75  29.08  31.97   1399    1.0
m2_true[50]     7.37    0.02    0.8   6.07   6.77   7.28   7.87   9.16   1612    1.0
m2_true[51]     9.12    0.02   0.79   7.72   8.56   9.06   9.62  10.81   1423    1.0
m2_true[52]    16.28    0.04   1.51   13.6  15.19   16.2   17.3  19.36   1652    1.0
m2_true[53]    28.19     0.1   3.01   23.0  26.01  27.91  30.24  34.62    991    1.0
m2_true[54]    10.18    0.02   1.03   8.15   9.41  10.22  10.95  12.06   2492    1.0
m2_true[55]    26.97    0.12   4.06  19.98  24.01  26.73  29.59  35.65   1177    1.0
m2_true[56]     8.74    0.02   0.95   7.12   8.03   8.66   9.34  10.83   1852    1.0
m2_true[57]    22.93    0.07   2.45   17.9   21.3  22.95  24.66  27.55   1237    1.0
m2_true[58]    14.95    0.03    1.1   12.6  14.24   15.0  15.74  16.89   1435    1.0
m2_true[59]    25.33    0.07   3.41  18.95  22.82  25.28  27.72  31.85   2234    1.0
m2_true[60]     25.9    0.04    2.2   21.5  24.29  26.01  27.56  29.78   2843    1.0
z_true[0]       0.25  2.0e-3   0.06   0.15   0.21   0.25   0.29   0.38    863    1.0
z_true[1]       0.36  2.6e-3   0.08   0.21    0.3   0.36   0.42   0.53    964    1.0
z_true[2]       0.28  2.2e-3   0.06   0.18   0.24   0.28   0.32   0.39    665    1.0
z_true[3]       0.57  4.6e-3   0.11   0.37   0.48   0.57   0.64   0.78    557   1.01
z_true[4]       0.48  3.4e-3   0.09   0.32   0.41   0.48   0.55   0.67    754    1.0
z_true[5]        0.4  2.9e-3   0.07   0.27   0.35   0.41   0.46   0.54    612    1.0
z_true[6]        0.3  2.2e-3   0.07   0.18   0.25    0.3   0.35   0.45   1041    1.0
z_true[7]       0.82  6.1e-3   0.18    0.5   0.69   0.81   0.95   1.19    865    1.0
z_true[8]       0.26  2.0e-3   0.05   0.17   0.22   0.26    0.3   0.36    636   1.01
z_true[9]       0.96  7.0e-3   0.21   0.61   0.81   0.94   1.08   1.44    857    1.0
z_true[10]       0.8  7.2e-3   0.18   0.49   0.67   0.79   0.92   1.17    599    1.0
z_true[11]      1.38    0.01   0.24   0.93   1.19   1.38   1.57   1.81    425   1.01
z_true[12]      0.59  4.0e-3   0.15   0.33   0.48   0.58   0.68    0.9   1297    1.0
z_true[13]      0.64  4.6e-3   0.12   0.41   0.55   0.64   0.73   0.88    741    1.0
z_true[14]       0.6  4.6e-3   0.11    0.4   0.52    0.6   0.69   0.82    611   1.01
z_true[15]      0.35  2.6e-3   0.08   0.21    0.3   0.35   0.41   0.51    954    1.0
z_true[16]      0.56  4.2e-3   0.13   0.34   0.47   0.56   0.65   0.84    935    1.0
z_true[17]      0.24  1.8e-3   0.04   0.16    0.2   0.24   0.27   0.31    537    1.0
z_true[18]      0.36  2.9e-3   0.07   0.22    0.3   0.36   0.41    0.5    592    1.0
z_true[19]       0.8  6.0e-3   0.18   0.49   0.67   0.78   0.92   1.18    905    1.0
z_true[20]       0.8  8.0e-3   0.17   0.49   0.66    0.8   0.92   1.12    449   1.01
z_true[21]      0.21  1.7e-3   0.05   0.11   0.17   0.21   0.25   0.31    945    1.0
z_true[22]      0.28  2.2e-3   0.06   0.18   0.23   0.27   0.32   0.38    630    1.0
z_true[23]      0.71  4.9e-3   0.14   0.46   0.61   0.71    0.8   1.01    804    1.0
z_true[24]      0.63  4.4e-3   0.13    0.4   0.53   0.62   0.71    0.9    839    1.0
z_true[25]      0.26  2.1e-3   0.06   0.15   0.22   0.25    0.3   0.39    817    1.0
z_true[26]      0.29  2.2e-3   0.06   0.18   0.25   0.29   0.33   0.39    684    1.0
z_true[27]      0.22  2.7e-3   0.06   0.11   0.17   0.22   0.26   0.35    533   1.01
z_true[28]      0.41  3.2e-3   0.09   0.23   0.34    0.4   0.47   0.58    823    1.0
z_true[29]      0.41  4.1e-3   0.15   0.17   0.31    0.4   0.51   0.73   1270    1.0
z_true[30]      0.24  2.0e-3   0.06   0.14    0.2   0.24   0.28   0.35    738    1.0
z_true[31]      0.46  3.3e-3   0.12   0.24   0.38   0.45   0.54    0.7   1220    1.0
z_true[32]      0.34  2.5e-3   0.06   0.23   0.29   0.34   0.38   0.45    563   1.01
z_true[33]       0.6  4.7e-3   0.14   0.34   0.51    0.6    0.7   0.86    831    1.0
z_true[34]      0.73  6.1e-3   0.14   0.46   0.63   0.74   0.83   0.96    491   1.01
z_true[35]      0.23  1.7e-3   0.04   0.14   0.19   0.23   0.26    0.3    622    1.0
z_true[36]      0.39  3.3e-3    0.1   0.21   0.32   0.39   0.46    0.6    928    1.0
z_true[37]       0.7  6.9e-3   0.16   0.42   0.58   0.69   0.81   1.01    519   1.01
z_true[38]      0.33  2.5e-3   0.07   0.21   0.28   0.33   0.38   0.48    778    1.0
z_true[39]      0.22  1.6e-3   0.05   0.14   0.19   0.22   0.26   0.33    903    1.0
z_true[40]       0.9  7.2e-3   0.16    0.6   0.77   0.91   1.01   1.19    479   1.01
z_true[41]      0.57  4.1e-3   0.12   0.36   0.49   0.57   0.66    0.8    789    1.0
z_true[42]      0.41  3.1e-3   0.07   0.27   0.35   0.41   0.47   0.55    581    1.0
z_true[43]       0.2  1.5e-3   0.04   0.12   0.16   0.19   0.22   0.29    774    1.0
z_true[44]      1.02  8.4e-3   0.19   0.66   0.88   1.02   1.16   1.38    514   1.01
z_true[45]      0.69  5.2e-3   0.12   0.46   0.59   0.69   0.78   0.91    570    1.0
z_true[46]      0.56  4.0e-3    0.1   0.37   0.48   0.56   0.63   0.74    594   1.01
z_true[47]      0.39  2.8e-3   0.08   0.24   0.33   0.38   0.44   0.54    819    1.0
z_true[48]       0.2  1.5e-3   0.04   0.13   0.17    0.2   0.22   0.27    604    1.0
z_true[49]      0.43  3.3e-3   0.07    0.3   0.38   0.44   0.49   0.55    452   1.01
z_true[50]      0.43  3.2e-3   0.09   0.28   0.37   0.43    0.5   0.61    745    1.0
z_true[51]      0.37  2.9e-3   0.08   0.23   0.32   0.37   0.43   0.53    701    1.0
z_true[52]      0.31  2.4e-3   0.08   0.17   0.26   0.31   0.37   0.47   1013    1.0
z_true[53]      0.81  6.0e-3   0.15   0.52    0.7   0.81   0.93   1.11    670    1.0
z_true[54]       0.2  1.6e-3   0.05   0.11   0.16   0.19   0.23   0.29    938    1.0
z_true[55]      1.12  9.0e-3   0.27   0.63   0.92    1.1    1.3   1.69    917    1.0
z_true[56]      0.45  3.7e-3   0.11   0.27   0.37   0.44   0.52   0.69    883    1.0
z_true[57]      0.49  3.5e-3   0.09   0.32   0.42   0.49   0.55   0.66    647    1.0
z_true[58]      0.21  1.6e-3   0.04   0.14   0.18   0.21   0.24   0.28    571    1.0
z_true[59]       0.5  3.9e-3   0.12    0.3   0.42   0.49   0.58   0.75    926    1.0
z_true[60]       0.2  1.6e-3   0.04   0.13   0.17    0.2   0.23   0.27    581    1.0
zinterp[0]       0.0     0.0    0.0    0.0    0.0    0.0    0.0    0.0   4000    nan
zinterp[1]   10.0e-3  8.4e-5 1.7e-3 6.8e-3 8.5e-3   0.01   0.01   0.01    430   1.01
zinterp[2]      0.02  1.7e-4 3.4e-3   0.01   0.02   0.02   0.02   0.02    430   1.01
zinterp[3]      0.03  2.5e-4 5.1e-3   0.02   0.03   0.03   0.03   0.04    430   1.01
zinterp[4]      0.04  3.2e-4 6.7e-3   0.03   0.03   0.04   0.05   0.05    430   1.01
zinterp[5]      0.05  4.0e-4 8.3e-3   0.03   0.04   0.05   0.06   0.06    430   1.01
zinterp[6]      0.06  4.7e-4 9.8e-3   0.04   0.05   0.06   0.07   0.07    430   1.01
zinterp[7]      0.07  5.5e-4   0.01   0.05   0.06   0.07   0.08   0.08    430   1.01
zinterp[8]      0.08  6.2e-4   0.01   0.05   0.07   0.08   0.09   0.09    430   1.01
zinterp[9]      0.08  6.8e-4   0.01   0.06   0.07   0.09    0.1   0.11    431   1.01
zinterp[10]     0.09  7.5e-4   0.02   0.06   0.08    0.1   0.11   0.12    431   1.01
zinterp[11]      0.1  8.2e-4   0.02   0.07   0.09    0.1   0.12   0.13    431   1.01
zinterp[12]     0.11  8.8e-4   0.02   0.08    0.1   0.11   0.13   0.14    431   1.01
zinterp[13]     0.12  9.5e-4   0.02   0.08    0.1   0.12   0.14   0.15    431   1.01
zinterp[14]     0.13  1.0e-3   0.02   0.09   0.11   0.13   0.15   0.16    431   1.01
zinterp[15]     0.14  1.1e-3   0.02    0.1   0.12   0.14   0.16   0.17    431   1.01
zinterp[16]     0.14  1.1e-3   0.02    0.1   0.13   0.15   0.17   0.18    431   1.01
zinterp[17]     0.15  1.2e-3   0.02   0.11   0.13   0.16   0.18   0.19    431   1.01
zinterp[18]     0.16  1.3e-3   0.03   0.11   0.14   0.16   0.19    0.2    431   1.01
zinterp[19]     0.17  1.3e-3   0.03   0.12   0.15   0.17   0.19   0.21    431   1.01
zinterp[20]     0.18  1.4e-3   0.03   0.12   0.15   0.18    0.2   0.22    431   1.01
zinterp[21]     0.19  1.4e-3   0.03   0.13   0.16   0.19   0.21   0.23    431   1.01
zinterp[22]     0.19  1.5e-3   0.03   0.14   0.17    0.2   0.22   0.24    431   1.01
zinterp[23]      0.2  1.5e-3   0.03   0.14   0.17   0.21   0.23   0.25    431   1.01
zinterp[24]     0.21  1.6e-3   0.03   0.15   0.18   0.21   0.24   0.26    431   1.01
zinterp[25]     0.22  1.7e-3   0.03   0.15   0.19   0.22   0.25   0.27    431   1.01
zinterp[26]     0.22  1.7e-3   0.04   0.16   0.19   0.23   0.26   0.28    431   1.01
zinterp[27]     0.23  1.8e-3   0.04   0.16    0.2   0.24   0.27   0.29    431   1.01
zinterp[28]     0.24  1.8e-3   0.04   0.17   0.21   0.24   0.27   0.29    431   1.01
zinterp[29]     0.25  1.9e-3   0.04   0.17   0.21   0.25   0.28    0.3    431   1.01
zinterp[30]     0.25  1.9e-3   0.04   0.18   0.22   0.26   0.29   0.31    431   1.01
zinterp[31]     0.26  2.0e-3   0.04   0.19   0.23   0.27    0.3   0.32    431   1.01
zinterp[32]     0.27  2.0e-3   0.04   0.19   0.23   0.27   0.31   0.33    431   1.01
zinterp[33]     0.28  2.1e-3   0.04    0.2   0.24   0.28   0.32   0.34    431   1.01
zinterp[34]     0.28  2.1e-3   0.04    0.2   0.25   0.29   0.32   0.35    431   1.01
zinterp[35]     0.29  2.2e-3   0.05   0.21   0.25    0.3   0.33   0.36    431   1.01
zinterp[36]      0.3  2.2e-3   0.05   0.21   0.26    0.3   0.34   0.37    431   1.01
zinterp[37]     0.31  2.3e-3   0.05   0.22   0.27   0.31   0.35   0.37    431   1.01
zinterp[38]     0.31  2.3e-3   0.05   0.22   0.27   0.32   0.36   0.38    431   1.01
zinterp[39]     0.32  2.4e-3   0.05   0.23   0.28   0.33   0.37   0.39    431   1.01
zinterp[40]     0.33  2.4e-3   0.05   0.23   0.29   0.33   0.37    0.4    431   1.01
zinterp[41]     0.33  2.5e-3   0.05   0.24   0.29   0.34   0.38   0.41    432   1.01
zinterp[42]     0.34  2.5e-3   0.05   0.24    0.3   0.35   0.39   0.42    432   1.01
zinterp[43]     0.35  2.6e-3   0.05   0.25    0.3   0.35    0.4   0.43    432   1.01
zinterp[44]     0.36  2.6e-3   0.05   0.25   0.31   0.36    0.4   0.43    432   1.01
zinterp[45]     0.36  2.7e-3   0.06   0.26   0.32   0.37   0.41   0.44    432   1.01
zinterp[46]     0.37  2.7e-3   0.06   0.26   0.32   0.38   0.42   0.45    432   1.01
zinterp[47]     0.38  2.7e-3   0.06   0.27   0.33   0.38   0.43   0.46    432   1.01
zinterp[48]     0.38  2.8e-3   0.06   0.27   0.33   0.39   0.44   0.47    432   1.01
zinterp[49]     0.39  2.8e-3   0.06   0.28   0.34    0.4   0.44   0.47    432   1.01
zinterp[50]      0.4  2.9e-3   0.06   0.28   0.35    0.4   0.45   0.48    432   1.01
zinterp[51]      0.4  2.9e-3   0.06   0.29   0.35   0.41   0.46   0.49    432   1.01
zinterp[52]     0.41  3.0e-3   0.06   0.29   0.36   0.42   0.47    0.5    432   1.01
zinterp[53]     0.42  3.0e-3   0.06    0.3   0.36   0.42   0.47   0.51    432   1.01
zinterp[54]     0.42  3.1e-3   0.06    0.3   0.37   0.43   0.48   0.52    432   1.01
zinterp[55]     0.43  3.1e-3   0.06   0.31   0.38   0.44   0.49   0.52    432   1.01
zinterp[56]     0.44  3.2e-3   0.07   0.31   0.38   0.44    0.5   0.53    432   1.01
zinterp[57]     0.44  3.2e-3   0.07   0.32   0.39   0.45    0.5   0.54    432   1.01
zinterp[58]     0.45  3.2e-3   0.07   0.32   0.39   0.46   0.51   0.55    432   1.01
zinterp[59]     0.46  3.3e-3   0.07   0.33    0.4   0.46   0.52   0.55    432   1.01
zinterp[60]     0.46  3.3e-3   0.07   0.33    0.4   0.47   0.52   0.56    432   1.01
zinterp[61]     0.47  3.4e-3   0.07   0.34   0.41   0.48   0.53   0.57    432   1.01
zinterp[62]     0.47  3.4e-3   0.07   0.34   0.42   0.48   0.54   0.58    432   1.01
zinterp[63]     0.48  3.5e-3   0.07   0.35   0.42   0.49   0.55   0.59    432   1.01
zinterp[64]     0.49  3.5e-3   0.07   0.35   0.43    0.5   0.55   0.59    432   1.01
zinterp[65]     0.49  3.5e-3   0.07   0.36   0.43    0.5   0.56    0.6    432   1.01
zinterp[66]      0.5  3.6e-3   0.07   0.36   0.44   0.51   0.57   0.61    432   1.01
zinterp[67]     0.51  3.6e-3   0.08   0.37   0.44   0.52   0.58   0.62    432   1.01
zinterp[68]     0.51  3.7e-3   0.08   0.37   0.45   0.52   0.58   0.62    432   1.01
zinterp[69]     0.52  3.7e-3   0.08   0.37   0.45   0.53   0.59   0.63    432   1.01
zinterp[70]     0.53  3.8e-3   0.08   0.38   0.46   0.53    0.6   0.64    432   1.01
zinterp[71]     0.53  3.8e-3   0.08   0.38   0.47   0.54    0.6   0.65    432   1.01
zinterp[72]     0.54  3.8e-3   0.08   0.39   0.47   0.55   0.61   0.65    432   1.01
zinterp[73]     0.54  3.9e-3   0.08   0.39   0.48   0.55   0.62   0.66    432   1.01
zinterp[74]     0.55  3.9e-3   0.08    0.4   0.48   0.56   0.62   0.67    432   1.01
zinterp[75]     0.56  4.0e-3   0.08    0.4   0.49   0.57   0.63   0.68    432   1.01
zinterp[76]     0.56  4.0e-3   0.08   0.41   0.49   0.57   0.64   0.68    432   1.01
zinterp[77]     0.57  4.0e-3   0.08   0.41    0.5   0.58   0.65   0.69    432   1.01
zinterp[78]     0.57  4.1e-3   0.08   0.42    0.5   0.59   0.65    0.7    432   1.01
zinterp[79]     0.58  4.1e-3   0.09   0.42   0.51   0.59   0.66   0.71    432   1.01
zinterp[80]     0.59  4.2e-3   0.09   0.42   0.51    0.6   0.67   0.71    432   1.01
zinterp[81]     0.59  4.2e-3   0.09   0.43   0.52    0.6   0.67   0.72    432   1.01
zinterp[82]      0.6  4.2e-3   0.09   0.43   0.53   0.61   0.68   0.73    432   1.01
zinterp[83]     0.61  4.3e-3   0.09   0.44   0.53   0.62   0.69   0.73    432   1.01
zinterp[84]     0.61  4.3e-3   0.09   0.44   0.54   0.62   0.69   0.74    432   1.01
zinterp[85]     0.62  4.4e-3   0.09   0.45   0.54   0.63    0.7   0.75    432   1.01
zinterp[86]     0.62  4.4e-3   0.09   0.45   0.55   0.63   0.71   0.76    432   1.01
zinterp[87]     0.63  4.4e-3   0.09   0.46   0.55   0.64   0.71   0.76    432   1.01
zinterp[88]     0.64  4.5e-3   0.09   0.46   0.56   0.65   0.72   0.77    432   1.01
zinterp[89]     0.64  4.5e-3   0.09   0.46   0.56   0.65   0.73   0.78    432   1.01
zinterp[90]     0.65  4.6e-3   0.09   0.47   0.57   0.66   0.73   0.78    432   1.01
zinterp[91]     0.65  4.6e-3    0.1   0.47   0.57   0.66   0.74   0.79    432   1.01
zinterp[92]     0.66  4.6e-3    0.1   0.48   0.58   0.67   0.75    0.8    432   1.01
zinterp[93]     0.66  4.7e-3    0.1   0.48   0.58   0.68   0.75   0.81    432   1.01
zinterp[94]     0.67  4.7e-3    0.1   0.49   0.59   0.68   0.76   0.81    432   1.01
zinterp[95]     0.68  4.8e-3    0.1   0.49   0.59   0.69   0.77   0.82    432   1.01
zinterp[96]     0.68  4.8e-3    0.1   0.49    0.6   0.69   0.77   0.83    432   1.01
zinterp[97]     0.69  4.8e-3    0.1    0.5    0.6    0.7   0.78   0.83    432   1.01
zinterp[98]     0.69  4.9e-3    0.1    0.5   0.61   0.71   0.79   0.84    432   1.01
zinterp[99]      0.7  4.9e-3    0.1   0.51   0.61   0.71   0.79   0.85    432   1.01
zinterp[100]    0.71  5.0e-3    0.1   0.51   0.62   0.72    0.8   0.85    432   1.01
zinterp[101]    0.71  5.0e-3    0.1   0.52   0.62   0.72   0.81   0.86    432   1.01
zinterp[102]    0.72  5.0e-3    0.1   0.52   0.63   0.73   0.81   0.87    432   1.01
zinterp[103]    0.72  5.1e-3   0.11   0.52   0.63   0.74   0.82   0.88    432   1.01
zinterp[104]    0.73  5.1e-3   0.11   0.53   0.64   0.74   0.83   0.88    432   1.01
zinterp[105]    0.73  5.1e-3   0.11   0.53   0.64   0.75   0.83   0.89    432   1.01
zinterp[106]    0.74  5.2e-3   0.11   0.54   0.65   0.75   0.84    0.9    432   1.01
zinterp[107]    0.75  5.2e-3   0.11   0.54   0.65   0.76   0.84    0.9    432   1.01
zinterp[108]    0.75  5.3e-3   0.11   0.55   0.66   0.76   0.85   0.91    432   1.01
zinterp[109]    0.76  5.3e-3   0.11   0.55   0.66   0.77   0.86   0.92    432   1.01
zinterp[110]    0.76  5.3e-3   0.11   0.55   0.67   0.78   0.86   0.92    432   1.01
zinterp[111]    0.77  5.4e-3   0.11   0.56   0.67   0.78   0.87   0.93    432   1.01
zinterp[112]    0.77  5.4e-3   0.11   0.56   0.68   0.79   0.88   0.94    432   1.01
zinterp[113]    0.78  5.5e-3   0.11   0.57   0.68   0.79   0.88   0.94    432   1.01
zinterp[114]    0.79  5.5e-3   0.11   0.57   0.69    0.8   0.89   0.95    432   1.01
zinterp[115]    0.79  5.5e-3   0.11   0.58   0.69    0.8    0.9   0.96    432   1.01
zinterp[116]     0.8  5.6e-3   0.12   0.58    0.7   0.81    0.9   0.96    432   1.01
zinterp[117]     0.8  5.6e-3   0.12   0.58    0.7   0.82   0.91   0.97    432   1.01
zinterp[118]    0.81  5.6e-3   0.12   0.59   0.71   0.82   0.91   0.98    432   1.01
zinterp[119]    0.81  5.7e-3   0.12   0.59   0.71   0.83   0.92   0.98    432   1.01
zinterp[120]    0.82  5.7e-3   0.12    0.6   0.72   0.83   0.93   0.99    432   1.01
zinterp[121]    0.82  5.8e-3   0.12    0.6   0.72   0.84   0.93    1.0    432   1.01
zinterp[122]    0.83  5.8e-3   0.12    0.6   0.73   0.84   0.94    1.0    432   1.01
zinterp[123]    0.84  5.8e-3   0.12   0.61   0.73   0.85   0.95   1.01    432   1.01
zinterp[124]    0.84  5.9e-3   0.12   0.61   0.74   0.86   0.95   1.02    432   1.01
zinterp[125]    0.85  5.9e-3   0.12   0.62   0.74   0.86   0.96   1.02    432   1.01
zinterp[126]    0.85  5.9e-3   0.12   0.62   0.75   0.87   0.96   1.03    432   1.01
zinterp[127]    0.86  6.0e-3   0.12   0.62   0.75   0.87   0.97   1.04    432   1.01
zinterp[128]    0.86  6.0e-3   0.13   0.63   0.76   0.88   0.98   1.04    432   1.01
zinterp[129]    0.87  6.1e-3   0.13   0.63   0.76   0.88   0.98   1.05    432   1.01
zinterp[130]    0.87  6.1e-3   0.13   0.64   0.77   0.89   0.99   1.06    432   1.01
zinterp[131]    0.88  6.1e-3   0.13   0.64   0.77   0.89    1.0   1.06    432   1.01
zinterp[132]    0.88  6.2e-3   0.13   0.64   0.78    0.9    1.0   1.07    432   1.01
zinterp[133]    0.89  6.2e-3   0.13   0.65   0.78   0.91   1.01   1.08    432   1.01
zinterp[134]     0.9  6.2e-3   0.13   0.65   0.79   0.91   1.01   1.08    432   1.01
zinterp[135]     0.9  6.3e-3   0.13   0.66   0.79   0.92   1.02   1.09    432   1.01
zinterp[136]    0.91  6.3e-3   0.13   0.66    0.8   0.92   1.03    1.1    432   1.01
zinterp[137]    0.91  6.3e-3   0.13   0.66    0.8   0.93   1.03    1.1    432   1.01
zinterp[138]    0.92  6.4e-3   0.13   0.67   0.81   0.93   1.04   1.11    432   1.01
zinterp[139]    0.92  6.4e-3   0.13   0.67   0.81   0.94   1.04   1.12    432   1.01
zinterp[140]    0.93  6.5e-3   0.13   0.68   0.82   0.94   1.05   1.12    432   1.01
zinterp[141]    0.93  6.5e-3   0.14   0.68   0.82   0.95   1.06   1.13    432   1.01
zinterp[142]    0.94  6.5e-3   0.14   0.68   0.83   0.96   1.06   1.14    432   1.01
zinterp[143]    0.94  6.6e-3   0.14   0.69   0.83   0.96   1.07   1.14    432   1.01
zinterp[144]    0.95  6.6e-3   0.14   0.69   0.83   0.97   1.07   1.15    432   1.01
zinterp[145]    0.96  6.6e-3   0.14    0.7   0.84   0.97   1.08   1.16    432   1.01
zinterp[146]    0.96  6.7e-3   0.14    0.7   0.84   0.98   1.09   1.16    432   1.01
zinterp[147]    0.97  6.7e-3   0.14    0.7   0.85   0.98   1.09   1.17    432   1.01
zinterp[148]    0.97  6.8e-3   0.14   0.71   0.85   0.99    1.1   1.17    432   1.01
zinterp[149]    0.98  6.8e-3   0.14   0.71   0.86   0.99    1.1   1.18    432   1.01
zinterp[150]    0.98  6.8e-3   0.14   0.72   0.86    1.0   1.11   1.19    432   1.01
zinterp[151]    0.99  6.9e-3   0.14   0.72   0.87    1.0   1.12   1.19    432   1.01
zinterp[152]    0.99  6.9e-3   0.14   0.72   0.87   1.01   1.12    1.2    432   1.01
zinterp[153]     1.0  6.9e-3   0.14   0.73   0.88   1.01   1.13   1.21    432   1.01
zinterp[154]     1.0  7.0e-3   0.14   0.73   0.88   1.02   1.13   1.21    432   1.01
zinterp[155]    1.01  7.0e-3   0.15   0.73   0.89   1.03   1.14   1.22    432   1.01
zinterp[156]    1.01  7.0e-3   0.15   0.74   0.89   1.03   1.15   1.23    432   1.01
zinterp[157]    1.02  7.1e-3   0.15   0.74    0.9   1.04   1.15   1.23    432   1.01
zinterp[158]    1.02  7.1e-3   0.15   0.75    0.9   1.04   1.16   1.24    432   1.01
zinterp[159]    1.03  7.1e-3   0.15   0.75    0.9   1.05   1.16   1.24    432   1.01
zinterp[160]    1.03  7.2e-3   0.15   0.75   0.91   1.05   1.17   1.25    432   1.01
zinterp[161]    1.04  7.2e-3   0.15   0.76   0.91   1.06   1.18   1.26    432   1.01
zinterp[162]    1.04  7.3e-3   0.15   0.76   0.92   1.06   1.18   1.26    432   1.01
zinterp[163]    1.05  7.3e-3   0.15   0.77   0.92   1.07   1.19   1.27    432   1.01
zinterp[164]    1.06  7.3e-3   0.15   0.77   0.93   1.07   1.19   1.28    432   1.01
zinterp[165]    1.06  7.4e-3   0.15   0.77   0.93   1.08    1.2   1.28    432   1.01
zinterp[166]    1.07  7.4e-3   0.15   0.78   0.94   1.08   1.21   1.29    432   1.01
zinterp[167]    1.07  7.4e-3   0.15   0.78   0.94   1.09   1.21    1.3    432   1.01
zinterp[168]    1.08  7.5e-3   0.16   0.78   0.95   1.09   1.22    1.3    432   1.01
zinterp[169]    1.08  7.5e-3   0.16   0.79   0.95    1.1   1.22   1.31    432   1.01
zinterp[170]    1.09  7.5e-3   0.16   0.79   0.95   1.11   1.23   1.31    432   1.01
zinterp[171]    1.09  7.6e-3   0.16    0.8   0.96   1.11   1.24   1.32    432   1.01
zinterp[172]     1.1  7.6e-3   0.16    0.8   0.96   1.12   1.24   1.33    432   1.01
zinterp[173]     1.1  7.6e-3   0.16    0.8   0.97   1.12   1.25   1.33    432   1.01
zinterp[174]    1.11  7.7e-3   0.16   0.81   0.97   1.13   1.25   1.34    432   1.01
zinterp[175]    1.11  7.7e-3   0.16   0.81   0.98   1.13   1.26   1.35    432   1.01
zinterp[176]    1.12  7.8e-3   0.16   0.82   0.98   1.14   1.26   1.35    431   1.01
zinterp[177]    1.12  7.8e-3   0.16   0.82   0.99   1.14   1.27   1.36    431   1.01
zinterp[178]    1.13  7.8e-3   0.16   0.82   0.99   1.15   1.28   1.36    431   1.01
zinterp[179]    1.13  7.9e-3   0.16   0.83    1.0   1.15   1.28   1.37    431   1.01
zinterp[180]    1.14  7.9e-3   0.16   0.83    1.0   1.16   1.29   1.38    431   1.01
zinterp[181]    1.14  7.9e-3   0.16   0.83    1.0   1.16   1.29   1.38    431   1.01
zinterp[182]    1.15  8.0e-3   0.17   0.84   1.01   1.17    1.3   1.39    431   1.01
zinterp[183]    1.15  8.0e-3   0.17   0.84   1.01   1.17    1.3    1.4    431   1.01
zinterp[184]    1.16  8.0e-3   0.17   0.85   1.02   1.18   1.31    1.4    431   1.01
zinterp[185]    1.16  8.1e-3   0.17   0.85   1.02   1.18   1.32   1.41    431   1.01
zinterp[186]    1.17  8.1e-3   0.17   0.85   1.03   1.19   1.32   1.41    431   1.01
zinterp[187]    1.17  8.2e-3   0.17   0.86   1.03   1.19   1.33   1.42    431   1.01
zinterp[188]    1.18  8.2e-3   0.17   0.86   1.04    1.2   1.33   1.43    431   1.01
zinterp[189]    1.18  8.2e-3   0.17   0.86   1.04    1.2   1.34   1.43    431   1.01
zinterp[190]    1.19  8.3e-3   0.17   0.87   1.05   1.21   1.35   1.44    431   1.01
zinterp[191]    1.19  8.3e-3   0.17   0.87   1.05   1.21   1.35   1.44    431   1.01
zinterp[192]     1.2  8.3e-3   0.17   0.88   1.05   1.22   1.36   1.45    431   1.01
zinterp[193]     1.2  8.4e-3   0.17   0.88   1.06   1.22   1.36   1.46    431   1.01
zinterp[194]    1.21  8.4e-3   0.17   0.88   1.06   1.23   1.37   1.46    431   1.01
zinterp[195]    1.21  8.4e-3   0.18   0.89   1.07   1.24   1.37   1.47    431   1.01
zinterp[196]    1.22  8.5e-3   0.18   0.89   1.07   1.24   1.38   1.48    431   1.01
zinterp[197]    1.22  8.5e-3   0.18   0.89   1.08   1.25   1.39   1.48    431   1.01
zinterp[198]    1.23  8.5e-3   0.18    0.9   1.08   1.25   1.39   1.49    431   1.01
zinterp[199]    1.23  8.6e-3   0.18    0.9   1.09   1.26    1.4   1.49    431   1.01
zinterp[200]    1.24  8.6e-3   0.18    0.9   1.09   1.26    1.4    1.5    431   1.01
zinterp[201]    1.24  8.6e-3   0.18   0.91   1.09   1.27   1.41   1.51    431   1.01
zinterp[202]    1.25  8.7e-3   0.18   0.91    1.1   1.27   1.41   1.51    431   1.01
zinterp[203]    1.25  8.7e-3   0.18   0.92    1.1   1.28   1.42   1.52    431   1.01
zinterp[204]    1.26  8.8e-3   0.18   0.92   1.11   1.28   1.43   1.52    431   1.01
zinterp[205]    1.26  8.8e-3   0.18   0.92   1.11   1.29   1.43   1.53    431   1.01
zinterp[206]    1.27  8.8e-3   0.18   0.93   1.12   1.29   1.44   1.54    431   1.01
zinterp[207]    1.27  8.9e-3   0.18   0.93   1.12    1.3   1.44   1.54    431   1.01
zinterp[208]    1.28  8.9e-3   0.18   0.93   1.12    1.3   1.45   1.55    431   1.01
zinterp[209]    1.28  8.9e-3   0.19   0.94   1.13   1.31   1.45   1.55    431   1.01
zinterp[210]    1.29  9.0e-3   0.19   0.94   1.13   1.31   1.46   1.56    431   1.01
zinterp[211]    1.29  9.0e-3   0.19   0.94   1.14   1.32   1.46   1.57    431   1.01
zinterp[212]     1.3  9.0e-3   0.19   0.95   1.14   1.32   1.47   1.57    431   1.01
zinterp[213]     1.3  9.1e-3   0.19   0.95   1.15   1.33   1.48   1.58    431   1.01
zinterp[214]    1.31  9.1e-3   0.19   0.96   1.15   1.33   1.48   1.58    431   1.01
zinterp[215]    1.31  9.1e-3   0.19   0.96   1.16   1.34   1.49   1.59    431   1.01
zinterp[216]    1.32  9.2e-3   0.19   0.96   1.16   1.34   1.49    1.6    431   1.01
zinterp[217]    1.32  9.2e-3   0.19   0.97   1.16   1.35    1.5    1.6    431   1.01
zinterp[218]    1.33  9.2e-3   0.19   0.97   1.17   1.35    1.5   1.61    431   1.01
zinterp[219]    1.33  9.3e-3   0.19   0.97   1.17   1.36   1.51   1.61    431   1.01
zinterp[220]    1.34  9.3e-3   0.19   0.98   1.18   1.36   1.52   1.62    431   1.01
zinterp[221]    1.34  9.3e-3   0.19   0.98   1.18   1.37   1.52   1.63    431   1.01
zinterp[222]    1.35  9.4e-3   0.19   0.98   1.19   1.37   1.53   1.63    431   1.01
zinterp[223]    1.35  9.4e-3    0.2   0.99   1.19   1.38   1.53   1.64    431   1.01
zinterp[224]    1.36  9.4e-3    0.2   0.99   1.19   1.38   1.54   1.64    431   1.01
zinterp[225]    1.36  9.5e-3    0.2    1.0    1.2   1.39   1.54   1.65    431   1.01
zinterp[226]    1.37  9.5e-3    0.2    1.0    1.2   1.39   1.55   1.66    431   1.01
zinterp[227]    1.37  9.5e-3    0.2    1.0   1.21    1.4   1.55   1.66    431   1.01
zinterp[228]    1.38  9.6e-3    0.2   1.01   1.21    1.4   1.56   1.67    431   1.01
zinterp[229]    1.38  9.6e-3    0.2   1.01   1.22   1.41   1.57   1.67    431   1.01
zinterp[230]    1.39  9.7e-3    0.2   1.01   1.22   1.41   1.57   1.68    431   1.01
zinterp[231]    1.39  9.7e-3    0.2   1.02   1.22   1.42   1.58   1.69    431   1.01
zinterp[232]     1.4  9.7e-3    0.2   1.02   1.23   1.42   1.58   1.69    431   1.01
zinterp[233]     1.4  9.8e-3    0.2   1.02   1.23   1.43   1.59    1.7    431   1.01
zinterp[234]    1.41  9.8e-3    0.2   1.03   1.24   1.43   1.59    1.7    431   1.01
zinterp[235]    1.41  9.8e-3    0.2   1.03   1.24   1.44    1.6   1.71    431   1.01
zinterp[236]    1.42  9.9e-3    0.2   1.03   1.25   1.44    1.6   1.72    431   1.01
zinterp[237]    1.42  9.9e-3   0.21   1.04   1.25   1.45   1.61   1.72    431   1.01
zinterp[238]    1.43  9.9e-3   0.21   1.04   1.25   1.45   1.62   1.73    431   1.01
zinterp[239]    1.43 10.0e-3   0.21   1.05   1.26   1.46   1.62   1.73    431   1.01
zinterp[240]    1.44 10.0e-3   0.21   1.05   1.26   1.46   1.63   1.74    431   1.01
zinterp[241]    1.44    0.01   0.21   1.05   1.27   1.47   1.63   1.75    431   1.01
zinterp[242]    1.45    0.01   0.21   1.06   1.27   1.47   1.64   1.75    431   1.01
zinterp[243]    1.45    0.01   0.21   1.06   1.28   1.48   1.64   1.76    431   1.01
zinterp[244]    1.46    0.01   0.21   1.06   1.28   1.48   1.65   1.76    431   1.01
zinterp[245]    1.46    0.01   0.21   1.07   1.28   1.49   1.65   1.77    431   1.01
zinterp[246]    1.47    0.01   0.21   1.07   1.29   1.49   1.66   1.77    431   1.01
zinterp[247]    1.47    0.01   0.21   1.07   1.29    1.5   1.66   1.78    431   1.01
zinterp[248]    1.48    0.01   0.21   1.08    1.3    1.5   1.67   1.79    431   1.01
zinterp[249]    1.48    0.01   0.21   1.08    1.3   1.51   1.68   1.79    431   1.01
zinterp[250]    1.49    0.01   0.21   1.08   1.31   1.51   1.68    1.8    431   1.01
zinterp[251]    1.49    0.01   0.22   1.09   1.31   1.52   1.69    1.8    431   1.01
zinterp[252]     1.5    0.01   0.22   1.09   1.31   1.52   1.69   1.81    431   1.01
zinterp[253]     1.5    0.01   0.22   1.09   1.32   1.53    1.7   1.82    431   1.01
zinterp[254]    1.51    0.01   0.22    1.1   1.32   1.53    1.7   1.82    431   1.01
zinterp[255]    1.51    0.01   0.22    1.1   1.33   1.54   1.71   1.83    431   1.01
zinterp[256]    1.51    0.01   0.22   1.11   1.33   1.54   1.71   1.83    431   1.01
zinterp[257]    1.52    0.01   0.22   1.11   1.33   1.55   1.72   1.84    431   1.01
zinterp[258]    1.52    0.01   0.22   1.11   1.34   1.55   1.72   1.84    431   1.01
zinterp[259]    1.53    0.01   0.22   1.12   1.34   1.55   1.73   1.85    431   1.01
zinterp[260]    1.53    0.01   0.22   1.12   1.35   1.56   1.74   1.86    431   1.01
zinterp[261]    1.54    0.01   0.22   1.12   1.35   1.56   1.74   1.86    431   1.01
zinterp[262]    1.54    0.01   0.22   1.13   1.36   1.57   1.75   1.87    431   1.01
zinterp[263]    1.55    0.01   0.22   1.13   1.36   1.57   1.75   1.87    431   1.01
zinterp[264]    1.55    0.01   0.22   1.13   1.36   1.58   1.76   1.88    431   1.01
zinterp[265]    1.56    0.01   0.23   1.14   1.37   1.58   1.76   1.89    431   1.01
zinterp[266]    1.56    0.01   0.23   1.14   1.37   1.59   1.77   1.89    431   1.01
zinterp[267]    1.57    0.01   0.23   1.14   1.38   1.59   1.77    1.9    431   1.01
zinterp[268]    1.57    0.01   0.23   1.15   1.38    1.6   1.78    1.9    431   1.01
zinterp[269]    1.58    0.01   0.23   1.15   1.39    1.6   1.78   1.91    431   1.01
zinterp[270]    1.58    0.01   0.23   1.15   1.39   1.61   1.79   1.91    431   1.01
zinterp[271]    1.59    0.01   0.23   1.16   1.39   1.61    1.8   1.92    431   1.01
zinterp[272]    1.59    0.01   0.23   1.16    1.4   1.62    1.8   1.93    431   1.01
zinterp[273]     1.6    0.01   0.23   1.16    1.4   1.62   1.81   1.93    431   1.01
zinterp[274]     1.6    0.01   0.23   1.17   1.41   1.63   1.81   1.94    431   1.01
zinterp[275]    1.61    0.01   0.23   1.17   1.41   1.63   1.82   1.94    431   1.01
zinterp[276]    1.61    0.01   0.23   1.17   1.41   1.64   1.82   1.95    431   1.01
zinterp[277]    1.62    0.01   0.23   1.18   1.42   1.64   1.83   1.96    431   1.01
zinterp[278]    1.62    0.01   0.23   1.18   1.42   1.65   1.83   1.96    431   1.01
zinterp[279]    1.62    0.01   0.24   1.18   1.43   1.65   1.84   1.97    431   1.01
zinterp[280]    1.63    0.01   0.24   1.19   1.43   1.66   1.84   1.97    431   1.01
zinterp[281]    1.63    0.01   0.24   1.19   1.44   1.66   1.85   1.98    431   1.01
zinterp[282]    1.64    0.01   0.24    1.2   1.44   1.67   1.85   1.98    431   1.01
zinterp[283]    1.64    0.01   0.24    1.2   1.44   1.67   1.86   1.99    431   1.01
zinterp[284]    1.65    0.01   0.24    1.2   1.45   1.68   1.87    2.0    431   1.01
zinterp[285]    1.65    0.01   0.24   1.21   1.45   1.68   1.87    2.0    431   1.01
zinterp[286]    1.66    0.01   0.24   1.21   1.46   1.69   1.88   2.01    431   1.01
zinterp[287]    1.66    0.01   0.24   1.21   1.46   1.69   1.88   2.01    431   1.01
zinterp[288]    1.67    0.01   0.24   1.22   1.46    1.7   1.89   2.02    431   1.01
zinterp[289]    1.67    0.01   0.24   1.22   1.47    1.7   1.89   2.02    431   1.01
zinterp[290]    1.68    0.01   0.24   1.22   1.47    1.7    1.9   2.03    431   1.01
zinterp[291]    1.68    0.01   0.24   1.23   1.48   1.71    1.9   2.04    431   1.01
zinterp[292]    1.69    0.01   0.24   1.23   1.48   1.71   1.91   2.04    431   1.01
zinterp[293]    1.69    0.01   0.24   1.23   1.48   1.72   1.91   2.05    431   1.01
zinterp[294]     1.7    0.01   0.25   1.24   1.49   1.72   1.92   2.05    431   1.01
zinterp[295]     1.7    0.01   0.25   1.24   1.49   1.73   1.92   2.06    431   1.01
zinterp[296]     1.7    0.01   0.25   1.24    1.5   1.73   1.93   2.06    431   1.01
zinterp[297]    1.71    0.01   0.25   1.25    1.5   1.74   1.93   2.07    431   1.01
zinterp[298]    1.71    0.01   0.25   1.25   1.51   1.74   1.94   2.08    431   1.01
zinterp[299]    1.72    0.01   0.25   1.25   1.51   1.75   1.95   2.08    431   1.01
zinterp[300]    1.72    0.01   0.25   1.26   1.51   1.75   1.95   2.09    431   1.01
zinterp[301]    1.73    0.01   0.25   1.26   1.52   1.76   1.96   2.09    431   1.01
zinterp[302]    1.73    0.01   0.25   1.26   1.52   1.76   1.96    2.1    431   1.01
zinterp[303]    1.74    0.01   0.25   1.27   1.53   1.77   1.97    2.1    431   1.01
zinterp[304]    1.74    0.01   0.25   1.27   1.53   1.77   1.97   2.11    431   1.01
zinterp[305]    1.75    0.01   0.25   1.27   1.53   1.78   1.98   2.12    431   1.01
zinterp[306]    1.75    0.01   0.25   1.28   1.54   1.78   1.98   2.12    431   1.01
zinterp[307]    1.76    0.01   0.25   1.28   1.54   1.79   1.99   2.13    431   1.01
zinterp[308]    1.76    0.01   0.26   1.28   1.55   1.79   1.99   2.13    431   1.01
zinterp[309]    1.77    0.01   0.26   1.29   1.55    1.8    2.0   2.14    431   1.01
zinterp[310]    1.77    0.01   0.26   1.29   1.55    1.8    2.0   2.14    431   1.01
zinterp[311]    1.77    0.01   0.26   1.29   1.56    1.8   2.01   2.15    431   1.01
zinterp[312]    1.78    0.01   0.26    1.3   1.56   1.81   2.01   2.16    431   1.01
zinterp[313]    1.78    0.01   0.26    1.3   1.57   1.81   2.02   2.16    431   1.01
zinterp[314]    1.79    0.01   0.26    1.3   1.57   1.82   2.02   2.17    431   1.01
zinterp[315]    1.79    0.01   0.26   1.31   1.57   1.82   2.03   2.17    431   1.01
zinterp[316]     1.8    0.01   0.26   1.31   1.58   1.83   2.04   2.18    431   1.01
zinterp[317]     1.8    0.01   0.26   1.31   1.58   1.83   2.04   2.18    431   1.01
zinterp[318]    1.81    0.01   0.26   1.32   1.59   1.84   2.05   2.19    431   1.01
zinterp[319]    1.81    0.01   0.26   1.32   1.59   1.84   2.05    2.2    431   1.01
zinterp[320]    1.82    0.01   0.26   1.32   1.59   1.85   2.06    2.2    431   1.01
zinterp[321]    1.82    0.01   0.26   1.33    1.6   1.85   2.06   2.21    431   1.01
zinterp[322]    1.83    0.01   0.26   1.33    1.6   1.86   2.07   2.21    431   1.01
zinterp[323]    1.83    0.01   0.27   1.33   1.61   1.86   2.07   2.22    431   1.01
zinterp[324]    1.84    0.01   0.27   1.34   1.61   1.87   2.08   2.22    431   1.01
zinterp[325]    1.84    0.01   0.27   1.34   1.62   1.87   2.08   2.23    431   1.01
zinterp[326]    1.84    0.01   0.27   1.34   1.62   1.88   2.09   2.23    431   1.01
zinterp[327]    1.85    0.01   0.27   1.35   1.62   1.88   2.09   2.24    431   1.01
zinterp[328]    1.85    0.01   0.27   1.35   1.63   1.88    2.1   2.25    431   1.01
zinterp[329]    1.86    0.01   0.27   1.35   1.63   1.89    2.1   2.25    431   1.01
zinterp[330]    1.86    0.01   0.27   1.36   1.64   1.89   2.11   2.26    431   1.01
zinterp[331]    1.87    0.01   0.27   1.36   1.64    1.9   2.11   2.26    431   1.01
zinterp[332]    1.87    0.01   0.27   1.36   1.64    1.9   2.12   2.27    431   1.01
zinterp[333]    1.88    0.01   0.27   1.37   1.65   1.91   2.12   2.27    431   1.01
zinterp[334]    1.88    0.01   0.27   1.37   1.65   1.91   2.13   2.28    431   1.01
zinterp[335]    1.89    0.01   0.27   1.37   1.66   1.92   2.14   2.29    431   1.01
zinterp[336]    1.89    0.01   0.27   1.38   1.66   1.92   2.14   2.29    431   1.01
zinterp[337]     1.9    0.01   0.28   1.38   1.66   1.93   2.15    2.3    431   1.01
zinterp[338]     1.9    0.01   0.28   1.38   1.67   1.93   2.15    2.3    431   1.01
zinterp[339]     1.9    0.01   0.28   1.39   1.67   1.94   2.16   2.31    431   1.01
zinterp[340]    1.91    0.01   0.28   1.39   1.68   1.94   2.16   2.31    431   1.01
zinterp[341]    1.91    0.01   0.28   1.39   1.68   1.95   2.17   2.32    431   1.01
zinterp[342]    1.92    0.01   0.28    1.4   1.68   1.95   2.17   2.32    431   1.01
zinterp[343]    1.92    0.01   0.28    1.4   1.69   1.95   2.18   2.33    431   1.01
zinterp[344]    1.93    0.01   0.28    1.4   1.69   1.96   2.18   2.34    431   1.01
zinterp[345]    1.93    0.01   0.28   1.41    1.7   1.96   2.19   2.34    431   1.01
zinterp[346]    1.94    0.01   0.28   1.41    1.7   1.97   2.19   2.35    431   1.01
zinterp[347]    1.94    0.01   0.28   1.41    1.7   1.97    2.2   2.35    431   1.01
zinterp[348]    1.95    0.01   0.28   1.42   1.71   1.98    2.2   2.36    431   1.01
zinterp[349]    1.95    0.01   0.28   1.42   1.71   1.98   2.21   2.36    431   1.01
zinterp[350]    1.95    0.01   0.28   1.42   1.72   1.99   2.21   2.37    431   1.01
zinterp[351]    1.96    0.01   0.28   1.43   1.72   1.99   2.22   2.37    431   1.01
zinterp[352]    1.96    0.01   0.29   1.43   1.72    2.0   2.22   2.38    431   1.01
zinterp[353]    1.97    0.01   0.29   1.43   1.73    2.0   2.23   2.39    431   1.01
zinterp[354]    1.97    0.01   0.29   1.44   1.73   2.01   2.23   2.39    431   1.01
zinterp[355]    1.98    0.01   0.29   1.44   1.74   2.01   2.24    2.4    431   1.01
zinterp[356]    1.98    0.01   0.29   1.44   1.74   2.02   2.24    2.4    431   1.01
zinterp[357]    1.99    0.01   0.29   1.45   1.74   2.02   2.25   2.41    431   1.01
zinterp[358]    1.99    0.01   0.29   1.45   1.75   2.02   2.26   2.41    431   1.01
zinterp[359]     2.0    0.01   0.29   1.45   1.75   2.03   2.26   2.42    431   1.01
zinterp[360]     2.0    0.01   0.29   1.46   1.76   2.03   2.27   2.42    431   1.01
zinterp[361]    2.01    0.01   0.29   1.46   1.76   2.04   2.27   2.43    431   1.01
zinterp[362]    2.01    0.01   0.29   1.46   1.76   2.04   2.28   2.44    431   1.01
zinterp[363]    2.01    0.01   0.29   1.47   1.77   2.05   2.28   2.44    431   1.01
zinterp[364]    2.02    0.01   0.29   1.47   1.77   2.05   2.29   2.45    431   1.01
zinterp[365]    2.02    0.01   0.29   1.47   1.78   2.06   2.29   2.45    431   1.01
zinterp[366]    2.03    0.01    0.3   1.48   1.78   2.06    2.3   2.46    431   1.01
zinterp[367]    2.03    0.01    0.3   1.48   1.78   2.07    2.3   2.46    431   1.01
zinterp[368]    2.04    0.01    0.3   1.48   1.79   2.07   2.31   2.47    431   1.01
zinterp[369]    2.04    0.01    0.3   1.49   1.79   2.08   2.31   2.47    431   1.01
zinterp[370]    2.05    0.01    0.3   1.49    1.8   2.08   2.32   2.48    431   1.01
zinterp[371]    2.05    0.01    0.3   1.49    1.8   2.08   2.32   2.49    431   1.01
zinterp[372]    2.06    0.01    0.3    1.5    1.8   2.09   2.33   2.49    431   1.01
zinterp[373]    2.06    0.01    0.3    1.5   1.81   2.09   2.33    2.5    431   1.01
zinterp[374]    2.06    0.01    0.3    1.5   1.81    2.1   2.34    2.5    431   1.01
zinterp[375]    2.07    0.01    0.3   1.51   1.81    2.1   2.34   2.51    431   1.01
zinterp[376]    2.07    0.01    0.3   1.51   1.82   2.11   2.35   2.51    431   1.01
zinterp[377]    2.08    0.01    0.3   1.51   1.82   2.11   2.35   2.52    431   1.01
zinterp[378]    2.08    0.01    0.3   1.52   1.83   2.12   2.36   2.52    431   1.01
zinterp[379]    2.09    0.01    0.3   1.52   1.83   2.12   2.36   2.53    431   1.01
zinterp[380]    2.09    0.01    0.3   1.52   1.83   2.13   2.37   2.54    431   1.01
zinterp[381]     2.1    0.01   0.31   1.53   1.84   2.13   2.37   2.54    431   1.01
zinterp[382]     2.1    0.01   0.31   1.53   1.84   2.14   2.38   2.55    431   1.01
zinterp[383]     2.1    0.01   0.31   1.53   1.85   2.14   2.38   2.55    431   1.01
zinterp[384]    2.11    0.01   0.31   1.54   1.85   2.14   2.39   2.56    431   1.01
zinterp[385]    2.11    0.01   0.31   1.54   1.85   2.15   2.39   2.56    431   1.01
zinterp[386]    2.12    0.01   0.31   1.54   1.86   2.15    2.4   2.57    431   1.01
zinterp[387]    2.12    0.01   0.31   1.54   1.86   2.16    2.4   2.57    431   1.01
zinterp[388]    2.13    0.01   0.31   1.55   1.87   2.16   2.41   2.58    431   1.01
zinterp[389]    2.13    0.01   0.31   1.55   1.87   2.17   2.41   2.59    431   1.01
zinterp[390]    2.14    0.02   0.31   1.55   1.87   2.17   2.42   2.59    431   1.01
zinterp[391]    2.14    0.02   0.31   1.56   1.88   2.18   2.42    2.6    431   1.01
zinterp[392]    2.15    0.02   0.31   1.56   1.88   2.18   2.43    2.6    431   1.01
zinterp[393]    2.15    0.02   0.31   1.56   1.89   2.19   2.44   2.61    431   1.01
zinterp[394]    2.15    0.02   0.31   1.57   1.89   2.19   2.44   2.61    431   1.01
zinterp[395]    2.16    0.02   0.31   1.57   1.89   2.19   2.45   2.62    431   1.01
zinterp[396]    2.16    0.02   0.32   1.57    1.9    2.2   2.45   2.62    431   1.01
zinterp[397]    2.17    0.02   0.32   1.58    1.9    2.2   2.46   2.63    431   1.01
zinterp[398]    2.17    0.02   0.32   1.58   1.91   2.21   2.46   2.63    431   1.01
zinterp[399]    2.18    0.02   0.32   1.58   1.91   2.21   2.47   2.64    431   1.01
zinterp[400]    2.18    0.02   0.32   1.59   1.91   2.22   2.47   2.65    431   1.01
zinterp[401]    2.19    0.02   0.32   1.59   1.92   2.22   2.48   2.65    431   1.01
zinterp[402]    2.19    0.02   0.32   1.59   1.92   2.23   2.48   2.66    431   1.01
zinterp[403]    2.19    0.02   0.32    1.6   1.92   2.23   2.49   2.66    431   1.01
zinterp[404]     2.2    0.02   0.32    1.6   1.93   2.24   2.49   2.67    431   1.01
zinterp[405]     2.2    0.02   0.32    1.6   1.93   2.24    2.5   2.67    431   1.01
zinterp[406]    2.21    0.02   0.32   1.61   1.94   2.24    2.5   2.68    431   1.01
zinterp[407]    2.21    0.02   0.32   1.61   1.94   2.25   2.51   2.68    431   1.01
zinterp[408]    2.22    0.02   0.32   1.61   1.94   2.25   2.51   2.69    431   1.01
zinterp[409]    2.22    0.02   0.32   1.62   1.95   2.26   2.52   2.69    431   1.01
zinterp[410]    2.23    0.02   0.33   1.62   1.95   2.26   2.52    2.7    431   1.01
zinterp[411]    2.23    0.02   0.33   1.62   1.96   2.27   2.53   2.71    431   1.01
zinterp[412]    2.23    0.02   0.33   1.63   1.96   2.27   2.53   2.71    431   1.01
zinterp[413]    2.24    0.02   0.33   1.63   1.96   2.28   2.54   2.72    431   1.01
zinterp[414]    2.24    0.02   0.33   1.63   1.97   2.28   2.54   2.72    431   1.01
zinterp[415]    2.25    0.02   0.33   1.64   1.97   2.29   2.55   2.73    431   1.01
zinterp[416]    2.25    0.02   0.33   1.64   1.98   2.29   2.55   2.73    431   1.01
zinterp[417]    2.26    0.02   0.33   1.64   1.98   2.29   2.56   2.74    431   1.01
zinterp[418]    2.26    0.02   0.33   1.64   1.98    2.3   2.56   2.74    431   1.01
zinterp[419]    2.27    0.02   0.33   1.65   1.99    2.3   2.57   2.75    431   1.01
zinterp[420]    2.27    0.02   0.33   1.65   1.99   2.31   2.57   2.75    431   1.01
zinterp[421]    2.27    0.02   0.33   1.65   1.99   2.31   2.58   2.76    431   1.01
zinterp[422]    2.28    0.02   0.33   1.66    2.0   2.32   2.58   2.77    431   1.01
zinterp[423]    2.28    0.02   0.33   1.66    2.0   2.32   2.59   2.77    431   1.01
zinterp[424]    2.29    0.02   0.33   1.66   2.01   2.33   2.59   2.78    431   1.01
zinterp[425]    2.29    0.02   0.34   1.67   2.01   2.33    2.6   2.78    431   1.01
zinterp[426]     2.3    0.02   0.34   1.67   2.01   2.34    2.6   2.79    431   1.01
zinterp[427]     2.3    0.02   0.34   1.67   2.02   2.34   2.61   2.79    431   1.01
zinterp[428]    2.31    0.02   0.34   1.68   2.02   2.34   2.61    2.8    431   1.01
zinterp[429]    2.31    0.02   0.34   1.68   2.03   2.35   2.62    2.8    431   1.01
zinterp[430]    2.31    0.02   0.34   1.68   2.03   2.35   2.62   2.81    431   1.01
zinterp[431]    2.32    0.02   0.34   1.69   2.03   2.36   2.63   2.81    431   1.01
zinterp[432]    2.32    0.02   0.34   1.69   2.04   2.36   2.63   2.82    431   1.01
zinterp[433]    2.33    0.02   0.34   1.69   2.04   2.37   2.64   2.83    431   1.01
zinterp[434]    2.33    0.02   0.34    1.7   2.05   2.37   2.64   2.83    431   1.01
zinterp[435]    2.34    0.02   0.34    1.7   2.05   2.38   2.65   2.84    431   1.01
zinterp[436]    2.34    0.02   0.34    1.7   2.05   2.38   2.65   2.84    431   1.01
zinterp[437]    2.35    0.02   0.34   1.71   2.06   2.38   2.66   2.85    431   1.01
zinterp[438]    2.35    0.02   0.34   1.71   2.06   2.39   2.66   2.85    431   1.01
zinterp[439]    2.35    0.02   0.34   1.71   2.06   2.39   2.67   2.86    431   1.01
zinterp[440]    2.36    0.02   0.35   1.71   2.07    2.4   2.67   2.86    431   1.01
zinterp[441]    2.36    0.02   0.35   1.72   2.07    2.4   2.68   2.87    431   1.01
zinterp[442]    2.37    0.02   0.35   1.72   2.08   2.41   2.68   2.87    431   1.01
zinterp[443]    2.37    0.02   0.35   1.72   2.08   2.41   2.69   2.88    431   1.01
zinterp[444]    2.38    0.02   0.35   1.73   2.08   2.42   2.69   2.88    431   1.01
zinterp[445]    2.38    0.02   0.35   1.73   2.09   2.42    2.7   2.89    431   1.01
zinterp[446]    2.39    0.02   0.35   1.73   2.09   2.43    2.7    2.9    431   1.01
zinterp[447]    2.39    0.02   0.35   1.74    2.1   2.43   2.71    2.9    431   1.01
zinterp[448]    2.39    0.02   0.35   1.74    2.1   2.43   2.71   2.91    431   1.01
zinterp[449]     2.4    0.02   0.35   1.74    2.1   2.44   2.72   2.91    431   1.01
zinterp[450]     2.4    0.02   0.35   1.75   2.11   2.44   2.72   2.92    431   1.01
zinterp[451]    2.41    0.02   0.35   1.75   2.11   2.45   2.73   2.92    431   1.01
zinterp[452]    2.41    0.02   0.35   1.75   2.11   2.45   2.73   2.93    431   1.01
zinterp[453]    2.42    0.02   0.35   1.76   2.12   2.46   2.74   2.93    431   1.01
zinterp[454]    2.42    0.02   0.35   1.76   2.12   2.46   2.74   2.94    431   1.01
zinterp[455]    2.43    0.02   0.36   1.76   2.13   2.47   2.75   2.94    431   1.01
zinterp[456]    2.43    0.02   0.36   1.77   2.13   2.47   2.75   2.95    431   1.01
zinterp[457]    2.43    0.02   0.36   1.77   2.13   2.47   2.76   2.95    431   1.01
zinterp[458]    2.44    0.02   0.36   1.77   2.14   2.48   2.76   2.96    431   1.01
zinterp[459]    2.44    0.02   0.36   1.78   2.14   2.48   2.77   2.97    431   1.01
zinterp[460]    2.45    0.02   0.36   1.78   2.15   2.49   2.77   2.97    431   1.01
zinterp[461]    2.45    0.02   0.36   1.78   2.15   2.49   2.78   2.98    431   1.01
zinterp[462]    2.46    0.02   0.36   1.78   2.15    2.5   2.78   2.98    431   1.01
zinterp[463]    2.46    0.02   0.36   1.79   2.16    2.5   2.79   2.99    431   1.01
zinterp[464]    2.46    0.02   0.36   1.79   2.16   2.51   2.79   2.99    431   1.01
zinterp[465]    2.47    0.02   0.36   1.79   2.16   2.51    2.8    3.0    431   1.01
zinterp[466]    2.47    0.02   0.36    1.8   2.17   2.51    2.8    3.0    431   1.01
zinterp[467]    2.48    0.02   0.36    1.8   2.17   2.52   2.81   3.01    431   1.01
zinterp[468]    2.48    0.02   0.36    1.8   2.18   2.52   2.81   3.01    431   1.01
zinterp[469]    2.49    0.02   0.36   1.81   2.18   2.53   2.82   3.02    431   1.01
zinterp[470]    2.49    0.02   0.37   1.81   2.18   2.53   2.82   3.02    431   1.01
zinterp[471]     2.5    0.02   0.37   1.81   2.19   2.54   2.83   3.03    431   1.01
zinterp[472]     2.5    0.02   0.37   1.82   2.19   2.54   2.83   3.04    431   1.01
zinterp[473]     2.5    0.02   0.37   1.82   2.19   2.55   2.84   3.04    431   1.01
zinterp[474]    2.51    0.02   0.37   1.82    2.2   2.55   2.84   3.05    431   1.01
zinterp[475]    2.51    0.02   0.37   1.83    2.2   2.55   2.85   3.05    431   1.01
zinterp[476]    2.52    0.02   0.37   1.83   2.21   2.56   2.85   3.06    431   1.01
zinterp[477]    2.52    0.02   0.37   1.83   2.21   2.56   2.86   3.06    431   1.01
zinterp[478]    2.53    0.02   0.37   1.83   2.21   2.57   2.86   3.07    431   1.01
zinterp[479]    2.53    0.02   0.37   1.84   2.22   2.57   2.87   3.07    431   1.01
zinterp[480]    2.53    0.02   0.37   1.84   2.22   2.58   2.87   3.08    431   1.01
zinterp[481]    2.54    0.02   0.37   1.84   2.23   2.58   2.88   3.08    431   1.01
zinterp[482]    2.54    0.02   0.37   1.85   2.23   2.59   2.88   3.09    431   1.01
zinterp[483]    2.55    0.02   0.37   1.85   2.23   2.59   2.89   3.09    431   1.01
zinterp[484]    2.55    0.02   0.37   1.85   2.24   2.59   2.89    3.1    431   1.01
zinterp[485]    2.56    0.02   0.38   1.86   2.24    2.6    2.9    3.1    431   1.01
zinterp[486]    2.56    0.02   0.38   1.86   2.24    2.6    2.9   3.11    431   1.01
zinterp[487]    2.57    0.02   0.38   1.86   2.25   2.61   2.91   3.12    431   1.01
zinterp[488]    2.57    0.02   0.38   1.87   2.25   2.61   2.91   3.12    431   1.01
zinterp[489]    2.57    0.02   0.38   1.87   2.26   2.62   2.92   3.13    431   1.01
zinterp[490]    2.58    0.02   0.38   1.87   2.26   2.62   2.92   3.13    431   1.01
zinterp[491]    2.58    0.02   0.38   1.88   2.26   2.63   2.93   3.14    431   1.01
zinterp[492]    2.59    0.02   0.38   1.88   2.27   2.63   2.93   3.14    431   1.01
zinterp[493]    2.59    0.02   0.38   1.88   2.27   2.63   2.94   3.15    431   1.01
zinterp[494]     2.6    0.02   0.38   1.88   2.27   2.64   2.94   3.15    431   1.01
zinterp[495]     2.6    0.02   0.38   1.89   2.28   2.64   2.95   3.16    431   1.01
zinterp[496]     2.6    0.02   0.38   1.89   2.28   2.65   2.95   3.16    431   1.01
zinterp[497]    2.61    0.02   0.38   1.89   2.29   2.65   2.96   3.17    431   1.01
zinterp[498]    2.61    0.02   0.38    1.9   2.29   2.66   2.96   3.17    431   1.01
zinterp[499]    2.62    0.02   0.38    1.9   2.29   2.66   2.97   3.18    431   1.01
lp__          -30.72    0.62  13.67 -58.18 -39.87 -30.47 -21.53  -4.53    491    1.0

Samples were drawn using NUTS at Wed Sep  5 01:58:01 2018.
For each parameter, n_eff is a crude measure of effective sample size,
and Rhat is the potential scale reduction factor on split chains (at 
convergence, Rhat=1).
