Called with the following command line:
/cm/local/apps/slurm/var/spool/job110535/slurm_script --sampfile parameters_small.h5 --samp 128 --selfile selected.h5 --nsel 4096 --chainfile population_small2.h5 --tracefile traceplot_small2.pdf

Gradient evaluation took 0.04 seconds
1000 transitions using 10 leapfrog steps per transition would take 400 seconds.
Adjust your expectations accordingly!



Gradient evaluation took 0.03 seconds
1000 transitions using 10 leapfrog steps per transition would take 300 seconds.
Adjust your expectations accordingly!



Gradient evaluation took 0.03 seconds
1000 transitions using 10 leapfrog steps per transition would take 300 seconds.
Adjust your expectations accordingly!



Gradient evaluation took 0.03 seconds
1000 transitions using 10 leapfrog steps per transition would take 300 seconds.
Adjust your expectations accordingly!


Iteration:    1 / 2000 [  0%]  (Warmup)
Iteration:    1 / 2000 [  0%]  (Warmup)
Iteration:    1 / 2000 [  0%]  (Warmup)
Iteration:    1 / 2000 [  0%]  (Warmup)
Iteration:  200 / 2000 [ 10%]  (Warmup)
Iteration:  200 / 2000 [ 10%]  (Warmup)
Iteration:  200 / 2000 [ 10%]  (Warmup)
Iteration:  200 / 2000 [ 10%]  (Warmup)
Iteration:  400 / 2000 [ 20%]  (Warmup)
Iteration:  400 / 2000 [ 20%]  (Warmup)
Iteration:  400 / 2000 [ 20%]  (Warmup)
Iteration:  600 / 2000 [ 30%]  (Warmup)
Iteration:  600 / 2000 [ 30%]  (Warmup)
Iteration:  400 / 2000 [ 20%]  (Warmup)
Iteration:  600 / 2000 [ 30%]  (Warmup)
Iteration:  800 / 2000 [ 40%]  (Warmup)
Iteration:  800 / 2000 [ 40%]  (Warmup)
Iteration:  600 / 2000 [ 30%]  (Warmup)
Iteration:  800 / 2000 [ 40%]  (Warmup)
Iteration: 1000 / 2000 [ 50%]  (Warmup)
Iteration: 1001 / 2000 [ 50%]  (Sampling)
Iteration: 1000 / 2000 [ 50%]  (Warmup)
Iteration: 1001 / 2000 [ 50%]  (Sampling)
Iteration: 1000 / 2000 [ 50%]  (Warmup)
Iteration: 1001 / 2000 [ 50%]  (Sampling)
Iteration:  800 / 2000 [ 40%]  (Warmup)
Iteration: 1200 / 2000 [ 60%]  (Sampling)
Iteration: 1000 / 2000 [ 50%]  (Warmup)
Iteration: 1001 / 2000 [ 50%]  (Sampling)
Iteration: 1200 / 2000 [ 60%]  (Sampling)
Iteration: 1400 / 2000 [ 70%]  (Sampling)
Iteration: 1200 / 2000 [ 60%]  (Sampling)
Iteration: 1200 / 2000 [ 60%]  (Sampling)
Iteration: 1400 / 2000 [ 70%]  (Sampling)
Iteration: 1600 / 2000 [ 80%]  (Sampling)
Iteration: 1400 / 2000 [ 70%]  (Sampling)
Iteration: 1800 / 2000 [ 90%]  (Sampling)
Iteration: 1600 / 2000 [ 80%]  (Sampling)
Iteration: 1400 / 2000 [ 70%]  (Sampling)
Iteration: 1600 / 2000 [ 80%]  (Sampling)
Iteration: 2000 / 2000 [100%]  (Sampling)

 Elapsed Time: 7049.73 seconds (Warm-up)
               7954.22 seconds (Sampling)
               15004 seconds (Total)

Iteration: 1800 / 2000 [ 90%]  (Sampling)
Iteration: 1800 / 2000 [ 90%]  (Sampling)
Iteration: 2000 / 2000 [100%]  (Sampling)

 Elapsed Time: 8132.12 seconds (Warm-up)
               8949.14 seconds (Sampling)
               17081.3 seconds (Total)

Iteration: 1600 / 2000 [ 80%]  (Sampling)
Iteration: 2000 / 2000 [100%]  (Sampling)

 Elapsed Time: 9588.04 seconds (Warm-up)
               8529.2 seconds (Sampling)
               18117.2 seconds (Total)

Iteration: 1800 / 2000 [ 90%]  (Sampling)
Iteration: 2000 / 2000 [100%]  (Sampling)

 Elapsed Time: 8010.03 seconds (Warm-up)
               16529.8 seconds (Sampling)
               24539.9 seconds (Total)

Inference for Stan model: anon_model_9e61e5cc3f3e071096fc162ad5ad31a5.
4 chains, each with iter=2000; warmup=1000; thin=1; 
post-warmup draws per chain=1000, total post-warmup draws=4000.

               mean se_mean     sd   2.5%    25%    50%    75%  97.5%  n_eff   Rhat
H0            67.93    0.25  10.85  51.54  59.48  66.59   75.1  92.11   1949    1.0
R0           131.81    0.65  41.41   68.2 102.88 125.57 154.51 232.06   4000   1.01
alpha          1.47    0.04   0.45   0.55   1.16   1.48   1.79   2.31    145   1.03
beta          -0.43  8.0e-3    0.5  -1.37  -0.78  -0.44   -0.1   0.61   4000   1.01
gamma          2.76    0.01   0.83   1.14   2.18   2.77   3.32   4.41   4000    1.0
MMin           5.75    0.11   0.38   4.52   5.62   5.79   5.97   6.33     13   1.35
MMax          42.27     0.1   2.77  37.26   40.3  42.07  44.17  47.92    836    1.0
m1_true[0]    18.45    0.04   2.33  14.79  16.69  18.18  19.99  23.53   4000    1.0
m1_true[1]    25.52    0.07   3.77  19.84  22.65  24.97  27.87  34.02   3023    1.0
m1_true[2]    11.96    0.02   1.43   9.67  10.85  11.83   12.9  15.07   4000    1.0
m1_true[3]    37.68    0.08   3.92  29.29  35.27   37.9  40.36  45.04   2269    1.0
m1_true[4]    22.25    0.07   3.55  15.58  19.73  22.27  24.65  29.16   2755    1.0
m1_true[5]    33.57    0.06   3.54  27.42  30.85   33.4  36.14  40.56   4000    1.0
m1_true[6]    14.98    0.05   2.33   11.0  13.29  14.76  16.46  19.94   2464    1.0
m1_true[7]    33.69    0.07   4.17  26.41  30.57  33.44  36.58  42.25   4000    1.0
m1_true[8]     17.2    0.02   1.57  14.23  16.07  17.17  18.29  20.35   4000    1.0
m1_true[9]    30.04    0.07   3.69  23.66  27.39  29.77  32.36  37.82   3160    1.0
m1_true[10]   37.53    0.07   3.44  30.73  35.18  37.63  39.87  44.14   2786    1.0
m1_true[11]   39.03    0.09   3.39  32.08  36.85  39.19  41.37  45.26   1550    1.0
m1_true[12]   28.46    0.07   3.83  22.13  25.74  28.09  30.75  37.17   3042    1.0
m1_true[13]   30.82    0.06   3.48  24.95  28.31  30.52  33.09  38.06   2945    1.0
m1_true[14]    36.5    0.08   3.82   29.2  33.73  36.63  39.23  43.72   2306    1.0
m1_true[15]   29.73    0.05   3.01  24.74  27.48  29.36  31.82   35.9   4000    1.0
m1_true[16]   32.04    0.05   3.42  26.03  29.63  31.72  34.28  39.54   4000    1.0
m1_true[17]   32.09    0.04   2.27  27.63  30.53  32.12   33.6  36.56   4000    1.0
m1_true[18]    36.6    0.08   3.64   29.3  34.16  36.58  39.08  43.56   1903    1.0
m1_true[19]   29.42    0.07   3.78  22.37  26.77  29.32  31.94  37.07   2665    1.0
m1_true[20]   39.69    0.08   2.87  34.17  37.77  39.68  41.56  45.58   1363    1.0
m1_true[21]   16.15    0.03   1.32   14.0  15.21  15.99  16.92  19.19   2668    1.0
m1_true[22]    31.1    0.04   2.61  26.88  29.19  30.68  32.66  37.11   4000    1.0
m1_true[23]   19.06    0.03    1.9  15.67  17.77  18.92  20.17  23.41   4000    1.0
m1_true[24]   24.35    0.04    2.0  20.46  23.02   24.3  25.67  28.48   2852    1.0
m1_true[25]   12.19    0.02   1.47   9.95  11.05  11.98  13.11  15.68   4000    1.0
m1_true[26]   15.95    0.03   2.08  12.51  14.33  15.88  17.35  20.27   4000    1.0
m1_true[27]     6.4    0.04    0.4   5.76   6.14   6.35   6.61   7.36     85   1.04
m1_true[28]   16.84    0.03   1.77  13.98   15.6  16.61  17.87  20.98   4000    1.0
m1_true[29]   28.09    0.08   4.35  20.69  24.94  27.69  30.84  37.33   2844    1.0
m1_true[30]   34.55    0.05   3.01  29.72  32.23  34.19  36.58  40.89   4000    1.0
m1_true[31]   28.74    0.09   4.23  22.48  25.71  27.94  31.29  38.62   2171    1.0
m1_true[32]    30.6    0.04   2.22  26.89   29.0  30.32  31.97  35.47   4000    1.0
m1_true[33]   28.47    0.09   4.54  21.48  25.09  27.77  31.22  38.67   2532    1.0
m1_true[34]   40.43    0.08   2.78  35.26  38.55  40.29  42.24  46.18   1257    1.0
m1_true[35]   24.05    0.03   1.59  21.46  22.84  23.89  25.14  27.33   4000    1.0
m1_true[36]   35.29    0.06    3.9  28.37  32.44  35.06  38.04  43.04   4000    1.0
m1_true[37]   39.27    0.09   3.32  32.83  36.96  39.23  41.58  45.69   1316    1.0
m1_true[38]   18.03    0.04   2.25  14.14  16.36  17.91  19.58  22.69   4000    1.0
m1_true[39]   24.45    0.07   2.92  18.27  22.62  24.65  26.47  29.91   1811    1.0
m1_true[40]   38.73    0.07   3.13  32.58  36.64  38.79  40.84  44.87   1941    1.0
m1_true[41]   16.18    0.04   2.25  12.63  14.49  15.91  17.59  21.29   3465    1.0
m1_true[42]   24.15    0.04   2.57  19.81  22.25  23.93  25.88  29.62   4000    1.0
m1_true[43]   21.44    0.03    1.6  18.39  20.37  21.43  22.51  24.71   4000    1.0
m1_true[44]   38.72    0.08    3.2  32.31  36.54  38.74  40.89  44.96   1757    1.0
m1_true[45]   36.09    0.08   3.49  29.61   33.7   35.9  38.54  43.13   1846    1.0
m1_true[46]   26.87    0.06   3.45  21.06  24.27  26.53  29.25  34.12   3197    1.0
m1_true[47]   12.17    0.03   1.86   9.14  10.73  12.05   13.4  16.24   4000    1.0
m1_true[48]   18.31    0.11    1.8  14.06  17.26  18.37  19.54  21.56    285   1.02
m1_true[49]   37.41    0.06   3.03  31.95   35.2  37.32  39.39  43.53   2739    1.0
m1_true[50]   31.17    0.08   4.18  23.89  27.99  30.93  33.95  39.88   2636    1.0
m1_true[51]   29.85    0.05   3.22  23.58  27.58   29.9  32.11  36.06   4000    1.0
m1_true[52]    21.8    0.04   2.27  18.02  20.13  21.56   23.3  26.72   4000    1.0
m1_true[53]   35.45    0.07   3.37   29.2  33.03  35.31  37.79  42.11   2196    1.0
m1_true[54]   13.09    0.02   1.29  11.04  12.13   12.9  13.92  15.97   4000    1.0
m1_true[55]   34.44    0.07   3.93  26.97   31.7  34.35  37.22  41.98   2777    1.0
m1_true[56]   33.51    0.08   4.38  25.15  30.34  33.41  36.63  42.02   2982    1.0
m1_true[57]    30.8    0.05   3.35  25.29  28.25  30.51  33.11  37.86   4000    1.0
m1_true[58]   20.42    0.03   1.87  17.23  19.01  20.33  21.66  24.41   4000    1.0
m1_true[59]   34.01    0.06   3.94  26.79  31.14  33.72   36.8  41.98   4000    1.0
m1_true[60]   33.41    0.04   2.47  29.35  31.54  33.18   35.1  38.63   4000    1.0
m2_frac[0]     0.59  3.2e-3    0.2   0.24   0.43   0.58   0.75   0.96   4000    1.0
m2_frac[1]     0.62  3.0e-3   0.19    0.3   0.47   0.61   0.77   0.97   4000    1.0
m2_frac[2]     0.43  3.6e-3   0.23   0.07   0.25   0.39   0.58   0.92   4000    1.0
m2_frac[3]      0.6  2.6e-3   0.13   0.41    0.5   0.58   0.69   0.91   2652    1.0
m2_frac[4]     0.39  4.3e-3   0.18   0.16   0.27   0.34   0.47   0.89   1803    1.0
m2_frac[5]     0.72  2.4e-3   0.15   0.46   0.59   0.71   0.85   0.98   4000    1.0
m2_frac[6]     0.46  5.3e-3   0.22   0.12   0.28   0.42   0.61   0.94   1821    1.0
m2_frac[7]     0.72  2.5e-3   0.16   0.42   0.59   0.72   0.85   0.98   4000    1.0
m2_frac[8]     0.08  7.7e-3   0.05 5.1e-3   0.03   0.07   0.11    0.2     46   1.07
m2_frac[9]     0.75  2.4e-3   0.15   0.46   0.63   0.75   0.87   0.99   4000    1.0
m2_frac[10]    0.79  1.9e-3   0.12   0.54    0.7   0.79   0.88   0.99   4000    1.0
m2_frac[11]    0.86  1.4e-3   0.09   0.66    0.8   0.87   0.93   0.99   4000    1.0
m2_frac[12]    0.67  2.6e-3   0.17   0.37   0.53   0.67    0.8   0.97   4000    1.0
m2_frac[13]    0.73  2.4e-3   0.15   0.45   0.61   0.73   0.85   0.98   4000    1.0
m2_frac[14]    0.67  2.1e-3   0.13   0.46   0.57   0.65   0.76   0.96   4000    1.0
m2_frac[15]    0.72  2.3e-3   0.15   0.46   0.61   0.72   0.84   0.97   4000    1.0
m2_frac[16]    0.76  2.1e-3   0.14   0.49   0.66   0.76   0.87   0.98   4000    1.0
m2_frac[17]    0.46  1.2e-3   0.07   0.33   0.41   0.45    0.5   0.63   4000    1.0
m2_frac[18]    0.41  2.3e-3    0.1   0.27   0.35   0.39   0.46   0.68   1828    1.0
m2_frac[19]    0.76  2.2e-3   0.14   0.49   0.66   0.77   0.87   0.98   4000    1.0
m2_frac[20]    0.88  1.3e-3   0.08   0.68   0.83    0.9   0.95   0.99   4000    1.0
m2_frac[21]    0.76  2.2e-3   0.14   0.46   0.66   0.77   0.87   0.98   4000    1.0
m2_frac[22]    0.78  2.0e-3   0.13   0.52   0.68   0.79   0.88   0.98   4000    1.0
m2_frac[23]    0.74  2.2e-3   0.14   0.47   0.64   0.75   0.85   0.98   4000    1.0
m2_frac[24]    0.81  1.8e-3   0.11   0.58   0.72   0.82    0.9   0.99   4000    1.0
m2_frac[25]    0.53  3.6e-3   0.23   0.12   0.35   0.52   0.71   0.96   4000    1.0
m2_frac[26]    0.48  4.2e-3   0.21   0.16   0.32   0.44   0.63   0.95   2515    1.0
m2_frac[27]     0.4  4.4e-3   0.28   0.02   0.15   0.35   0.61   0.95   4000    1.0
m2_frac[28]     0.7  2.6e-3   0.17   0.37   0.59   0.71   0.84   0.98   4000    1.0
m2_frac[29]    0.42  3.8e-3   0.18   0.17   0.29   0.38    0.5   0.88   2135    1.0
m2_frac[30]    0.74  2.2e-3   0.14   0.49   0.63   0.74   0.85   0.98   4000    1.0
m2_frac[31]    0.64  2.9e-3   0.18   0.31    0.5   0.64   0.78   0.97   4000    1.0
m2_frac[32]     0.8  1.8e-3   0.12   0.56   0.72   0.81   0.89   0.98   4000    1.0
m2_frac[33]    0.61  3.2e-3    0.2   0.26   0.45   0.61   0.77   0.97   4000    1.0
m2_frac[34]    0.86  2.1e-3   0.09   0.66    0.8   0.87   0.93   0.99   1812    1.0
m2_frac[35]    0.79  1.9e-3   0.12   0.56    0.7    0.8   0.89   0.99   4000    1.0
m2_frac[36]    0.66  2.4e-3   0.15    0.4   0.54   0.65   0.77   0.96   4000    1.0
m2_frac[37]    0.64  3.8e-3   0.14    0.4   0.54   0.63   0.73   0.93   1308    1.0
m2_frac[38]    0.48  4.2e-3   0.19    0.2   0.34   0.45    0.6    0.9   1975    1.0
m2_frac[39]    0.38  4.7e-3   0.15   0.21   0.29   0.34   0.43   0.82    975   1.01
m2_frac[40]    0.84  1.6e-3    0.1   0.61   0.77   0.85   0.92   0.99   4000    1.0
m2_frac[41]    0.62  3.4e-3    0.2   0.28   0.46   0.62   0.77   0.96   3321    1.0
m2_frac[42]    0.67  2.6e-3   0.16   0.39   0.54   0.66   0.79   0.97   4000    1.0
m2_frac[43]    0.15  5.8e-3   0.05   0.08   0.12   0.15   0.18   0.27     70   1.05
m2_frac[44]    0.82  1.7e-3   0.11   0.59   0.74   0.82    0.9   0.99   4000    1.0
m2_frac[45]    0.75  2.0e-3   0.13   0.52   0.65   0.75   0.85   0.98   4000    1.0
m2_frac[46]    0.61  2.8e-3   0.18   0.31   0.46   0.59   0.74   0.96   4000    1.0
m2_frac[47]    0.28  4.5e-3   0.23   0.01    0.1   0.21   0.41   0.88   2681    1.0
m2_frac[48]    0.37    0.01   0.15   0.18   0.27   0.34   0.41   0.86    149   1.03
m2_frac[49]    0.72  2.3e-3   0.12   0.53   0.63    0.7    0.8   0.97   2811    1.0
m2_frac[50]    0.07  3.7e-3   0.04   0.01   0.04   0.06   0.09   0.15     93   1.04
m2_frac[51]    0.16  1.7e-3   0.05   0.08   0.12   0.15   0.18   0.27    769   1.02
m2_frac[52]     0.7  2.5e-3   0.16   0.39   0.58    0.7   0.83   0.98   4000    1.0
m2_frac[53]    0.82  1.6e-3    0.1    0.6   0.75   0.83    0.9   0.99   4000    1.0
m2_frac[54]    0.67  3.0e-3   0.19    0.3   0.53    0.7   0.82   0.98   4000    1.0
m2_frac[55]    0.79  1.9e-3   0.12   0.56    0.7    0.8   0.89   0.99   4000    1.0
m2_frac[56]    0.13  1.3e-3   0.05   0.05    0.1   0.12   0.16   0.24   1450   1.01
m2_frac[57]    0.72  2.4e-3   0.15   0.44    0.6   0.71   0.84   0.98   4000    1.0
m2_frac[58]    0.65  2.5e-3   0.16   0.37   0.52   0.63   0.76   0.96   4000    1.0
m2_frac[59]    0.74  2.3e-3   0.15   0.47   0.62   0.74   0.86   0.99   4000    1.0
m2_frac[60]    0.78  1.9e-3   0.12   0.55   0.69   0.78   0.87   0.98   4000    1.0
dl_true[0]     1.27  4.7e-3    0.3   0.72   1.07   1.25   1.45   1.92   4000    1.0
dl_true[1]     1.82  5.6e-3   0.36   1.14   1.56   1.83   2.07   2.51   4000    1.0
dl_true[2]     1.27  3.1e-3    0.2   0.89   1.13   1.26    1.4   1.67   4000    1.0
dl_true[3]     3.04  9.2e-3   0.58   1.95   2.62    3.0   3.44   4.22   4000    1.0
dl_true[4]     2.56  6.6e-3   0.42   1.79   2.25   2.54   2.84   3.39   4000    1.0
dl_true[5]     2.07  4.1e-3   0.26   1.61   1.88   2.06   2.25   2.59   4000    1.0
dl_true[6]      1.6    0.01    0.4   0.92   1.33   1.55   1.81   2.67    884    1.0
dl_true[7]     4.54    0.01   0.91   2.96    3.9   4.48   5.11   6.61   4000    1.0
dl_true[8]     1.18  2.8e-3   0.18   0.86   1.06   1.18   1.29   1.57   4000    1.0
dl_true[9]      5.7    0.02   0.97   3.95   5.02   5.67    6.3   7.89   2736    1.0
dl_true[10]    4.68    0.01   0.93   3.06    4.0   4.59   5.29   6.69   4000    1.0
dl_true[11]    8.61    0.02   1.26   6.54   7.75   8.42   9.28  11.61   3142    1.0
dl_true[12]    3.27    0.01   0.66   2.04   2.85   3.26   3.65   4.53   4000    1.0
dl_true[13]     3.3  8.4e-3   0.53   2.28   2.94    3.3   3.64    4.4   4000    1.0
dl_true[14]    3.36  7.0e-3   0.44   2.48   3.08   3.36   3.65   4.21   4000    1.0
dl_true[15]    1.71  5.0e-3   0.31   1.14   1.49   1.67    1.9   2.36   4000    1.0
dl_true[16]    3.02    0.01   0.67    1.8   2.56   2.96   3.42   4.49   4000    1.0
dl_true[17]    1.04  1.3e-3   0.08   0.89   0.99   1.04    1.1   1.21   4000    1.0
dl_true[18]    1.76  7.0e-3   0.37   1.16    1.5   1.71   1.97   2.67   2819    1.0
dl_true[19]    5.19    0.03   1.18   3.29   4.39   5.04   5.86   8.13   1492    1.0
dl_true[20]    4.19  9.9e-3   0.62   3.11   3.73   4.12    4.6   5.48   4000    1.0
dl_true[21]    0.95  3.4e-3   0.21   0.59    0.8   0.93   1.09    1.4   4000    1.0
dl_true[22]    1.31  2.8e-3   0.18   0.96   1.19   1.31   1.43   1.65   4000    1.0
dl_true[23]    4.09    0.01   0.75   2.81   3.55    4.0   4.57   5.68   4000    1.0
dl_true[24]    3.39  7.5e-3   0.48   2.51   3.06   3.37   3.69   4.41   4000    1.0
dl_true[25]    1.22  3.7e-3   0.24   0.81   1.06   1.21   1.37   1.72   4000    1.0
dl_true[26]    1.38  3.8e-3   0.24   0.96   1.21   1.36   1.54   1.91   4000    1.0
dl_true[27]    1.03  3.0e-3   0.19   0.67    0.9   1.03   1.14   1.43   4000   1.01
dl_true[28]    1.99  6.5e-3   0.41   1.24   1.73   1.96   2.23   2.98   4000    1.0
dl_true[29]    1.81  7.5e-3   0.47   0.93   1.47   1.79   2.14   2.76   4000    1.0
dl_true[30]     1.1  2.7e-3   0.17   0.77   0.98    1.1   1.22   1.44   4000    1.0
dl_true[31]    2.48  9.5e-3    0.6   1.38   2.06   2.43   2.88   3.76   4000    1.0
dl_true[32]    1.59  2.3e-3   0.15    1.3    1.5   1.59   1.69   1.88   4000    1.0
dl_true[33]    3.26    0.01   0.66   2.03   2.79   3.26    3.7   4.65   4000    1.0
dl_true[34]    3.52  7.3e-3   0.46   2.65   3.18   3.53   3.84   4.41   4000    1.0
dl_true[35]    1.01  1.8e-3   0.11    0.8   0.93   1.01   1.08   1.23   4000    1.0
dl_true[36]    1.89  6.1e-3   0.39   1.11   1.64   1.89   2.15   2.65   4000    1.0
dl_true[37]    2.85    0.01   0.57   1.86   2.47   2.79   3.18   4.25   2437    1.0
dl_true[38]     1.6  4.3e-3   0.27   1.13   1.41   1.59   1.79   2.16   4000    1.0
dl_true[39]    1.02  2.9e-3   0.18   0.68   0.89   1.02   1.14   1.38   4000    1.0
dl_true[40]    5.52    0.02   0.89   4.07   4.89    5.4   6.01   7.67   1981    1.0
dl_true[41]    2.93  8.2e-3   0.52   1.98   2.55   2.91   3.29   3.98   4000    1.0
dl_true[42]    1.91  3.6e-3   0.23   1.51   1.75   1.89   2.06   2.38   4000    1.0
dl_true[43]    0.85  2.1e-3   0.13    0.6   0.76   0.84   0.94   1.11   4000    1.0
dl_true[44]    5.99    0.02   0.95   4.25   5.32   5.95   6.63    7.9   4000    1.0
dl_true[45]    3.82  7.4e-3   0.47   2.94    3.5   3.82   4.13   4.74   4000    1.0
dl_true[46]    3.02  7.0e-3   0.44   2.27   2.71   2.96   3.28   4.06   4000    1.0
dl_true[47]    1.92  5.6e-3   0.36   1.28   1.68   1.89   2.14   2.67   4000    1.0
dl_true[48]    0.88  1.7e-3    0.1   0.68    0.8   0.88   0.95   1.08   4000    1.0
dl_true[49]    2.08  1.9e-3   0.12   1.83    2.0   2.09   2.17   2.29   4000    1.0
dl_true[50]    2.57  7.7e-3   0.49   1.71   2.21   2.53   2.87   3.66   4000    1.0
dl_true[51]    2.07  6.4e-3   0.41   1.34   1.78   2.04   2.34   2.88   4000    1.0
dl_true[52]    1.57  5.4e-3   0.34   0.97   1.33   1.56   1.79   2.32   4000    1.0
dl_true[53]    4.46    0.01   0.77   3.11   3.94   4.41   4.93   6.17   3084    1.0
dl_true[54]    1.04  4.4e-3   0.28   0.53   0.84   1.01   1.23   1.63   4000    1.0
dl_true[55]    6.84    0.02   1.35   4.43   5.93   6.72   7.64   9.86   4000    1.0
dl_true[56]    2.29  8.7e-3   0.55   1.22   1.91   2.31   2.69    3.3   4000    1.0
dl_true[57]    2.64  6.5e-3   0.41    1.9   2.36   2.61   2.89   3.51   4000    1.0
dl_true[58]    0.92  2.3e-3   0.15   0.63   0.82   0.92    1.0   1.23   4000    1.0
dl_true[59]    2.89    0.01   0.68   1.66   2.43   2.84    3.3   4.39   4000    1.0
dl_true[60]    0.83  1.5e-3   0.09   0.65   0.77   0.83    0.9   1.01   4000    1.0
dH             4.52    0.02    0.7   3.25   3.99    4.5   5.04   5.82   1950   1.01
Nex           60.56    0.12   7.83  46.57  55.01   60.3  65.48  76.74   4000    1.0
sigma_Nex      3.67  9.1e-3   0.58   2.72   3.27   3.63   4.03   4.92   4000    1.0
neff_det     278.04    0.76  48.31 186.09 246.22 277.31 309.69 374.03   4000    1.0
m2_true[0]    12.83    0.02    1.5   9.88  11.74  12.91   14.0  15.42   4000    1.0
m2_true[1]    17.44    0.03   1.98  13.58  15.99  17.46  18.89  21.06   4000    1.0
m2_true[2]     8.13    0.01   0.87   6.41   7.53   8.13   8.77   9.77   4000    1.0
m2_true[3]    24.65    0.04   2.72  19.75  22.67  24.57  26.49  30.35   4000    1.0
m2_true[4]    11.72    0.03   1.49   9.25  10.64  11.53  12.63  15.16   2469    1.0
m2_true[5]     25.2    0.04   2.33  20.81  23.45  25.21  26.93   29.4   4000    1.0
m2_true[6]     9.52    0.03   1.15   7.38   8.66   9.52  10.35  11.74   1863    1.0
m2_true[7]    25.33    0.05   3.25  18.72  23.19  25.56   27.6   31.2   4000   1.01
m2_true[8]     6.57  7.1e-3   0.45   5.79   6.24   6.54   6.87   7.49   4000    1.0
m2_true[9]    23.49    0.04   2.68  18.13  21.69  23.61  25.41  28.47   4000    1.0
m2_true[10]   30.56    0.06   3.78  23.38  27.85  30.53  33.28  37.81   4000    1.0
m2_true[11]   34.24    0.06   3.67  27.06  31.72  34.31  36.76  41.14   4000    1.0
m2_true[12]    20.4    0.04   2.39  15.82  18.67  20.53  22.11  24.86   4000    1.0
m2_true[13]   23.52    0.05   2.42  18.81  21.88  23.55  25.21  28.15   2614    1.0
m2_true[14]   25.99    0.04   2.49  21.38  24.29  25.89  27.66  31.11   4000    1.0
m2_true[15]   22.65    0.03   2.06  18.73  21.18  22.66  24.17  26.49   4000    1.0
m2_true[16]   25.35    0.04   2.66  20.26  23.41  25.44  27.22  30.47   4000    1.0
m2_true[17]    17.7    0.02   1.07  15.65  16.97  17.69  18.42  19.84   2455    1.0
m2_true[18]    18.2    0.04   1.85  14.67  17.01  18.08  19.27  22.35   2519    1.0
m2_true[19]   23.44    0.05   2.68  18.23  21.58   23.4  25.18  28.75   2489   1.01
m2_true[20]   35.58    0.05   3.05  29.43  33.56  35.65  37.72   41.1   4000    1.0
m2_true[21]   13.47    0.01   0.89  11.61  12.86  13.54  14.12  15.06   4000    1.0
m2_true[22]   25.14    0.03   1.89  21.28  23.82  25.22  26.51  28.51   4000    1.0
m2_true[23]   15.49    0.02   1.58  12.42  14.38  15.52  16.59  18.57   4000    1.0
m2_true[24]   20.67    0.03   1.69  17.31  19.51  20.72  21.87  23.77   4000    1.0
m2_true[25]    8.89    0.01    0.9   6.98   8.29   8.96   9.56  10.46   4000    1.0
m2_true[26]    10.3    0.02   1.23   8.06   9.38  10.23  11.19  12.69   3156    1.0
m2_true[27]    5.97    0.04   0.28   5.36   5.81   5.99   6.15   6.47     41   1.08
m2_true[28]   13.34    0.02   1.26  10.82  12.46   13.4  14.25  15.61   4000    1.0
m2_true[29]   14.45    0.04   2.32  10.62  12.81   14.2  15.71  19.79   2942    1.0
m2_true[30]   26.61    0.04   2.26  22.25  24.98  26.65  28.31  30.66   4000    1.0
m2_true[31]   19.84    0.04   2.62  14.81  17.92   20.0  21.74  24.71   4000    1.0
m2_true[32]    25.4    0.03   1.77  21.77  24.23  25.45  26.66  28.61   4000    1.0
m2_true[33]   18.94    0.04   2.77  13.42  16.97  19.05  20.99  23.94   4000    1.0
m2_true[34]   35.46    0.06   3.05  29.29  33.33  35.67  37.64  40.82   2290   1.01
m2_true[35]   20.08    0.02   1.25  17.53  19.21  20.15  21.04  22.25   4000    1.0
m2_true[36]   24.72    0.04    2.8  19.52  22.69  24.61  26.63  30.48   4000    1.0
m2_true[37]   26.93    0.08   3.57  20.01  24.41  26.87  29.51  33.75   1864    1.0
m2_true[38]   11.33    0.02   1.31   8.94  10.39   11.3  12.24  13.96   4000    1.0
m2_true[39]   12.56    0.04   1.37  10.49   11.6  12.35  13.24  16.18   1171    1.0
m2_true[40]   33.29    0.06   3.61  25.79  30.93  33.48   35.9  39.86   4000    1.0
m2_true[41]   11.83    0.02   1.24   9.54  10.92   11.8  12.71  14.23   3348    1.0
m2_true[42]   17.66    0.03   1.66  14.49  16.41  17.69   18.9  20.76   4000    1.0
m2_true[43]    8.11  7.9e-3    0.5   7.18   7.77   8.09   8.42   9.21   4000    1.0
m2_true[44]   32.57    0.06   3.63  25.25   30.1  32.64  34.97  39.72   4000    1.0
m2_true[45]   28.24    0.04   2.63  23.14  26.35  28.25  30.15  33.09   4000    1.0
m2_true[46]   18.06    0.04   2.25   13.8  16.42  18.01  19.69  22.27   4000    1.0
m2_true[47]    7.21    0.02   0.92   5.75   6.48   7.08   7.85   9.12   2911    1.0
m2_true[48]   10.11    0.07    1.0   8.56   9.45   9.99  10.52   12.9    216   1.02
m2_true[49]   28.26    0.04   2.16  24.47  26.69   28.1  29.77  32.64   2940    1.0
m2_true[50]    7.36    0.01    0.7   6.09   6.87   7.33   7.82   8.84   4000    1.0
m2_true[51]    9.41    0.01   0.83   7.78   8.87   9.38   9.94  11.09   4000    1.0
m2_true[52]    16.7    0.02   1.57  13.51   15.6  16.78  17.87  19.53   4000    1.0
m2_true[53]   29.94    0.04   2.76  24.44  28.03  29.94   31.8  35.28   4000    1.0
m2_true[54]   10.51    0.01   0.89   8.63   9.95  10.54  11.14  12.16   4000    1.0
m2_true[55]   28.29    0.06   3.48  21.75  25.93  28.19  30.55  35.38   4000    1.0
m2_true[56]     9.2    0.02   1.02   7.26   8.53   9.15   9.82  11.35   2898    1.0
m2_true[57]   23.29    0.04   2.28  18.73   21.7  23.28  24.97  27.49   4000    1.0
m2_true[58]   14.95    0.02   1.28  12.55  13.98  14.95  15.91  17.32   4000    1.0
m2_true[59]   26.23    0.05   3.01   20.6  24.07  26.09  28.37  32.21   4000    1.0
m2_true[60]   26.98    0.03   1.74  23.39  25.76  27.11  28.31   30.0   4000    1.0
z_true[0]      0.24  9.6e-4   0.06   0.14    0.2   0.24   0.28   0.38   4000    1.0
z_true[1]      0.33  1.2e-3   0.07   0.21   0.28   0.33   0.38   0.49   4000    1.0
z_true[2]      0.24  7.5e-4   0.05   0.16   0.21   0.24   0.27   0.35   4000    1.0
z_true[3]      0.51  2.0e-3   0.11   0.32   0.44   0.51   0.59   0.73   2949    1.0
z_true[4]      0.45  1.4e-3   0.09    0.3   0.38   0.44    0.5   0.64   4000    1.0
z_true[5]      0.37  1.0e-3   0.07   0.27   0.33   0.37   0.41   0.52   4000    1.0
z_true[6]       0.3  2.5e-3   0.08   0.17   0.24   0.29   0.34   0.48    982   1.01
z_true[7]      0.72  2.4e-3   0.15   0.46   0.61    0.7   0.81   1.04   4000    1.0
z_true[8]      0.23  7.1e-4   0.05   0.16    0.2   0.23   0.26   0.33   4000    1.0
z_true[9]      0.86  3.1e-3   0.16   0.59   0.75   0.85   0.96   1.24   2832    1.0
z_true[10]     0.73  2.4e-3   0.15   0.47   0.62   0.72   0.83   1.06   4000    1.0
z_true[11]     1.21  4.3e-3    0.2   0.88   1.06   1.18   1.33   1.64   2150    1.0
z_true[12]     0.55  1.8e-3   0.12   0.35   0.47   0.54   0.62   0.81   4000    1.0
z_true[13]     0.55  2.1e-3    0.1   0.37   0.48   0.54   0.62   0.78   2330    1.0
z_true[14]     0.56  2.1e-3    0.1   0.39   0.49   0.55   0.62   0.76   2165    1.0
z_true[15]     0.32  1.0e-3   0.07   0.21   0.27   0.31   0.36   0.46   4000    1.0
z_true[16]     0.51  1.8e-3   0.12   0.32   0.43    0.5   0.58   0.77   4000    1.0
z_true[17]     0.21  7.2e-4   0.03   0.15   0.18    0.2   0.23   0.28   2087    1.0
z_true[18]     0.32  1.8e-3   0.07    0.2   0.27   0.32   0.37   0.49   1771    1.0
z_true[19]      0.8  4.5e-3   0.18    0.5   0.67   0.78    0.9   1.24   1695   1.01
z_true[20]     0.67  3.0e-3   0.12   0.47   0.58   0.66   0.75   0.94   1658    1.0
z_true[21]     0.19  7.4e-4   0.05   0.11   0.15   0.18   0.22   0.29   4000    1.0
z_true[22]     0.25  7.2e-4   0.05   0.17   0.22   0.25   0.28   0.34   4000   1.01
z_true[23]     0.66  2.1e-3   0.13   0.44   0.56   0.64   0.74   0.94   4000    1.0
z_true[24]     0.56  1.9e-3    0.1    0.4   0.49   0.55   0.63   0.78   2604   1.01
z_true[25]     0.24  8.3e-4   0.05   0.15    0.2   0.23   0.27   0.35   4000    1.0
z_true[26]     0.26  8.8e-4   0.06   0.17   0.22   0.26    0.3   0.39   4000    1.0
z_true[27]      0.2  6.7e-4   0.04   0.13   0.17    0.2   0.23   0.29   4000    1.0
z_true[28]     0.36  1.3e-3   0.08   0.22    0.3   0.35   0.41   0.54   4000    1.0
z_true[29]     0.33  1.4e-3   0.09   0.17   0.27   0.33   0.39   0.52   4000    1.0
z_true[30]     0.22  6.8e-4   0.04   0.14   0.18   0.21   0.24   0.31   4000    1.0
z_true[31]     0.43  1.7e-3    0.1   0.25   0.36   0.43    0.5   0.66   4000    1.0
z_true[32]      0.3  1.0e-3   0.05   0.22   0.26   0.29   0.33    0.4   2090    1.0
z_true[33]     0.55  1.9e-3   0.12   0.34   0.46   0.54   0.62   0.81   4000    1.0
z_true[34]     0.58  2.4e-3    0.1   0.41   0.51   0.57   0.65   0.81   1777    1.0
z_true[35]      0.2  5.5e-4   0.03   0.14   0.17    0.2   0.22   0.27   4000    1.0
z_true[36]     0.34  1.2e-3   0.08    0.2   0.29   0.34    0.4   0.51   4000    1.0
z_true[37]     0.49  2.1e-3   0.11   0.31   0.41   0.48   0.55   0.73   2498    1.0
z_true[38]      0.3  9.6e-4   0.06    0.2   0.26   0.29   0.34   0.43   4000    1.0
z_true[39]      0.2  6.8e-4   0.04   0.13   0.17    0.2   0.23    0.3   4000    1.0
z_true[40]     0.84  3.2e-3   0.15    0.6   0.73   0.82   0.94   1.18   2340    1.0
z_true[41]      0.5  1.8e-3    0.1   0.33   0.43   0.49   0.57   0.72   3165    1.0
z_true[42]     0.35  1.2e-3   0.06   0.25    0.3   0.34   0.39   0.48   2458    1.0
z_true[43]     0.17  5.4e-4   0.03   0.11   0.15   0.17   0.19   0.25   4000    1.0
z_true[44]      0.9  3.8e-3   0.16   0.62   0.78   0.89    1.0   1.26   1873    1.0
z_true[45]     0.62  2.4e-3    0.1   0.45   0.55   0.61   0.69   0.86   1991    1.0
z_true[46]     0.51  1.7e-3   0.09   0.36   0.45    0.5   0.57   0.72   2933    1.0
z_true[47]     0.35  1.1e-3   0.07   0.23    0.3   0.34    0.4   0.51   4000    1.0
z_true[48]     0.18  5.0e-4   0.03   0.12   0.15   0.17    0.2   0.24   4000    1.0
z_true[49]     0.38  1.2e-3   0.05   0.29   0.33   0.37   0.41    0.5   2104    1.0
z_true[50]     0.45  1.5e-3   0.09    0.3   0.38   0.44   0.51   0.66   4000    1.0
z_true[51]     0.37  1.3e-3   0.08   0.24   0.31   0.37   0.42   0.55   4000    1.0
z_true[52]     0.29  1.1e-3   0.07   0.18   0.24   0.29   0.34   0.44   4000    1.0
z_true[53]     0.71  2.6e-3   0.14   0.49   0.61   0.69   0.79    1.0   2768    1.0
z_true[54]      0.2  8.9e-4   0.06   0.11   0.16    0.2   0.24   0.33   4000    1.0
z_true[55]      1.0  3.8e-3   0.21   0.65   0.85   0.98   1.13   1.47   2939    1.0
z_true[56]     0.41  1.6e-3    0.1   0.22   0.33    0.4   0.47   0.62   4000    1.0
z_true[57]     0.46  1.3e-3   0.08   0.32    0.4   0.45   0.51   0.64   4000    1.0
z_true[58]     0.18  6.0e-4   0.04   0.12   0.16   0.18   0.21   0.27   4000    1.0
z_true[59]     0.49  1.9e-3   0.12   0.29   0.41   0.48   0.57   0.75   4000    1.0
z_true[60]     0.17  4.7e-4   0.03   0.12   0.15   0.17   0.19   0.23   4000    1.0
zinterp[0]      0.0     0.0    0.0    0.0    0.0    0.0    0.0    0.0   4000    nan
zinterp[1]   8.6e-3  3.1e-5 1.4e-3 6.5e-3 7.5e-3 8.4e-3 9.5e-3   0.01   1949    1.0
zinterp[2]     0.02  6.1e-5 2.7e-3   0.01   0.02   0.02   0.02   0.02   1949    1.0
zinterp[3]     0.03  9.0e-5 4.0e-3   0.02   0.02   0.03   0.03   0.03   1949    1.0
zinterp[4]     0.03  1.2e-4 5.3e-3   0.03   0.03   0.03   0.04   0.05   1949    1.0
zinterp[5]     0.04  1.5e-4 6.5e-3   0.03   0.04   0.04   0.05   0.06   1949    1.0
zinterp[6]     0.05  1.7e-4 7.7e-3   0.04   0.04   0.05   0.06   0.07   1949    1.0
zinterp[7]     0.06  2.0e-4 8.9e-3   0.04   0.05   0.06   0.06   0.08   1949    1.0
zinterp[8]     0.07  2.3e-4   0.01   0.05   0.06   0.06   0.07   0.09   1949    1.0
zinterp[9]     0.07  2.5e-4   0.01   0.06   0.07   0.07   0.08    0.1   1949    1.0
zinterp[10]    0.08  2.8e-4   0.01   0.06   0.07   0.08   0.09   0.11   1949    1.0
zinterp[11]    0.09  3.0e-4   0.01   0.07   0.08   0.09    0.1   0.12   1949    1.0
zinterp[12]     0.1  3.3e-4   0.01   0.07   0.09    0.1   0.11   0.13   1949    1.0
zinterp[13]     0.1  3.5e-4   0.02   0.08   0.09    0.1   0.11   0.14   1949    1.0
zinterp[14]    0.11  3.8e-4   0.02   0.09    0.1   0.11   0.12   0.15   1949    1.0
zinterp[15]    0.12  4.0e-4   0.02   0.09   0.11   0.12   0.13   0.16   1949    1.0
zinterp[16]    0.13  4.2e-4   0.02    0.1   0.11   0.12   0.14   0.17   1949   1.01
zinterp[17]    0.13  4.5e-4   0.02    0.1   0.12   0.13   0.15   0.18   1948   1.01
zinterp[18]    0.14  4.7e-4   0.02   0.11   0.13   0.14   0.16   0.19   1948   1.01
zinterp[19]    0.15  4.9e-4   0.02   0.12   0.13   0.15   0.16    0.2   1948   1.01
zinterp[20]    0.16  5.1e-4   0.02   0.12   0.14   0.15   0.17   0.21   1948   1.01
zinterp[21]    0.16  5.3e-4   0.02   0.13   0.14   0.16   0.18   0.21   1948   1.01
zinterp[22]    0.17  5.5e-4   0.02   0.13   0.15   0.17   0.19   0.22   1948   1.01
zinterp[23]    0.18  5.8e-4   0.03   0.14   0.16   0.17   0.19   0.23   1948   1.01
zinterp[24]    0.18  6.0e-4   0.03   0.14   0.16   0.18    0.2   0.24   1948   1.01
zinterp[25]    0.19  6.2e-4   0.03   0.15   0.17   0.19   0.21   0.25   1948   1.01
zinterp[26]     0.2  6.4e-4   0.03   0.15   0.18   0.19   0.22   0.26   1948   1.01
zinterp[27]     0.2  6.6e-4   0.03   0.16   0.18    0.2   0.22   0.27   1948   1.01
zinterp[28]    0.21  6.8e-4   0.03   0.16   0.19   0.21   0.23   0.28   1948   1.01
zinterp[29]    0.22  7.0e-4   0.03   0.17   0.19   0.21   0.24   0.28   1948   1.01
zinterp[30]    0.22  7.2e-4   0.03   0.18    0.2   0.22   0.25   0.29   1948   1.01
zinterp[31]    0.23  7.4e-4   0.03   0.18   0.21   0.23   0.25    0.3   1948   1.01
zinterp[32]    0.24  7.6e-4   0.03   0.19   0.21   0.23   0.26   0.31   1948   1.01
zinterp[33]    0.24  7.8e-4   0.03   0.19   0.22   0.24   0.27   0.32   1948   1.01
zinterp[34]    0.25  7.9e-4   0.04    0.2   0.22   0.25   0.27   0.33   1948   1.01
zinterp[35]    0.26  8.1e-4   0.04    0.2   0.23   0.25   0.28   0.34   1948   1.01
zinterp[36]    0.26  8.3e-4   0.04   0.21   0.23   0.26   0.29   0.34   1948   1.01
zinterp[37]    0.27  8.5e-4   0.04   0.21   0.24   0.27   0.29   0.35   1948   1.01
zinterp[38]    0.28  8.7e-4   0.04   0.22   0.25   0.27    0.3   0.36   1948   1.01
zinterp[39]    0.28  8.9e-4   0.04   0.22   0.25   0.28   0.31   0.37   1948   1.01
zinterp[40]    0.29  9.0e-4   0.04   0.23   0.26   0.28   0.32   0.38   1948   1.01
zinterp[41]    0.29  9.2e-4   0.04   0.23   0.26   0.29   0.32   0.38   1948   1.01
zinterp[42]     0.3  9.4e-4   0.04   0.24   0.27    0.3   0.33   0.39   1948   1.01
zinterp[43]    0.31  9.6e-4   0.04   0.24   0.27    0.3   0.34    0.4   1948   1.01
zinterp[44]    0.31  9.8e-4   0.04   0.25   0.28   0.31   0.34   0.41   1948   1.01
zinterp[45]    0.32  9.9e-4   0.04   0.25   0.29   0.31   0.35   0.42   1948   1.01
zinterp[46]    0.33  1.0e-3   0.04   0.26   0.29   0.32   0.36   0.42   1948   1.01
zinterp[47]    0.33  1.0e-3   0.05   0.26    0.3   0.33   0.36   0.43   1948   1.01
zinterp[48]    0.34  1.0e-3   0.05   0.27    0.3   0.33   0.37   0.44   1948   1.01
zinterp[49]    0.34  1.1e-3   0.05   0.27   0.31   0.34   0.38   0.45   1948   1.01
zinterp[50]    0.35  1.1e-3   0.05   0.28   0.31   0.34   0.38   0.45   1948   1.01
zinterp[51]    0.36  1.1e-3   0.05   0.28   0.32   0.35   0.39   0.46   1948   1.01
zinterp[52]    0.36  1.1e-3   0.05   0.29   0.32   0.36   0.39   0.47   1948   1.01
zinterp[53]    0.37  1.1e-3   0.05   0.29   0.33   0.36    0.4   0.48   1948   1.01
zinterp[54]    0.37  1.1e-3   0.05    0.3   0.33   0.37   0.41   0.48   1948   1.01
zinterp[55]    0.38  1.2e-3   0.05    0.3   0.34   0.37   0.41   0.49   1948   1.01
zinterp[56]    0.39  1.2e-3   0.05    0.3   0.34   0.38   0.42    0.5   1948   1.01
zinterp[57]    0.39  1.2e-3   0.05   0.31   0.35   0.39   0.43   0.51   1948   1.01
zinterp[58]     0.4  1.2e-3   0.05   0.31   0.36   0.39   0.43   0.51   1948   1.01
zinterp[59]     0.4  1.2e-3   0.05   0.32   0.36    0.4   0.44   0.52   1948   1.01
zinterp[60]    0.41  1.2e-3   0.06   0.32   0.37    0.4   0.45   0.53   1948   1.01
zinterp[61]    0.41  1.3e-3   0.06   0.33   0.37   0.41   0.45   0.54   1948   1.01
zinterp[62]    0.42  1.3e-3   0.06   0.33   0.38   0.41   0.46   0.54   1948   1.01
zinterp[63]    0.43  1.3e-3   0.06   0.34   0.38   0.42   0.46   0.55   1948   1.01
zinterp[64]    0.43  1.3e-3   0.06   0.34   0.39   0.43   0.47   0.56   1948   1.01
zinterp[65]    0.44  1.3e-3   0.06   0.35   0.39   0.43   0.48   0.56   1948   1.01
zinterp[66]    0.44  1.3e-3   0.06   0.35    0.4   0.44   0.48   0.57   1948   1.01
zinterp[67]    0.45  1.4e-3   0.06   0.36    0.4   0.44   0.49   0.58   1948   1.01
zinterp[68]    0.45  1.4e-3   0.06   0.36   0.41   0.45   0.49   0.59   1948   1.01
zinterp[69]    0.46  1.4e-3   0.06   0.36   0.41   0.45    0.5   0.59   1948   1.01
zinterp[70]    0.47  1.4e-3   0.06   0.37   0.42   0.46   0.51    0.6   1948   1.01
zinterp[71]    0.47  1.4e-3   0.06   0.37   0.42   0.46   0.51   0.61   1948   1.01
zinterp[72]    0.48  1.4e-3   0.06   0.38   0.43   0.47   0.52   0.61   1948   1.01
zinterp[73]    0.48  1.5e-3   0.06   0.38   0.43   0.47   0.53   0.62   1948   1.01
zinterp[74]    0.49  1.5e-3   0.06   0.39   0.44   0.48   0.53   0.63   1948   1.01
zinterp[75]    0.49  1.5e-3   0.07   0.39   0.44   0.49   0.54   0.64   1948   1.01
zinterp[76]     0.5  1.5e-3   0.07    0.4   0.45   0.49   0.54   0.64   1948   1.01
zinterp[77]     0.5  1.5e-3   0.07    0.4   0.45    0.5   0.55   0.65   1948   1.01
zinterp[78]    0.51  1.5e-3   0.07    0.4   0.46    0.5   0.55   0.66   1948   1.01
zinterp[79]    0.51  1.5e-3   0.07   0.41   0.46   0.51   0.56   0.66   1948   1.01
zinterp[80]    0.52  1.6e-3   0.07   0.41   0.47   0.51   0.57   0.67   1948   1.01
zinterp[81]    0.53  1.6e-3   0.07   0.42   0.47   0.52   0.57   0.68   1948   1.01
zinterp[82]    0.53  1.6e-3   0.07   0.42   0.48   0.52   0.58   0.68   1948   1.01
zinterp[83]    0.54  1.6e-3   0.07   0.43   0.48   0.53   0.58   0.69   1948   1.01
zinterp[84]    0.54  1.6e-3   0.07   0.43   0.49   0.53   0.59    0.7   1948   1.01
zinterp[85]    0.55  1.6e-3   0.07   0.44   0.49   0.54    0.6    0.7   1948   1.01
zinterp[86]    0.55  1.7e-3   0.07   0.44    0.5   0.54    0.6   0.71   1948   1.01
zinterp[87]    0.56  1.7e-3   0.07   0.44    0.5   0.55   0.61   0.72   1948   1.01
zinterp[88]    0.56  1.7e-3   0.07   0.45   0.51   0.56   0.61   0.72   1948   1.01
zinterp[89]    0.57  1.7e-3   0.07   0.45   0.51   0.56   0.62   0.73   1948   1.01
zinterp[90]    0.57  1.7e-3   0.08   0.46   0.51   0.57   0.62   0.74   1948   1.01
zinterp[91]    0.58  1.7e-3   0.08   0.46   0.52   0.57   0.63   0.75   1948   1.01
zinterp[92]    0.58  1.7e-3   0.08   0.47   0.52   0.58   0.64   0.75   1948   1.01
zinterp[93]    0.59  1.8e-3   0.08   0.47   0.53   0.58   0.64   0.76   1948   1.01
zinterp[94]    0.59  1.8e-3   0.08   0.47   0.53   0.59   0.65   0.77   1948   1.01
zinterp[95]     0.6  1.8e-3   0.08   0.48   0.54   0.59   0.65   0.77   1948   1.01
zinterp[96]     0.6  1.8e-3   0.08   0.48   0.54    0.6   0.66   0.78   1948   1.01
zinterp[97]    0.61  1.8e-3   0.08   0.49   0.55    0.6   0.66   0.78   1948   1.01
zinterp[98]    0.62  1.8e-3   0.08   0.49   0.55   0.61   0.67   0.79   1948   1.01
zinterp[99]    0.62  1.8e-3   0.08   0.49   0.56   0.61   0.68    0.8   1948   1.01
zinterp[100]   0.63  1.9e-3   0.08    0.5   0.56   0.62   0.68    0.8   1948   1.01
zinterp[101]   0.63  1.9e-3   0.08    0.5   0.57   0.62   0.69   0.81   1948   1.01
zinterp[102]   0.64  1.9e-3   0.08   0.51   0.57   0.63   0.69   0.82   1948   1.01
zinterp[103]   0.64  1.9e-3   0.08   0.51   0.58   0.63    0.7   0.82   1948   1.01
zinterp[104]   0.65  1.9e-3   0.08   0.52   0.58   0.64    0.7   0.83   1948   1.01
zinterp[105]   0.65  1.9e-3   0.09   0.52   0.59   0.64   0.71   0.84   1948   1.01
zinterp[106]   0.66  1.9e-3   0.09   0.52   0.59   0.65   0.71   0.84   1948   1.01
zinterp[107]   0.66  2.0e-3   0.09   0.53   0.59   0.65   0.72   0.85   1948   1.01
zinterp[108]   0.67  2.0e-3   0.09   0.53    0.6   0.66   0.73   0.86   1948   1.01
zinterp[109]   0.67  2.0e-3   0.09   0.54    0.6   0.66   0.73   0.86   1948   1.01
zinterp[110]   0.68  2.0e-3   0.09   0.54   0.61   0.67   0.74   0.87   1948   1.01
zinterp[111]   0.68  2.0e-3   0.09   0.54   0.61   0.67   0.74   0.88   1948   1.01
zinterp[112]   0.69  2.0e-3   0.09   0.55   0.62   0.68   0.75   0.88   1948   1.01
zinterp[113]   0.69  2.0e-3   0.09   0.55   0.62   0.68   0.75   0.89   1948   1.01
zinterp[114]    0.7  2.1e-3   0.09   0.56   0.63   0.69   0.76    0.9   1948   1.01
zinterp[115]    0.7  2.1e-3   0.09   0.56   0.63   0.69   0.76    0.9   1948   1.01
zinterp[116]   0.71  2.1e-3   0.09   0.56   0.64    0.7   0.77   0.91   1948   1.01
zinterp[117]   0.71  2.1e-3   0.09   0.57   0.64    0.7   0.77   0.91   1948   1.01
zinterp[118]   0.72  2.1e-3   0.09   0.57   0.64   0.71   0.78   0.92   1948   1.01
zinterp[119]   0.72  2.1e-3   0.09   0.58   0.65   0.71   0.79   0.93   1948   1.01
zinterp[120]   0.73  2.1e-3   0.09   0.58   0.65   0.72   0.79   0.93   1948   1.01
zinterp[121]   0.73  2.2e-3    0.1   0.58   0.66   0.72    0.8   0.94   1948   1.01
zinterp[122]   0.74  2.2e-3    0.1   0.59   0.66   0.73    0.8   0.95   1948   1.01
zinterp[123]   0.74  2.2e-3    0.1   0.59   0.67   0.73   0.81   0.95   1948   1.01
zinterp[124]   0.75  2.2e-3    0.1    0.6   0.67   0.74   0.81   0.96   1948   1.01
zinterp[125]   0.75  2.2e-3    0.1    0.6   0.68   0.74   0.82   0.96   1948   1.01
zinterp[126]   0.76  2.2e-3    0.1    0.6   0.68   0.75   0.82   0.97   1948   1.01
zinterp[127]   0.76  2.2e-3    0.1   0.61   0.68   0.75   0.83   0.98   1948   1.01
zinterp[128]   0.77  2.3e-3    0.1   0.61   0.69   0.76   0.83   0.98   1948   1.01
zinterp[129]   0.77  2.3e-3    0.1   0.62   0.69   0.76   0.84   0.99   1948   1.01
zinterp[130]   0.78  2.3e-3    0.1   0.62    0.7   0.77   0.84    1.0   1948   1.01
zinterp[131]   0.78  2.3e-3    0.1   0.62    0.7   0.77   0.85    1.0   1948   1.01
zinterp[132]   0.79  2.3e-3    0.1   0.63   0.71   0.77   0.85   1.01   1948   1.01
zinterp[133]   0.79  2.3e-3    0.1   0.63   0.71   0.78   0.86   1.01   1948   1.01
zinterp[134]    0.8  2.3e-3    0.1   0.64   0.72   0.78   0.86   1.02   1948   1.01
zinterp[135]    0.8  2.4e-3    0.1   0.64   0.72   0.79   0.87   1.03   1948   1.01
zinterp[136]    0.8  2.4e-3    0.1   0.64   0.72   0.79   0.88   1.03   1948   1.01
zinterp[137]   0.81  2.4e-3    0.1   0.65   0.73    0.8   0.88   1.04   1948   1.01
zinterp[138]   0.81  2.4e-3   0.11   0.65   0.73    0.8   0.89   1.05   1948   1.01
zinterp[139]   0.82  2.4e-3   0.11   0.66   0.74   0.81   0.89   1.05   1948   1.01
zinterp[140]   0.82  2.4e-3   0.11   0.66   0.74   0.81    0.9   1.06   1948   1.01
zinterp[141]   0.83  2.4e-3   0.11   0.66   0.75   0.82    0.9   1.06   1948   1.01
zinterp[142]   0.83  2.4e-3   0.11   0.67   0.75   0.82   0.91   1.07   1948   1.01
zinterp[143]   0.84  2.5e-3   0.11   0.67   0.75   0.83   0.91   1.08   1948   1.01
zinterp[144]   0.84  2.5e-3   0.11   0.67   0.76   0.83   0.92   1.08   1948   1.01
zinterp[145]   0.85  2.5e-3   0.11   0.68   0.76   0.84   0.92   1.09   1948   1.01
zinterp[146]   0.85  2.5e-3   0.11   0.68   0.77   0.84   0.93   1.09   1948   1.01
zinterp[147]   0.86  2.5e-3   0.11   0.69   0.77   0.85   0.93    1.1   1948   1.01
zinterp[148]   0.86  2.5e-3   0.11   0.69   0.78   0.85   0.94   1.11   1948   1.01
zinterp[149]   0.87  2.5e-3   0.11   0.69   0.78   0.85   0.94   1.11   1948   1.01
zinterp[150]   0.87  2.6e-3   0.11    0.7   0.78   0.86   0.95   1.12   1948   1.01
zinterp[151]   0.88  2.6e-3   0.11    0.7   0.79   0.86   0.95   1.12   1948   1.01
zinterp[152]   0.88  2.6e-3   0.11    0.7   0.79   0.87   0.96   1.13   1948   1.01
zinterp[153]   0.89  2.6e-3   0.11   0.71    0.8   0.87   0.96   1.14   1948   1.01
zinterp[154]   0.89  2.6e-3   0.12   0.71    0.8   0.88   0.97   1.14   1948   1.01
zinterp[155]    0.9  2.6e-3   0.12   0.72   0.81   0.88   0.97   1.15   1948   1.01
zinterp[156]    0.9  2.6e-3   0.12   0.72   0.81   0.89   0.98   1.15   1948   1.01
zinterp[157]    0.9  2.6e-3   0.12   0.72   0.81   0.89   0.98   1.16   1948   1.01
zinterp[158]   0.91  2.7e-3   0.12   0.73   0.82    0.9   0.99   1.17   1948   1.01
zinterp[159]   0.91  2.7e-3   0.12   0.73   0.82    0.9   0.99   1.17   1948   1.01
zinterp[160]   0.92  2.7e-3   0.12   0.74   0.83   0.91    1.0   1.18   1948   1.01
zinterp[161]   0.92  2.7e-3   0.12   0.74   0.83   0.91    1.0   1.18   1948   1.01
zinterp[162]   0.93  2.7e-3   0.12   0.74   0.83   0.92   1.01   1.19   1948   1.01
zinterp[163]   0.93  2.7e-3   0.12   0.75   0.84   0.92   1.01    1.2   1948   1.01
zinterp[164]   0.94  2.7e-3   0.12   0.75   0.84   0.92   1.02    1.2   1948   1.01
zinterp[165]   0.94  2.8e-3   0.12   0.75   0.85   0.93   1.02   1.21   1948   1.01
zinterp[166]   0.95  2.8e-3   0.12   0.76   0.85   0.93   1.03   1.21   1948   1.01
zinterp[167]   0.95  2.8e-3   0.12   0.76   0.86   0.94   1.03   1.22   1948   1.01
zinterp[168]   0.96  2.8e-3   0.12   0.77   0.86   0.94   1.04   1.23   1948   1.01
zinterp[169]   0.96  2.8e-3   0.12   0.77   0.86   0.95   1.04   1.23   1948   1.01
zinterp[170]   0.97  2.8e-3   0.12   0.77   0.87   0.95   1.05   1.24   1948   1.01
zinterp[171]   0.97  2.8e-3   0.13   0.78   0.87   0.96   1.05   1.24   1948   1.01
zinterp[172]   0.97  2.8e-3   0.13   0.78   0.88   0.96   1.06   1.25   1948   1.01
zinterp[173]   0.98  2.9e-3   0.13   0.78   0.88   0.97   1.06   1.26   1948   1.01
zinterp[174]   0.98  2.9e-3   0.13   0.79   0.88   0.97   1.07   1.26   1948   1.01
zinterp[175]   0.99  2.9e-3   0.13   0.79   0.89   0.97   1.07   1.27   1948   1.01
zinterp[176]   0.99  2.9e-3   0.13   0.79   0.89   0.98   1.08   1.27   1948   1.01
zinterp[177]    1.0  2.9e-3   0.13    0.8    0.9   0.98   1.08   1.28   1948   1.01
zinterp[178]    1.0  2.9e-3   0.13    0.8    0.9   0.99   1.09   1.28   1948   1.01
zinterp[179]   1.01  2.9e-3   0.13   0.81   0.91   0.99   1.09   1.29   1948   1.01
zinterp[180]   1.01  3.0e-3   0.13   0.81   0.91    1.0    1.1    1.3   1948   1.01
zinterp[181]   1.02  3.0e-3   0.13   0.81   0.91    1.0    1.1    1.3   1948   1.01
zinterp[182]   1.02  3.0e-3   0.13   0.82   0.92   1.01   1.11   1.31   1948   1.01
zinterp[183]   1.02  3.0e-3   0.13   0.82   0.92   1.01   1.11   1.31   1948   1.01
zinterp[184]   1.03  3.0e-3   0.13   0.82   0.93   1.01   1.12   1.32   1948   1.01
zinterp[185]   1.03  3.0e-3   0.13   0.83   0.93   1.02   1.12   1.33   1948   1.01
zinterp[186]   1.04  3.0e-3   0.13   0.83   0.93   1.02   1.13   1.33   1948   1.01
zinterp[187]   1.04  3.0e-3   0.13   0.83   0.94   1.03   1.13   1.34   1948   1.01
zinterp[188]   1.05  3.1e-3   0.14   0.84   0.94   1.03   1.14   1.34   1948   1.01
zinterp[189]   1.05  3.1e-3   0.14   0.84   0.95   1.04   1.14   1.35   1948   1.01
zinterp[190]   1.06  3.1e-3   0.14   0.85   0.95   1.04   1.15   1.35   1948   1.01
zinterp[191]   1.06  3.1e-3   0.14   0.85   0.95   1.05   1.15   1.36   1948   1.01
zinterp[192]   1.07  3.1e-3   0.14   0.85   0.96   1.05   1.16   1.37   1948   1.01
zinterp[193]   1.07  3.1e-3   0.14   0.86   0.96   1.05   1.16   1.37   1948   1.01
zinterp[194]   1.07  3.1e-3   0.14   0.86   0.97   1.06   1.17   1.38   1948   1.01
zinterp[195]   1.08  3.2e-3   0.14   0.86   0.97   1.06   1.17   1.38   1948   1.01
zinterp[196]   1.08  3.2e-3   0.14   0.87   0.97   1.07   1.18   1.39   1948   1.01
zinterp[197]   1.09  3.2e-3   0.14   0.87   0.98   1.07   1.18   1.39   1948   1.01
zinterp[198]   1.09  3.2e-3   0.14   0.87   0.98   1.08   1.19    1.4   1948   1.01
zinterp[199]    1.1  3.2e-3   0.14   0.88   0.99   1.08   1.19   1.41   1948   1.01
zinterp[200]    1.1  3.2e-3   0.14   0.88   0.99   1.09    1.2   1.41   1948   1.01
zinterp[201]   1.11  3.2e-3   0.14   0.89   0.99   1.09    1.2   1.42   1948   1.01
zinterp[202]   1.11  3.2e-3   0.14   0.89    1.0   1.09   1.21   1.42   1948   1.01
zinterp[203]   1.11  3.3e-3   0.14   0.89    1.0    1.1   1.21   1.43   1948   1.01
zinterp[204]   1.12  3.3e-3   0.14    0.9   1.01    1.1   1.22   1.43   1948   1.01
zinterp[205]   1.12  3.3e-3   0.14    0.9   1.01   1.11   1.22   1.44   1948   1.01
zinterp[206]   1.13  3.3e-3   0.15    0.9   1.01   1.11   1.23   1.45   1948   1.01
zinterp[207]   1.13  3.3e-3   0.15   0.91   1.02   1.12   1.23   1.45   1948   1.01
zinterp[208]   1.14  3.3e-3   0.15   0.91   1.02   1.12   1.24   1.46   1948   1.01
zinterp[209]   1.14  3.3e-3   0.15   0.91   1.03   1.13   1.24   1.46   1948   1.01
zinterp[210]   1.15  3.3e-3   0.15   0.92   1.03   1.13   1.24   1.47   1948   1.01
zinterp[211]   1.15  3.4e-3   0.15   0.92   1.03   1.13   1.25   1.47   1948   1.01
zinterp[212]   1.15  3.4e-3   0.15   0.92   1.04   1.14   1.25   1.48   1948   1.01
zinterp[213]   1.16  3.4e-3   0.15   0.93   1.04   1.14   1.26   1.49   1948   1.01
zinterp[214]   1.16  3.4e-3   0.15   0.93   1.05   1.15   1.26   1.49   1948   1.01
zinterp[215]   1.17  3.4e-3   0.15   0.94   1.05   1.15   1.27    1.5   1948   1.01
zinterp[216]   1.17  3.4e-3   0.15   0.94   1.05   1.16   1.27    1.5   1948   1.01
zinterp[217]   1.18  3.4e-3   0.15   0.94   1.06   1.16   1.28   1.51   1948   1.01
zinterp[218]   1.18  3.5e-3   0.15   0.95   1.06   1.16   1.28   1.51   1948   1.01
zinterp[219]   1.19  3.5e-3   0.15   0.95   1.07   1.17   1.29   1.52   1948   1.01
zinterp[220]   1.19  3.5e-3   0.15   0.95   1.07   1.17   1.29   1.53   1948   1.01
zinterp[221]   1.19  3.5e-3   0.15   0.96   1.07   1.18    1.3   1.53   1948   1.01
zinterp[222]    1.2  3.5e-3   0.15   0.96   1.08   1.18    1.3   1.54   1948   1.01
zinterp[223]    1.2  3.5e-3   0.16   0.96   1.08   1.19   1.31   1.54   1948   1.01
zinterp[224]   1.21  3.5e-3   0.16   0.97   1.09   1.19   1.31   1.55   1948   1.01
zinterp[225]   1.21  3.5e-3   0.16   0.97   1.09   1.19   1.32   1.55   1948   1.01
zinterp[226]   1.22  3.6e-3   0.16   0.97   1.09    1.2   1.32   1.56   1948   1.01
zinterp[227]   1.22  3.6e-3   0.16   0.98    1.1    1.2   1.33   1.56   1948   1.01
zinterp[228]   1.22  3.6e-3   0.16   0.98    1.1   1.21   1.33   1.57   1948   1.01
zinterp[229]   1.23  3.6e-3   0.16   0.98   1.11   1.21   1.34   1.58   1948   1.01
zinterp[230]   1.23  3.6e-3   0.16   0.99   1.11   1.22   1.34   1.58   1948   1.01
zinterp[231]   1.24  3.6e-3   0.16   0.99   1.11   1.22   1.34   1.59   1948   1.01
zinterp[232]   1.24  3.6e-3   0.16   0.99   1.12   1.22   1.35   1.59   1948   1.01
zinterp[233]   1.25  3.6e-3   0.16    1.0   1.12   1.23   1.35    1.6   1948   1.01
zinterp[234]   1.25  3.7e-3   0.16    1.0   1.13   1.23   1.36    1.6   1948   1.01
zinterp[235]   1.25  3.7e-3   0.16   1.01   1.13   1.24   1.36   1.61   1948   1.01
zinterp[236]   1.26  3.7e-3   0.16   1.01   1.13   1.24   1.37   1.62   1948   1.01
zinterp[237]   1.26  3.7e-3   0.16   1.01   1.14   1.25   1.37   1.62   1948   1.01
zinterp[238]   1.27  3.7e-3   0.16   1.02   1.14   1.25   1.38   1.63   1948   1.01
zinterp[239]   1.27  3.7e-3   0.16   1.02   1.14   1.25   1.38   1.63   1948   1.01
zinterp[240]   1.28  3.7e-3   0.16   1.02   1.15   1.26   1.39   1.64   1948   1.01
zinterp[241]   1.28  3.7e-3   0.17   1.03   1.15   1.26   1.39   1.64   1948   1.01
zinterp[242]   1.29  3.8e-3   0.17   1.03   1.16   1.27    1.4   1.65   1948   1.01
zinterp[243]   1.29  3.8e-3   0.17   1.03   1.16   1.27    1.4   1.65   1948   1.01
zinterp[244]   1.29  3.8e-3   0.17   1.04   1.16   1.28   1.41   1.66   1948   1.01
zinterp[245]    1.3  3.8e-3   0.17   1.04   1.17   1.28   1.41   1.67   1948   1.01
zinterp[246]    1.3  3.8e-3   0.17   1.04   1.17   1.28   1.42   1.67   1948   1.01
zinterp[247]   1.31  3.8e-3   0.17   1.05   1.18   1.29   1.42   1.68   1948   1.01
zinterp[248]   1.31  3.8e-3   0.17   1.05   1.18   1.29   1.42   1.68   1948   1.01
zinterp[249]   1.32  3.8e-3   0.17   1.05   1.18    1.3   1.43   1.69   1948   1.01
zinterp[250]   1.32  3.9e-3   0.17   1.06   1.19    1.3   1.43   1.69   1948   1.01
zinterp[251]   1.32  3.9e-3   0.17   1.06   1.19    1.3   1.44    1.7   1948   1.01
zinterp[252]   1.33  3.9e-3   0.17   1.06   1.19   1.31   1.44    1.7   1948   1.01
zinterp[253]   1.33  3.9e-3   0.17   1.07    1.2   1.31   1.45   1.71   1948   1.01
zinterp[254]   1.34  3.9e-3   0.17   1.07    1.2   1.32   1.45   1.71   1948   1.01
zinterp[255]   1.34  3.9e-3   0.17   1.07   1.21   1.32   1.46   1.72   1948   1.01
zinterp[256]   1.35  3.9e-3   0.17   1.08   1.21   1.33   1.46   1.73   1948   1.01
zinterp[257]   1.35  3.9e-3   0.17   1.08   1.21   1.33   1.47   1.73   1948   1.01
zinterp[258]   1.35  4.0e-3   0.17   1.08   1.22   1.33   1.47   1.74   1948   1.01
zinterp[259]   1.36  4.0e-3   0.18   1.09   1.22   1.34   1.48   1.74   1948   1.01
zinterp[260]   1.36  4.0e-3   0.18   1.09   1.23   1.34   1.48   1.75   1948   1.01
zinterp[261]   1.37  4.0e-3   0.18   1.09   1.23   1.35   1.48   1.75   1948   1.01
zinterp[262]   1.37  4.0e-3   0.18    1.1   1.23   1.35   1.49   1.76   1948   1.01
zinterp[263]   1.37  4.0e-3   0.18    1.1   1.24   1.36   1.49   1.76   1948   1.01
zinterp[264]   1.38  4.0e-3   0.18    1.1   1.24   1.36    1.5   1.77   1948   1.01
zinterp[265]   1.38  4.0e-3   0.18   1.11   1.24   1.36    1.5   1.78   1948   1.01
zinterp[266]   1.39  4.1e-3   0.18   1.11   1.25   1.37   1.51   1.78   1948   1.01
zinterp[267]   1.39  4.1e-3   0.18   1.11   1.25   1.37   1.51   1.79   1948   1.01
zinterp[268]    1.4  4.1e-3   0.18   1.12   1.26   1.38   1.52   1.79   1948   1.01
zinterp[269]    1.4  4.1e-3   0.18   1.12   1.26   1.38   1.52    1.8   1948   1.01
zinterp[270]    1.4  4.1e-3   0.18   1.12   1.26   1.38   1.53    1.8   1948   1.01
zinterp[271]   1.41  4.1e-3   0.18   1.13   1.27   1.39   1.53   1.81   1948   1.01
zinterp[272]   1.41  4.1e-3   0.18   1.13   1.27   1.39   1.54   1.81   1948   1.01
zinterp[273]   1.42  4.1e-3   0.18   1.13   1.27    1.4   1.54   1.82   1948   1.01
zinterp[274]   1.42  4.2e-3   0.18   1.14   1.28    1.4   1.54   1.82   1948   1.01
zinterp[275]   1.43  4.2e-3   0.18   1.14   1.28   1.41   1.55   1.83   1948   1.01
zinterp[276]   1.43  4.2e-3   0.18   1.14   1.29   1.41   1.55   1.83   1948   1.01
zinterp[277]   1.43  4.2e-3   0.19   1.15   1.29   1.41   1.56   1.84   1948   1.01
zinterp[278]   1.44  4.2e-3   0.19   1.15   1.29   1.42   1.56   1.85   1948   1.01
zinterp[279]   1.44  4.2e-3   0.19   1.16    1.3   1.42   1.57   1.85   1948   1.01
zinterp[280]   1.45  4.2e-3   0.19   1.16    1.3   1.43   1.57   1.86   1948   1.01
zinterp[281]   1.45  4.2e-3   0.19   1.16    1.3   1.43   1.58   1.86   1948   1.01
zinterp[282]   1.45  4.3e-3   0.19   1.17   1.31   1.43   1.58   1.87   1948   1.01
zinterp[283]   1.46  4.3e-3   0.19   1.17   1.31   1.44   1.59   1.87   1948   1.01
zinterp[284]   1.46  4.3e-3   0.19   1.17   1.32   1.44   1.59   1.88   1948   1.01
zinterp[285]   1.47  4.3e-3   0.19   1.18   1.32   1.45   1.59   1.88   1948   1.01
zinterp[286]   1.47  4.3e-3   0.19   1.18   1.32   1.45    1.6   1.89   1948   1.01
zinterp[287]   1.48  4.3e-3   0.19   1.18   1.33   1.45    1.6   1.89   1948   1.01
zinterp[288]   1.48  4.3e-3   0.19   1.19   1.33   1.46   1.61    1.9   1948   1.01
zinterp[289]   1.48  4.3e-3   0.19   1.19   1.33   1.46   1.61   1.91   1948   1.01
zinterp[290]   1.49  4.4e-3   0.19   1.19   1.34   1.47   1.62   1.91   1948   1.01
zinterp[291]   1.49  4.4e-3   0.19    1.2   1.34   1.47   1.62   1.92   1948   1.01
zinterp[292]    1.5  4.4e-3   0.19    1.2   1.35   1.48   1.63   1.92   1948   1.01
zinterp[293]    1.5  4.4e-3   0.19    1.2   1.35   1.48   1.63   1.93   1948   1.01
zinterp[294]    1.5  4.4e-3   0.19   1.21   1.35   1.48   1.64   1.93   1948   1.01
zinterp[295]   1.51  4.4e-3    0.2   1.21   1.36   1.49   1.64   1.94   1948   1.01
zinterp[296]   1.51  4.4e-3    0.2   1.21   1.36   1.49   1.64   1.94   1948   1.01
zinterp[297]   1.52  4.4e-3    0.2   1.22   1.36    1.5   1.65   1.95   1948   1.01
zinterp[298]   1.52  4.5e-3    0.2   1.22   1.37    1.5   1.65   1.95   1948   1.01
zinterp[299]   1.53  4.5e-3    0.2   1.22   1.37    1.5   1.66   1.96   1948   1.01
zinterp[300]   1.53  4.5e-3    0.2   1.22   1.38   1.51   1.66   1.96   1948   1.01
zinterp[301]   1.53  4.5e-3    0.2   1.23   1.38   1.51   1.67   1.97   1948   1.01
zinterp[302]   1.54  4.5e-3    0.2   1.23   1.38   1.52   1.67   1.98   1948   1.01
zinterp[303]   1.54  4.5e-3    0.2   1.23   1.39   1.52   1.68   1.98   1948   1.01
zinterp[304]   1.55  4.5e-3    0.2   1.24   1.39   1.52   1.68   1.99   1948   1.01
zinterp[305]   1.55  4.5e-3    0.2   1.24   1.39   1.53   1.69   1.99   1948   1.01
zinterp[306]   1.55  4.6e-3    0.2   1.24    1.4   1.53   1.69    2.0   1948   1.01
zinterp[307]   1.56  4.6e-3    0.2   1.25    1.4   1.54   1.69    2.0   1948   1.01
zinterp[308]   1.56  4.6e-3    0.2   1.25   1.41   1.54    1.7   2.01   1948   1.01
zinterp[309]   1.57  4.6e-3    0.2   1.25   1.41   1.54    1.7   2.01   1948   1.01
zinterp[310]   1.57  4.6e-3    0.2   1.26   1.41   1.55   1.71   2.02   1948   1.01
zinterp[311]   1.58  4.6e-3    0.2   1.26   1.42   1.55   1.71   2.02   1948   1.01
zinterp[312]   1.58  4.6e-3    0.2   1.26   1.42   1.56   1.72   2.03   1948   1.01
zinterp[313]   1.58  4.6e-3   0.21   1.27   1.42   1.56   1.72   2.03   1948   1.01
zinterp[314]   1.59  4.7e-3   0.21   1.27   1.43   1.56   1.73   2.04   1948   1.01
zinterp[315]   1.59  4.7e-3   0.21   1.27   1.43   1.57   1.73   2.04   1948   1.01
zinterp[316]    1.6  4.7e-3   0.21   1.28   1.44   1.57   1.73   2.05   1948   1.01
zinterp[317]    1.6  4.7e-3   0.21   1.28   1.44   1.58   1.74   2.05   1948   1.01
zinterp[318]    1.6  4.7e-3   0.21   1.28   1.44   1.58   1.74   2.06   1948   1.01
zinterp[319]   1.61  4.7e-3   0.21   1.29   1.45   1.59   1.75   2.07   1948   1.01
zinterp[320]   1.61  4.7e-3   0.21   1.29   1.45   1.59   1.75   2.07   1948   1.01
zinterp[321]   1.62  4.7e-3   0.21   1.29   1.45   1.59   1.76   2.08   1948   1.01
zinterp[322]   1.62  4.8e-3   0.21    1.3   1.46    1.6   1.76   2.08   1948   1.01
zinterp[323]   1.62  4.8e-3   0.21    1.3   1.46    1.6   1.77   2.09   1948   1.01
zinterp[324]   1.63  4.8e-3   0.21    1.3   1.46   1.61   1.77   2.09   1948   1.01
zinterp[325]   1.63  4.8e-3   0.21   1.31   1.47   1.61   1.78    2.1   1948   1.01
zinterp[326]   1.64  4.8e-3   0.21   1.31   1.47   1.61   1.78    2.1   1948   1.01
zinterp[327]   1.64  4.8e-3   0.21   1.31   1.48   1.62   1.78   2.11   1948   1.01
zinterp[328]   1.65  4.8e-3   0.21   1.32   1.48   1.62   1.79   2.11   1948   1.01
zinterp[329]   1.65  4.8e-3   0.21   1.32   1.48   1.63   1.79   2.12   1948   1.01
zinterp[330]   1.65  4.9e-3   0.21   1.32   1.49   1.63    1.8   2.12   1948   1.01
zinterp[331]   1.66  4.9e-3   0.21   1.33   1.49   1.63    1.8   2.13   1948   1.01
zinterp[332]   1.66  4.9e-3   0.22   1.33   1.49   1.64   1.81   2.13   1948   1.01
zinterp[333]   1.67  4.9e-3   0.22   1.33    1.5   1.64   1.81   2.14   1948   1.01
zinterp[334]   1.67  4.9e-3   0.22   1.34    1.5   1.65   1.82   2.14   1948   1.01
zinterp[335]   1.67  4.9e-3   0.22   1.34    1.5   1.65   1.82   2.15   1948   1.01
zinterp[336]   1.68  4.9e-3   0.22   1.34   1.51   1.65   1.82   2.16   1948   1.01
zinterp[337]   1.68  4.9e-3   0.22   1.35   1.51   1.66   1.83   2.16   1948   1.01
zinterp[338]   1.69  5.0e-3   0.22   1.35   1.52   1.66   1.83   2.17   1948   1.01
zinterp[339]   1.69  5.0e-3   0.22   1.35   1.52   1.67   1.84   2.17   1948   1.01
zinterp[340]   1.69  5.0e-3   0.22   1.36   1.52   1.67   1.84   2.18   1948   1.01
zinterp[341]    1.7  5.0e-3   0.22   1.36   1.53   1.67   1.85   2.18   1948   1.01
zinterp[342]    1.7  5.0e-3   0.22   1.36   1.53   1.68   1.85   2.19   1948   1.01
zinterp[343]   1.71  5.0e-3   0.22   1.37   1.53   1.68   1.85   2.19   1948   1.01
zinterp[344]   1.71  5.0e-3   0.22   1.37   1.54   1.69   1.86    2.2   1948   1.01
zinterp[345]   1.71  5.0e-3   0.22   1.37   1.54   1.69   1.86    2.2   1948   1.01
zinterp[346]   1.72  5.1e-3   0.22   1.38   1.54   1.69   1.87   2.21   1948   1.01
zinterp[347]   1.72  5.1e-3   0.22   1.38   1.55    1.7   1.87   2.21   1948   1.01
zinterp[348]   1.73  5.1e-3   0.22   1.38   1.55    1.7   1.88   2.22   1948   1.01
zinterp[349]   1.73  5.1e-3   0.22   1.38   1.56   1.71   1.88   2.22   1948   1.01
zinterp[350]   1.73  5.1e-3   0.23   1.39   1.56   1.71   1.89   2.23   1948   1.01
zinterp[351]   1.74  5.1e-3   0.23   1.39   1.56   1.71   1.89   2.23   1948   1.01
zinterp[352]   1.74  5.1e-3   0.23   1.39   1.57   1.72   1.89   2.24   1948   1.01
zinterp[353]   1.75  5.1e-3   0.23    1.4   1.57   1.72    1.9   2.24   1948   1.01
zinterp[354]   1.75  5.2e-3   0.23    1.4   1.57   1.73    1.9   2.25   1948   1.01
zinterp[355]   1.75  5.2e-3   0.23    1.4   1.58   1.73   1.91   2.26   1948   1.01
zinterp[356]   1.76  5.2e-3   0.23   1.41   1.58   1.73   1.91   2.26   1948   1.01
zinterp[357]   1.76  5.2e-3   0.23   1.41   1.58   1.74   1.92   2.27   1948   1.01
zinterp[358]   1.77  5.2e-3   0.23   1.41   1.59   1.74   1.92   2.27   1948   1.01
zinterp[359]   1.77  5.2e-3   0.23   1.42   1.59   1.75   1.93   2.28   1948   1.01
zinterp[360]   1.77  5.2e-3   0.23   1.42    1.6   1.75   1.93   2.28   1948   1.01
zinterp[361]   1.78  5.2e-3   0.23   1.42    1.6   1.75   1.93   2.29   1948   1.01
zinterp[362]   1.78  5.2e-3   0.23   1.43    1.6   1.76   1.94   2.29   1948   1.01
zinterp[363]   1.79  5.3e-3   0.23   1.43   1.61   1.76   1.94    2.3   1948   1.01
zinterp[364]   1.79  5.3e-3   0.23   1.43   1.61   1.76   1.95    2.3   1948   1.01
zinterp[365]   1.79  5.3e-3   0.23   1.44   1.61   1.77   1.95   2.31   1948   1.01
zinterp[366]    1.8  5.3e-3   0.23   1.44   1.62   1.77   1.96   2.31   1948   1.01
zinterp[367]    1.8  5.3e-3   0.23   1.44   1.62   1.78   1.96   2.32   1948   1.01
zinterp[368]   1.81  5.3e-3   0.23   1.45   1.62   1.78   1.96   2.32   1948   1.01
zinterp[369]   1.81  5.3e-3   0.24   1.45   1.63   1.78   1.97   2.33   1948   1.01
zinterp[370]   1.81  5.3e-3   0.24   1.45   1.63   1.79   1.97   2.33   1948   1.01
zinterp[371]   1.82  5.4e-3   0.24   1.46   1.63   1.79   1.98   2.34   1948   1.01
zinterp[372]   1.82  5.4e-3   0.24   1.46   1.64    1.8   1.98   2.34   1948   1.01
zinterp[373]   1.83  5.4e-3   0.24   1.46   1.64    1.8   1.99   2.35   1948   1.01
zinterp[374]   1.83  5.4e-3   0.24   1.46   1.65    1.8   1.99   2.35   1948   1.01
zinterp[375]   1.83  5.4e-3   0.24   1.47   1.65   1.81    2.0   2.36   1948   1.01
zinterp[376]   1.84  5.4e-3   0.24   1.47   1.65   1.81    2.0   2.36   1948   1.01
zinterp[377]   1.84  5.4e-3   0.24   1.47   1.66   1.82    2.0   2.37   1948   1.01
zinterp[378]   1.85  5.4e-3   0.24   1.48   1.66   1.82   2.01   2.37   1948   1.01
zinterp[379]   1.85  5.5e-3   0.24   1.48   1.66   1.82   2.01   2.38   1948   1.01
zinterp[380]   1.85  5.5e-3   0.24   1.48   1.67   1.83   2.02   2.39   1948   1.01
zinterp[381]   1.86  5.5e-3   0.24   1.49   1.67   1.83   2.02   2.39   1948   1.01
zinterp[382]   1.86  5.5e-3   0.24   1.49   1.67   1.84   2.03    2.4   1948   1.01
zinterp[383]   1.87  5.5e-3   0.24   1.49   1.68   1.84   2.03    2.4   1948   1.01
zinterp[384]   1.87  5.5e-3   0.24    1.5   1.68   1.84   2.03   2.41   1948   1.01
zinterp[385]   1.87  5.5e-3   0.24    1.5   1.69   1.85   2.04   2.41   1948   1.01
zinterp[386]   1.88  5.5e-3   0.24    1.5   1.69   1.85   2.04   2.42   1948   1.01
zinterp[387]   1.88  5.6e-3   0.25   1.51   1.69   1.86   2.05   2.42   1948   1.01
zinterp[388]   1.89  5.6e-3   0.25   1.51    1.7   1.86   2.05   2.43   1948   1.01
zinterp[389]   1.89  5.6e-3   0.25   1.51    1.7   1.86   2.06   2.43   1948   1.01
zinterp[390]   1.89  5.6e-3   0.25   1.52    1.7   1.87   2.06   2.44   1948   1.01
zinterp[391]    1.9  5.6e-3   0.25   1.52   1.71   1.87   2.06   2.44   1948   1.01
zinterp[392]    1.9  5.6e-3   0.25   1.52   1.71   1.88   2.07   2.45   1948   1.01
zinterp[393]   1.91  5.6e-3   0.25   1.52   1.71   1.88   2.07   2.45   1948   1.01
zinterp[394]   1.91  5.6e-3   0.25   1.53   1.72   1.88   2.08   2.46   1948   1.01
zinterp[395]   1.91  5.6e-3   0.25   1.53   1.72   1.89   2.08   2.46   1948   1.01
zinterp[396]   1.92  5.7e-3   0.25   1.53   1.72   1.89   2.09   2.47   1948   1.01
zinterp[397]   1.92  5.7e-3   0.25   1.54   1.73   1.89   2.09   2.47   1948   1.01
zinterp[398]   1.93  5.7e-3   0.25   1.54   1.73    1.9   2.09   2.48   1948   1.01
zinterp[399]   1.93  5.7e-3   0.25   1.54   1.73    1.9    2.1   2.48   1948   1.01
zinterp[400]   1.93  5.7e-3   0.25   1.55   1.74   1.91    2.1   2.49   1948   1.01
zinterp[401]   1.94  5.7e-3   0.25   1.55   1.74   1.91   2.11   2.49   1948   1.01
zinterp[402]   1.94  5.7e-3   0.25   1.55   1.75   1.91   2.11    2.5   1948   1.01
zinterp[403]   1.95  5.7e-3   0.25   1.56   1.75   1.92   2.12    2.5   1948   1.01
zinterp[404]   1.95  5.8e-3   0.25   1.56   1.75   1.92   2.12   2.51   1948   1.01
zinterp[405]   1.95  5.8e-3   0.25   1.56   1.76   1.93   2.13   2.51   1948   1.01
zinterp[406]   1.96  5.8e-3   0.26   1.57   1.76   1.93   2.13   2.52   1948   1.01
zinterp[407]   1.96  5.8e-3   0.26   1.57   1.76   1.93   2.13   2.52   1948   1.01
zinterp[408]   1.97  5.8e-3   0.26   1.57   1.77   1.94   2.14   2.53   1948   1.01
zinterp[409]   1.97  5.8e-3   0.26   1.58   1.77   1.94   2.14   2.53   1948   1.01
zinterp[410]   1.97  5.8e-3   0.26   1.58   1.77   1.95   2.15   2.54   1948   1.01
zinterp[411]   1.98  5.8e-3   0.26   1.58   1.78   1.95   2.15   2.54   1948   1.01
zinterp[412]   1.98  5.9e-3   0.26   1.58   1.78   1.95   2.16   2.55   1948   1.01
zinterp[413]   1.99  5.9e-3   0.26   1.59   1.78   1.96   2.16   2.55   1949   1.01
zinterp[414]   1.99  5.9e-3   0.26   1.59   1.79   1.96   2.16   2.56   1949   1.01
zinterp[415]   1.99  5.9e-3   0.26   1.59   1.79   1.96   2.17   2.56   1949   1.01
zinterp[416]    2.0  5.9e-3   0.26    1.6   1.79   1.97   2.17   2.57   1949   1.01
zinterp[417]    2.0  5.9e-3   0.26    1.6    1.8   1.97   2.18   2.58   1949   1.01
zinterp[418]   2.01  5.9e-3   0.26    1.6    1.8   1.98   2.18   2.58   1949   1.01
zinterp[419]   2.01  5.9e-3   0.26   1.61   1.81   1.98   2.19   2.59   1949   1.01
zinterp[420]   2.01  5.9e-3   0.26   1.61   1.81   1.98   2.19   2.59   1949   1.01
zinterp[421]   2.02  6.0e-3   0.26   1.61   1.81   1.99   2.19    2.6   1949   1.01
zinterp[422]   2.02  6.0e-3   0.26   1.62   1.82   1.99    2.2    2.6   1949   1.01
zinterp[423]   2.02  6.0e-3   0.26   1.62   1.82    2.0    2.2   2.61   1949   1.01
zinterp[424]   2.03  6.0e-3   0.26   1.62   1.82    2.0   2.21   2.61   1949   1.01
zinterp[425]   2.03  6.0e-3   0.27   1.63   1.83    2.0   2.21   2.62   1949   1.01
zinterp[426]   2.04  6.0e-3   0.27   1.63   1.83   2.01   2.22   2.62   1949   1.01
zinterp[427]   2.04  6.0e-3   0.27   1.63   1.83   2.01   2.22   2.63   1949   1.01
zinterp[428]   2.04  6.0e-3   0.27   1.63   1.84   2.01   2.22   2.63   1949   1.01
zinterp[429]   2.05  6.1e-3   0.27   1.64   1.84   2.02   2.23   2.64   1949   1.01
zinterp[430]   2.05  6.1e-3   0.27   1.64   1.84   2.02   2.23   2.64   1949   1.01
zinterp[431]   2.06  6.1e-3   0.27   1.64   1.85   2.03   2.24   2.65   1949   1.01
zinterp[432]   2.06  6.1e-3   0.27   1.65   1.85   2.03   2.24   2.65   1949   1.01
zinterp[433]   2.06  6.1e-3   0.27   1.65   1.85   2.03   2.24   2.66   1949   1.01
zinterp[434]   2.07  6.1e-3   0.27   1.65   1.86   2.04   2.25   2.66   1949   1.01
zinterp[435]   2.07  6.1e-3   0.27   1.66   1.86   2.04   2.25   2.67   1949   1.01
zinterp[436]   2.08  6.1e-3   0.27   1.66   1.86   2.05   2.26   2.67   1949   1.01
zinterp[437]   2.08  6.2e-3   0.27   1.66   1.87   2.05   2.26   2.68   1949   1.01
zinterp[438]   2.08  6.2e-3   0.27   1.67   1.87   2.05   2.27   2.68   1949   1.01
zinterp[439]   2.09  6.2e-3   0.27   1.67   1.88   2.06   2.27   2.69   1949   1.01
zinterp[440]   2.09  6.2e-3   0.27   1.67   1.88   2.06   2.27   2.69   1949   1.01
zinterp[441]    2.1  6.2e-3   0.27   1.67   1.88   2.06   2.28    2.7   1949   1.01
zinterp[442]    2.1  6.2e-3   0.27   1.68   1.89   2.07   2.28    2.7   1949   1.01
zinterp[443]    2.1  6.2e-3   0.27   1.68   1.89   2.07   2.29   2.71   1949   1.01
zinterp[444]   2.11  6.2e-3   0.28   1.68   1.89   2.08   2.29   2.71   1949   1.01
zinterp[445]   2.11  6.2e-3   0.28   1.69    1.9   2.08    2.3   2.72   1949   1.01
zinterp[446]   2.11  6.3e-3   0.28   1.69    1.9   2.08    2.3   2.72   1949   1.01
zinterp[447]   2.12  6.3e-3   0.28   1.69    1.9   2.09    2.3   2.73   1949   1.01
zinterp[448]   2.12  6.3e-3   0.28    1.7   1.91   2.09   2.31   2.73   1949   1.01
zinterp[449]   2.13  6.3e-3   0.28    1.7   1.91    2.1   2.31   2.74   1949   1.01
zinterp[450]   2.13  6.3e-3   0.28    1.7   1.91    2.1   2.32   2.74   1949   1.01
zinterp[451]   2.13  6.3e-3   0.28   1.71   1.92    2.1   2.32   2.75   1949   1.01
zinterp[452]   2.14  6.3e-3   0.28   1.71   1.92   2.11   2.33   2.75   1949   1.01
zinterp[453]   2.14  6.3e-3   0.28   1.71   1.92   2.11   2.33   2.76   1949   1.01
zinterp[454]   2.15  6.4e-3   0.28   1.71   1.93   2.11   2.33   2.76   1949   1.01
zinterp[455]   2.15  6.4e-3   0.28   1.72   1.93   2.12   2.34   2.77   1949   1.01
zinterp[456]   2.15  6.4e-3   0.28   1.72   1.93   2.12   2.34   2.77   1949   1.01
zinterp[457]   2.16  6.4e-3   0.28   1.72   1.94   2.13   2.35   2.78   1949   1.01
zinterp[458]   2.16  6.4e-3   0.28   1.73   1.94   2.13   2.35   2.78   1949   1.01
zinterp[459]   2.17  6.4e-3   0.28   1.73   1.94   2.13   2.36   2.79   1949   1.01
zinterp[460]   2.17  6.4e-3   0.28   1.73   1.95   2.14   2.36   2.79   1949   1.01
zinterp[461]   2.17  6.4e-3   0.28   1.74   1.95   2.14   2.36    2.8   1949   1.01
zinterp[462]   2.18  6.5e-3   0.28   1.74   1.96   2.15   2.37    2.8   1949   1.01
zinterp[463]   2.18  6.5e-3   0.29   1.74   1.96   2.15   2.37   2.81   1949   1.01
zinterp[464]   2.18  6.5e-3   0.29   1.75   1.96   2.15   2.38   2.81   1949   1.01
zinterp[465]   2.19  6.5e-3   0.29   1.75   1.97   2.16   2.38   2.82   1949   1.01
zinterp[466]   2.19  6.5e-3   0.29   1.75   1.97   2.16   2.38   2.82   1949   1.01
zinterp[467]    2.2  6.5e-3   0.29   1.75   1.97   2.16   2.39   2.83   1949   1.01
zinterp[468]    2.2  6.5e-3   0.29   1.76   1.98   2.17   2.39   2.83   1949   1.01
zinterp[469]    2.2  6.5e-3   0.29   1.76   1.98   2.17    2.4   2.84   1949   1.01
zinterp[470]   2.21  6.5e-3   0.29   1.76   1.98   2.18    2.4   2.84   1949   1.01
zinterp[471]   2.21  6.6e-3   0.29   1.77   1.99   2.18   2.41   2.85   1949   1.01
zinterp[472]   2.22  6.6e-3   0.29   1.77   1.99   2.18   2.41   2.85   1949   1.01
zinterp[473]   2.22  6.6e-3   0.29   1.77   1.99   2.19   2.41   2.86   1949   1.01
zinterp[474]   2.22  6.6e-3   0.29   1.78    2.0   2.19   2.42   2.86   1949   1.01
zinterp[475]   2.23  6.6e-3   0.29   1.78    2.0   2.19   2.42   2.87   1949   1.01
zinterp[476]   2.23  6.6e-3   0.29   1.78    2.0    2.2   2.43   2.87   1949   1.01
zinterp[477]   2.23  6.6e-3   0.29   1.79   2.01    2.2   2.43   2.88   1949   1.01
zinterp[478]   2.24  6.6e-3   0.29   1.79   2.01   2.21   2.44   2.88   1949   1.01
zinterp[479]   2.24  6.7e-3   0.29   1.79   2.01   2.21   2.44   2.89   1949   1.01
zinterp[480]   2.25  6.7e-3   0.29   1.79   2.02   2.21   2.44   2.89   1949   1.01
zinterp[481]   2.25  6.7e-3   0.29    1.8   2.02   2.22   2.45    2.9   1949   1.01
zinterp[482]   2.25  6.7e-3    0.3    1.8   2.02   2.22   2.45    2.9   1949   1.01
zinterp[483]   2.26  6.7e-3    0.3    1.8   2.03   2.22   2.46   2.91   1949   1.01
zinterp[484]   2.26  6.7e-3    0.3   1.81   2.03   2.23   2.46   2.91   1949   1.01
zinterp[485]   2.27  6.7e-3    0.3   1.81   2.03   2.23   2.46   2.92   1949   1.01
zinterp[486]   2.27  6.7e-3    0.3   1.81   2.04   2.24   2.47   2.92   1949   1.01
zinterp[487]   2.27  6.8e-3    0.3   1.82   2.04   2.24   2.47   2.93   1949   1.01
zinterp[488]   2.28  6.8e-3    0.3   1.82   2.04   2.24   2.48   2.93   1949   1.01
zinterp[489]   2.28  6.8e-3    0.3   1.82   2.05   2.25   2.48   2.94   1949   1.01
zinterp[490]   2.28  6.8e-3    0.3   1.82   2.05   2.25   2.49   2.94   1949   1.01
zinterp[491]   2.29  6.8e-3    0.3   1.83   2.06   2.26   2.49   2.95   1949   1.01
zinterp[492]   2.29  6.8e-3    0.3   1.83   2.06   2.26   2.49   2.95   1949   1.01
zinterp[493]    2.3  6.8e-3    0.3   1.83   2.06   2.26    2.5   2.96   1949   1.01
zinterp[494]    2.3  6.8e-3    0.3   1.84   2.07   2.27    2.5   2.96   1949   1.01
zinterp[495]    2.3  6.8e-3    0.3   1.84   2.07   2.27   2.51   2.97   1949   1.01
zinterp[496]   2.31  6.9e-3    0.3   1.84   2.07   2.27   2.51   2.97   1949   1.01
zinterp[497]   2.31  6.9e-3    0.3   1.85   2.08   2.28   2.52   2.98   1949   1.01
zinterp[498]   2.32  6.9e-3    0.3   1.85   2.08   2.28   2.52   2.98   1949   1.01
zinterp[499]   2.32  6.9e-3    0.3   1.85   2.08   2.29   2.52   2.99   1949   1.01
lp__         -53.06    0.42  11.99 -77.85 -60.74 -52.74 -44.83 -31.05    827    1.0

Samples were drawn using NUTS at Wed Sep 12 21:36:03 2018.
For each parameter, n_eff is a crude measure of effective sample size,
and Rhat is the potential scale reduction factor on split chains (at 
convergence, Rhat=1).
