GMM Fitting:   0%|          | 0/10 [00:00<?, ?it/s]GMM Fitting:  60%|██████    | 6/10 [00:00<00:00, 55.07it/s]GMM Fitting: 100%|██████████| 10/10 [00:00<00:00, 57.21it/s]DIAGNOSTIC(S) FROM PARSER:
Warning: integer division implicitly rounds to integer. Found int division: (h - l) / 2
 Positive values rounded down, negative values rounded up or down in platform-dependent way.
Warning (non-fatal):
Left-hand side of sampling statement (~) may contain a non-linear transform of a parameter or local variable.
If it does, you need to include a target += statement with the log absolute determinant of the Jacobian of the transform.
Left-hand-side of sampling statement:
    H0 ~ normal(...)
Warning (non-fatal):
Left-hand side of sampling statement (~) may contain a non-linear transform of a parameter or local variable.
If it does, you need to include a target += statement with the log absolute determinant of the Jacobian of the transform.
Left-hand-side of sampling statement:
    H0 ~ normal(...)
Warning (non-fatal):
Left-hand side of sampling statement (~) may contain a non-linear transform of a parameter or local variable.
If it does, you need to include a target += statement with the log absolute determinant of the Jacobian of the transform.
Left-hand-side of sampling statement:
    Omh2 ~ normal(...)


INFO:pystan:COMPILING THE C++ CODE FOR MODEL anon_model_5256102a9bbaee90b7246e1252cb16c9 NOW.
Called with the following command line:
./fit.py --nmix 3 --sampfile GWTC-1/GWTC-1-observations.h5 --selfile GWTC-1/GWTC-1-selected.h5 --nsel 4096 --chainfile GWTC-1/GWTC-1-population.h5 --tracefile GWTC-1/GWTC-1-traceplot.pdf
/mnt/home/wfarr/anaconda3/lib/python3.6/site-packages/Cython/Compiler/Main.py:367: FutureWarning: Cython directive 'language_level' not set, using 2 for now (Py2). This will change in a later release! File: /tmp/tmp_4jf57wb/stanfit4anon_model_5256102a9bbaee90b7246e1252cb16c9_2613936869610568515.pyx
  tree = Parsing.p_module(s, pxd, full_module_name)

Gradient evaluation took 0.03 seconds
1000 transitions using 10 leapfrog steps per transition would take 300 seconds.
Adjust your expectations accordingly!



Gradient evaluation took 0.03 seconds
1000 transitions using 10 leapfrog steps per transition would take 300 seconds.
Adjust your expectations accordingly!



Gradient evaluation took 0.04 seconds
1000 transitions using 10 leapfrog steps per transition would take 400 seconds.
Adjust your expectations accordingly!



Gradient evaluation took 0.04 seconds
1000 transitions using 10 leapfrog steps per transition would take 400 seconds.
Adjust your expectations accordingly!


Informational Message: The current Metropolis proposal is about to be rejected because of the following issue:
Exception: Exception: Exception: cannot search outside bounds  (in 'model.stan' at line 7)
  (in 'model.stan' at line 25)
  (in 'model.stan' at line 214)

If this warning occurs sporadically, such as for highly constrained variable types like covariance matrices, then the sampler is fine,
but if this warning occurs often then your model may be either severely ill-conditioned or misspecified.

Informational Message: The current Metropolis proposal is about to be rejected because of the following issue:
Exception: need more samples for selection integral  (in 'model.stan' at line 260)

If this warning occurs sporadically, such as for highly constrained variable types like covariance matrices, then the sampler is fine,
but if this warning occurs often then your model may be either severely ill-conditioned or misspecified.

Informational Message: The current Metropolis proposal is about to be rejected because of the following issue:
Exception: need more samples for selection integral  (in 'model.stan' at line 260)

If this warning occurs sporadically, such as for highly constrained variable types like covariance matrices, then the sampler is fine,
but if this warning occurs often then your model may be either severely ill-conditioned or misspecified.

Iteration:    1 / 2000 [  0%]  (Warmup)
Iteration:    1 / 2000 [  0%]  (Warmup)
Iteration:    1 / 2000 [  0%]  (Warmup)
Informational Message: The current Metropolis proposal is about to be rejected because of the following issue:
Exception: need more samples for selection integral  (in 'model.stan' at line 260)

If this warning occurs sporadically, such as for highly constrained variable types like covariance matrices, then the sampler is fine,
but if this warning occurs often then your model may be either severely ill-conditioned or misspecified.

Informational Message: The current Metropolis proposal is about to be rejected because of the following issue:
Exception: need more samples for selection integral  (in 'model.stan' at line 260)

If this warning occurs sporadically, such as for highly constrained variable types like covariance matrices, then the sampler is fine,
but if this warning occurs often then your model may be either severely ill-conditioned or misspecified.

Iteration:    1 / 2000 [  0%]  (Warmup)
Informational Message: The current Metropolis proposal is about to be rejected because of the following issue:
Exception: Exception: Exception: cannot search outside bounds  (in 'model.stan' at line 7)
  (in 'model.stan' at line 25)
  (in 'model.stan' at line 214)

If this warning occurs sporadically, such as for highly constrained variable types like covariance matrices, then the sampler is fine,
but if this warning occurs often then your model may be either severely ill-conditioned or misspecified.

Informational Message: The current Metropolis proposal is about to be rejected because of the following issue:
Exception: Exception: Exception: cannot search outside bounds  (in 'model.stan' at line 7)
  (in 'model.stan' at line 25)
  (in 'model.stan' at line 214)

If this warning occurs sporadically, such as for highly constrained variable types like covariance matrices, then the sampler is fine,
but if this warning occurs often then your model may be either severely ill-conditioned or misspecified.

Iteration:  200 / 2000 [ 10%]  (Warmup)
Iteration:  200 / 2000 [ 10%]  (Warmup)
Iteration:  200 / 2000 [ 10%]  (Warmup)
Iteration:  200 / 2000 [ 10%]  (Warmup)
Iteration:  400 / 2000 [ 20%]  (Warmup)
Iteration:  400 / 2000 [ 20%]  (Warmup)
Iteration:  400 / 2000 [ 20%]  (Warmup)
Iteration:  400 / 2000 [ 20%]  (Warmup)
Iteration:  600 / 2000 [ 30%]  (Warmup)
Iteration:  600 / 2000 [ 30%]  (Warmup)
Iteration:  600 / 2000 [ 30%]  (Warmup)
Iteration:  600 / 2000 [ 30%]  (Warmup)
Iteration:  800 / 2000 [ 40%]  (Warmup)
Iteration:  800 / 2000 [ 40%]  (Warmup)
Iteration:  800 / 2000 [ 40%]  (Warmup)
Iteration:  800 / 2000 [ 40%]  (Warmup)
Iteration: 1000 / 2000 [ 50%]  (Warmup)
Iteration: 1001 / 2000 [ 50%]  (Sampling)
Iteration: 1000 / 2000 [ 50%]  (Warmup)
Iteration: 1001 / 2000 [ 50%]  (Sampling)
Iteration: 1000 / 2000 [ 50%]  (Warmup)
Iteration: 1001 / 2000 [ 50%]  (Sampling)
Iteration: 1000 / 2000 [ 50%]  (Warmup)
Iteration: 1001 / 2000 [ 50%]  (Sampling)
Iteration: 1200 / 2000 [ 60%]  (Sampling)
Iteration: 1200 / 2000 [ 60%]  (Sampling)
Iteration: 1200 / 2000 [ 60%]  (Sampling)
Iteration: 1400 / 2000 [ 70%]  (Sampling)
Iteration: 1200 / 2000 [ 60%]  (Sampling)
Iteration: 1400 / 2000 [ 70%]  (Sampling)
Iteration: 1400 / 2000 [ 70%]  (Sampling)
Iteration: 1600 / 2000 [ 80%]  (Sampling)
Iteration: 1400 / 2000 [ 70%]  (Sampling)
Iteration: 1600 / 2000 [ 80%]  (Sampling)
Iteration: 1600 / 2000 [ 80%]  (Sampling)
Iteration: 1800 / 2000 [ 90%]  (Sampling)
Iteration: 1800 / 2000 [ 90%]  (Sampling)
Iteration: 2000 / 2000 [100%]  (Sampling)

 Elapsed Time: 5289.16 seconds (Warm-up)
               4419.67 seconds (Sampling)
               9708.83 seconds (Total)

Iteration: 1600 / 2000 [ 80%]  (Sampling)
Iteration: 1800 / 2000 [ 90%]  (Sampling)
Iteration: 2000 / 2000 [100%]  (Sampling)

 Elapsed Time: 5888.29 seconds (Warm-up)
               4629.24 seconds (Sampling)
               10517.5 seconds (Total)

Iteration: 1800 / 2000 [ 90%]  (Sampling)
Iteration: 2000 / 2000 [100%]  (Sampling)

 Elapsed Time: 5265.19 seconds (Warm-up)
               5748.56 seconds (Sampling)
               11013.8 seconds (Total)

Iteration: 2000 / 2000 [100%]  (Sampling)

 Elapsed Time: 5912.12 seconds (Warm-up)
               6120.42 seconds (Sampling)
               12032.5 seconds (Total)

WARNING:pystan:11 of 4000 iterations saturated the maximum tree depth of 10 (0.275%)
WARNING:pystan:Run again with max_treedepth larger than 10 to avoid saturation
Inference for Stan model: anon_model_5256102a9bbaee90b7246e1252cb16c9.
4 chains, each with iter=2000; warmup=1000; thin=1; 
post-warmup draws per chain=1000, total post-warmup draws=4000.

               mean se_mean     sd   2.5%    25%    50%    75%  97.5%  n_eff   Rhat
H_p          118.53    1.03  29.57   62.7  97.07 117.51 138.17 180.39    823   1.01
Om             0.32  2.8e-3   0.14   0.07   0.22   0.32   0.42   0.61   2715    1.0
w_p           -0.95  8.4e-3   0.43   -1.8  -1.25  -0.95  -0.64  -0.15   2591    1.0
w_a           -0.01  6.7e-3   0.43  -0.83  -0.31  -0.02    0.3   0.81   4076    1.0
MMin           5.43    0.04   1.32   3.18    4.4   5.38   6.41   8.04   1416    1.0
MMax          42.03    0.26   5.94  33.93   38.1  40.98  44.55   57.2    512    1.0
alpha          2.78    0.03   1.09   0.45   2.06   2.86   3.58   4.67   1383    1.0
beta            0.8    0.03   0.95  -1.02   0.13   0.79   1.49   2.59   1446    1.0
gamma           1.7    0.02   1.28  -0.59   0.75   1.64    2.6   4.28   3419    1.0
m1s[1]        35.19    0.05   2.05  31.77  33.74  34.97  36.41  39.89   1783    1.0
m1s[2]        21.61    0.14   4.16  16.51  18.94  20.57  23.06  33.37    897    1.0
m1s[3]        12.72    0.07   2.22  10.23  11.25  12.07  13.77  18.48   1021    1.0
m1s[4]        29.78    0.09   3.56  24.02   27.0  29.45  32.24  37.33   1586    1.0
m1s[5]        10.43    0.04   1.25   9.05   9.67   10.1  10.74  13.37   1127    1.0
m1s[6]        38.93     0.2   4.62  31.71  35.53  38.35  41.62  49.58    560    1.0
m1s[7]        33.04    0.08   3.52  27.29   30.5  32.65  35.24  40.65   1830    1.0
m1s[8]        30.38    0.06   2.25  26.85  28.78  30.07  31.67  35.87   1490    1.0
m1s[9]        34.32    0.09    3.0  29.26  32.09  33.98  36.36   40.5   1130    1.0
m1s[10]        36.3    0.11   3.75  29.69   33.8  35.92  38.52  44.77   1134    1.0
m2_fracs[1]    0.84  2.0e-3    0.1   0.61   0.77   0.87   0.92   0.98   2380    1.0
m2_fracs[2]    0.63  6.9e-3   0.22   0.15   0.47   0.68   0.79   0.95   1007    1.0
m2_fracs[3]    0.46  6.1e-3   0.25   0.04   0.25   0.45   0.66   0.92   1698    1.0
m2_fracs[4]    0.65  4.1e-3   0.17   0.32   0.51   0.66   0.79   0.95   1745    1.0
m2_fracs[5]    0.53  6.2e-3   0.25   0.05   0.35   0.57   0.72   0.94   1570    1.0
m2_fracs[6]    0.85  2.6e-3    0.1   0.61   0.79   0.87   0.93   0.99   1578    1.0
m2_fracs[7]    0.71  3.3e-3   0.15   0.39    0.6   0.72   0.83   0.97   2140    1.0
m2_fracs[8]    0.81  3.6e-3   0.13   0.52   0.72   0.85   0.92   0.98   1266    1.0
m2_fracs[9]    0.78  3.9e-3   0.15   0.49   0.66   0.79   0.91   0.98   1405    1.0
m2_fracs[10]   0.81  2.4e-3   0.12   0.51   0.76   0.83    0.9   0.98   2503    1.0
zs[1]           0.1  7.4e-4   0.03   0.05   0.08    0.1   0.12   0.16   1332    1.0
zs[2]          0.22  1.8e-3   0.07    0.1   0.17   0.21   0.26   0.36   1349   1.01
zs[3]          0.09  7.3e-4   0.03   0.04   0.07   0.09   0.11   0.15   1521    1.0
zs[4]           0.2  1.5e-3   0.06    0.1   0.16    0.2   0.24   0.33   1527    1.0
zs[5]          0.07  5.5e-4   0.02   0.04   0.06   0.07   0.09   0.12   1367    1.0
zs[6]          0.63  5.9e-3   0.17   0.32   0.51   0.62   0.74   0.98    837    1.0
zs[7]          0.21  1.5e-3   0.05   0.11   0.17    0.2   0.24   0.32   1293    1.0
zs[8]          0.12  8.6e-4   0.03   0.07    0.1   0.12   0.14   0.19   1304    1.0
zs[9]          0.21  1.6e-3   0.06   0.11   0.17   0.21   0.25   0.33   1199   1.01
zs[10]         0.37  3.2e-3   0.11   0.18    0.3   0.37   0.44    0.6   1098    1.0
w             -0.95  9.0e-3   0.47  -1.85  -1.28  -0.94  -0.62  -0.07   2674    1.0
H0            73.56    0.47  13.64   46.8  64.09  73.63  82.66 100.54    842   1.01
Omh2           0.18  3.0e-3    0.1   0.03    0.1   0.16   0.24   0.43   1222   1.01
dH             4.23    0.03   0.87   2.98   3.63   4.07   4.68   6.41    753   1.01
mu_det         0.09  1.5e-3   0.05   0.03   0.05   0.07   0.11   0.22   1164    1.0
neff_det     337.03    4.31 137.37 133.56 234.96 314.19 416.41 650.21   1015    1.0
m2s[1]        30.33    0.04   2.05  25.96  28.93  30.51  31.86  33.83   2708    1.0
m2s[2]         14.8    0.07   2.21    9.9  13.38  15.24  16.42  18.29    975    1.0
m2s[3]         8.43    0.03   1.12   5.87   7.62   8.64   9.31  10.08   1240    1.0
m2s[4]        20.75    0.06   2.76  15.17   18.9  20.83  22.73  25.77   2245    1.0
m2s[5]         8.02    0.02   0.73   6.24   7.69   8.22   8.53   8.99   1174    1.0
m2s[6]        33.77    0.11   3.91  26.59  31.26  33.45  36.19  42.35   1183    1.0
m2s[7]        24.67    0.06   2.73  18.55  22.95  24.85  26.59  29.51   2156    1.0
m2s[8]        25.52    0.06   2.08   21.1  24.12  25.75  27.04   29.0   1279    1.0
m2s[9]        27.54    0.06   2.83  21.93  25.54  27.67  29.63  32.66   1993    1.0
m2s[10]       30.34    0.08   3.55   23.0  27.98  30.45  32.74  37.08   2223    1.0
dls[1]         0.43  1.3e-3   0.09   0.25   0.37   0.43   0.49   0.62   5199    1.0
dls[2]         1.03  4.9e-3   0.29   0.49   0.82   1.01   1.22   1.63   3625    1.0
dls[3]         0.41  1.7e-3   0.11    0.2   0.33    0.4   0.48   0.62   4158    1.0
dls[4]         0.93  3.5e-3   0.24   0.47   0.77   0.93   1.08   1.43   4604    1.0
dls[5]         0.31  1.1e-3   0.07   0.18   0.27   0.32   0.36   0.45   4263    1.0
dls[6]         3.49    0.02   0.85   1.87   2.91   3.48   4.07   5.13   2175    1.0
dls[7]         0.97  3.3e-3   0.21   0.53   0.83   0.97   1.11   1.38   4120    1.0
dls[8]         0.55  1.4e-3   0.11   0.34   0.47   0.55   0.61   0.76   5616    1.0
dls[9]         0.98  3.1e-3   0.21   0.58   0.84   0.98   1.13   1.41   4822    1.0
dls[10]        1.87  8.6e-3   0.47   0.96   1.54   1.87   2.19   2.82   3054    1.0
R0_30        162.25     3.3 114.44  32.05  84.61 134.56 209.42 445.67   1205    1.0
lp__         -42.16    0.22   5.87 -54.66 -45.83 -41.78 -38.09 -31.81    686    1.0

Samples were drawn using NUTS at Thu Apr 25 04:35:15 2019.
For each parameter, n_eff is a crude measure of effective sample size,
and Rhat is the potential scale reduction factor on split chains (at 
convergence, Rhat=1).
